[2023-12-16T13:00:28.478+0000] {taskinstance.py:1083} INFO - Dependencies all met for <TaskInstance: UpdateSymbol_v2.load manual__2023-12-16T13:00:02.023211+00:00 [queued]>
[2023-12-16T13:00:28.495+0000] {taskinstance.py:1083} INFO - Dependencies all met for <TaskInstance: UpdateSymbol_v2.load manual__2023-12-16T13:00:02.023211+00:00 [queued]>
[2023-12-16T13:00:28.495+0000] {taskinstance.py:1279} INFO - 
--------------------------------------------------------------------------------
[2023-12-16T13:00:28.495+0000] {taskinstance.py:1280} INFO - Starting attempt 1 of 1
[2023-12-16T13:00:28.495+0000] {taskinstance.py:1281} INFO - 
--------------------------------------------------------------------------------
[2023-12-16T13:00:28.518+0000] {taskinstance.py:1300} INFO - Executing <Task(_PythonDecoratedOperator): load> on 2023-12-16 13:00:02.023211+00:00
[2023-12-16T13:00:28.525+0000] {standard_task_runner.py:55} INFO - Started process 162 to run task
[2023-12-16T13:00:28.529+0000] {standard_task_runner.py:82} INFO - Running: ['***', 'tasks', 'run', 'UpdateSymbol_v2', 'load', 'manual__2023-12-16T13:00:02.023211+00:00', '--job-id', '60', '--raw', '--subdir', 'DAGS_FOLDER/UpdateSymbol_v2.py', '--cfg-path', '/tmp/tmpp_jtdmq_']
[2023-12-16T13:00:28.531+0000] {standard_task_runner.py:83} INFO - Job 60: Subtask load
[2023-12-16T13:00:28.763+0000] {task_command.py:388} INFO - Running <TaskInstance: UpdateSymbol_v2.load manual__2023-12-16T13:00:02.023211+00:00 [running]> on host 84999c6abc70
[2023-12-16T13:00:28.866+0000] {taskinstance.py:1509} INFO - Exporting the following env vars:
AIRFLOW_CTX_DAG_OWNER=***
AIRFLOW_CTX_DAG_ID=UpdateSymbol_v2
AIRFLOW_CTX_TASK_ID=load
AIRFLOW_CTX_EXECUTION_DATE=2023-12-16T13:00:02.023211+00:00
AIRFLOW_CTX_TRY_NUMBER=1
AIRFLOW_CTX_DAG_RUN_ID=manual__2023-12-16T13:00:02.023211+00:00
[2023-12-16T13:00:28.868+0000] {UpdateSymbol_v2.py:48} INFO - load started
[2023-12-16T13:00:28.879+0000] {base.py:73} INFO - Using connection ID 'redshift_dev_db' for task execution.
[2023-12-16T13:00:29.171+0000] {logging_mixin.py:137} INFO - INSERT INTO t VALUES ('2023-11-16 00:00:00', 189.57000732421875, 190.9600067138672, 188.64999389648438, 189.7100067138672, 54412900.0);
[2023-12-16T13:00:29.203+0000] {logging_mixin.py:137} INFO - INSERT INTO t VALUES ('2023-11-17 00:00:00', 190.25, 190.3800048828125, 188.57000732421875, 189.69000244140625, 50922700.0);
[2023-12-16T13:00:29.233+0000] {logging_mixin.py:137} INFO - INSERT INTO t VALUES ('2023-11-20 00:00:00', 189.88999938964844, 191.91000366210938, 189.8800048828125, 191.4499969482422, 46505100.0);
[2023-12-16T13:00:29.263+0000] {logging_mixin.py:137} INFO - INSERT INTO t VALUES ('2023-11-21 00:00:00', 191.41000366210938, 191.52000427246094, 189.74000549316406, 190.63999938964844, 38134500.0);
[2023-12-16T13:00:29.296+0000] {logging_mixin.py:137} INFO - INSERT INTO t VALUES ('2023-11-22 00:00:00', 191.49000549316406, 192.92999267578125, 190.8300018310547, 191.30999755859375, 39617700.0);
[2023-12-16T13:00:29.328+0000] {logging_mixin.py:137} INFO - INSERT INTO t VALUES ('2023-11-24 00:00:00', 190.8699951171875, 190.89999389648438, 189.25, 189.97000122070312, 24048300.0);
[2023-12-16T13:00:29.361+0000] {logging_mixin.py:137} INFO - INSERT INTO t VALUES ('2023-11-27 00:00:00', 189.9199981689453, 190.6699981689453, 188.89999389648438, 189.7899932861328, 40552600.0);
[2023-12-16T13:00:29.391+0000] {logging_mixin.py:137} INFO - INSERT INTO t VALUES ('2023-11-28 00:00:00', 189.77999877929688, 191.0800018310547, 189.39999389648438, 190.39999389648438, 38415400.0);
[2023-12-16T13:00:29.423+0000] {logging_mixin.py:137} INFO - INSERT INTO t VALUES ('2023-11-29 00:00:00', 190.89999389648438, 192.08999633789062, 188.97000122070312, 189.3699951171875, 43014200.0);
[2023-12-16T13:00:29.451+0000] {logging_mixin.py:137} INFO - INSERT INTO t VALUES ('2023-11-30 00:00:00', 189.83999633789062, 190.32000732421875, 188.19000244140625, 189.9499969482422, 48794400.0);
[2023-12-16T13:00:29.481+0000] {logging_mixin.py:137} INFO - INSERT INTO t VALUES ('2023-12-01 00:00:00', 190.3300018310547, 191.55999755859375, 189.22999572753906, 191.24000549316406, 45679300.0);
[2023-12-16T13:00:29.514+0000] {logging_mixin.py:137} INFO - INSERT INTO t VALUES ('2023-12-04 00:00:00', 189.97999572753906, 190.0500030517578, 187.4499969482422, 189.42999267578125, 43389500.0);
[2023-12-16T13:00:29.547+0000] {logging_mixin.py:137} INFO - INSERT INTO t VALUES ('2023-12-05 00:00:00', 190.2100067138672, 194.39999389648438, 190.17999267578125, 193.4199981689453, 66628400.0);
[2023-12-16T13:00:29.583+0000] {logging_mixin.py:137} INFO - INSERT INTO t VALUES ('2023-12-06 00:00:00', 194.4499969482422, 194.75999450683594, 192.11000061035156, 192.32000732421875, 41089700.0);
[2023-12-16T13:00:29.618+0000] {logging_mixin.py:137} INFO - INSERT INTO t VALUES ('2023-12-07 00:00:00', 193.6300048828125, 195.0, 193.58999633789062, 194.27000427246094, 47477700.0);
[2023-12-16T13:00:29.647+0000] {logging_mixin.py:137} INFO - INSERT INTO t VALUES ('2023-12-08 00:00:00', 194.1999969482422, 195.99000549316406, 193.6699981689453, 195.7100067138672, 53377300.0);
[2023-12-16T13:00:29.676+0000] {logging_mixin.py:137} INFO - INSERT INTO t VALUES ('2023-12-11 00:00:00', 193.11000061035156, 193.49000549316406, 191.4199981689453, 193.17999267578125, 60943700.0);
[2023-12-16T13:00:29.706+0000] {logging_mixin.py:137} INFO - INSERT INTO t VALUES ('2023-12-12 00:00:00', 193.0800018310547, 194.72000122070312, 191.72000122070312, 194.7100067138672, 52696900.0);
[2023-12-16T13:00:29.738+0000] {logging_mixin.py:137} INFO - INSERT INTO t VALUES ('2023-12-13 00:00:00', 195.08999633789062, 198.0, 194.85000610351562, 197.9600067138672, 70404200.0);
[2023-12-16T13:00:29.768+0000] {logging_mixin.py:137} INFO - INSERT INTO t VALUES ('2023-12-14 00:00:00', 198.02000427246094, 199.6199951171875, 196.16000366210938, 198.11000061035156, 66831600.0);
[2023-12-16T13:00:29.806+0000] {logging_mixin.py:137} INFO - INSERT INTO t VALUES ('2023-12-15 00:00:00', 197.52999877929688, 198.39999389648438, 197.0, 197.57000732421875, 128256700.0);
[2023-12-16T13:00:29.988+0000] {UpdateSymbol_v2.py:70} INFO - load done
[2023-12-16T13:00:29.989+0000] {python.py:177} INFO - Done. Returned value was: None
[2023-12-16T13:00:30.005+0000] {taskinstance.py:1323} INFO - Marking task as SUCCESS. dag_id=UpdateSymbol_v2, task_id=load, execution_date=20231216T130002, start_date=20231216T130028, end_date=20231216T130030
[2023-12-16T13:00:30.111+0000] {local_task_job.py:208} INFO - Task exited with return code 0
[2023-12-16T13:00:30.137+0000] {taskinstance.py:2578} INFO - 0 downstream tasks scheduled from follow-on schedule check
