[2023-12-14T02:52:48.554+0000] {processor.py:153} INFO - Started process (PID=720) to work on /opt/airflow/dags/UpdateSymbol.py
[2023-12-14T02:52:48.554+0000] {processor.py:743} INFO - Processing file /opt/airflow/dags/UpdateSymbol.py for tasks to queue
[2023-12-14T02:52:48.555+0000] {logging_mixin.py:137} INFO - [2023-12-14T02:52:48.554+0000] {dagbag.py:538} INFO - Filling up the DagBag from /opt/airflow/dags/UpdateSymbol.py
[2023-12-14T02:52:49.414+0000] {logging_mixin.py:137} INFO - [2023-12-14T02:52:49.413+0000] {dagbag.py:343} ERROR - Failed to import: /opt/airflow/dags/UpdateSymbol.py
Traceback (most recent call last):
  File "/home/airflow/.local/lib/python3.7/site-packages/airflow/models/dagbag.py", line 339, in parse
    loader.exec_module(new_module)
  File "<frozen importlib._bootstrap_external>", line 728, in exec_module
  File "<frozen importlib._bootstrap>", line 219, in _call_with_frames_removed
  File "/opt/airflow/dags/UpdateSymbol.py", line 7, in <module>
    import yfinance as yf
ModuleNotFoundError: No module named 'yfinance'
[2023-12-14T02:52:49.415+0000] {processor.py:755} WARNING - No viable dags retrieved from /opt/airflow/dags/UpdateSymbol.py
[2023-12-14T02:52:49.430+0000] {processor.py:175} INFO - Processing /opt/airflow/dags/UpdateSymbol.py took 0.879 seconds
[2023-12-14T02:53:19.960+0000] {processor.py:153} INFO - Started process (PID=803) to work on /opt/airflow/dags/UpdateSymbol.py
[2023-12-14T02:53:19.961+0000] {processor.py:743} INFO - Processing file /opt/airflow/dags/UpdateSymbol.py for tasks to queue
[2023-12-14T02:53:19.962+0000] {logging_mixin.py:137} INFO - [2023-12-14T02:53:19.962+0000] {dagbag.py:538} INFO - Filling up the DagBag from /opt/airflow/dags/UpdateSymbol.py
[2023-12-14T02:53:20.351+0000] {logging_mixin.py:137} INFO - [2023-12-14T02:53:20.350+0000] {dagbag.py:343} ERROR - Failed to import: /opt/airflow/dags/UpdateSymbol.py
Traceback (most recent call last):
  File "/home/airflow/.local/lib/python3.7/site-packages/airflow/models/dagbag.py", line 339, in parse
    loader.exec_module(new_module)
  File "<frozen importlib._bootstrap_external>", line 728, in exec_module
  File "<frozen importlib._bootstrap>", line 219, in _call_with_frames_removed
  File "/opt/airflow/dags/UpdateSymbol.py", line 7, in <module>
    import yfinance as yf
ModuleNotFoundError: No module named 'yfinance'
[2023-12-14T02:53:20.351+0000] {processor.py:755} WARNING - No viable dags retrieved from /opt/airflow/dags/UpdateSymbol.py
[2023-12-14T02:53:20.367+0000] {processor.py:175} INFO - Processing /opt/airflow/dags/UpdateSymbol.py took 0.409 seconds
[2023-12-14T02:53:50.953+0000] {processor.py:153} INFO - Started process (PID=868) to work on /opt/airflow/dags/UpdateSymbol.py
[2023-12-14T02:53:50.954+0000] {processor.py:743} INFO - Processing file /opt/airflow/dags/UpdateSymbol.py for tasks to queue
[2023-12-14T02:53:50.954+0000] {logging_mixin.py:137} INFO - [2023-12-14T02:53:50.954+0000] {dagbag.py:538} INFO - Filling up the DagBag from /opt/airflow/dags/UpdateSymbol.py
[2023-12-14T02:53:51.278+0000] {logging_mixin.py:137} INFO - [2023-12-14T02:53:51.277+0000] {dagbag.py:343} ERROR - Failed to import: /opt/airflow/dags/UpdateSymbol.py
Traceback (most recent call last):
  File "/home/airflow/.local/lib/python3.7/site-packages/airflow/models/dagbag.py", line 339, in parse
    loader.exec_module(new_module)
  File "<frozen importlib._bootstrap_external>", line 728, in exec_module
  File "<frozen importlib._bootstrap>", line 219, in _call_with_frames_removed
  File "/opt/airflow/dags/UpdateSymbol.py", line 7, in <module>
    import yfinance as yf
ModuleNotFoundError: No module named 'yfinance'
[2023-12-14T02:53:51.278+0000] {processor.py:755} WARNING - No viable dags retrieved from /opt/airflow/dags/UpdateSymbol.py
[2023-12-14T02:53:51.293+0000] {processor.py:175} INFO - Processing /opt/airflow/dags/UpdateSymbol.py took 0.342 seconds
[2023-12-14T02:54:22.000+0000] {processor.py:153} INFO - Started process (PID=945) to work on /opt/airflow/dags/UpdateSymbol.py
[2023-12-14T02:54:22.004+0000] {processor.py:743} INFO - Processing file /opt/airflow/dags/UpdateSymbol.py for tasks to queue
[2023-12-14T02:54:22.005+0000] {logging_mixin.py:137} INFO - [2023-12-14T02:54:22.005+0000] {dagbag.py:538} INFO - Filling up the DagBag from /opt/airflow/dags/UpdateSymbol.py
[2023-12-14T02:54:22.399+0000] {logging_mixin.py:137} INFO - [2023-12-14T02:54:22.398+0000] {dagbag.py:343} ERROR - Failed to import: /opt/airflow/dags/UpdateSymbol.py
Traceback (most recent call last):
  File "/home/airflow/.local/lib/python3.7/site-packages/airflow/models/dagbag.py", line 339, in parse
    loader.exec_module(new_module)
  File "<frozen importlib._bootstrap_external>", line 728, in exec_module
  File "<frozen importlib._bootstrap>", line 219, in _call_with_frames_removed
  File "/opt/airflow/dags/UpdateSymbol.py", line 7, in <module>
    import yfinance as yf
ModuleNotFoundError: No module named 'yfinance'
[2023-12-14T02:54:22.399+0000] {processor.py:755} WARNING - No viable dags retrieved from /opt/airflow/dags/UpdateSymbol.py
[2023-12-14T02:54:22.417+0000] {processor.py:175} INFO - Processing /opt/airflow/dags/UpdateSymbol.py took 0.420 seconds
[2023-12-14T02:54:53.333+0000] {processor.py:153} INFO - Started process (PID=1011) to work on /opt/airflow/dags/UpdateSymbol.py
[2023-12-14T02:54:53.333+0000] {processor.py:743} INFO - Processing file /opt/airflow/dags/UpdateSymbol.py for tasks to queue
[2023-12-14T02:54:53.334+0000] {logging_mixin.py:137} INFO - [2023-12-14T02:54:53.334+0000] {dagbag.py:538} INFO - Filling up the DagBag from /opt/airflow/dags/UpdateSymbol.py
[2023-12-14T02:54:53.693+0000] {logging_mixin.py:137} INFO - [2023-12-14T02:54:53.692+0000] {dagbag.py:343} ERROR - Failed to import: /opt/airflow/dags/UpdateSymbol.py
Traceback (most recent call last):
  File "/home/airflow/.local/lib/python3.7/site-packages/airflow/models/dagbag.py", line 339, in parse
    loader.exec_module(new_module)
  File "<frozen importlib._bootstrap_external>", line 728, in exec_module
  File "<frozen importlib._bootstrap>", line 219, in _call_with_frames_removed
  File "/opt/airflow/dags/UpdateSymbol.py", line 7, in <module>
    import yfinance as yf
ModuleNotFoundError: No module named 'yfinance'
[2023-12-14T02:54:53.693+0000] {processor.py:755} WARNING - No viable dags retrieved from /opt/airflow/dags/UpdateSymbol.py
[2023-12-14T02:54:53.708+0000] {processor.py:175} INFO - Processing /opt/airflow/dags/UpdateSymbol.py took 0.377 seconds
[2023-12-14T02:55:24.097+0000] {processor.py:153} INFO - Started process (PID=1088) to work on /opt/airflow/dags/UpdateSymbol.py
[2023-12-14T02:55:24.097+0000] {processor.py:743} INFO - Processing file /opt/airflow/dags/UpdateSymbol.py for tasks to queue
[2023-12-14T02:55:24.098+0000] {logging_mixin.py:137} INFO - [2023-12-14T02:55:24.098+0000] {dagbag.py:538} INFO - Filling up the DagBag from /opt/airflow/dags/UpdateSymbol.py
[2023-12-14T02:55:24.427+0000] {logging_mixin.py:137} INFO - [2023-12-14T02:55:24.425+0000] {dagbag.py:343} ERROR - Failed to import: /opt/airflow/dags/UpdateSymbol.py
Traceback (most recent call last):
  File "/home/airflow/.local/lib/python3.7/site-packages/airflow/models/dagbag.py", line 339, in parse
    loader.exec_module(new_module)
  File "<frozen importlib._bootstrap_external>", line 728, in exec_module
  File "<frozen importlib._bootstrap>", line 219, in _call_with_frames_removed
  File "/opt/airflow/dags/UpdateSymbol.py", line 7, in <module>
    import yfinance as yf
ModuleNotFoundError: No module named 'yfinance'
[2023-12-14T02:55:24.427+0000] {processor.py:755} WARNING - No viable dags retrieved from /opt/airflow/dags/UpdateSymbol.py
[2023-12-14T02:55:24.444+0000] {processor.py:175} INFO - Processing /opt/airflow/dags/UpdateSymbol.py took 0.350 seconds
[2023-12-14T02:56:32.623+0000] {processor.py:153} INFO - Started process (PID=42) to work on /opt/airflow/dags/UpdateSymbol.py
[2023-12-14T02:56:32.626+0000] {processor.py:743} INFO - Processing file /opt/airflow/dags/UpdateSymbol.py for tasks to queue
[2023-12-14T02:56:32.627+0000] {logging_mixin.py:137} INFO - [2023-12-14T02:56:32.627+0000] {dagbag.py:538} INFO - Filling up the DagBag from /opt/airflow/dags/UpdateSymbol.py
[2023-12-14T02:56:35.796+0000] {logging_mixin.py:137} INFO - [2023-12-14T02:56:35.795+0000] {dagbag.py:343} ERROR - Failed to import: /opt/airflow/dags/UpdateSymbol.py
Traceback (most recent call last):
  File "/home/airflow/.local/lib/python3.7/site-packages/airflow/models/dagbag.py", line 339, in parse
    loader.exec_module(new_module)
  File "<frozen importlib._bootstrap_external>", line 728, in exec_module
  File "<frozen importlib._bootstrap>", line 219, in _call_with_frames_removed
  File "/opt/airflow/dags/UpdateSymbol.py", line 7, in <module>
    import yfinance as yf
ModuleNotFoundError: No module named 'yfinance'
[2023-12-14T02:56:35.796+0000] {processor.py:755} WARNING - No viable dags retrieved from /opt/airflow/dags/UpdateSymbol.py
[2023-12-14T02:56:35.868+0000] {processor.py:175} INFO - Processing /opt/airflow/dags/UpdateSymbol.py took 3.253 seconds
[2023-12-14T02:57:06.181+0000] {processor.py:153} INFO - Started process (PID=122) to work on /opt/airflow/dags/UpdateSymbol.py
[2023-12-14T02:57:06.185+0000] {processor.py:743} INFO - Processing file /opt/airflow/dags/UpdateSymbol.py for tasks to queue
[2023-12-14T02:57:06.186+0000] {logging_mixin.py:137} INFO - [2023-12-14T02:57:06.186+0000] {dagbag.py:538} INFO - Filling up the DagBag from /opt/airflow/dags/UpdateSymbol.py
[2023-12-14T02:57:07.291+0000] {logging_mixin.py:137} INFO - [2023-12-14T02:57:07.290+0000] {dagbag.py:343} ERROR - Failed to import: /opt/airflow/dags/UpdateSymbol.py
Traceback (most recent call last):
  File "/home/airflow/.local/lib/python3.7/site-packages/airflow/models/dagbag.py", line 339, in parse
    loader.exec_module(new_module)
  File "<frozen importlib._bootstrap_external>", line 728, in exec_module
  File "<frozen importlib._bootstrap>", line 219, in _call_with_frames_removed
  File "/opt/airflow/dags/UpdateSymbol.py", line 7, in <module>
    import yfinance as yf
ModuleNotFoundError: No module named 'yfinance'
[2023-12-14T02:57:07.292+0000] {processor.py:755} WARNING - No viable dags retrieved from /opt/airflow/dags/UpdateSymbol.py
[2023-12-14T02:57:07.345+0000] {processor.py:175} INFO - Processing /opt/airflow/dags/UpdateSymbol.py took 1.183 seconds
[2023-12-14T02:57:37.518+0000] {processor.py:153} INFO - Started process (PID=202) to work on /opt/airflow/dags/UpdateSymbol.py
[2023-12-14T02:57:37.519+0000] {processor.py:743} INFO - Processing file /opt/airflow/dags/UpdateSymbol.py for tasks to queue
[2023-12-14T02:57:37.520+0000] {logging_mixin.py:137} INFO - [2023-12-14T02:57:37.520+0000] {dagbag.py:538} INFO - Filling up the DagBag from /opt/airflow/dags/UpdateSymbol.py
[2023-12-14T02:57:37.848+0000] {logging_mixin.py:137} INFO - [2023-12-14T02:57:37.847+0000] {dagbag.py:343} ERROR - Failed to import: /opt/airflow/dags/UpdateSymbol.py
Traceback (most recent call last):
  File "/home/airflow/.local/lib/python3.7/site-packages/airflow/models/dagbag.py", line 339, in parse
    loader.exec_module(new_module)
  File "<frozen importlib._bootstrap_external>", line 728, in exec_module
  File "<frozen importlib._bootstrap>", line 219, in _call_with_frames_removed
  File "/opt/airflow/dags/UpdateSymbol.py", line 7, in <module>
    import yfinance as yf
ModuleNotFoundError: No module named 'yfinance'
[2023-12-14T02:57:37.848+0000] {processor.py:755} WARNING - No viable dags retrieved from /opt/airflow/dags/UpdateSymbol.py
[2023-12-14T02:57:37.864+0000] {processor.py:175} INFO - Processing /opt/airflow/dags/UpdateSymbol.py took 0.348 seconds
[2023-12-14T02:58:08.748+0000] {processor.py:153} INFO - Started process (PID=271) to work on /opt/airflow/dags/UpdateSymbol.py
[2023-12-14T02:58:08.756+0000] {processor.py:743} INFO - Processing file /opt/airflow/dags/UpdateSymbol.py for tasks to queue
[2023-12-14T02:58:08.756+0000] {logging_mixin.py:137} INFO - [2023-12-14T02:58:08.756+0000] {dagbag.py:538} INFO - Filling up the DagBag from /opt/airflow/dags/UpdateSymbol.py
[2023-12-14T02:58:09.268+0000] {logging_mixin.py:137} INFO - [2023-12-14T02:58:09.267+0000] {dagbag.py:343} ERROR - Failed to import: /opt/airflow/dags/UpdateSymbol.py
Traceback (most recent call last):
  File "/home/airflow/.local/lib/python3.7/site-packages/airflow/models/dagbag.py", line 339, in parse
    loader.exec_module(new_module)
  File "<frozen importlib._bootstrap_external>", line 728, in exec_module
  File "<frozen importlib._bootstrap>", line 219, in _call_with_frames_removed
  File "/opt/airflow/dags/UpdateSymbol.py", line 7, in <module>
    import yfinance as yf
ModuleNotFoundError: No module named 'yfinance'
[2023-12-14T02:58:09.268+0000] {processor.py:755} WARNING - No viable dags retrieved from /opt/airflow/dags/UpdateSymbol.py
[2023-12-14T02:58:09.286+0000] {processor.py:175} INFO - Processing /opt/airflow/dags/UpdateSymbol.py took 0.542 seconds
[2023-12-14T02:58:40.200+0000] {processor.py:153} INFO - Started process (PID=349) to work on /opt/airflow/dags/UpdateSymbol.py
[2023-12-14T02:58:40.213+0000] {processor.py:743} INFO - Processing file /opt/airflow/dags/UpdateSymbol.py for tasks to queue
[2023-12-14T02:58:40.214+0000] {logging_mixin.py:137} INFO - [2023-12-14T02:58:40.214+0000] {dagbag.py:538} INFO - Filling up the DagBag from /opt/airflow/dags/UpdateSymbol.py
[2023-12-14T02:58:40.906+0000] {logging_mixin.py:137} INFO - [2023-12-14T02:58:40.904+0000] {dagbag.py:343} ERROR - Failed to import: /opt/airflow/dags/UpdateSymbol.py
Traceback (most recent call last):
  File "/home/airflow/.local/lib/python3.7/site-packages/airflow/models/dagbag.py", line 339, in parse
    loader.exec_module(new_module)
  File "<frozen importlib._bootstrap_external>", line 728, in exec_module
  File "<frozen importlib._bootstrap>", line 219, in _call_with_frames_removed
  File "/opt/airflow/dags/UpdateSymbol.py", line 7, in <module>
    import yfinance as yf
ModuleNotFoundError: No module named 'yfinance'
[2023-12-14T02:58:40.906+0000] {processor.py:755} WARNING - No viable dags retrieved from /opt/airflow/dags/UpdateSymbol.py
[2023-12-14T02:58:40.939+0000] {processor.py:175} INFO - Processing /opt/airflow/dags/UpdateSymbol.py took 0.742 seconds
[2023-12-14T02:59:11.207+0000] {processor.py:153} INFO - Started process (PID=426) to work on /opt/airflow/dags/UpdateSymbol.py
[2023-12-14T02:59:11.230+0000] {processor.py:743} INFO - Processing file /opt/airflow/dags/UpdateSymbol.py for tasks to queue
[2023-12-14T02:59:11.230+0000] {logging_mixin.py:137} INFO - [2023-12-14T02:59:11.230+0000] {dagbag.py:538} INFO - Filling up the DagBag from /opt/airflow/dags/UpdateSymbol.py
[2023-12-14T02:59:11.941+0000] {logging_mixin.py:137} INFO - [2023-12-14T02:59:11.939+0000] {dagbag.py:343} ERROR - Failed to import: /opt/airflow/dags/UpdateSymbol.py
Traceback (most recent call last):
  File "/home/airflow/.local/lib/python3.7/site-packages/airflow/models/dagbag.py", line 339, in parse
    loader.exec_module(new_module)
  File "<frozen importlib._bootstrap_external>", line 728, in exec_module
  File "<frozen importlib._bootstrap>", line 219, in _call_with_frames_removed
  File "/opt/airflow/dags/UpdateSymbol.py", line 7, in <module>
    import yfinance as yf
ModuleNotFoundError: No module named 'yfinance'
[2023-12-14T02:59:11.941+0000] {processor.py:755} WARNING - No viable dags retrieved from /opt/airflow/dags/UpdateSymbol.py
[2023-12-14T02:59:11.967+0000] {processor.py:175} INFO - Processing /opt/airflow/dags/UpdateSymbol.py took 0.770 seconds
[2023-12-14T02:59:42.203+0000] {processor.py:153} INFO - Started process (PID=492) to work on /opt/airflow/dags/UpdateSymbol.py
[2023-12-14T02:59:42.203+0000] {processor.py:743} INFO - Processing file /opt/airflow/dags/UpdateSymbol.py for tasks to queue
[2023-12-14T02:59:42.204+0000] {logging_mixin.py:137} INFO - [2023-12-14T02:59:42.204+0000] {dagbag.py:538} INFO - Filling up the DagBag from /opt/airflow/dags/UpdateSymbol.py
[2023-12-14T02:59:42.572+0000] {logging_mixin.py:137} INFO - [2023-12-14T02:59:42.570+0000] {dagbag.py:343} ERROR - Failed to import: /opt/airflow/dags/UpdateSymbol.py
Traceback (most recent call last):
  File "/home/airflow/.local/lib/python3.7/site-packages/airflow/models/dagbag.py", line 339, in parse
    loader.exec_module(new_module)
  File "<frozen importlib._bootstrap_external>", line 728, in exec_module
  File "<frozen importlib._bootstrap>", line 219, in _call_with_frames_removed
  File "/opt/airflow/dags/UpdateSymbol.py", line 7, in <module>
    import yfinance as yf
ModuleNotFoundError: No module named 'yfinance'
[2023-12-14T02:59:42.572+0000] {processor.py:755} WARNING - No viable dags retrieved from /opt/airflow/dags/UpdateSymbol.py
[2023-12-14T02:59:42.590+0000] {processor.py:175} INFO - Processing /opt/airflow/dags/UpdateSymbol.py took 0.391 seconds
[2023-12-14T03:00:12.905+0000] {processor.py:153} INFO - Started process (PID=569) to work on /opt/airflow/dags/UpdateSymbol.py
[2023-12-14T03:00:12.911+0000] {processor.py:743} INFO - Processing file /opt/airflow/dags/UpdateSymbol.py for tasks to queue
[2023-12-14T03:00:12.912+0000] {logging_mixin.py:137} INFO - [2023-12-14T03:00:12.912+0000] {dagbag.py:538} INFO - Filling up the DagBag from /opt/airflow/dags/UpdateSymbol.py
[2023-12-14T03:00:13.631+0000] {logging_mixin.py:137} INFO - [2023-12-14T03:00:13.625+0000] {dagbag.py:343} ERROR - Failed to import: /opt/airflow/dags/UpdateSymbol.py
Traceback (most recent call last):
  File "/home/airflow/.local/lib/python3.7/site-packages/airflow/models/dagbag.py", line 339, in parse
    loader.exec_module(new_module)
  File "<frozen importlib._bootstrap_external>", line 728, in exec_module
  File "<frozen importlib._bootstrap>", line 219, in _call_with_frames_removed
  File "/opt/airflow/dags/UpdateSymbol.py", line 7, in <module>
    import yfinance as yf
ModuleNotFoundError: No module named 'yfinance'
[2023-12-14T03:00:13.631+0000] {processor.py:755} WARNING - No viable dags retrieved from /opt/airflow/dags/UpdateSymbol.py
[2023-12-14T03:00:13.662+0000] {processor.py:175} INFO - Processing /opt/airflow/dags/UpdateSymbol.py took 0.760 seconds
[2023-12-14T03:00:43.818+0000] {processor.py:153} INFO - Started process (PID=638) to work on /opt/airflow/dags/UpdateSymbol.py
[2023-12-14T03:00:43.819+0000] {processor.py:743} INFO - Processing file /opt/airflow/dags/UpdateSymbol.py for tasks to queue
[2023-12-14T03:00:43.819+0000] {logging_mixin.py:137} INFO - [2023-12-14T03:00:43.819+0000] {dagbag.py:538} INFO - Filling up the DagBag from /opt/airflow/dags/UpdateSymbol.py
[2023-12-14T03:00:44.173+0000] {logging_mixin.py:137} INFO - [2023-12-14T03:00:44.172+0000] {dagbag.py:343} ERROR - Failed to import: /opt/airflow/dags/UpdateSymbol.py
Traceback (most recent call last):
  File "/home/airflow/.local/lib/python3.7/site-packages/airflow/models/dagbag.py", line 339, in parse
    loader.exec_module(new_module)
  File "<frozen importlib._bootstrap_external>", line 728, in exec_module
  File "<frozen importlib._bootstrap>", line 219, in _call_with_frames_removed
  File "/opt/airflow/dags/UpdateSymbol.py", line 7, in <module>
    import yfinance as yf
ModuleNotFoundError: No module named 'yfinance'
[2023-12-14T03:00:44.173+0000] {processor.py:755} WARNING - No viable dags retrieved from /opt/airflow/dags/UpdateSymbol.py
[2023-12-14T03:00:44.187+0000] {processor.py:175} INFO - Processing /opt/airflow/dags/UpdateSymbol.py took 0.372 seconds
[2023-12-14T03:01:14.659+0000] {processor.py:153} INFO - Started process (PID=718) to work on /opt/airflow/dags/UpdateSymbol.py
[2023-12-14T03:01:14.660+0000] {processor.py:743} INFO - Processing file /opt/airflow/dags/UpdateSymbol.py for tasks to queue
[2023-12-14T03:01:14.661+0000] {logging_mixin.py:137} INFO - [2023-12-14T03:01:14.661+0000] {dagbag.py:538} INFO - Filling up the DagBag from /opt/airflow/dags/UpdateSymbol.py
[2023-12-14T03:01:15.040+0000] {logging_mixin.py:137} INFO - [2023-12-14T03:01:15.039+0000] {dagbag.py:343} ERROR - Failed to import: /opt/airflow/dags/UpdateSymbol.py
Traceback (most recent call last):
  File "/home/airflow/.local/lib/python3.7/site-packages/airflow/models/dagbag.py", line 339, in parse
    loader.exec_module(new_module)
  File "<frozen importlib._bootstrap_external>", line 728, in exec_module
  File "<frozen importlib._bootstrap>", line 219, in _call_with_frames_removed
  File "/opt/airflow/dags/UpdateSymbol.py", line 7, in <module>
    import yfinance as yf
ModuleNotFoundError: No module named 'yfinance'
[2023-12-14T03:01:15.040+0000] {processor.py:755} WARNING - No viable dags retrieved from /opt/airflow/dags/UpdateSymbol.py
[2023-12-14T03:01:15.057+0000] {processor.py:175} INFO - Processing /opt/airflow/dags/UpdateSymbol.py took 0.400 seconds
[2023-12-14T03:01:45.132+0000] {processor.py:153} INFO - Started process (PID=787) to work on /opt/airflow/dags/UpdateSymbol.py
[2023-12-14T03:01:45.133+0000] {processor.py:743} INFO - Processing file /opt/airflow/dags/UpdateSymbol.py for tasks to queue
[2023-12-14T03:01:45.134+0000] {logging_mixin.py:137} INFO - [2023-12-14T03:01:45.134+0000] {dagbag.py:538} INFO - Filling up the DagBag from /opt/airflow/dags/UpdateSymbol.py
[2023-12-14T03:01:45.514+0000] {logging_mixin.py:137} INFO - [2023-12-14T03:01:45.512+0000] {dagbag.py:343} ERROR - Failed to import: /opt/airflow/dags/UpdateSymbol.py
Traceback (most recent call last):
  File "/home/airflow/.local/lib/python3.7/site-packages/airflow/models/dagbag.py", line 339, in parse
    loader.exec_module(new_module)
  File "<frozen importlib._bootstrap_external>", line 728, in exec_module
  File "<frozen importlib._bootstrap>", line 219, in _call_with_frames_removed
  File "/opt/airflow/dags/UpdateSymbol.py", line 7, in <module>
    import yfinance as yf
ModuleNotFoundError: No module named 'yfinance'
[2023-12-14T03:01:45.514+0000] {processor.py:755} WARNING - No viable dags retrieved from /opt/airflow/dags/UpdateSymbol.py
[2023-12-14T03:01:45.536+0000] {processor.py:175} INFO - Processing /opt/airflow/dags/UpdateSymbol.py took 0.406 seconds
[2023-12-14T03:02:15.665+0000] {processor.py:153} INFO - Started process (PID=879) to work on /opt/airflow/dags/UpdateSymbol.py
[2023-12-14T03:02:15.693+0000] {processor.py:743} INFO - Processing file /opt/airflow/dags/UpdateSymbol.py for tasks to queue
[2023-12-14T03:02:15.693+0000] {logging_mixin.py:137} INFO - [2023-12-14T03:02:15.693+0000] {dagbag.py:538} INFO - Filling up the DagBag from /opt/airflow/dags/UpdateSymbol.py
[2023-12-14T03:02:16.617+0000] {logging_mixin.py:137} INFO - [2023-12-14T03:02:16.616+0000] {dagbag.py:343} ERROR - Failed to import: /opt/airflow/dags/UpdateSymbol.py
Traceback (most recent call last):
  File "/home/airflow/.local/lib/python3.7/site-packages/airflow/models/dagbag.py", line 339, in parse
    loader.exec_module(new_module)
  File "<frozen importlib._bootstrap_external>", line 728, in exec_module
  File "<frozen importlib._bootstrap>", line 219, in _call_with_frames_removed
  File "/opt/airflow/dags/UpdateSymbol.py", line 7, in <module>
    import yfinance as yf
ModuleNotFoundError: No module named 'yfinance'
[2023-12-14T03:02:16.618+0000] {processor.py:755} WARNING - No viable dags retrieved from /opt/airflow/dags/UpdateSymbol.py
[2023-12-14T03:02:16.665+0000] {processor.py:175} INFO - Processing /opt/airflow/dags/UpdateSymbol.py took 1.003 seconds
[2023-12-14T03:02:46.715+0000] {processor.py:153} INFO - Started process (PID=946) to work on /opt/airflow/dags/UpdateSymbol.py
[2023-12-14T03:02:46.715+0000] {processor.py:743} INFO - Processing file /opt/airflow/dags/UpdateSymbol.py for tasks to queue
[2023-12-14T03:02:46.716+0000] {logging_mixin.py:137} INFO - [2023-12-14T03:02:46.715+0000] {dagbag.py:538} INFO - Filling up the DagBag from /opt/airflow/dags/UpdateSymbol.py
[2023-12-14T03:02:47.101+0000] {logging_mixin.py:137} INFO - [2023-12-14T03:02:47.099+0000] {dagbag.py:343} ERROR - Failed to import: /opt/airflow/dags/UpdateSymbol.py
Traceback (most recent call last):
  File "/home/airflow/.local/lib/python3.7/site-packages/airflow/models/dagbag.py", line 339, in parse
    loader.exec_module(new_module)
  File "<frozen importlib._bootstrap_external>", line 728, in exec_module
  File "<frozen importlib._bootstrap>", line 219, in _call_with_frames_removed
  File "/opt/airflow/dags/UpdateSymbol.py", line 7, in <module>
    import yfinance as yf
ModuleNotFoundError: No module named 'yfinance'
[2023-12-14T03:02:47.101+0000] {processor.py:755} WARNING - No viable dags retrieved from /opt/airflow/dags/UpdateSymbol.py
[2023-12-14T03:02:47.120+0000] {processor.py:175} INFO - Processing /opt/airflow/dags/UpdateSymbol.py took 0.408 seconds
[2023-12-14T03:03:17.605+0000] {processor.py:153} INFO - Started process (PID=1021) to work on /opt/airflow/dags/UpdateSymbol.py
[2023-12-14T03:03:17.606+0000] {processor.py:743} INFO - Processing file /opt/airflow/dags/UpdateSymbol.py for tasks to queue
[2023-12-14T03:03:17.607+0000] {logging_mixin.py:137} INFO - [2023-12-14T03:03:17.607+0000] {dagbag.py:538} INFO - Filling up the DagBag from /opt/airflow/dags/UpdateSymbol.py
[2023-12-14T03:03:18.358+0000] {logging_mixin.py:137} INFO - [2023-12-14T03:03:18.357+0000] {dagbag.py:343} ERROR - Failed to import: /opt/airflow/dags/UpdateSymbol.py
Traceback (most recent call last):
  File "/home/airflow/.local/lib/python3.7/site-packages/airflow/models/dagbag.py", line 339, in parse
    loader.exec_module(new_module)
  File "<frozen importlib._bootstrap_external>", line 728, in exec_module
  File "<frozen importlib._bootstrap>", line 219, in _call_with_frames_removed
  File "/opt/airflow/dags/UpdateSymbol.py", line 7, in <module>
    import yfinance as yf
ModuleNotFoundError: No module named 'yfinance'
[2023-12-14T03:03:18.359+0000] {processor.py:755} WARNING - No viable dags retrieved from /opt/airflow/dags/UpdateSymbol.py
[2023-12-14T03:03:18.399+0000] {processor.py:175} INFO - Processing /opt/airflow/dags/UpdateSymbol.py took 0.797 seconds
[2023-12-14T03:03:48.824+0000] {processor.py:153} INFO - Started process (PID=1096) to work on /opt/airflow/dags/UpdateSymbol.py
[2023-12-14T03:03:48.824+0000] {processor.py:743} INFO - Processing file /opt/airflow/dags/UpdateSymbol.py for tasks to queue
[2023-12-14T03:03:48.825+0000] {logging_mixin.py:137} INFO - [2023-12-14T03:03:48.825+0000] {dagbag.py:538} INFO - Filling up the DagBag from /opt/airflow/dags/UpdateSymbol.py
[2023-12-14T03:03:49.478+0000] {logging_mixin.py:137} INFO - [2023-12-14T03:03:49.477+0000] {dagbag.py:343} ERROR - Failed to import: /opt/airflow/dags/UpdateSymbol.py
Traceback (most recent call last):
  File "/home/airflow/.local/lib/python3.7/site-packages/airflow/models/dagbag.py", line 339, in parse
    loader.exec_module(new_module)
  File "<frozen importlib._bootstrap_external>", line 728, in exec_module
  File "<frozen importlib._bootstrap>", line 219, in _call_with_frames_removed
  File "/opt/airflow/dags/UpdateSymbol.py", line 7, in <module>
    import yfinance as yf
ModuleNotFoundError: No module named 'yfinance'
[2023-12-14T03:03:49.478+0000] {processor.py:755} WARNING - No viable dags retrieved from /opt/airflow/dags/UpdateSymbol.py
[2023-12-14T03:03:49.496+0000] {processor.py:175} INFO - Processing /opt/airflow/dags/UpdateSymbol.py took 0.675 seconds
[2023-12-14T03:04:20.216+0000] {processor.py:153} INFO - Started process (PID=1174) to work on /opt/airflow/dags/UpdateSymbol.py
[2023-12-14T03:04:20.220+0000] {processor.py:743} INFO - Processing file /opt/airflow/dags/UpdateSymbol.py for tasks to queue
[2023-12-14T03:04:20.221+0000] {logging_mixin.py:137} INFO - [2023-12-14T03:04:20.221+0000] {dagbag.py:538} INFO - Filling up the DagBag from /opt/airflow/dags/UpdateSymbol.py
[2023-12-14T03:04:20.615+0000] {logging_mixin.py:137} INFO - [2023-12-14T03:04:20.613+0000] {dagbag.py:343} ERROR - Failed to import: /opt/airflow/dags/UpdateSymbol.py
Traceback (most recent call last):
  File "/home/airflow/.local/lib/python3.7/site-packages/airflow/models/dagbag.py", line 339, in parse
    loader.exec_module(new_module)
  File "<frozen importlib._bootstrap_external>", line 728, in exec_module
  File "<frozen importlib._bootstrap>", line 219, in _call_with_frames_removed
  File "/opt/airflow/dags/UpdateSymbol.py", line 7, in <module>
    import yfinance as yf
ModuleNotFoundError: No module named 'yfinance'
[2023-12-14T03:04:20.616+0000] {processor.py:755} WARNING - No viable dags retrieved from /opt/airflow/dags/UpdateSymbol.py
[2023-12-14T03:04:20.673+0000] {processor.py:175} INFO - Processing /opt/airflow/dags/UpdateSymbol.py took 0.460 seconds
[2023-12-14T03:04:50.826+0000] {processor.py:153} INFO - Started process (PID=1240) to work on /opt/airflow/dags/UpdateSymbol.py
[2023-12-14T03:04:50.833+0000] {processor.py:743} INFO - Processing file /opt/airflow/dags/UpdateSymbol.py for tasks to queue
[2023-12-14T03:04:50.833+0000] {logging_mixin.py:137} INFO - [2023-12-14T03:04:50.833+0000] {dagbag.py:538} INFO - Filling up the DagBag from /opt/airflow/dags/UpdateSymbol.py
[2023-12-14T03:04:51.401+0000] {logging_mixin.py:137} INFO - [2023-12-14T03:04:51.400+0000] {dagbag.py:343} ERROR - Failed to import: /opt/airflow/dags/UpdateSymbol.py
Traceback (most recent call last):
  File "/home/airflow/.local/lib/python3.7/site-packages/airflow/models/dagbag.py", line 339, in parse
    loader.exec_module(new_module)
  File "<frozen importlib._bootstrap_external>", line 728, in exec_module
  File "<frozen importlib._bootstrap>", line 219, in _call_with_frames_removed
  File "/opt/airflow/dags/UpdateSymbol.py", line 7, in <module>
    import yfinance as yf
ModuleNotFoundError: No module named 'yfinance'
[2023-12-14T03:04:51.401+0000] {processor.py:755} WARNING - No viable dags retrieved from /opt/airflow/dags/UpdateSymbol.py
[2023-12-14T03:04:51.427+0000] {processor.py:175} INFO - Processing /opt/airflow/dags/UpdateSymbol.py took 0.604 seconds
[2023-12-14T03:05:22.046+0000] {processor.py:153} INFO - Started process (PID=1324) to work on /opt/airflow/dags/UpdateSymbol.py
[2023-12-14T03:05:22.051+0000] {processor.py:743} INFO - Processing file /opt/airflow/dags/UpdateSymbol.py for tasks to queue
[2023-12-14T03:05:22.051+0000] {logging_mixin.py:137} INFO - [2023-12-14T03:05:22.051+0000] {dagbag.py:538} INFO - Filling up the DagBag from /opt/airflow/dags/UpdateSymbol.py
[2023-12-14T03:05:22.449+0000] {logging_mixin.py:137} INFO - [2023-12-14T03:05:22.448+0000] {dagbag.py:343} ERROR - Failed to import: /opt/airflow/dags/UpdateSymbol.py
Traceback (most recent call last):
  File "/home/airflow/.local/lib/python3.7/site-packages/airflow/models/dagbag.py", line 339, in parse
    loader.exec_module(new_module)
  File "<frozen importlib._bootstrap_external>", line 728, in exec_module
  File "<frozen importlib._bootstrap>", line 219, in _call_with_frames_removed
  File "/opt/airflow/dags/UpdateSymbol.py", line 7, in <module>
    import yfinance as yf
ModuleNotFoundError: No module named 'yfinance'
[2023-12-14T03:05:22.449+0000] {processor.py:755} WARNING - No viable dags retrieved from /opt/airflow/dags/UpdateSymbol.py
[2023-12-14T03:05:22.464+0000] {processor.py:175} INFO - Processing /opt/airflow/dags/UpdateSymbol.py took 0.421 seconds
[2023-12-14T03:05:52.967+0000] {processor.py:153} INFO - Started process (PID=1393) to work on /opt/airflow/dags/UpdateSymbol.py
[2023-12-14T03:05:52.990+0000] {processor.py:743} INFO - Processing file /opt/airflow/dags/UpdateSymbol.py for tasks to queue
[2023-12-14T03:05:52.991+0000] {logging_mixin.py:137} INFO - [2023-12-14T03:05:52.991+0000] {dagbag.py:538} INFO - Filling up the DagBag from /opt/airflow/dags/UpdateSymbol.py
[2023-12-14T03:05:54.392+0000] {logging_mixin.py:137} INFO - [2023-12-14T03:05:54.391+0000] {dagbag.py:343} ERROR - Failed to import: /opt/airflow/dags/UpdateSymbol.py
Traceback (most recent call last):
  File "/home/airflow/.local/lib/python3.7/site-packages/airflow/models/dagbag.py", line 339, in parse
    loader.exec_module(new_module)
  File "<frozen importlib._bootstrap_external>", line 728, in exec_module
  File "<frozen importlib._bootstrap>", line 219, in _call_with_frames_removed
  File "/opt/airflow/dags/UpdateSymbol.py", line 7, in <module>
    import yfinance as yf
ModuleNotFoundError: No module named 'yfinance'
[2023-12-14T03:05:54.392+0000] {processor.py:755} WARNING - No viable dags retrieved from /opt/airflow/dags/UpdateSymbol.py
[2023-12-14T03:05:54.468+0000] {processor.py:175} INFO - Processing /opt/airflow/dags/UpdateSymbol.py took 1.517 seconds
[2023-12-14T03:06:25.037+0000] {processor.py:153} INFO - Started process (PID=1470) to work on /opt/airflow/dags/UpdateSymbol.py
[2023-12-14T03:06:25.039+0000] {processor.py:743} INFO - Processing file /opt/airflow/dags/UpdateSymbol.py for tasks to queue
[2023-12-14T03:06:25.039+0000] {logging_mixin.py:137} INFO - [2023-12-14T03:06:25.039+0000] {dagbag.py:538} INFO - Filling up the DagBag from /opt/airflow/dags/UpdateSymbol.py
[2023-12-14T03:06:25.430+0000] {logging_mixin.py:137} INFO - [2023-12-14T03:06:25.429+0000] {dagbag.py:343} ERROR - Failed to import: /opt/airflow/dags/UpdateSymbol.py
Traceback (most recent call last):
  File "/home/airflow/.local/lib/python3.7/site-packages/airflow/models/dagbag.py", line 339, in parse
    loader.exec_module(new_module)
  File "<frozen importlib._bootstrap_external>", line 728, in exec_module
  File "<frozen importlib._bootstrap>", line 219, in _call_with_frames_removed
  File "/opt/airflow/dags/UpdateSymbol.py", line 7, in <module>
    import yfinance as yf
ModuleNotFoundError: No module named 'yfinance'
[2023-12-14T03:06:25.430+0000] {processor.py:755} WARNING - No viable dags retrieved from /opt/airflow/dags/UpdateSymbol.py
[2023-12-14T03:06:25.445+0000] {processor.py:175} INFO - Processing /opt/airflow/dags/UpdateSymbol.py took 0.411 seconds
[2023-12-14T03:06:56.050+0000] {processor.py:153} INFO - Started process (PID=1537) to work on /opt/airflow/dags/UpdateSymbol.py
[2023-12-14T03:06:56.060+0000] {processor.py:743} INFO - Processing file /opt/airflow/dags/UpdateSymbol.py for tasks to queue
[2023-12-14T03:06:56.061+0000] {logging_mixin.py:137} INFO - [2023-12-14T03:06:56.061+0000] {dagbag.py:538} INFO - Filling up the DagBag from /opt/airflow/dags/UpdateSymbol.py
[2023-12-14T03:06:56.787+0000] {logging_mixin.py:137} INFO - [2023-12-14T03:06:56.786+0000] {dagbag.py:343} ERROR - Failed to import: /opt/airflow/dags/UpdateSymbol.py
Traceback (most recent call last):
  File "/home/airflow/.local/lib/python3.7/site-packages/airflow/models/dagbag.py", line 339, in parse
    loader.exec_module(new_module)
  File "<frozen importlib._bootstrap_external>", line 728, in exec_module
  File "<frozen importlib._bootstrap>", line 219, in _call_with_frames_removed
  File "/opt/airflow/dags/UpdateSymbol.py", line 7, in <module>
    import yfinance as yf
ModuleNotFoundError: No module named 'yfinance'
[2023-12-14T03:06:56.787+0000] {processor.py:755} WARNING - No viable dags retrieved from /opt/airflow/dags/UpdateSymbol.py
[2023-12-14T03:06:56.820+0000] {processor.py:175} INFO - Processing /opt/airflow/dags/UpdateSymbol.py took 0.778 seconds
[2023-12-14T03:07:26.901+0000] {processor.py:153} INFO - Started process (PID=1614) to work on /opt/airflow/dags/UpdateSymbol.py
[2023-12-14T03:07:26.906+0000] {processor.py:743} INFO - Processing file /opt/airflow/dags/UpdateSymbol.py for tasks to queue
[2023-12-14T03:07:26.907+0000] {logging_mixin.py:137} INFO - [2023-12-14T03:07:26.907+0000] {dagbag.py:538} INFO - Filling up the DagBag from /opt/airflow/dags/UpdateSymbol.py
[2023-12-14T03:07:28.525+0000] {logging_mixin.py:137} INFO - [2023-12-14T03:07:28.523+0000] {dagbag.py:343} ERROR - Failed to import: /opt/airflow/dags/UpdateSymbol.py
Traceback (most recent call last):
  File "/home/airflow/.local/lib/python3.7/site-packages/airflow/models/dagbag.py", line 339, in parse
    loader.exec_module(new_module)
  File "<frozen importlib._bootstrap_external>", line 728, in exec_module
  File "<frozen importlib._bootstrap>", line 219, in _call_with_frames_removed
  File "/opt/airflow/dags/UpdateSymbol.py", line 7, in <module>
    import yfinance as yf
ModuleNotFoundError: No module named 'yfinance'
[2023-12-14T03:07:28.525+0000] {processor.py:755} WARNING - No viable dags retrieved from /opt/airflow/dags/UpdateSymbol.py
[2023-12-14T03:07:28.543+0000] {processor.py:175} INFO - Processing /opt/airflow/dags/UpdateSymbol.py took 1.645 seconds
[2023-12-14T03:07:38.479+0000] {processor.py:153} INFO - Started process (PID=1640) to work on /opt/airflow/dags/UpdateSymbol.py
[2023-12-14T03:07:38.480+0000] {processor.py:743} INFO - Processing file /opt/airflow/dags/UpdateSymbol.py for tasks to queue
[2023-12-14T03:07:38.480+0000] {logging_mixin.py:137} INFO - [2023-12-14T03:07:38.480+0000] {dagbag.py:538} INFO - Filling up the DagBag from /opt/airflow/dags/UpdateSymbol.py
[2023-12-14T03:07:38.862+0000] {logging_mixin.py:137} INFO - [2023-12-14T03:07:38.860+0000] {dagbag.py:343} ERROR - Failed to import: /opt/airflow/dags/UpdateSymbol.py
Traceback (most recent call last):
  File "/home/airflow/.local/lib/python3.7/site-packages/airflow/models/dagbag.py", line 339, in parse
    loader.exec_module(new_module)
  File "<frozen importlib._bootstrap_external>", line 728, in exec_module
  File "<frozen importlib._bootstrap>", line 219, in _call_with_frames_removed
  File "/opt/airflow/dags/UpdateSymbol.py", line 7, in <module>
    import yfinance as yf
ModuleNotFoundError: No module named 'yfinance'
[2023-12-14T03:07:38.862+0000] {processor.py:755} WARNING - No viable dags retrieved from /opt/airflow/dags/UpdateSymbol.py
[2023-12-14T03:07:38.885+0000] {processor.py:175} INFO - Processing /opt/airflow/dags/UpdateSymbol.py took 0.411 seconds
[2023-12-14T03:08:09.848+0000] {processor.py:153} INFO - Started process (PID=1712) to work on /opt/airflow/dags/UpdateSymbol.py
[2023-12-14T03:08:09.850+0000] {processor.py:743} INFO - Processing file /opt/airflow/dags/UpdateSymbol.py for tasks to queue
[2023-12-14T03:08:09.851+0000] {logging_mixin.py:137} INFO - [2023-12-14T03:08:09.850+0000] {dagbag.py:538} INFO - Filling up the DagBag from /opt/airflow/dags/UpdateSymbol.py
[2023-12-14T03:08:10.224+0000] {logging_mixin.py:137} INFO - [2023-12-14T03:08:10.223+0000] {dagbag.py:343} ERROR - Failed to import: /opt/airflow/dags/UpdateSymbol.py
Traceback (most recent call last):
  File "/home/airflow/.local/lib/python3.7/site-packages/airflow/models/dagbag.py", line 339, in parse
    loader.exec_module(new_module)
  File "<frozen importlib._bootstrap_external>", line 728, in exec_module
  File "<frozen importlib._bootstrap>", line 219, in _call_with_frames_removed
  File "/opt/airflow/dags/UpdateSymbol.py", line 7, in <module>
    import yfinance as yf
ModuleNotFoundError: No module named 'yfinance'
[2023-12-14T03:08:10.224+0000] {processor.py:755} WARNING - No viable dags retrieved from /opt/airflow/dags/UpdateSymbol.py
[2023-12-14T03:08:10.244+0000] {processor.py:175} INFO - Processing /opt/airflow/dags/UpdateSymbol.py took 0.398 seconds
[2023-12-14T03:08:41.120+0000] {processor.py:153} INFO - Started process (PID=1785) to work on /opt/airflow/dags/UpdateSymbol.py
[2023-12-14T03:08:41.131+0000] {processor.py:743} INFO - Processing file /opt/airflow/dags/UpdateSymbol.py for tasks to queue
[2023-12-14T03:08:41.131+0000] {logging_mixin.py:137} INFO - [2023-12-14T03:08:41.131+0000] {dagbag.py:538} INFO - Filling up the DagBag from /opt/airflow/dags/UpdateSymbol.py
[2023-12-14T03:08:41.472+0000] {logging_mixin.py:137} INFO - [2023-12-14T03:08:41.471+0000] {dagbag.py:343} ERROR - Failed to import: /opt/airflow/dags/UpdateSymbol.py
Traceback (most recent call last):
  File "/home/airflow/.local/lib/python3.7/site-packages/airflow/models/dagbag.py", line 339, in parse
    loader.exec_module(new_module)
  File "<frozen importlib._bootstrap_external>", line 728, in exec_module
  File "<frozen importlib._bootstrap>", line 219, in _call_with_frames_removed
  File "/opt/airflow/dags/UpdateSymbol.py", line 7, in <module>
    import yfinance as yf
ModuleNotFoundError: No module named 'yfinance'
[2023-12-14T03:08:41.472+0000] {processor.py:755} WARNING - No viable dags retrieved from /opt/airflow/dags/UpdateSymbol.py
[2023-12-14T03:08:41.488+0000] {processor.py:175} INFO - Processing /opt/airflow/dags/UpdateSymbol.py took 0.371 seconds
[2023-12-14T03:09:12.355+0000] {processor.py:153} INFO - Started process (PID=1855) to work on /opt/airflow/dags/UpdateSymbol.py
[2023-12-14T03:09:12.356+0000] {processor.py:743} INFO - Processing file /opt/airflow/dags/UpdateSymbol.py for tasks to queue
[2023-12-14T03:09:12.356+0000] {logging_mixin.py:137} INFO - [2023-12-14T03:09:12.356+0000] {dagbag.py:538} INFO - Filling up the DagBag from /opt/airflow/dags/UpdateSymbol.py
[2023-12-14T03:09:12.699+0000] {logging_mixin.py:137} INFO - [2023-12-14T03:09:12.698+0000] {dagbag.py:343} ERROR - Failed to import: /opt/airflow/dags/UpdateSymbol.py
Traceback (most recent call last):
  File "/home/airflow/.local/lib/python3.7/site-packages/airflow/models/dagbag.py", line 339, in parse
    loader.exec_module(new_module)
  File "<frozen importlib._bootstrap_external>", line 728, in exec_module
  File "<frozen importlib._bootstrap>", line 219, in _call_with_frames_removed
  File "/opt/airflow/dags/UpdateSymbol.py", line 7, in <module>
    import yfinance as yf
ModuleNotFoundError: No module named 'yfinance'
[2023-12-14T03:09:12.699+0000] {processor.py:755} WARNING - No viable dags retrieved from /opt/airflow/dags/UpdateSymbol.py
[2023-12-14T03:09:12.716+0000] {processor.py:175} INFO - Processing /opt/airflow/dags/UpdateSymbol.py took 0.363 seconds
[2023-12-14T03:09:43.704+0000] {processor.py:153} INFO - Started process (PID=1920) to work on /opt/airflow/dags/UpdateSymbol.py
[2023-12-14T03:09:43.705+0000] {processor.py:743} INFO - Processing file /opt/airflow/dags/UpdateSymbol.py for tasks to queue
[2023-12-14T03:09:43.705+0000] {logging_mixin.py:137} INFO - [2023-12-14T03:09:43.705+0000] {dagbag.py:538} INFO - Filling up the DagBag from /opt/airflow/dags/UpdateSymbol.py
[2023-12-14T03:09:44.112+0000] {logging_mixin.py:137} INFO - [2023-12-14T03:09:44.111+0000] {dagbag.py:343} ERROR - Failed to import: /opt/airflow/dags/UpdateSymbol.py
Traceback (most recent call last):
  File "/home/airflow/.local/lib/python3.7/site-packages/airflow/models/dagbag.py", line 339, in parse
    loader.exec_module(new_module)
  File "<frozen importlib._bootstrap_external>", line 728, in exec_module
  File "<frozen importlib._bootstrap>", line 219, in _call_with_frames_removed
  File "/opt/airflow/dags/UpdateSymbol.py", line 7, in <module>
    import yfinance as yf
ModuleNotFoundError: No module named 'yfinance'
[2023-12-14T03:09:44.112+0000] {processor.py:755} WARNING - No viable dags retrieved from /opt/airflow/dags/UpdateSymbol.py
[2023-12-14T03:09:44.134+0000] {processor.py:175} INFO - Processing /opt/airflow/dags/UpdateSymbol.py took 0.433 seconds
[2023-12-14T03:10:14.464+0000] {processor.py:153} INFO - Started process (PID=1996) to work on /opt/airflow/dags/UpdateSymbol.py
[2023-12-14T03:10:14.465+0000] {processor.py:743} INFO - Processing file /opt/airflow/dags/UpdateSymbol.py for tasks to queue
[2023-12-14T03:10:14.465+0000] {logging_mixin.py:137} INFO - [2023-12-14T03:10:14.465+0000] {dagbag.py:538} INFO - Filling up the DagBag from /opt/airflow/dags/UpdateSymbol.py
[2023-12-14T03:10:14.862+0000] {logging_mixin.py:137} INFO - [2023-12-14T03:10:14.860+0000] {dagbag.py:343} ERROR - Failed to import: /opt/airflow/dags/UpdateSymbol.py
Traceback (most recent call last):
  File "/home/airflow/.local/lib/python3.7/site-packages/airflow/models/dagbag.py", line 339, in parse
    loader.exec_module(new_module)
  File "<frozen importlib._bootstrap_external>", line 728, in exec_module
  File "<frozen importlib._bootstrap>", line 219, in _call_with_frames_removed
  File "/opt/airflow/dags/UpdateSymbol.py", line 7, in <module>
    import yfinance as yf
ModuleNotFoundError: No module named 'yfinance'
[2023-12-14T03:10:14.862+0000] {processor.py:755} WARNING - No viable dags retrieved from /opt/airflow/dags/UpdateSymbol.py
[2023-12-14T03:10:14.884+0000] {processor.py:175} INFO - Processing /opt/airflow/dags/UpdateSymbol.py took 0.425 seconds
[2023-12-14T03:10:45.019+0000] {processor.py:153} INFO - Started process (PID=2067) to work on /opt/airflow/dags/UpdateSymbol.py
[2023-12-14T03:10:45.019+0000] {processor.py:743} INFO - Processing file /opt/airflow/dags/UpdateSymbol.py for tasks to queue
[2023-12-14T03:10:45.020+0000] {logging_mixin.py:137} INFO - [2023-12-14T03:10:45.020+0000] {dagbag.py:538} INFO - Filling up the DagBag from /opt/airflow/dags/UpdateSymbol.py
[2023-12-14T03:10:45.356+0000] {logging_mixin.py:137} INFO - [2023-12-14T03:10:45.354+0000] {dagbag.py:343} ERROR - Failed to import: /opt/airflow/dags/UpdateSymbol.py
Traceback (most recent call last):
  File "/home/airflow/.local/lib/python3.7/site-packages/airflow/models/dagbag.py", line 339, in parse
    loader.exec_module(new_module)
  File "<frozen importlib._bootstrap_external>", line 728, in exec_module
  File "<frozen importlib._bootstrap>", line 219, in _call_with_frames_removed
  File "/opt/airflow/dags/UpdateSymbol.py", line 7, in <module>
    import yfinance as yf
ModuleNotFoundError: No module named 'yfinance'
[2023-12-14T03:10:45.356+0000] {processor.py:755} WARNING - No viable dags retrieved from /opt/airflow/dags/UpdateSymbol.py
[2023-12-14T03:10:45.372+0000] {processor.py:175} INFO - Processing /opt/airflow/dags/UpdateSymbol.py took 0.356 seconds
[2023-12-14T03:11:16.352+0000] {processor.py:153} INFO - Started process (PID=2183) to work on /opt/airflow/dags/UpdateSymbol.py
[2023-12-14T03:11:16.353+0000] {processor.py:743} INFO - Processing file /opt/airflow/dags/UpdateSymbol.py for tasks to queue
[2023-12-14T03:11:16.354+0000] {logging_mixin.py:137} INFO - [2023-12-14T03:11:16.354+0000] {dagbag.py:538} INFO - Filling up the DagBag from /opt/airflow/dags/UpdateSymbol.py
[2023-12-14T03:11:16.725+0000] {logging_mixin.py:137} INFO - [2023-12-14T03:11:16.724+0000] {dagbag.py:343} ERROR - Failed to import: /opt/airflow/dags/UpdateSymbol.py
Traceback (most recent call last):
  File "/home/airflow/.local/lib/python3.7/site-packages/airflow/models/dagbag.py", line 339, in parse
    loader.exec_module(new_module)
  File "<frozen importlib._bootstrap_external>", line 728, in exec_module
  File "<frozen importlib._bootstrap>", line 219, in _call_with_frames_removed
  File "/opt/airflow/dags/UpdateSymbol.py", line 7, in <module>
    import yfinance as yf
ModuleNotFoundError: No module named 'yfinance'
[2023-12-14T03:11:16.725+0000] {processor.py:755} WARNING - No viable dags retrieved from /opt/airflow/dags/UpdateSymbol.py
[2023-12-14T03:11:16.743+0000] {processor.py:175} INFO - Processing /opt/airflow/dags/UpdateSymbol.py took 0.399 seconds
[2023-12-14T03:11:47.444+0000] {processor.py:153} INFO - Started process (PID=2258) to work on /opt/airflow/dags/UpdateSymbol.py
[2023-12-14T03:11:47.445+0000] {processor.py:743} INFO - Processing file /opt/airflow/dags/UpdateSymbol.py for tasks to queue
[2023-12-14T03:11:47.445+0000] {logging_mixin.py:137} INFO - [2023-12-14T03:11:47.445+0000] {dagbag.py:538} INFO - Filling up the DagBag from /opt/airflow/dags/UpdateSymbol.py
[2023-12-14T03:11:47.800+0000] {logging_mixin.py:137} INFO - [2023-12-14T03:11:47.799+0000] {dagbag.py:343} ERROR - Failed to import: /opt/airflow/dags/UpdateSymbol.py
Traceback (most recent call last):
  File "/home/airflow/.local/lib/python3.7/site-packages/airflow/models/dagbag.py", line 339, in parse
    loader.exec_module(new_module)
  File "<frozen importlib._bootstrap_external>", line 728, in exec_module
  File "<frozen importlib._bootstrap>", line 219, in _call_with_frames_removed
  File "/opt/airflow/dags/UpdateSymbol.py", line 7, in <module>
    import yfinance as yf
ModuleNotFoundError: No module named 'yfinance'
[2023-12-14T03:11:47.800+0000] {processor.py:755} WARNING - No viable dags retrieved from /opt/airflow/dags/UpdateSymbol.py
[2023-12-14T03:11:47.815+0000] {processor.py:175} INFO - Processing /opt/airflow/dags/UpdateSymbol.py took 0.380 seconds
[2023-12-14T03:12:18.315+0000] {processor.py:153} INFO - Started process (PID=2341) to work on /opt/airflow/dags/UpdateSymbol.py
[2023-12-14T03:12:18.315+0000] {processor.py:743} INFO - Processing file /opt/airflow/dags/UpdateSymbol.py for tasks to queue
[2023-12-14T03:12:18.315+0000] {logging_mixin.py:137} INFO - [2023-12-14T03:12:18.315+0000] {dagbag.py:538} INFO - Filling up the DagBag from /opt/airflow/dags/UpdateSymbol.py
[2023-12-14T03:12:18.656+0000] {logging_mixin.py:137} INFO - [2023-12-14T03:12:18.654+0000] {dagbag.py:343} ERROR - Failed to import: /opt/airflow/dags/UpdateSymbol.py
Traceback (most recent call last):
  File "/home/airflow/.local/lib/python3.7/site-packages/airflow/models/dagbag.py", line 339, in parse
    loader.exec_module(new_module)
  File "<frozen importlib._bootstrap_external>", line 728, in exec_module
  File "<frozen importlib._bootstrap>", line 219, in _call_with_frames_removed
  File "/opt/airflow/dags/UpdateSymbol.py", line 7, in <module>
    import yfinance as yf
ModuleNotFoundError: No module named 'yfinance'
[2023-12-14T03:12:18.656+0000] {processor.py:755} WARNING - No viable dags retrieved from /opt/airflow/dags/UpdateSymbol.py
[2023-12-14T03:12:18.675+0000] {processor.py:175} INFO - Processing /opt/airflow/dags/UpdateSymbol.py took 0.363 seconds
[2023-12-14T03:12:49.472+0000] {processor.py:153} INFO - Started process (PID=2424) to work on /opt/airflow/dags/UpdateSymbol.py
[2023-12-14T03:12:49.477+0000] {processor.py:743} INFO - Processing file /opt/airflow/dags/UpdateSymbol.py for tasks to queue
[2023-12-14T03:12:49.477+0000] {logging_mixin.py:137} INFO - [2023-12-14T03:12:49.477+0000] {dagbag.py:538} INFO - Filling up the DagBag from /opt/airflow/dags/UpdateSymbol.py
[2023-12-14T03:12:49.847+0000] {logging_mixin.py:137} INFO - [2023-12-14T03:12:49.846+0000] {dagbag.py:343} ERROR - Failed to import: /opt/airflow/dags/UpdateSymbol.py
Traceback (most recent call last):
  File "/home/airflow/.local/lib/python3.7/site-packages/airflow/models/dagbag.py", line 339, in parse
    loader.exec_module(new_module)
  File "<frozen importlib._bootstrap_external>", line 728, in exec_module
  File "<frozen importlib._bootstrap>", line 219, in _call_with_frames_removed
  File "/opt/airflow/dags/UpdateSymbol.py", line 7, in <module>
    import yfinance as yf
ModuleNotFoundError: No module named 'yfinance'
[2023-12-14T03:12:49.847+0000] {processor.py:755} WARNING - No viable dags retrieved from /opt/airflow/dags/UpdateSymbol.py
[2023-12-14T03:12:49.863+0000] {processor.py:175} INFO - Processing /opt/airflow/dags/UpdateSymbol.py took 0.398 seconds
[2023-12-14T03:13:20.323+0000] {processor.py:153} INFO - Started process (PID=2490) to work on /opt/airflow/dags/UpdateSymbol.py
[2023-12-14T03:13:20.323+0000] {processor.py:743} INFO - Processing file /opt/airflow/dags/UpdateSymbol.py for tasks to queue
[2023-12-14T03:13:20.324+0000] {logging_mixin.py:137} INFO - [2023-12-14T03:13:20.324+0000] {dagbag.py:538} INFO - Filling up the DagBag from /opt/airflow/dags/UpdateSymbol.py
[2023-12-14T03:13:20.726+0000] {logging_mixin.py:137} INFO - [2023-12-14T03:13:20.725+0000] {dagbag.py:343} ERROR - Failed to import: /opt/airflow/dags/UpdateSymbol.py
Traceback (most recent call last):
  File "/home/airflow/.local/lib/python3.7/site-packages/airflow/models/dagbag.py", line 339, in parse
    loader.exec_module(new_module)
  File "<frozen importlib._bootstrap_external>", line 728, in exec_module
  File "<frozen importlib._bootstrap>", line 219, in _call_with_frames_removed
  File "/opt/airflow/dags/UpdateSymbol.py", line 7, in <module>
    import yfinance as yf
ModuleNotFoundError: No module named 'yfinance'
[2023-12-14T03:13:20.726+0000] {processor.py:755} WARNING - No viable dags retrieved from /opt/airflow/dags/UpdateSymbol.py
[2023-12-14T03:13:20.747+0000] {processor.py:175} INFO - Processing /opt/airflow/dags/UpdateSymbol.py took 0.427 seconds
[2023-12-14T03:13:50.979+0000] {processor.py:153} INFO - Started process (PID=2566) to work on /opt/airflow/dags/UpdateSymbol.py
[2023-12-14T03:13:50.983+0000] {processor.py:743} INFO - Processing file /opt/airflow/dags/UpdateSymbol.py for tasks to queue
[2023-12-14T03:13:50.984+0000] {logging_mixin.py:137} INFO - [2023-12-14T03:13:50.984+0000] {dagbag.py:538} INFO - Filling up the DagBag from /opt/airflow/dags/UpdateSymbol.py
[2023-12-14T03:13:51.349+0000] {logging_mixin.py:137} INFO - [2023-12-14T03:13:51.348+0000] {dagbag.py:343} ERROR - Failed to import: /opt/airflow/dags/UpdateSymbol.py
Traceback (most recent call last):
  File "/home/airflow/.local/lib/python3.7/site-packages/airflow/models/dagbag.py", line 339, in parse
    loader.exec_module(new_module)
  File "<frozen importlib._bootstrap_external>", line 728, in exec_module
  File "<frozen importlib._bootstrap>", line 219, in _call_with_frames_removed
  File "/opt/airflow/dags/UpdateSymbol.py", line 7, in <module>
    import yfinance as yf
ModuleNotFoundError: No module named 'yfinance'
[2023-12-14T03:13:51.350+0000] {processor.py:755} WARNING - No viable dags retrieved from /opt/airflow/dags/UpdateSymbol.py
[2023-12-14T03:13:51.365+0000] {processor.py:175} INFO - Processing /opt/airflow/dags/UpdateSymbol.py took 0.390 seconds
[2023-12-14T03:14:22.185+0000] {processor.py:153} INFO - Started process (PID=2633) to work on /opt/airflow/dags/UpdateSymbol.py
[2023-12-14T03:14:22.186+0000] {processor.py:743} INFO - Processing file /opt/airflow/dags/UpdateSymbol.py for tasks to queue
[2023-12-14T03:14:22.186+0000] {logging_mixin.py:137} INFO - [2023-12-14T03:14:22.186+0000] {dagbag.py:538} INFO - Filling up the DagBag from /opt/airflow/dags/UpdateSymbol.py
[2023-12-14T03:14:22.552+0000] {logging_mixin.py:137} INFO - [2023-12-14T03:14:22.551+0000] {dagbag.py:343} ERROR - Failed to import: /opt/airflow/dags/UpdateSymbol.py
Traceback (most recent call last):
  File "/home/airflow/.local/lib/python3.7/site-packages/airflow/models/dagbag.py", line 339, in parse
    loader.exec_module(new_module)
  File "<frozen importlib._bootstrap_external>", line 728, in exec_module
  File "<frozen importlib._bootstrap>", line 219, in _call_with_frames_removed
  File "/opt/airflow/dags/UpdateSymbol.py", line 7, in <module>
    import yfinance as yf
ModuleNotFoundError: No module named 'yfinance'
[2023-12-14T03:14:22.552+0000] {processor.py:755} WARNING - No viable dags retrieved from /opt/airflow/dags/UpdateSymbol.py
[2023-12-14T03:14:22.568+0000] {processor.py:175} INFO - Processing /opt/airflow/dags/UpdateSymbol.py took 0.386 seconds
[2023-12-14T03:14:52.625+0000] {processor.py:153} INFO - Started process (PID=2710) to work on /opt/airflow/dags/UpdateSymbol.py
[2023-12-14T03:14:52.626+0000] {processor.py:743} INFO - Processing file /opt/airflow/dags/UpdateSymbol.py for tasks to queue
[2023-12-14T03:14:52.626+0000] {logging_mixin.py:137} INFO - [2023-12-14T03:14:52.626+0000] {dagbag.py:538} INFO - Filling up the DagBag from /opt/airflow/dags/UpdateSymbol.py
[2023-12-14T03:14:52.958+0000] {logging_mixin.py:137} INFO - [2023-12-14T03:14:52.956+0000] {dagbag.py:343} ERROR - Failed to import: /opt/airflow/dags/UpdateSymbol.py
Traceback (most recent call last):
  File "/home/airflow/.local/lib/python3.7/site-packages/airflow/models/dagbag.py", line 339, in parse
    loader.exec_module(new_module)
  File "<frozen importlib._bootstrap_external>", line 728, in exec_module
  File "<frozen importlib._bootstrap>", line 219, in _call_with_frames_removed
  File "/opt/airflow/dags/UpdateSymbol.py", line 7, in <module>
    import yfinance as yf
ModuleNotFoundError: No module named 'yfinance'
[2023-12-14T03:14:52.958+0000] {processor.py:755} WARNING - No viable dags retrieved from /opt/airflow/dags/UpdateSymbol.py
[2023-12-14T03:14:52.976+0000] {processor.py:175} INFO - Processing /opt/airflow/dags/UpdateSymbol.py took 0.354 seconds
[2023-12-14T03:15:23.464+0000] {processor.py:153} INFO - Started process (PID=2774) to work on /opt/airflow/dags/UpdateSymbol.py
[2023-12-14T03:15:23.465+0000] {processor.py:743} INFO - Processing file /opt/airflow/dags/UpdateSymbol.py for tasks to queue
[2023-12-14T03:15:23.465+0000] {logging_mixin.py:137} INFO - [2023-12-14T03:15:23.465+0000] {dagbag.py:538} INFO - Filling up the DagBag from /opt/airflow/dags/UpdateSymbol.py
[2023-12-14T03:15:23.872+0000] {logging_mixin.py:137} INFO - [2023-12-14T03:15:23.871+0000] {dagbag.py:343} ERROR - Failed to import: /opt/airflow/dags/UpdateSymbol.py
Traceback (most recent call last):
  File "/home/airflow/.local/lib/python3.7/site-packages/airflow/models/dagbag.py", line 339, in parse
    loader.exec_module(new_module)
  File "<frozen importlib._bootstrap_external>", line 728, in exec_module
  File "<frozen importlib._bootstrap>", line 219, in _call_with_frames_removed
  File "/opt/airflow/dags/UpdateSymbol.py", line 7, in <module>
    import yfinance as yf
ModuleNotFoundError: No module named 'yfinance'
[2023-12-14T03:15:23.872+0000] {processor.py:755} WARNING - No viable dags retrieved from /opt/airflow/dags/UpdateSymbol.py
[2023-12-14T03:15:23.888+0000] {processor.py:175} INFO - Processing /opt/airflow/dags/UpdateSymbol.py took 0.426 seconds
[2023-12-14T03:15:54.298+0000] {processor.py:153} INFO - Started process (PID=2850) to work on /opt/airflow/dags/UpdateSymbol.py
[2023-12-14T03:15:54.307+0000] {processor.py:743} INFO - Processing file /opt/airflow/dags/UpdateSymbol.py for tasks to queue
[2023-12-14T03:15:54.308+0000] {logging_mixin.py:137} INFO - [2023-12-14T03:15:54.308+0000] {dagbag.py:538} INFO - Filling up the DagBag from /opt/airflow/dags/UpdateSymbol.py
[2023-12-14T03:15:55.033+0000] {logging_mixin.py:137} INFO - [2023-12-14T03:15:55.022+0000] {dagbag.py:343} ERROR - Failed to import: /opt/airflow/dags/UpdateSymbol.py
Traceback (most recent call last):
  File "/home/airflow/.local/lib/python3.7/site-packages/airflow/models/dagbag.py", line 339, in parse
    loader.exec_module(new_module)
  File "<frozen importlib._bootstrap_external>", line 728, in exec_module
  File "<frozen importlib._bootstrap>", line 219, in _call_with_frames_removed
  File "/opt/airflow/dags/UpdateSymbol.py", line 7, in <module>
    import yfinance as yf
ModuleNotFoundError: No module named 'yfinance'
[2023-12-14T03:15:55.034+0000] {processor.py:755} WARNING - No viable dags retrieved from /opt/airflow/dags/UpdateSymbol.py
[2023-12-14T03:15:55.073+0000] {processor.py:175} INFO - Processing /opt/airflow/dags/UpdateSymbol.py took 0.790 seconds
[2023-12-14T03:16:25.665+0000] {processor.py:153} INFO - Started process (PID=2916) to work on /opt/airflow/dags/UpdateSymbol.py
[2023-12-14T03:16:25.667+0000] {processor.py:743} INFO - Processing file /opt/airflow/dags/UpdateSymbol.py for tasks to queue
[2023-12-14T03:16:25.667+0000] {logging_mixin.py:137} INFO - [2023-12-14T03:16:25.667+0000] {dagbag.py:538} INFO - Filling up the DagBag from /opt/airflow/dags/UpdateSymbol.py
[2023-12-14T03:16:26.147+0000] {logging_mixin.py:137} INFO - [2023-12-14T03:16:26.145+0000] {dagbag.py:343} ERROR - Failed to import: /opt/airflow/dags/UpdateSymbol.py
Traceback (most recent call last):
  File "/home/airflow/.local/lib/python3.7/site-packages/airflow/models/dagbag.py", line 339, in parse
    loader.exec_module(new_module)
  File "<frozen importlib._bootstrap_external>", line 728, in exec_module
  File "<frozen importlib._bootstrap>", line 219, in _call_with_frames_removed
  File "/opt/airflow/dags/UpdateSymbol.py", line 7, in <module>
    import yfinance as yf
ModuleNotFoundError: No module named 'yfinance'
[2023-12-14T03:16:26.147+0000] {processor.py:755} WARNING - No viable dags retrieved from /opt/airflow/dags/UpdateSymbol.py
[2023-12-14T03:16:26.163+0000] {processor.py:175} INFO - Processing /opt/airflow/dags/UpdateSymbol.py took 0.501 seconds
[2023-12-14T03:16:56.377+0000] {processor.py:153} INFO - Started process (PID=2997) to work on /opt/airflow/dags/UpdateSymbol.py
[2023-12-14T03:16:56.377+0000] {processor.py:743} INFO - Processing file /opt/airflow/dags/UpdateSymbol.py for tasks to queue
[2023-12-14T03:16:56.377+0000] {logging_mixin.py:137} INFO - [2023-12-14T03:16:56.377+0000] {dagbag.py:538} INFO - Filling up the DagBag from /opt/airflow/dags/UpdateSymbol.py
[2023-12-14T03:16:57.141+0000] {logging_mixin.py:137} INFO - [2023-12-14T03:16:57.140+0000] {dagbag.py:343} ERROR - Failed to import: /opt/airflow/dags/UpdateSymbol.py
Traceback (most recent call last):
  File "/home/airflow/.local/lib/python3.7/site-packages/airflow/models/dagbag.py", line 339, in parse
    loader.exec_module(new_module)
  File "<frozen importlib._bootstrap_external>", line 728, in exec_module
  File "<frozen importlib._bootstrap>", line 219, in _call_with_frames_removed
  File "/opt/airflow/dags/UpdateSymbol.py", line 7, in <module>
    import yfinance as yf
ModuleNotFoundError: No module named 'yfinance'
[2023-12-14T03:16:57.141+0000] {processor.py:755} WARNING - No viable dags retrieved from /opt/airflow/dags/UpdateSymbol.py
[2023-12-14T03:16:57.176+0000] {processor.py:175} INFO - Processing /opt/airflow/dags/UpdateSymbol.py took 0.802 seconds
[2023-12-14T03:17:27.673+0000] {processor.py:153} INFO - Started process (PID=3091) to work on /opt/airflow/dags/UpdateSymbol.py
[2023-12-14T03:17:27.674+0000] {processor.py:743} INFO - Processing file /opt/airflow/dags/UpdateSymbol.py for tasks to queue
[2023-12-14T03:17:27.674+0000] {logging_mixin.py:137} INFO - [2023-12-14T03:17:27.674+0000] {dagbag.py:538} INFO - Filling up the DagBag from /opt/airflow/dags/UpdateSymbol.py
[2023-12-14T03:17:28.339+0000] {processor.py:753} INFO - DAG(s) dict_keys(['UpdateSymbol']) retrieved from /opt/airflow/dags/UpdateSymbol.py
[2023-12-14T03:17:28.513+0000] {logging_mixin.py:137} INFO - [2023-12-14T03:17:28.513+0000] {manager.py:504} INFO - Created Permission View: can edit on DAG:UpdateSymbol
[2023-12-14T03:17:28.532+0000] {logging_mixin.py:137} INFO - [2023-12-14T03:17:28.532+0000] {manager.py:504} INFO - Created Permission View: can delete on DAG:UpdateSymbol
[2023-12-14T03:17:28.544+0000] {logging_mixin.py:137} INFO - [2023-12-14T03:17:28.544+0000] {manager.py:504} INFO - Created Permission View: can read on DAG:UpdateSymbol
[2023-12-14T03:17:28.544+0000] {logging_mixin.py:137} INFO - [2023-12-14T03:17:28.544+0000] {dag.py:2690} INFO - Sync 1 DAGs
[2023-12-14T03:17:28.556+0000] {logging_mixin.py:137} INFO - [2023-12-14T03:17:28.555+0000] {dag.py:2711} INFO - Creating ORM DAG for UpdateSymbol
[2023-12-14T03:17:28.568+0000] {logging_mixin.py:137} INFO - [2023-12-14T03:17:28.568+0000] {dag.py:3441} INFO - Setting next_dagrun for UpdateSymbol to 2023-12-12T10:00:00+00:00, run_after=2023-12-13T10:00:00+00:00
[2023-12-14T03:17:28.598+0000] {processor.py:175} INFO - Processing /opt/airflow/dags/UpdateSymbol.py took 0.928 seconds
[2023-12-14T03:17:58.893+0000] {processor.py:153} INFO - Started process (PID=3157) to work on /opt/airflow/dags/UpdateSymbol.py
[2023-12-14T03:17:58.893+0000] {processor.py:743} INFO - Processing file /opt/airflow/dags/UpdateSymbol.py for tasks to queue
[2023-12-14T03:17:58.894+0000] {logging_mixin.py:137} INFO - [2023-12-14T03:17:58.893+0000] {dagbag.py:538} INFO - Filling up the DagBag from /opt/airflow/dags/UpdateSymbol.py
[2023-12-14T03:17:59.547+0000] {processor.py:753} INFO - DAG(s) dict_keys(['UpdateSymbol']) retrieved from /opt/airflow/dags/UpdateSymbol.py
[2023-12-14T03:17:59.585+0000] {logging_mixin.py:137} INFO - [2023-12-14T03:17:59.585+0000] {dag.py:2690} INFO - Sync 1 DAGs
[2023-12-14T03:17:59.622+0000] {logging_mixin.py:137} INFO - [2023-12-14T03:17:59.622+0000] {dag.py:3441} INFO - Setting next_dagrun for UpdateSymbol to 2023-12-12T10:00:00+00:00, run_after=2023-12-13T10:00:00+00:00
[2023-12-14T03:17:59.651+0000] {processor.py:175} INFO - Processing /opt/airflow/dags/UpdateSymbol.py took 0.761 seconds
[2023-12-14T03:18:30.319+0000] {processor.py:153} INFO - Started process (PID=3240) to work on /opt/airflow/dags/UpdateSymbol.py
[2023-12-14T03:18:30.320+0000] {processor.py:743} INFO - Processing file /opt/airflow/dags/UpdateSymbol.py for tasks to queue
[2023-12-14T03:18:30.320+0000] {logging_mixin.py:137} INFO - [2023-12-14T03:18:30.320+0000] {dagbag.py:538} INFO - Filling up the DagBag from /opt/airflow/dags/UpdateSymbol.py
[2023-12-14T03:18:30.764+0000] {processor.py:753} INFO - DAG(s) dict_keys(['UpdateSymbol']) retrieved from /opt/airflow/dags/UpdateSymbol.py
[2023-12-14T03:18:30.784+0000] {logging_mixin.py:137} INFO - [2023-12-14T03:18:30.784+0000] {dag.py:2690} INFO - Sync 1 DAGs
[2023-12-14T03:18:30.807+0000] {logging_mixin.py:137} INFO - [2023-12-14T03:18:30.807+0000] {dag.py:3441} INFO - Setting next_dagrun for UpdateSymbol to 2023-12-12T10:00:00+00:00, run_after=2023-12-13T10:00:00+00:00
[2023-12-14T03:18:30.826+0000] {processor.py:175} INFO - Processing /opt/airflow/dags/UpdateSymbol.py took 0.509 seconds
[2023-12-14T03:19:01.694+0000] {processor.py:153} INFO - Started process (PID=3306) to work on /opt/airflow/dags/UpdateSymbol.py
[2023-12-14T03:19:01.696+0000] {processor.py:743} INFO - Processing file /opt/airflow/dags/UpdateSymbol.py for tasks to queue
[2023-12-14T03:19:01.696+0000] {logging_mixin.py:137} INFO - [2023-12-14T03:19:01.696+0000] {dagbag.py:538} INFO - Filling up the DagBag from /opt/airflow/dags/UpdateSymbol.py
[2023-12-14T03:19:02.151+0000] {processor.py:753} INFO - DAG(s) dict_keys(['UpdateSymbol']) retrieved from /opt/airflow/dags/UpdateSymbol.py
[2023-12-14T03:19:02.171+0000] {logging_mixin.py:137} INFO - [2023-12-14T03:19:02.171+0000] {dag.py:2690} INFO - Sync 1 DAGs
[2023-12-14T03:19:02.193+0000] {logging_mixin.py:137} INFO - [2023-12-14T03:19:02.193+0000] {dag.py:3441} INFO - Setting next_dagrun for UpdateSymbol to 2023-12-12T10:00:00+00:00, run_after=2023-12-13T10:00:00+00:00
[2023-12-14T03:19:02.218+0000] {processor.py:175} INFO - Processing /opt/airflow/dags/UpdateSymbol.py took 0.526 seconds
[2023-12-14T03:19:32.980+0000] {processor.py:153} INFO - Started process (PID=3382) to work on /opt/airflow/dags/UpdateSymbol.py
[2023-12-14T03:19:32.981+0000] {processor.py:743} INFO - Processing file /opt/airflow/dags/UpdateSymbol.py for tasks to queue
[2023-12-14T03:19:32.981+0000] {logging_mixin.py:137} INFO - [2023-12-14T03:19:32.981+0000] {dagbag.py:538} INFO - Filling up the DagBag from /opt/airflow/dags/UpdateSymbol.py
[2023-12-14T03:19:33.536+0000] {processor.py:753} INFO - DAG(s) dict_keys(['UpdateSymbol']) retrieved from /opt/airflow/dags/UpdateSymbol.py
[2023-12-14T03:19:33.555+0000] {logging_mixin.py:137} INFO - [2023-12-14T03:19:33.554+0000] {dag.py:2690} INFO - Sync 1 DAGs
[2023-12-14T03:19:33.586+0000] {logging_mixin.py:137} INFO - [2023-12-14T03:19:33.586+0000] {dag.py:3441} INFO - Setting next_dagrun for UpdateSymbol to 2023-12-12T10:00:00+00:00, run_after=2023-12-13T10:00:00+00:00
[2023-12-14T03:19:33.608+0000] {processor.py:175} INFO - Processing /opt/airflow/dags/UpdateSymbol.py took 0.631 seconds
[2023-12-14T03:20:04.011+0000] {processor.py:153} INFO - Started process (PID=3448) to work on /opt/airflow/dags/UpdateSymbol.py
[2023-12-14T03:20:04.016+0000] {processor.py:743} INFO - Processing file /opt/airflow/dags/UpdateSymbol.py for tasks to queue
[2023-12-14T03:20:04.017+0000] {logging_mixin.py:137} INFO - [2023-12-14T03:20:04.017+0000] {dagbag.py:538} INFO - Filling up the DagBag from /opt/airflow/dags/UpdateSymbol.py
[2023-12-14T03:20:04.558+0000] {processor.py:753} INFO - DAG(s) dict_keys(['UpdateSymbol']) retrieved from /opt/airflow/dags/UpdateSymbol.py
[2023-12-14T03:20:04.581+0000] {logging_mixin.py:137} INFO - [2023-12-14T03:20:04.581+0000] {dag.py:2690} INFO - Sync 1 DAGs
[2023-12-14T03:20:04.610+0000] {logging_mixin.py:137} INFO - [2023-12-14T03:20:04.610+0000] {dag.py:3441} INFO - Setting next_dagrun for UpdateSymbol to 2023-12-12T10:00:00+00:00, run_after=2023-12-13T10:00:00+00:00
[2023-12-14T03:20:04.633+0000] {processor.py:175} INFO - Processing /opt/airflow/dags/UpdateSymbol.py took 0.626 seconds
[2023-12-14T03:20:34.832+0000] {processor.py:153} INFO - Started process (PID=3528) to work on /opt/airflow/dags/UpdateSymbol.py
[2023-12-14T03:20:34.837+0000] {processor.py:743} INFO - Processing file /opt/airflow/dags/UpdateSymbol.py for tasks to queue
[2023-12-14T03:20:34.838+0000] {logging_mixin.py:137} INFO - [2023-12-14T03:20:34.837+0000] {dagbag.py:538} INFO - Filling up the DagBag from /opt/airflow/dags/UpdateSymbol.py
[2023-12-14T03:20:35.897+0000] {processor.py:753} INFO - DAG(s) dict_keys(['UpdateSymbol']) retrieved from /opt/airflow/dags/UpdateSymbol.py
[2023-12-14T03:20:35.950+0000] {logging_mixin.py:137} INFO - [2023-12-14T03:20:35.949+0000] {dag.py:2690} INFO - Sync 1 DAGs
[2023-12-14T03:20:35.992+0000] {logging_mixin.py:137} INFO - [2023-12-14T03:20:35.992+0000] {dag.py:3441} INFO - Setting next_dagrun for UpdateSymbol to 2023-12-12T10:00:00+00:00, run_after=2023-12-13T10:00:00+00:00
[2023-12-14T03:20:36.029+0000] {processor.py:175} INFO - Processing /opt/airflow/dags/UpdateSymbol.py took 1.199 seconds
