[2023-12-16T15:04:51.207+0000] {taskinstance.py:1083} INFO - Dependencies all met for <TaskInstance: MySQL_to_Redshift_v2.mysql_to_s3_nps manual__2023-12-16T00:00:00+00:00 [queued]>
[2023-12-16T15:04:51.215+0000] {taskinstance.py:1083} INFO - Dependencies all met for <TaskInstance: MySQL_to_Redshift_v2.mysql_to_s3_nps manual__2023-12-16T00:00:00+00:00 [queued]>
[2023-12-16T15:04:51.215+0000] {taskinstance.py:1279} INFO - 
--------------------------------------------------------------------------------
[2023-12-16T15:04:51.216+0000] {taskinstance.py:1280} INFO - Starting attempt 1 of 2
[2023-12-16T15:04:51.216+0000] {taskinstance.py:1281} INFO - 
--------------------------------------------------------------------------------
[2023-12-16T15:04:51.232+0000] {taskinstance.py:1300} INFO - Executing <Task(SqlToS3Operator): mysql_to_s3_nps> on 2023-12-16 00:00:00+00:00
[2023-12-16T15:04:51.239+0000] {standard_task_runner.py:55} INFO - Started process 183 to run task
[2023-12-16T15:04:51.243+0000] {standard_task_runner.py:82} INFO - Running: ['***', 'tasks', 'run', 'MySQL_to_Redshift_v2', 'mysql_to_s3_nps', 'manual__2023-12-16T00:00:00+00:00', '--job-id', '67', '--raw', '--subdir', 'DAGS_FOLDER/MySQL_to_Redshift_v2.py', '--cfg-path', '/tmp/tmpjjg7kx6c']
[2023-12-16T15:04:51.244+0000] {standard_task_runner.py:83} INFO - Job 67: Subtask mysql_to_s3_nps
[2023-12-16T15:04:51.313+0000] {task_command.py:388} INFO - Running <TaskInstance: MySQL_to_Redshift_v2.mysql_to_s3_nps manual__2023-12-16T00:00:00+00:00 [running]> on host b4327137477b
[2023-12-16T15:04:51.924+0000] {warnings.py:110} WARNING - /home/***/.local/lib/python3.7/site-packages/***/utils/context.py:205: AirflowContextDeprecationWarning: Accessing 'execution_date' from the template is deprecated and will be removed in a future version. Please use 'data_interval_start' or 'logical_date' instead.
  warnings.warn(_create_deprecation_warning(key, self._deprecation_replacements[key]))

[2023-12-16T15:04:52.244+0000] {taskinstance.py:1509} INFO - Exporting the following env vars:
AIRFLOW_CTX_DAG_OWNER=***
AIRFLOW_CTX_DAG_ID=MySQL_to_Redshift_v2
AIRFLOW_CTX_TASK_ID=mysql_to_s3_nps
AIRFLOW_CTX_EXECUTION_DATE=2023-12-16T00:00:00+00:00
AIRFLOW_CTX_TRY_NUMBER=1
AIRFLOW_CTX_DAG_RUN_ID=manual__2023-12-16T00:00:00+00:00
[2023-12-16T15:04:52.253+0000] {base.py:73} INFO - Using connection ID 'mysql_conn_id' for task execution.
[2023-12-16T15:04:52.521+0000] {base.py:73} INFO - Using connection ID 'mysql_conn_id' for task execution.
[2023-12-16T15:04:52.925+0000] {sql_to_s3.py:165} INFO - Data from SQL obtained
[2023-12-16T15:04:52.926+0000] {sql_to_s3.py:172} INFO - Writing data to temp file
[2023-12-16T15:04:52.932+0000] {sql_to_s3.py:175} INFO - Uploading data to S3
[2023-12-16T15:04:52.942+0000] {base.py:73} INFO - Using connection ID 'aws_conn_id' for task execution.
[2023-12-16T15:04:52.943+0000] {connection_wrapper.py:334} INFO - AWS Connection (conn_id='aws_conn_id', conn_type='aws') credentials retrieved from login and password.
[2023-12-16T15:04:54.452+0000] {warnings.py:110} WARNING - /home/***/.local/lib/python3.7/site-packages/urllib3/connectionpool.py:1052: InsecureRequestWarning: Unverified HTTPS request is being made to host 'grepp-data-engineering.s3.ap-northeast-2.amazonaws.com'. Adding certificate verification is strongly advised. See: https://urllib3.readthedocs.io/en/1.26.x/advanced-usage.html#ssl-warnings
  InsecureRequestWarning,

[2023-12-16T15:04:54.525+0000] {taskinstance.py:1323} INFO - Marking task as SUCCESS. dag_id=MySQL_to_Redshift_v2, task_id=mysql_to_s3_nps, execution_date=20231216T000000, start_date=20231216T150451, end_date=20231216T150454
[2023-12-16T15:04:54.594+0000] {local_task_job.py:208} INFO - Task exited with return code 0
[2023-12-16T15:04:54.631+0000] {taskinstance.py:2578} INFO - 1 downstream tasks scheduled from follow-on schedule check
[2023-12-22T08:18:52.794+0000] {taskinstance.py:1083} INFO - Dependencies all met for <TaskInstance: MySQL_to_Redshift_v2.mysql_to_s3_nps manual__2023-12-16T00:00:00+00:00 [queued]>
[2023-12-22T08:18:52.833+0000] {taskinstance.py:1083} INFO - Dependencies all met for <TaskInstance: MySQL_to_Redshift_v2.mysql_to_s3_nps manual__2023-12-16T00:00:00+00:00 [queued]>
[2023-12-22T08:18:52.833+0000] {taskinstance.py:1279} INFO - 
--------------------------------------------------------------------------------
[2023-12-22T08:18:52.833+0000] {taskinstance.py:1280} INFO - Starting attempt 1 of 2
[2023-12-22T08:18:52.833+0000] {taskinstance.py:1281} INFO - 
--------------------------------------------------------------------------------
[2023-12-22T08:18:52.887+0000] {taskinstance.py:1300} INFO - Executing <Task(SqlToS3Operator): mysql_to_s3_nps> on 2023-12-16 00:00:00+00:00
[2023-12-22T08:18:52.926+0000] {standard_task_runner.py:55} INFO - Started process 145 to run task
[2023-12-22T08:18:53.088+0000] {standard_task_runner.py:82} INFO - Running: ['***', 'tasks', 'run', 'MySQL_to_Redshift_v2', 'mysql_to_s3_nps', 'manual__2023-12-16T00:00:00+00:00', '--job-id', '120', '--raw', '--subdir', 'DAGS_FOLDER/MySQL_to_Redshift_v2.py', '--cfg-path', '/tmp/tmprk3eo_00']
[2023-12-22T08:18:53.091+0000] {standard_task_runner.py:83} INFO - Job 120: Subtask mysql_to_s3_nps
[2023-12-22T08:18:54.092+0000] {task_command.py:388} INFO - Running <TaskInstance: MySQL_to_Redshift_v2.mysql_to_s3_nps manual__2023-12-16T00:00:00+00:00 [running]> on host 17bd7117c067
[2023-12-22T08:18:54.475+0000] {warnings.py:110} WARNING - /home/***/.local/lib/python3.7/site-packages/***/utils/context.py:205: AirflowContextDeprecationWarning: Accessing 'execution_date' from the template is deprecated and will be removed in a future version. Please use 'data_interval_start' or 'logical_date' instead.
  warnings.warn(_create_deprecation_warning(key, self._deprecation_replacements[key]))

[2023-12-22T08:18:55.319+0000] {taskinstance.py:1509} INFO - Exporting the following env vars:
AIRFLOW_CTX_DAG_OWNER=***
AIRFLOW_CTX_DAG_ID=MySQL_to_Redshift_v2
AIRFLOW_CTX_TASK_ID=mysql_to_s3_nps
AIRFLOW_CTX_EXECUTION_DATE=2023-12-16T00:00:00+00:00
AIRFLOW_CTX_TRY_NUMBER=1
AIRFLOW_CTX_DAG_RUN_ID=manual__2023-12-16T00:00:00+00:00
[2023-12-22T08:18:55.457+0000] {base.py:73} INFO - Using connection ID 'mysql_conn_id' for task execution.
[2023-12-22T08:19:07.125+0000] {base.py:73} INFO - Using connection ID 'mysql_conn_id' for task execution.
[2023-12-22T08:19:07.684+0000] {sql_to_s3.py:165} INFO - Data from SQL obtained
[2023-12-22T08:19:07.685+0000] {sql_to_s3.py:172} INFO - Writing data to temp file
[2023-12-22T08:19:07.714+0000] {sql_to_s3.py:175} INFO - Uploading data to S3
[2023-12-22T08:19:07.800+0000] {base.py:73} INFO - Using connection ID 'aws_conn_id' for task execution.
[2023-12-22T08:19:07.821+0000] {connection_wrapper.py:334} INFO - AWS Connection (conn_id='aws_conn_id', conn_type='aws') credentials retrieved from login and password.
[2023-12-22T08:19:10.869+0000] {local_task_job.py:273} WARNING - State of this instance has been externally set to failed. Terminating instance.
[2023-12-22T08:19:10.871+0000] {process_utils.py:133} INFO - Sending Signals.SIGTERM to group 145. PIDs of all processes in the group: [145]
[2023-12-22T08:19:10.871+0000] {process_utils.py:84} INFO - Sending the signal Signals.SIGTERM to group 145
[2023-12-22T08:19:10.871+0000] {taskinstance.py:1479} ERROR - Received SIGTERM. Terminating subprocesses.
[2023-12-22T08:19:10.932+0000] {warnings.py:110} WARNING - /home/***/.local/lib/python3.7/site-packages/urllib3/connectionpool.py:1052: InsecureRequestWarning: Unverified HTTPS request is being made to host 'grepp-data-engineering.s3.ap-northeast-2.amazonaws.com'. Adding certificate verification is strongly advised. See: https://urllib3.readthedocs.io/en/1.26.x/advanced-usage.html#ssl-warnings
  InsecureRequestWarning,

[2023-12-22T08:19:11.088+0000] {process_utils.py:79} INFO - Process psutil.Process(pid=145, status='terminated', exitcode=0, started='08:18:52') (145) terminated with exit code 0
