[2023-12-16T12:50:47.431+0000] {taskinstance.py:1083} INFO - Dependencies all met for <TaskInstance: UpdateSymbol_v2.get_historical_prices manual__2023-12-16T12:50:45.846218+00:00 [queued]>
[2023-12-16T12:50:47.441+0000] {taskinstance.py:1083} INFO - Dependencies all met for <TaskInstance: UpdateSymbol_v2.get_historical_prices manual__2023-12-16T12:50:45.846218+00:00 [queued]>
[2023-12-16T12:50:47.441+0000] {taskinstance.py:1279} INFO - 
--------------------------------------------------------------------------------
[2023-12-16T12:50:47.441+0000] {taskinstance.py:1280} INFO - Starting attempt 1 of 1
[2023-12-16T12:50:47.441+0000] {taskinstance.py:1281} INFO - 
--------------------------------------------------------------------------------
[2023-12-16T12:50:47.457+0000] {taskinstance.py:1300} INFO - Executing <Task(_PythonDecoratedOperator): get_historical_prices> on 2023-12-16 12:50:45.846218+00:00
[2023-12-16T12:50:47.463+0000] {standard_task_runner.py:55} INFO - Started process 4185 to run task
[2023-12-16T12:50:47.465+0000] {standard_task_runner.py:82} INFO - Running: ['***', 'tasks', 'run', 'UpdateSymbol_v2', 'get_historical_prices', 'manual__2023-12-16T12:50:45.846218+00:00', '--job-id', '55', '--raw', '--subdir', 'DAGS_FOLDER/UpdateSymbol_v2.py', '--cfg-path', '/tmp/tmpuir7_5we']
[2023-12-16T12:50:47.466+0000] {standard_task_runner.py:83} INFO - Job 55: Subtask get_historical_prices
[2023-12-16T12:50:47.739+0000] {task_command.py:388} INFO - Running <TaskInstance: UpdateSymbol_v2.get_historical_prices manual__2023-12-16T12:50:45.846218+00:00 [running]> on host 071ea05dffbb
[2023-12-16T12:50:47.827+0000] {taskinstance.py:1509} INFO - Exporting the following env vars:
AIRFLOW_CTX_DAG_OWNER=***
AIRFLOW_CTX_DAG_ID=UpdateSymbol_v2
AIRFLOW_CTX_TASK_ID=get_historical_prices
AIRFLOW_CTX_EXECUTION_DATE=2023-12-16T12:50:45.846218+00:00
AIRFLOW_CTX_TRY_NUMBER=1
AIRFLOW_CTX_DAG_RUN_ID=manual__2023-12-16T12:50:45.846218+00:00
[2023-12-16T12:50:48.485+0000] {python.py:177} INFO - Done. Returned value was: [['2023-11-16 00:00:00', 189.57000732421875, 190.9600067138672, 188.64999389648438, 189.7100067138672, 54412900.0], ['2023-11-17 00:00:00', 190.25, 190.3800048828125, 188.57000732421875, 189.69000244140625, 50922700.0], ['2023-11-20 00:00:00', 189.88999938964844, 191.91000366210938, 189.8800048828125, 191.4499969482422, 46505100.0], ['2023-11-21 00:00:00', 191.41000366210938, 191.52000427246094, 189.74000549316406, 190.63999938964844, 38134500.0], ['2023-11-22 00:00:00', 191.49000549316406, 192.92999267578125, 190.8300018310547, 191.30999755859375, 39617700.0], ['2023-11-24 00:00:00', 190.8699951171875, 190.89999389648438, 189.25, 189.97000122070312, 24048300.0], ['2023-11-27 00:00:00', 189.9199981689453, 190.6699981689453, 188.89999389648438, 189.7899932861328, 40552600.0], ['2023-11-28 00:00:00', 189.77999877929688, 191.0800018310547, 189.39999389648438, 190.39999389648438, 38415400.0], ['2023-11-29 00:00:00', 190.89999389648438, 192.08999633789062, 188.97000122070312, 189.3699951171875, 43014200.0], ['2023-11-30 00:00:00', 189.83999633789062, 190.32000732421875, 188.19000244140625, 189.9499969482422, 48794400.0], ['2023-12-01 00:00:00', 190.3300018310547, 191.55999755859375, 189.22999572753906, 191.24000549316406, 45679300.0], ['2023-12-04 00:00:00', 189.97999572753906, 190.0500030517578, 187.4499969482422, 189.42999267578125, 43389500.0], ['2023-12-05 00:00:00', 190.2100067138672, 194.39999389648438, 190.17999267578125, 193.4199981689453, 66628400.0], ['2023-12-06 00:00:00', 194.4499969482422, 194.75999450683594, 192.11000061035156, 192.32000732421875, 41089700.0], ['2023-12-07 00:00:00', 193.6300048828125, 195.0, 193.58999633789062, 194.27000427246094, 47477700.0], ['2023-12-08 00:00:00', 194.1999969482422, 195.99000549316406, 193.6699981689453, 195.7100067138672, 53377300.0], ['2023-12-11 00:00:00', 193.11000061035156, 193.49000549316406, 191.4199981689453, 193.17999267578125, 60943700.0], ['2023-12-12 00:00:00', 193.0800018310547, 194.72000122070312, 191.72000122070312, 194.7100067138672, 52696900.0], ['2023-12-13 00:00:00', 195.08999633789062, 198.0, 194.85000610351562, 197.9600067138672, 70404200.0], ['2023-12-14 00:00:00', 198.02000427246094, 199.6199951171875, 196.16000366210938, 198.11000061035156, 66831600.0], ['2023-12-15 00:00:00', 197.52999877929688, 198.39999389648438, 197.0, 197.57000732421875, 128256700.0]]
[2023-12-16T12:50:48.513+0000] {taskinstance.py:1323} INFO - Marking task as SUCCESS. dag_id=UpdateSymbol_v2, task_id=get_historical_prices, execution_date=20231216T125045, start_date=20231216T125047, end_date=20231216T125048
[2023-12-16T12:50:48.561+0000] {local_task_job.py:208} INFO - Task exited with return code 0
[2023-12-16T12:50:48.588+0000] {taskinstance.py:2578} INFO - 0 downstream tasks scheduled from follow-on schedule check
