[2023-12-22T09:05:03.004+0000] {taskinstance.py:1083} INFO - Dependencies all met for <TaskInstance: namegender_v5.load scheduled__2023-12-12T02:00:00+00:00 [queued]>
[2023-12-22T09:05:03.017+0000] {taskinstance.py:1083} INFO - Dependencies all met for <TaskInstance: namegender_v5.load scheduled__2023-12-12T02:00:00+00:00 [queued]>
[2023-12-22T09:05:03.017+0000] {taskinstance.py:1279} INFO - 
--------------------------------------------------------------------------------
[2023-12-22T09:05:03.017+0000] {taskinstance.py:1280} INFO - Starting attempt 2 of 2
[2023-12-22T09:05:03.017+0000] {taskinstance.py:1281} INFO - 
--------------------------------------------------------------------------------
[2023-12-22T09:05:03.038+0000] {taskinstance.py:1300} INFO - Executing <Task(_PythonDecoratedOperator): load> on 2023-12-12 02:00:00+00:00
[2023-12-22T09:05:03.044+0000] {standard_task_runner.py:55} INFO - Started process 2458 to run task
[2023-12-22T09:05:03.046+0000] {standard_task_runner.py:82} INFO - Running: ['***', 'tasks', 'run', 'namegender_v5', 'load', 'scheduled__2023-12-12T02:00:00+00:00', '--job-id', '137', '--raw', '--subdir', 'DAGS_FOLDER/NameGenderCSVtoRedshift_v5.py', '--cfg-path', '/tmp/tmpumgq41wt']
[2023-12-22T09:05:03.046+0000] {standard_task_runner.py:83} INFO - Job 137: Subtask load
[2023-12-22T09:05:03.113+0000] {task_command.py:388} INFO - Running <TaskInstance: namegender_v5.load scheduled__2023-12-12T02:00:00+00:00 [running]> on host 17bd7117c067
[2023-12-22T09:05:03.230+0000] {taskinstance.py:1509} INFO - Exporting the following env vars:
AIRFLOW_CTX_DAG_OWNER=***
AIRFLOW_CTX_DAG_ID=namegender_v5
AIRFLOW_CTX_TASK_ID=load
AIRFLOW_CTX_EXECUTION_DATE=2023-12-12T02:00:00+00:00
AIRFLOW_CTX_TRY_NUMBER=2
AIRFLOW_CTX_DAG_RUN_ID=scheduled__2023-12-12T02:00:00+00:00
[2023-12-22T09:05:03.231+0000] {NameGenderCSVtoRedshift_v5.py:40} INFO - load started
[2023-12-22T09:05:03.241+0000] {base.py:73} INFO - Using connection ID 'redshift_dev_db' for task execution.
[2023-12-22T09:05:03.502+0000] {logging_mixin.py:137} INFO - Adaleigh - F
[2023-12-22T09:05:03.532+0000] {logging_mixin.py:137} INFO - Amryn - Unisex
[2023-12-22T09:05:03.559+0000] {logging_mixin.py:137} INFO - Apurva - Unisex
[2023-12-22T09:05:03.588+0000] {logging_mixin.py:137} INFO - Aryion - M
[2023-12-22T09:05:03.619+0000] {logging_mixin.py:137} INFO - Alixia - F
[2023-12-22T09:05:03.652+0000] {logging_mixin.py:137} INFO - Alyssarose - F
[2023-12-22T09:05:03.687+0000] {logging_mixin.py:137} INFO - Arvell - M
[2023-12-22T09:05:03.719+0000] {logging_mixin.py:137} INFO - Aibel - M
[2023-12-22T09:05:03.748+0000] {logging_mixin.py:137} INFO - Atiyyah - F
[2023-12-22T09:05:03.779+0000] {logging_mixin.py:137} INFO - Adlie - F
[2023-12-22T09:05:03.807+0000] {logging_mixin.py:137} INFO - Anyely - F
[2023-12-22T09:05:03.835+0000] {logging_mixin.py:137} INFO - Aamoni - F
[2023-12-22T09:05:03.868+0000] {logging_mixin.py:137} INFO - Ahman - M
[2023-12-22T09:05:03.900+0000] {logging_mixin.py:137} INFO - Arlane - F
[2023-12-22T09:05:03.932+0000] {logging_mixin.py:137} INFO - Armoney - F
[2023-12-22T09:05:03.968+0000] {logging_mixin.py:137} INFO - Atzhiry - F
[2023-12-22T09:05:03.997+0000] {logging_mixin.py:137} INFO - Antonette - F
[2023-12-22T09:05:04.029+0000] {logging_mixin.py:137} INFO - Akeelah - F
[2023-12-22T09:05:04.057+0000] {logging_mixin.py:137} INFO - Abdikadir - M
[2023-12-22T09:05:04.106+0000] {logging_mixin.py:137} INFO - Arinze - M
[2023-12-22T09:05:04.152+0000] {logging_mixin.py:137} INFO - Arshaun - M
[2023-12-22T09:05:04.197+0000] {logging_mixin.py:137} INFO - Alexandro - M
[2023-12-22T09:05:04.234+0000] {logging_mixin.py:137} INFO - Ayriauna - F
[2023-12-22T09:05:04.266+0000] {logging_mixin.py:137} INFO - Aqib - M
[2023-12-22T09:05:04.297+0000] {logging_mixin.py:137} INFO - Alleya - F
[2023-12-22T09:05:04.327+0000] {logging_mixin.py:137} INFO - Aavah - F
[2023-12-22T09:05:04.360+0000] {logging_mixin.py:137} INFO - Anesti - Unisex
[2023-12-22T09:05:04.400+0000] {logging_mixin.py:137} INFO - Adalaide - F
[2023-12-22T09:05:04.437+0000] {logging_mixin.py:137} INFO - Analena - F
[2023-12-22T09:05:04.481+0000] {logging_mixin.py:137} INFO - Alaeyah - F
[2023-12-22T09:05:04.541+0000] {logging_mixin.py:137} INFO - Albena - F
[2023-12-22T09:05:04.576+0000] {logging_mixin.py:137} INFO - Aimi - F
[2023-12-22T09:05:04.617+0000] {logging_mixin.py:137} INFO - Adwaith - M
[2023-12-22T09:05:04.662+0000] {logging_mixin.py:137} INFO - Arkady - M
[2023-12-22T09:05:04.691+0000] {logging_mixin.py:137} INFO - Astyn - Unisex
[2023-12-22T09:05:04.722+0000] {logging_mixin.py:137} INFO - Adelee - F
[2023-12-22T09:05:04.767+0000] {logging_mixin.py:137} INFO - Agata - F
[2023-12-22T09:05:04.826+0000] {logging_mixin.py:137} INFO - Alegna - F
[2023-12-22T09:05:04.876+0000] {logging_mixin.py:137} INFO - Altan - M
[2023-12-22T09:05:04.920+0000] {logging_mixin.py:137} INFO - Ahnaleigh - F
[2023-12-22T09:05:04.949+0000] {logging_mixin.py:137} INFO - Algie - Unisex
[2023-12-22T09:05:04.979+0000] {logging_mixin.py:137} INFO - Ashanti - F
[2023-12-22T09:05:05.008+0000] {logging_mixin.py:137} INFO - Aislyn - F
[2023-12-22T09:05:05.037+0000] {logging_mixin.py:137} INFO - Adaleine - F
[2023-12-22T09:05:05.069+0000] {logging_mixin.py:137} INFO - Anthnoy - M
[2023-12-22T09:05:05.097+0000] {logging_mixin.py:137} INFO - Algernon - M
[2023-12-22T09:05:05.126+0000] {logging_mixin.py:137} INFO - Aeryona - F
[2023-12-22T09:05:05.156+0000] {logging_mixin.py:137} INFO - Adrinne - F
[2023-12-22T09:05:05.182+0000] {logging_mixin.py:137} INFO - Addell - F
[2023-12-22T09:05:05.218+0000] {logging_mixin.py:137} INFO - Avril - F
[2023-12-22T09:05:05.247+0000] {logging_mixin.py:137} INFO - Ahni - F
[2023-12-22T09:05:05.280+0000] {logging_mixin.py:137} INFO - Aimon - M
[2023-12-22T09:05:05.310+0000] {logging_mixin.py:137} INFO - Adolpho - M
[2023-12-22T09:05:05.340+0000] {logging_mixin.py:137} INFO - Ahuva - F
[2023-12-22T09:05:05.370+0000] {logging_mixin.py:137} INFO - Aurielle - F
[2023-12-22T09:05:05.419+0000] {logging_mixin.py:137} INFO - Aveana - F
[2023-12-22T09:05:05.455+0000] {logging_mixin.py:137} INFO - Aliyia - F
[2023-12-22T09:05:05.486+0000] {logging_mixin.py:137} INFO - Alesander - M
[2023-12-22T09:05:05.528+0000] {logging_mixin.py:137} INFO - Adnrea - F
[2023-12-22T09:05:05.573+0000] {logging_mixin.py:137} INFO - Anjae - F
[2023-12-22T09:05:05.602+0000] {logging_mixin.py:137} INFO - Alvine - F
[2023-12-22T09:05:05.632+0000] {logging_mixin.py:137} INFO - Adorah - F
[2023-12-22T09:05:05.669+0000] {logging_mixin.py:137} INFO - Adlemi - F
[2023-12-22T09:05:05.700+0000] {logging_mixin.py:137} INFO - Alesi - F
[2023-12-22T09:05:05.734+0000] {logging_mixin.py:137} INFO - Alontae - M
[2023-12-22T09:05:05.769+0000] {logging_mixin.py:137} INFO - Antonny - M
[2023-12-22T09:05:05.797+0000] {logging_mixin.py:137} INFO - Adarah - F
[2023-12-22T09:05:05.824+0000] {logging_mixin.py:137} INFO - Ayreanna - F
[2023-12-22T09:05:05.853+0000] {logging_mixin.py:137} INFO - Antyon - M
[2023-12-22T09:05:05.886+0000] {logging_mixin.py:137} INFO - Andia - F
[2023-12-22T09:05:05.915+0000] {logging_mixin.py:137} INFO - Ashla - F
[2023-12-22T09:05:05.944+0000] {logging_mixin.py:137} INFO - Aspyn - F
[2023-12-22T09:05:05.974+0000] {logging_mixin.py:137} INFO - Antwanett - F
[2023-12-22T09:05:06.004+0000] {logging_mixin.py:137} INFO - Aundreia - F
[2023-12-22T09:05:06.044+0000] {logging_mixin.py:137} INFO - Audella - F
[2023-12-22T09:05:06.074+0000] {logging_mixin.py:137} INFO - Amari - Unisex
[2023-12-22T09:05:06.109+0000] {logging_mixin.py:137} INFO - Arsha - Unisex
[2023-12-22T09:05:06.139+0000] {logging_mixin.py:137} INFO - Aricella - F
[2023-12-22T09:05:06.169+0000] {logging_mixin.py:137} INFO - Adan - M
[2023-12-22T09:05:06.197+0000] {logging_mixin.py:137} INFO - Apasra - F
[2023-12-22T09:05:06.228+0000] {logging_mixin.py:137} INFO - Alaysha - F
[2023-12-22T09:05:06.257+0000] {logging_mixin.py:137} INFO - Anderson - M
[2023-12-22T09:05:06.287+0000] {logging_mixin.py:137} INFO - Aurelius - M
[2023-12-22T09:05:06.316+0000] {logging_mixin.py:137} INFO - Aerial - F
[2023-12-22T09:05:06.347+0000] {logging_mixin.py:137} INFO - Averleigh - F
[2023-12-22T09:05:06.382+0000] {logging_mixin.py:137} INFO - Aslean - F
[2023-12-22T09:05:06.409+0000] {logging_mixin.py:137} INFO - Arniesha - F
[2023-12-22T09:05:06.436+0000] {logging_mixin.py:137} INFO - Asyana - F
[2023-12-22T09:05:06.472+0000] {logging_mixin.py:137} INFO - Annjane - F
[2023-12-22T09:05:06.504+0000] {logging_mixin.py:137} INFO - Amabella - F
[2023-12-22T09:05:06.532+0000] {logging_mixin.py:137} INFO - Austinjohn - M
[2023-12-22T09:05:06.559+0000] {logging_mixin.py:137} INFO - Arloween - F
[2023-12-22T09:05:06.587+0000] {logging_mixin.py:137} INFO - Alula - M
[2023-12-22T09:05:06.623+0000] {logging_mixin.py:137} INFO - Anemone - F
[2023-12-22T09:05:06.652+0000] {logging_mixin.py:137} INFO - Amorina - F
[2023-12-22T09:05:06.679+0000] {logging_mixin.py:137} INFO - Anureet - F
[2023-12-22T09:05:06.709+0000] {logging_mixin.py:137} INFO - Arric - M
[2023-12-22T09:05:06.737+0000] {logging_mixin.py:137} INFO - Antonne - M
[2023-12-22T09:05:06.764+0000] {logging_mixin.py:137} INFO - Alyre - M
[2023-12-22T09:05:06.804+0000] {logging_mixin.py:137} INFO - Annaise - F
[2023-12-22T09:05:06.872+0000] {NameGenderCSVtoRedshift_v5.py:64} INFO - load done
[2023-12-22T09:05:06.873+0000] {python.py:177} INFO - Done. Returned value was: None
[2023-12-22T09:05:06.885+0000] {taskinstance.py:1323} INFO - Marking task as SUCCESS. dag_id=namegender_v5, task_id=load, execution_date=20231212T020000, start_date=20231222T090503, end_date=20231222T090506
[2023-12-22T09:05:06.912+0000] {local_task_job.py:208} INFO - Task exited with return code 0
[2023-12-22T09:05:06.931+0000] {taskinstance.py:2578} INFO - 0 downstream tasks scheduled from follow-on schedule check
