[2023-12-16T12:31:37.691+0000] {taskinstance.py:1083} INFO - Dependencies all met for <TaskInstance: UpdateSymbol.load scheduled__2023-12-15T10:00:00+00:00 [queued]>
[2023-12-16T12:31:37.734+0000] {taskinstance.py:1083} INFO - Dependencies all met for <TaskInstance: UpdateSymbol.load scheduled__2023-12-15T10:00:00+00:00 [queued]>
[2023-12-16T12:31:37.735+0000] {taskinstance.py:1279} INFO - 
--------------------------------------------------------------------------------
[2023-12-16T12:31:37.735+0000] {taskinstance.py:1280} INFO - Starting attempt 1 of 1
[2023-12-16T12:31:37.735+0000] {taskinstance.py:1281} INFO - 
--------------------------------------------------------------------------------
[2023-12-16T12:31:39.089+0000] {taskinstance.py:1300} INFO - Executing <Task(_PythonDecoratedOperator): load> on 2023-12-15 10:00:00+00:00
[2023-12-16T12:31:39.096+0000] {standard_task_runner.py:55} INFO - Started process 3239 to run task
[2023-12-16T12:31:39.112+0000] {standard_task_runner.py:82} INFO - Running: ['***', 'tasks', 'run', 'UpdateSymbol', 'load', 'scheduled__2023-12-15T10:00:00+00:00', '--job-id', '53', '--raw', '--subdir', 'DAGS_FOLDER/UpdateSymbol.py', '--cfg-path', '/tmp/tmpjr5c5k8t']
[2023-12-16T12:31:39.114+0000] {standard_task_runner.py:83} INFO - Job 53: Subtask load
[2023-12-16T12:31:39.278+0000] {task_command.py:388} INFO - Running <TaskInstance: UpdateSymbol.load scheduled__2023-12-15T10:00:00+00:00 [running]> on host 071ea05dffbb
[2023-12-16T12:31:39.514+0000] {taskinstance.py:1509} INFO - Exporting the following env vars:
AIRFLOW_CTX_DAG_OWNER=***
AIRFLOW_CTX_DAG_ID=UpdateSymbol
AIRFLOW_CTX_TASK_ID=load
AIRFLOW_CTX_EXECUTION_DATE=2023-12-15T10:00:00+00:00
AIRFLOW_CTX_TRY_NUMBER=1
AIRFLOW_CTX_DAG_RUN_ID=scheduled__2023-12-15T10:00:00+00:00
[2023-12-16T12:31:39.516+0000] {UpdateSymbol.py:34} INFO - load started
[2023-12-16T12:31:39.530+0000] {base.py:73} INFO - Using connection ID 'redshift_dev_db' for task execution.
[2023-12-16T12:31:39.732+0000] {logging_mixin.py:137} INFO - INSERT INTO areacmzl.stock_info VALUES ('2023-11-16 00:00:00', 189.57000732421875, 190.9600067138672, 188.64999389648438, 189.7100067138672, 54412900.0);
[2023-12-16T12:31:39.779+0000] {logging_mixin.py:137} INFO - INSERT INTO areacmzl.stock_info VALUES ('2023-11-17 00:00:00', 190.25, 190.3800048828125, 188.57000732421875, 189.69000244140625, 50922700.0);
[2023-12-16T12:31:39.822+0000] {logging_mixin.py:137} INFO - INSERT INTO areacmzl.stock_info VALUES ('2023-11-20 00:00:00', 189.88999938964844, 191.91000366210938, 189.8800048828125, 191.4499969482422, 46505100.0);
[2023-12-16T12:31:39.862+0000] {logging_mixin.py:137} INFO - INSERT INTO areacmzl.stock_info VALUES ('2023-11-21 00:00:00', 191.41000366210938, 191.52000427246094, 189.74000549316406, 190.63999938964844, 38134500.0);
[2023-12-16T12:31:39.902+0000] {logging_mixin.py:137} INFO - INSERT INTO areacmzl.stock_info VALUES ('2023-11-22 00:00:00', 191.49000549316406, 192.92999267578125, 190.8300018310547, 191.30999755859375, 39617700.0);
[2023-12-16T12:31:39.938+0000] {logging_mixin.py:137} INFO - INSERT INTO areacmzl.stock_info VALUES ('2023-11-24 00:00:00', 190.8699951171875, 190.89999389648438, 189.25, 189.97000122070312, 24048300.0);
[2023-12-16T12:31:39.972+0000] {logging_mixin.py:137} INFO - INSERT INTO areacmzl.stock_info VALUES ('2023-11-27 00:00:00', 189.9199981689453, 190.6699981689453, 188.89999389648438, 189.7899932861328, 40552600.0);
[2023-12-16T12:31:40.004+0000] {logging_mixin.py:137} INFO - INSERT INTO areacmzl.stock_info VALUES ('2023-11-28 00:00:00', 189.77999877929688, 191.0800018310547, 189.39999389648438, 190.39999389648438, 38415400.0);
[2023-12-16T12:31:40.062+0000] {logging_mixin.py:137} INFO - INSERT INTO areacmzl.stock_info VALUES ('2023-11-29 00:00:00', 190.89999389648438, 192.08999633789062, 188.97000122070312, 189.3699951171875, 43014200.0);
[2023-12-16T12:31:40.102+0000] {logging_mixin.py:137} INFO - INSERT INTO areacmzl.stock_info VALUES ('2023-11-30 00:00:00', 189.83999633789062, 190.32000732421875, 188.19000244140625, 189.9499969482422, 48794400.0);
[2023-12-16T12:31:40.137+0000] {logging_mixin.py:137} INFO - INSERT INTO areacmzl.stock_info VALUES ('2023-12-01 00:00:00', 190.3300018310547, 191.55999755859375, 189.22999572753906, 191.24000549316406, 45679300.0);
[2023-12-16T12:31:40.169+0000] {logging_mixin.py:137} INFO - INSERT INTO areacmzl.stock_info VALUES ('2023-12-04 00:00:00', 189.97999572753906, 190.0500030517578, 187.4499969482422, 189.42999267578125, 43389500.0);
[2023-12-16T12:31:40.204+0000] {logging_mixin.py:137} INFO - INSERT INTO areacmzl.stock_info VALUES ('2023-12-05 00:00:00', 190.2100067138672, 194.39999389648438, 190.17999267578125, 193.4199981689453, 66628400.0);
[2023-12-16T12:31:40.242+0000] {logging_mixin.py:137} INFO - INSERT INTO areacmzl.stock_info VALUES ('2023-12-06 00:00:00', 194.4499969482422, 194.75999450683594, 192.11000061035156, 192.32000732421875, 41089700.0);
[2023-12-16T12:31:40.282+0000] {logging_mixin.py:137} INFO - INSERT INTO areacmzl.stock_info VALUES ('2023-12-07 00:00:00', 193.6300048828125, 195.0, 193.58999633789062, 194.27000427246094, 47477700.0);
[2023-12-16T12:31:40.322+0000] {logging_mixin.py:137} INFO - INSERT INTO areacmzl.stock_info VALUES ('2023-12-08 00:00:00', 194.1999969482422, 195.99000549316406, 193.6699981689453, 195.7100067138672, 53377300.0);
[2023-12-16T12:31:40.369+0000] {logging_mixin.py:137} INFO - INSERT INTO areacmzl.stock_info VALUES ('2023-12-11 00:00:00', 193.11000061035156, 193.49000549316406, 191.4199981689453, 193.17999267578125, 60943700.0);
[2023-12-16T12:31:40.409+0000] {logging_mixin.py:137} INFO - INSERT INTO areacmzl.stock_info VALUES ('2023-12-12 00:00:00', 193.0800018310547, 194.72000122070312, 191.72000122070312, 194.7100067138672, 52696900.0);
[2023-12-16T12:31:40.444+0000] {logging_mixin.py:137} INFO - INSERT INTO areacmzl.stock_info VALUES ('2023-12-13 00:00:00', 195.08999633789062, 198.0, 194.85000610351562, 197.9600067138672, 70404200.0);
[2023-12-16T12:31:40.482+0000] {logging_mixin.py:137} INFO - INSERT INTO areacmzl.stock_info VALUES ('2023-12-14 00:00:00', 198.02000427246094, 199.6199951171875, 196.16000366210938, 198.11000061035156, 66831600.0);
[2023-12-16T12:31:40.519+0000] {logging_mixin.py:137} INFO - INSERT INTO areacmzl.stock_info VALUES ('2023-12-15 00:00:00', 197.52999877929688, 198.39999389648438, 197.0, 197.57000732421875, 128256700.0);
[2023-12-16T12:31:40.607+0000] {UpdateSymbol.py:59} INFO - load done
[2023-12-16T12:31:40.607+0000] {python.py:177} INFO - Done. Returned value was: None
[2023-12-16T12:31:40.620+0000] {taskinstance.py:1323} INFO - Marking task as SUCCESS. dag_id=UpdateSymbol, task_id=load, execution_date=20231215T100000, start_date=20231216T123137, end_date=20231216T123140
[2023-12-16T12:31:40.700+0000] {local_task_job.py:208} INFO - Task exited with return code 0
[2023-12-16T12:31:40.719+0000] {taskinstance.py:2578} INFO - 0 downstream tasks scheduled from follow-on schedule check
