[2023-12-22T09:01:54.968+0000] {taskinstance.py:1083} INFO - Dependencies all met for <TaskInstance: MySQL_to_Redshift_v2.s3_to_redshift_nps manual__2023-12-22T09:01:26.568376+00:00 [queued]>
[2023-12-22T09:01:54.982+0000] {taskinstance.py:1083} INFO - Dependencies all met for <TaskInstance: MySQL_to_Redshift_v2.s3_to_redshift_nps manual__2023-12-22T09:01:26.568376+00:00 [queued]>
[2023-12-22T09:01:54.983+0000] {taskinstance.py:1279} INFO - 
--------------------------------------------------------------------------------
[2023-12-22T09:01:54.983+0000] {taskinstance.py:1280} INFO - Starting attempt 1 of 2
[2023-12-22T09:01:54.983+0000] {taskinstance.py:1281} INFO - 
--------------------------------------------------------------------------------
[2023-12-22T09:01:55.005+0000] {taskinstance.py:1300} INFO - Executing <Task(S3ToRedshiftOperator): s3_to_redshift_nps> on 2023-12-22 09:01:26.568376+00:00
[2023-12-22T09:01:55.011+0000] {standard_task_runner.py:55} INFO - Started process 2304 to run task
[2023-12-22T09:01:55.015+0000] {standard_task_runner.py:82} INFO - Running: ['***', 'tasks', 'run', 'MySQL_to_Redshift_v2', 's3_to_redshift_nps', 'manual__2023-12-22T09:01:26.568376+00:00', '--job-id', '136', '--raw', '--subdir', 'DAGS_FOLDER/MySQL_to_Redshift_v2.py', '--cfg-path', '/tmp/tmp3o7bbot5']
[2023-12-22T09:01:55.018+0000] {standard_task_runner.py:83} INFO - Job 136: Subtask s3_to_redshift_nps
[2023-12-22T09:01:55.084+0000] {task_command.py:388} INFO - Running <TaskInstance: MySQL_to_Redshift_v2.s3_to_redshift_nps manual__2023-12-22T09:01:26.568376+00:00 [running]> on host 17bd7117c067
[2023-12-22T09:01:55.194+0000] {taskinstance.py:1509} INFO - Exporting the following env vars:
AIRFLOW_CTX_DAG_OWNER=***
AIRFLOW_CTX_DAG_ID=MySQL_to_Redshift_v2
AIRFLOW_CTX_TASK_ID=s3_to_redshift_nps
AIRFLOW_CTX_EXECUTION_DATE=2023-12-22T09:01:26.568376+00:00
AIRFLOW_CTX_TRY_NUMBER=1
AIRFLOW_CTX_DAG_RUN_ID=manual__2023-12-22T09:01:26.568376+00:00
[2023-12-22T09:01:55.208+0000] {base.py:73} INFO - Using connection ID 'aws_conn_id' for task execution.
[2023-12-22T09:01:55.216+0000] {base.py:73} INFO - Using connection ID 'aws_conn_id' for task execution.
[2023-12-22T09:01:55.217+0000] {connection_wrapper.py:334} INFO - AWS Connection (conn_id='aws_conn_id', conn_type='aws') credentials retrieved from login and password.
[2023-12-22T09:01:55.234+0000] {s3_to_redshift.py:164} INFO - Executing COPY command...
[2023-12-22T09:01:55.246+0000] {base.py:73} INFO - Using connection ID 'redshift_dev_db' for task execution.
[2023-12-22T09:01:55.681+0000] {sql.py:375} INFO - Running statement: CREATE TABLE #nps (LIKE areacmzl.nps);, parameters: None
[2023-12-22T09:01:55.726+0000] {sql.py:375} INFO - Running statement: 
                    COPY #nps 
                    FROM 's3://grepp-data-engineering/areacmzl-nps'
                    credentials
                    'aws_access_key_id=AKIARFSTKIPDH3ZEJXJ5;aws_secret_access_key=***'
                    csv;
        , parameters: None
[2023-12-22T09:02:02.289+0000] {sql.py:375} INFO - Running statement: BEGIN;, parameters: None
[2023-12-22T09:02:02.307+0000] {sql.py:375} INFO - Running statement: DELETE FROM areacmzl.nps USING #nps WHERE nps.id = #nps.id;, parameters: None
[2023-12-22T09:02:02.528+0000] {sql.py:384} INFO - Rows affected: 0
[2023-12-22T09:02:02.529+0000] {sql.py:375} INFO - Running statement: INSERT INTO areacmzl.nps SELECT * FROM #nps;, parameters: None
[2023-12-22T09:02:15.288+0000] {sql.py:384} INFO - Rows affected: 0
[2023-12-22T09:02:15.288+0000] {sql.py:375} INFO - Running statement: COMMIT, parameters: None
[2023-12-22T09:02:15.369+0000] {s3_to_redshift.py:166} INFO - COPY command complete...
[2023-12-22T09:02:15.547+0000] {taskinstance.py:1323} INFO - Marking task as SUCCESS. dag_id=MySQL_to_Redshift_v2, task_id=s3_to_redshift_nps, execution_date=20231222T090126, start_date=20231222T090154, end_date=20231222T090215
[2023-12-22T09:02:15.584+0000] {local_task_job.py:208} INFO - Task exited with return code 0
[2023-12-22T09:02:15.599+0000] {taskinstance.py:2578} INFO - 0 downstream tasks scheduled from follow-on schedule check
