[2023-12-13T08:40:48.702+0000] {taskinstance.py:1083} INFO - Dependencies all met for <TaskInstance: CountryInfo.load manual__2023-12-13T08:40:44.638992+00:00 [queued]>
[2023-12-13T08:40:48.712+0000] {taskinstance.py:1083} INFO - Dependencies all met for <TaskInstance: CountryInfo.load manual__2023-12-13T08:40:44.638992+00:00 [queued]>
[2023-12-13T08:40:48.713+0000] {taskinstance.py:1279} INFO - 
--------------------------------------------------------------------------------
[2023-12-13T08:40:48.713+0000] {taskinstance.py:1280} INFO - Starting attempt 1 of 2
[2023-12-13T08:40:48.713+0000] {taskinstance.py:1281} INFO - 
--------------------------------------------------------------------------------
[2023-12-13T08:40:48.730+0000] {taskinstance.py:1300} INFO - Executing <Task(_PythonDecoratedOperator): load> on 2023-12-13 08:40:44.638992+00:00
[2023-12-13T08:40:48.735+0000] {standard_task_runner.py:55} INFO - Started process 15849 to run task
[2023-12-13T08:40:48.737+0000] {standard_task_runner.py:82} INFO - Running: ['***', 'tasks', 'run', 'CountryInfo', 'load', 'manual__2023-12-13T08:40:44.638992+00:00', '--job-id', '10', '--raw', '--subdir', 'DAGS_FOLDER/CountryInfo.py', '--cfg-path', '/tmp/tmpoy7w5z8v']
[2023-12-13T08:40:48.737+0000] {standard_task_runner.py:83} INFO - Job 10: Subtask load
[2023-12-13T08:40:48.808+0000] {task_command.py:388} INFO - Running <TaskInstance: CountryInfo.load manual__2023-12-13T08:40:44.638992+00:00 [running]> on host 4c47452e42c3
[2023-12-13T08:40:48.940+0000] {taskinstance.py:1509} INFO - Exporting the following env vars:
AIRFLOW_CTX_DAG_OWNER=***
AIRFLOW_CTX_DAG_ID=CountryInfo
AIRFLOW_CTX_TASK_ID=load
AIRFLOW_CTX_EXECUTION_DATE=2023-12-13T08:40:44.638992+00:00
AIRFLOW_CTX_TRY_NUMBER=1
AIRFLOW_CTX_DAG_RUN_ID=manual__2023-12-13T08:40:44.638992+00:00
[2023-12-13T08:40:48.941+0000] {CountryInfo.py:32} INFO - load started
[2023-12-13T08:40:48.949+0000] {base.py:73} INFO - Using connection ID 'redshift_dev_db' for task execution.
[2023-12-13T08:40:49.147+0000] {logging_mixin.py:137} INFO - INSERT INTO areacmzl.country_info VALUES (%s, %s::bigint, %s); ("Hong Kong Special Administrative Region of the People's Republic of China", 7500700, 1104.0)
[2023-12-13T08:40:49.180+0000] {logging_mixin.py:137} INFO - INSERT INTO areacmzl.country_info VALUES (%s, %s::bigint, %s); ('Territory of the Cocos (Keeling) Islands', 544, 14.0)
[2023-12-13T08:40:49.210+0000] {logging_mixin.py:137} INFO - INSERT INTO areacmzl.country_info VALUES (%s, %s::bigint, %s); ('Kingdom of Belgium', 11555997, 30528.0)
[2023-12-13T08:40:49.240+0000] {logging_mixin.py:137} INFO - INSERT INTO areacmzl.country_info VALUES (%s, %s::bigint, %s); ('United States Minor Outlying Islands', 300, 34.2)
[2023-12-13T08:40:49.270+0000] {logging_mixin.py:137} INFO - INSERT INTO areacmzl.country_info VALUES (%s, %s::bigint, %s); ('Antigua and Barbuda', 97928, 442.0)
[2023-12-13T08:40:49.301+0000] {logging_mixin.py:137} INFO - INSERT INTO areacmzl.country_info VALUES (%s, %s::bigint, %s); ('Commonwealth of the Northern Mariana Islands', 57557, 464.0)
[2023-12-13T08:40:49.330+0000] {logging_mixin.py:137} INFO - INSERT INTO areacmzl.country_info VALUES (%s, %s::bigint, %s); ('Republic of the Maldives', 540542, 300.0)
[2023-12-13T08:40:49.358+0000] {logging_mixin.py:137} INFO - INSERT INTO areacmzl.country_info VALUES (%s, %s::bigint, %s); ('Plurinational State of Bolivia', 11673029, 1098581.0)
[2023-12-13T08:40:49.390+0000] {logging_mixin.py:137} INFO - INSERT INTO areacmzl.country_info VALUES (%s, %s::bigint, %s); ('Iceland', 366425, 103000.0)
[2023-12-13T08:40:49.427+0000] {logging_mixin.py:137} INFO - INSERT INTO areacmzl.country_info VALUES (%s, %s::bigint, %s); ('Lebanese Republic', 6825442, 10452.0)
[2023-12-13T08:40:49.457+0000] {logging_mixin.py:137} INFO - INSERT INTO areacmzl.country_info VALUES (%s, %s::bigint, %s); ('State of Israel', 9216900, 20770.0)
[2023-12-13T08:40:49.489+0000] {logging_mixin.py:137} INFO - INSERT INTO areacmzl.country_info VALUES (%s, %s::bigint, %s); ('Republic of Singapore', 5685807, 710.0)
[2023-12-13T08:40:49.518+0000] {logging_mixin.py:137} INFO - INSERT INTO areacmzl.country_info VALUES (%s, %s::bigint, %s); ('United Arab Emirates', 9890400, 83600.0)
[2023-12-13T08:40:49.548+0000] {logging_mixin.py:137} INFO - INSERT INTO areacmzl.country_info VALUES (%s, %s::bigint, %s); ('Republic of Liberia', 5057677, 111369.0)
[2023-12-13T08:40:49.592+0000] {logging_mixin.py:137} INFO - INSERT INTO areacmzl.country_info VALUES (%s, %s::bigint, %s); ('Sint Maarten', 40812, 34.0)
[2023-12-13T08:40:49.625+0000] {logging_mixin.py:137} INFO - INSERT INTO areacmzl.country_info VALUES (%s, %s::bigint, %s); ('Republic of Zimbabwe', 14862927, 390757.0)
[2023-12-13T08:40:49.655+0000] {logging_mixin.py:137} INFO - INSERT INTO areacmzl.country_info VALUES (%s, %s::bigint, %s); ('Tuvalu', 11792, 26.0)
[2023-12-13T08:40:49.683+0000] {logging_mixin.py:137} INFO - INSERT INTO areacmzl.country_info VALUES (%s, %s::bigint, %s); ('Republic of Uganda', 45741000, 241550.0)
[2023-12-13T08:40:49.720+0000] {logging_mixin.py:137} INFO - INSERT INTO areacmzl.country_info VALUES (%s, %s::bigint, %s); ('Republic of Guatemala', 16858333, 108889.0)
[2023-12-13T08:40:49.755+0000] {logging_mixin.py:137} INFO - INSERT INTO areacmzl.country_info VALUES (%s, %s::bigint, %s); ('Kingdom of Morocco', 36910558, 446550.0)
[2023-12-13T08:40:49.792+0000] {logging_mixin.py:137} INFO - INSERT INTO areacmzl.country_info VALUES (%s, %s::bigint, %s); ('Barbados', 287371, 430.0)
[2023-12-13T08:40:49.822+0000] {logging_mixin.py:137} INFO - INSERT INTO areacmzl.country_info VALUES (%s, %s::bigint, %s); ('Romania', 19286123, 238391.0)
[2023-12-13T08:40:49.855+0000] {logging_mixin.py:137} INFO - INSERT INTO areacmzl.country_info VALUES (%s, %s::bigint, %s); ('Réunion Island', 840974, 2511.0)
[2023-12-13T08:40:49.885+0000] {logging_mixin.py:137} INFO - INSERT INTO areacmzl.country_info VALUES (%s, %s::bigint, %s); ('Republic of Indonesia', 273523621, 1904569.0)
[2023-12-13T08:40:49.912+0000] {logging_mixin.py:137} INFO - INSERT INTO areacmzl.country_info VALUES (%s, %s::bigint, %s); ('State of Kuwait', 4270563, 17818.0)
[2023-12-13T08:40:49.943+0000] {logging_mixin.py:137} INFO - INSERT INTO areacmzl.country_info VALUES (%s, %s::bigint, %s); ('Republic of North Macedonia', 2077132, 25713.0)
[2023-12-13T08:40:49.975+0000] {logging_mixin.py:137} INFO - INSERT INTO areacmzl.country_info VALUES (%s, %s::bigint, %s); ('Republic of Tajikistan', 9537642, 143100.0)
[2023-12-13T08:40:50.005+0000] {logging_mixin.py:137} INFO - INSERT INTO areacmzl.country_info VALUES (%s, %s::bigint, %s); ('Georgia', 3714000, 69700.0)
[2023-12-13T08:40:50.035+0000] {logging_mixin.py:137} INFO - INSERT INTO areacmzl.country_info VALUES (%s, %s::bigint, %s); ('Republic of Slovenia', 2100126, 20273.0)
[2023-12-13T08:40:50.067+0000] {logging_mixin.py:137} INFO - INSERT INTO areacmzl.country_info VALUES (%s, %s::bigint, %s); ('Republic of Colombia', 50882884, 1141748.0)
[2023-12-13T08:40:50.099+0000] {logging_mixin.py:137} INFO - INSERT INTO areacmzl.country_info VALUES (%s, %s::bigint, %s); ('Union of the Comoros', 869595, 1862.0)
[2023-12-13T08:40:50.127+0000] {logging_mixin.py:137} INFO - INSERT INTO areacmzl.country_info VALUES (%s, %s::bigint, %s); ('Grand Duchy of Luxembourg', 632275, 2586.0)
[2023-12-13T08:40:50.167+0000] {logging_mixin.py:137} INFO - INSERT INTO areacmzl.country_info VALUES (%s, %s::bigint, %s); ("Macao Special Administrative Region of the People's Republic of China", 649342, 30.0)
[2023-12-13T08:40:50.205+0000] {logging_mixin.py:137} INFO - INSERT INTO areacmzl.country_info VALUES (%s, %s::bigint, %s); ('State of Palestine', 4803269, 6220.0)
[2023-12-13T08:40:50.243+0000] {logging_mixin.py:137} INFO - INSERT INTO areacmzl.country_info VALUES (%s, %s::bigint, %s); ('Russian Federation', 144104080, 17098242.0)
[2023-12-13T08:40:50.275+0000] {logging_mixin.py:137} INFO - INSERT INTO areacmzl.country_info VALUES (%s, %s::bigint, %s); ('Federation of Saint Christopher and Nevis', 53192, 261.0)
[2023-12-13T08:40:50.305+0000] {logging_mixin.py:137} INFO - INSERT INTO areacmzl.country_info VALUES (%s, %s::bigint, %s); ('Hashemite Kingdom of Jordan', 10203140, 89342.0)
[2023-12-13T08:40:50.337+0000] {logging_mixin.py:137} INFO - INSERT INTO areacmzl.country_info VALUES (%s, %s::bigint, %s); ('Central African Republic', 4829764, 622984.0)
[2023-12-13T08:40:50.365+0000] {logging_mixin.py:137} INFO - INSERT INTO areacmzl.country_info VALUES (%s, %s::bigint, %s); ('Guadeloupe', 400132, 1628.0)
[2023-12-13T08:40:50.395+0000] {logging_mixin.py:137} INFO - INSERT INTO areacmzl.country_info VALUES (%s, %s::bigint, %s); ('Czech Republic', 10698896, 78865.0)
[2023-12-13T08:40:50.423+0000] {logging_mixin.py:137} INFO - INSERT INTO areacmzl.country_info VALUES (%s, %s::bigint, %s); ('Collectivity of Saint Barthélemy', 4255, 21.0)
[2023-12-13T08:40:50.452+0000] {logging_mixin.py:137} INFO - INSERT INTO areacmzl.country_info VALUES (%s, %s::bigint, %s); ('Hungary', 9749763, 93028.0)
[2023-12-13T08:40:50.484+0000] {logging_mixin.py:137} INFO - INSERT INTO areacmzl.country_info VALUES (%s, %s::bigint, %s); ('Republic of the Union of Myanmar', 54409794, 676578.0)
[2023-12-13T08:40:50.512+0000] {logging_mixin.py:137} INFO - INSERT INTO areacmzl.country_info VALUES (%s, %s::bigint, %s); ('Martinique', 378243, 1128.0)
[2023-12-13T08:40:50.542+0000] {logging_mixin.py:137} INFO - INSERT INTO areacmzl.country_info VALUES (%s, %s::bigint, %s); ('Independent and Sovereign Republic of Kiribati', 119446, 811.0)
[2023-12-13T08:40:50.585+0000] {logging_mixin.py:137} INFO - INSERT INTO areacmzl.country_info VALUES (%s, %s::bigint, %s); ('Republic of Seychelles', 98462, 452.0)
[2023-12-13T08:40:50.629+0000] {logging_mixin.py:137} INFO - INSERT INTO areacmzl.country_info VALUES (%s, %s::bigint, %s); ('Niue', 1470, 260.0)
[2023-12-13T08:40:50.660+0000] {logging_mixin.py:137} INFO - INSERT INTO areacmzl.country_info VALUES (%s, %s::bigint, %s); ('Republic of Trinidad and Tobago', 1399491, 5130.0)
[2023-12-13T08:40:50.690+0000] {logging_mixin.py:137} INFO - INSERT INTO areacmzl.country_info VALUES (%s, %s::bigint, %s); ('Republic of South Africa', 59308690, 1221037.0)
[2023-12-13T08:40:50.718+0000] {logging_mixin.py:137} INFO - INSERT INTO areacmzl.country_info VALUES (%s, %s::bigint, %s); ('State of Eritrea', 5352000, 117600.0)
[2023-12-13T08:40:50.754+0000] {logging_mixin.py:137} INFO - INSERT INTO areacmzl.country_info VALUES (%s, %s::bigint, %s); ('Republic of Cabo Verde', 555988, 4033.0)
[2023-12-13T08:40:50.785+0000] {logging_mixin.py:137} INFO - INSERT INTO areacmzl.country_info VALUES (%s, %s::bigint, %s); ('Territory of Norfolk Island', 2302, 36.0)
[2023-12-13T08:40:50.813+0000] {logging_mixin.py:137} INFO - INSERT INTO areacmzl.country_info VALUES (%s, %s::bigint, %s); ('Virgin Islands', 30237, 151.0)
[2023-12-13T08:40:50.844+0000] {logging_mixin.py:137} INFO - INSERT INTO areacmzl.country_info VALUES (%s, %s::bigint, %s); ('Kingdom of Thailand', 69799978, 513120.0)
[2023-12-13T08:40:50.876+0000] {logging_mixin.py:137} INFO - INSERT INTO areacmzl.country_info VALUES (%s, %s::bigint, %s); ('Syrian Arab Republic', 17500657, 185180.0)
[2023-12-13T08:40:50.907+0000] {logging_mixin.py:137} INFO - INSERT INTO areacmzl.country_info VALUES (%s, %s::bigint, %s); ('Guam', 168783, 549.0)
[2023-12-13T08:40:50.935+0000] {logging_mixin.py:137} INFO - INSERT INTO areacmzl.country_info VALUES (%s, %s::bigint, %s); ('Republic of Latvia', 1901548, 64559.0)
[2023-12-13T08:40:50.967+0000] {logging_mixin.py:137} INFO - INSERT INTO areacmzl.country_info VALUES (%s, %s::bigint, %s); ('Kingdom of Eswatini', 1160164, 17364.0)
[2023-12-13T08:40:51.005+0000] {logging_mixin.py:137} INFO - INSERT INTO areacmzl.country_info VALUES (%s, %s::bigint, %s); ('New Zealand', 5084300, 270467.0)
[2023-12-13T08:40:51.044+0000] {logging_mixin.py:137} INFO - INSERT INTO areacmzl.country_info VALUES (%s, %s::bigint, %s); ('Republic of Panama', 4314768, 75417.0)
[2023-12-13T08:40:51.075+0000] {logging_mixin.py:137} INFO - INSERT INTO areacmzl.country_info VALUES (%s, %s::bigint, %s); ('Republic of Namibia', 2540916, 825615.0)
[2023-12-13T08:40:51.102+0000] {logging_mixin.py:137} INFO - INSERT INTO areacmzl.country_info VALUES (%s, %s::bigint, %s); ('Kingdom of Saudi Arabia', 34813867, 2149690.0)
[2023-12-13T08:40:51.135+0000] {logging_mixin.py:137} INFO - INSERT INTO areacmzl.country_info VALUES (%s, %s::bigint, %s); ('Republic of Botswana', 2351625, 582000.0)
[2023-12-13T08:40:51.166+0000] {logging_mixin.py:137} INFO - INSERT INTO areacmzl.country_info VALUES (%s, %s::bigint, %s); ('Federal Republic of Germany', 83240525, 357114.0)
[2023-12-13T08:40:51.197+0000] {logging_mixin.py:137} INFO - INSERT INTO areacmzl.country_info VALUES (%s, %s::bigint, %s); ('Federated States of Micronesia', 115021, 702.0)
[2023-12-13T08:40:51.227+0000] {logging_mixin.py:137} INFO - INSERT INTO areacmzl.country_info VALUES (%s, %s::bigint, %s); ('Republic of Senegal', 16743930, 196722.0)
[2023-12-13T08:40:51.255+0000] {logging_mixin.py:137} INFO - INSERT INTO areacmzl.country_info VALUES (%s, %s::bigint, %s); ('Swiss Confederation', 8654622, 41284.0)
[2023-12-13T08:40:51.297+0000] {logging_mixin.py:137} INFO - INSERT INTO areacmzl.country_info VALUES (%s, %s::bigint, %s); ('Republic of Bulgaria', 6927288, 110879.0)
[2023-12-13T08:40:51.330+0000] {logging_mixin.py:137} INFO - INSERT INTO areacmzl.country_info VALUES (%s, %s::bigint, %s); ('Republic of Turkey', 84339067, 783562.0)
[2023-12-13T08:40:51.361+0000] {logging_mixin.py:137} INFO - INSERT INTO areacmzl.country_info VALUES (%s, %s::bigint, %s); ('Belize', 397621, 22966.0)
[2023-12-13T08:40:51.390+0000] {logging_mixin.py:137} INFO - INSERT INTO areacmzl.country_info VALUES (%s, %s::bigint, %s); ('Kingdom of Sweden', 10353442, 450295.0)
[2023-12-13T08:40:51.417+0000] {logging_mixin.py:137} INFO - INSERT INTO areacmzl.country_info VALUES (%s, %s::bigint, %s); ('Kyrgyz Republic', 6591600, 199951.0)
[2023-12-13T08:40:51.447+0000] {logging_mixin.py:137} INFO - INSERT INTO areacmzl.country_info VALUES (%s, %s::bigint, %s); ('Commonwealth of Puerto Rico', 3194034, 8870.0)
[2023-12-13T08:40:51.475+0000] {logging_mixin.py:137} INFO - INSERT INTO areacmzl.country_info VALUES (%s, %s::bigint, %s); ('Grenada', 112519, 344.0)
[2023-12-13T08:40:51.505+0000] {logging_mixin.py:137} INFO - INSERT INTO areacmzl.country_info VALUES (%s, %s::bigint, %s); ('Federative Republic of Brazil', 212559409, 8515767.0)
[2023-12-13T08:40:51.540+0000] {logging_mixin.py:137} INFO - INSERT INTO areacmzl.country_info VALUES (%s, %s::bigint, %s); ('State of Libya', 6871287, 1759540.0)
[2023-12-13T08:40:51.575+0000] {logging_mixin.py:137} INFO - INSERT INTO areacmzl.country_info VALUES (%s, %s::bigint, %s); ('Republic of San Marino', 33938, 61.0)
[2023-12-13T08:40:51.620+0000] {logging_mixin.py:137} INFO - INSERT INTO areacmzl.country_info VALUES (%s, %s::bigint, %s); ('French Republic', 67391582, 551695.0)
[2023-12-13T08:40:51.650+0000] {logging_mixin.py:137} INFO - INSERT INTO areacmzl.country_info VALUES (%s, %s::bigint, %s); ('Vatican City State', 451, 0.44)
[2023-12-13T08:40:51.680+0000] {logging_mixin.py:137} INFO - INSERT INTO areacmzl.country_info VALUES (%s, %s::bigint, %s); ('Republic of El Salvador', 6486201, 21041.0)
[2023-12-13T08:40:51.707+0000] {logging_mixin.py:137} INFO - INSERT INTO areacmzl.country_info VALUES (%s, %s::bigint, %s); ('Republic of Uzbekistan', 34232050, 447400.0)
[2023-12-13T08:40:51.735+0000] {logging_mixin.py:137} INFO - INSERT INTO areacmzl.country_info VALUES (%s, %s::bigint, %s); ('Republic of Nauru', 10834, 21.0)
[2023-12-13T08:40:51.765+0000] {logging_mixin.py:137} INFO - INSERT INTO areacmzl.country_info VALUES (%s, %s::bigint, %s); ('Gabonese Republic', 2225728, 267668.0)
[2023-12-13T08:40:51.795+0000] {logging_mixin.py:137} INFO - INSERT INTO areacmzl.country_info VALUES (%s, %s::bigint, %s); ('Republic of Suriname', 586634, 163820.0)
[2023-12-13T08:40:51.822+0000] {logging_mixin.py:137} INFO - INSERT INTO areacmzl.country_info VALUES (%s, %s::bigint, %s); ("Democratic People's Republic of Korea", 25778815, 120538.0)
[2023-12-13T08:40:51.855+0000] {logging_mixin.py:137} INFO - INSERT INTO areacmzl.country_info VALUES (%s, %s::bigint, %s); ('Nation of Brunei, Abode of Peace', 437483, 5765.0)
[2023-12-13T08:40:51.883+0000] {logging_mixin.py:137} INFO - INSERT INTO areacmzl.country_info VALUES (%s, %s::bigint, %s); ('Kingdom of Spain', 47351567, 505992.0)
[2023-12-13T08:40:51.922+0000] {logging_mixin.py:137} INFO - INSERT INTO areacmzl.country_info VALUES (%s, %s::bigint, %s); ('Republic of Lithuania', 2794700, 65300.0)
[2023-12-13T08:40:51.983+0000] {logging_mixin.py:137} INFO - INSERT INTO areacmzl.country_info VALUES (%s, %s::bigint, %s); ('Democratic Socialist Republic of Sri Lanka', 21919000, 65610.0)
[2023-12-13T08:40:52.026+0000] {logging_mixin.py:137} INFO - INSERT INTO areacmzl.country_info VALUES (%s, %s::bigint, %s); ('Saint Vincent and the Grenadines', 110947, 389.0)
[2023-12-13T08:40:52.062+0000] {logging_mixin.py:137} INFO - INSERT INTO areacmzl.country_info VALUES (%s, %s::bigint, %s); ('Bailiwick of Guernsey', 62999, 78.0)
[2023-12-13T08:40:52.091+0000] {logging_mixin.py:137} INFO - INSERT INTO areacmzl.country_info VALUES (%s, %s::bigint, %s); ('Turks and Caicos Islands', 38718, 948.0)
[2023-12-13T08:40:52.124+0000] {logging_mixin.py:137} INFO - INSERT INTO areacmzl.country_info VALUES (%s, %s::bigint, %s); ("People's Republic of China", 1402112000, 9706961.0)
[2023-12-13T08:40:52.166+0000] {logging_mixin.py:137} INFO - INSERT INTO areacmzl.country_info VALUES (%s, %s::bigint, %s); ('Republic of Paraguay', 7132530, 406752.0)
[2023-12-13T08:40:52.211+0000] {logging_mixin.py:137} INFO - INSERT INTO areacmzl.country_info VALUES (%s, %s::bigint, %s); ('Ukraine', 44134693, 603500.0)
[2023-12-13T08:40:52.244+0000] {logging_mixin.py:137} INFO - INSERT INTO areacmzl.country_info VALUES (%s, %s::bigint, %s); ('Bonaire, Sint Eustatius and Saba', 25987, 328.0)
[2023-12-13T08:40:52.275+0000] {logging_mixin.py:137} INFO - INSERT INTO areacmzl.country_info VALUES (%s, %s::bigint, %s); ('Kingdom of Norway', 5379475, 323802.0)
[2023-12-13T08:40:52.304+0000] {logging_mixin.py:137} INFO - INSERT INTO areacmzl.country_info VALUES (%s, %s::bigint, %s); ('South Georgia and the South Sandwich Islands', 30, 3903.0)
[2023-12-13T08:40:52.332+0000] {logging_mixin.py:137} INFO - INSERT INTO areacmzl.country_info VALUES (%s, %s::bigint, %s); ('Republic of Palau', 18092, 459.0)
[2023-12-13T08:40:52.365+0000] {logging_mixin.py:137} INFO - INSERT INTO areacmzl.country_info VALUES (%s, %s::bigint, %s); ('Islamic Republic of Iran', 83992953, 1648195.0)
[2023-12-13T08:40:52.402+0000] {logging_mixin.py:137} INFO - INSERT INTO areacmzl.country_info VALUES (%s, %s::bigint, %s); ('Republic of Kenya', 53771300, 580367.0)
[2023-12-13T08:40:52.430+0000] {logging_mixin.py:137} INFO - INSERT INTO areacmzl.country_info VALUES (%s, %s::bigint, %s); ('Slovak Republic', 5458827, 49037.0)
[2023-12-13T08:40:52.462+0000] {logging_mixin.py:137} INFO - INSERT INTO areacmzl.country_info VALUES (%s, %s::bigint, %s); ('Republic of Belarus', 9398861, 207600.0)
[2023-12-13T08:40:52.490+0000] {logging_mixin.py:137} INFO - INSERT INTO areacmzl.country_info VALUES (%s, %s::bigint, %s); ('Republic of South Sudan', 11193729, 619745.0)
[2023-12-13T08:40:52.534+0000] {logging_mixin.py:137} INFO - INSERT INTO areacmzl.country_info VALUES (%s, %s::bigint, %s); ('Federal Republic of Nigeria', 206139587, 923768.0)
[2023-12-13T08:40:52.570+0000] {logging_mixin.py:137} INFO - INSERT INTO areacmzl.country_info VALUES (%s, %s::bigint, %s); ("Lao People's Democratic Republic", 7275556, 236800.0)
[2023-12-13T08:40:52.597+0000] {logging_mixin.py:137} INFO - INSERT INTO areacmzl.country_info VALUES (%s, %s::bigint, %s); ("People's Democratic Republic of Algeria", 44700000, 2381741.0)
[2023-12-13T08:40:52.625+0000] {logging_mixin.py:137} INFO - INSERT INTO areacmzl.country_info VALUES (%s, %s::bigint, %s); ('United Kingdom of Great Britain and Northern Ireland', 67215293, 242900.0)
[2023-12-13T08:40:52.654+0000] {logging_mixin.py:137} INFO - INSERT INTO areacmzl.country_info VALUES (%s, %s::bigint, %s); ('Svalbard og Jan Mayen', 2562, -1.0)
[2023-12-13T08:40:52.685+0000] {logging_mixin.py:137} INFO - INSERT INTO areacmzl.country_info VALUES (%s, %s::bigint, %s); ('Solomon Islands', 686878, 28896.0)
[2023-12-13T08:40:52.715+0000] {logging_mixin.py:137} INFO - INSERT INTO areacmzl.country_info VALUES (%s, %s::bigint, %s); ('Republic of Kosovo', 1775378, 10908.0)
[2023-12-13T08:40:52.753+0000] {logging_mixin.py:137} INFO - INSERT INTO areacmzl.country_info VALUES (%s, %s::bigint, %s); ('Kingdom of Cambodia', 16718971, 181035.0)
[2023-12-13T08:40:52.795+0000] {logging_mixin.py:137} INFO - INSERT INTO areacmzl.country_info VALUES (%s, %s::bigint, %s); ('Montenegro', 621718, 13812.0)
[2023-12-13T08:40:52.835+0000] {logging_mixin.py:137} INFO - INSERT INTO areacmzl.country_info VALUES (%s, %s::bigint, %s); ('Pitcairn Group of Islands', 56, 47.0)
[2023-12-13T08:40:52.874+0000] {logging_mixin.py:137} INFO - INSERT INTO areacmzl.country_info VALUES (%s, %s::bigint, %s); ('Territory of the French Southern and Antarctic Lands', 400, 7747.0)
[2023-12-13T08:40:52.910+0000] {logging_mixin.py:137} INFO - INSERT INTO areacmzl.country_info VALUES (%s, %s::bigint, %s); ('Republic of Mozambique', 31255435, 801590.0)
[2023-12-13T08:40:52.940+0000] {logging_mixin.py:137} INFO - INSERT INTO areacmzl.country_info VALUES (%s, %s::bigint, %s); ('French Polynesia', 280904, 4167.0)
[2023-12-13T08:40:52.972+0000] {logging_mixin.py:137} INFO - INSERT INTO areacmzl.country_info VALUES (%s, %s::bigint, %s); ('Republic of Albania', 2837743, 28748.0)
[2023-12-13T08:40:53.009+0000] {logging_mixin.py:137} INFO - INSERT INTO areacmzl.country_info VALUES (%s, %s::bigint, %s); ('Republic of Niger', 24206636, 1267000.0)
[2023-12-13T08:40:53.037+0000] {logging_mixin.py:137} INFO - INSERT INTO areacmzl.country_info VALUES (%s, %s::bigint, %s); ('Principality of Liechtenstein', 38137, 160.0)
[2023-12-13T08:40:53.072+0000] {logging_mixin.py:137} INFO - INSERT INTO areacmzl.country_info VALUES (%s, %s::bigint, %s); ("Republic of Côte d'Ivoire", 26378275, 322463.0)
[2023-12-13T08:40:53.110+0000] {logging_mixin.py:137} INFO - INSERT INTO areacmzl.country_info VALUES (%s, %s::bigint, %s); ('Democratic Republic of Timor-Leste', 1318442, 14874.0)
[2023-12-13T08:40:53.146+0000] {logging_mixin.py:137} INFO - INSERT INTO areacmzl.country_info VALUES (%s, %s::bigint, %s); ('Republic of Djibouti', 988002, 23200.0)
[2023-12-13T08:40:53.175+0000] {logging_mixin.py:137} INFO - INSERT INTO areacmzl.country_info VALUES (%s, %s::bigint, %s); ('Heard Island and McDonald Islands', 0, 412.0)
[2023-12-13T08:40:53.217+0000] {logging_mixin.py:137} INFO - INSERT INTO areacmzl.country_info VALUES (%s, %s::bigint, %s); ('Republic of Madagascar', 27691019, 587041.0)
[2023-12-13T08:40:53.257+0000] {logging_mixin.py:137} INFO - INSERT INTO areacmzl.country_info VALUES (%s, %s::bigint, %s); ('New Caledonia', 271960, 18575.0)
[2023-12-13T08:40:53.287+0000] {logging_mixin.py:137} INFO - INSERT INTO areacmzl.country_info VALUES (%s, %s::bigint, %s); ('Saint Lucia', 183629, 616.0)
[2023-12-13T08:40:53.317+0000] {logging_mixin.py:137} INFO - INSERT INTO areacmzl.country_info VALUES (%s, %s::bigint, %s); ('Republic of Guinea', 13132792, 245857.0)
[2023-12-13T08:40:53.357+0000] {logging_mixin.py:137} INFO - INSERT INTO areacmzl.country_info VALUES (%s, %s::bigint, %s); ('Kingdom of Bhutan', 771612, 38394.0)
[2023-12-13T08:40:53.394+0000] {logging_mixin.py:137} INFO - INSERT INTO areacmzl.country_info VALUES (%s, %s::bigint, %s); ('Co-operative Republic of Guyana', 786559, 214969.0)
[2023-12-13T08:40:53.428+0000] {logging_mixin.py:137} INFO - INSERT INTO areacmzl.country_info VALUES (%s, %s::bigint, %s); ('Republic of Cyprus', 1207361, 9251.0)
[2023-12-13T08:40:53.457+0000] {logging_mixin.py:137} INFO - INSERT INTO areacmzl.country_info VALUES (%s, %s::bigint, %s); ('Republic of Estonia', 1331057, 45227.0)
[2023-12-13T08:40:53.485+0000] {logging_mixin.py:137} INFO - INSERT INTO areacmzl.country_info VALUES (%s, %s::bigint, %s); ('Democratic Republic of the Congo', 89561404, 2344858.0)
[2023-12-13T08:40:53.517+0000] {logging_mixin.py:137} INFO - INSERT INTO areacmzl.country_info VALUES (%s, %s::bigint, %s); ('Republic of Peru', 32971846, 1285216.0)
[2023-12-13T08:40:53.548+0000] {logging_mixin.py:137} INFO - INSERT INTO areacmzl.country_info VALUES (%s, %s::bigint, %s); ('State of Qatar', 2881060, 11586.0)
[2023-12-13T08:40:53.580+0000] {logging_mixin.py:137} INFO - INSERT INTO areacmzl.country_info VALUES (%s, %s::bigint, %s); ('Falkland Islands', 2563, 12173.0)
[2023-12-13T08:40:53.615+0000] {logging_mixin.py:137} INFO - INSERT INTO areacmzl.country_info VALUES (%s, %s::bigint, %s); ('Aruba', 106766, 180.0)
[2023-12-13T08:40:53.665+0000] {logging_mixin.py:137} INFO - INSERT INTO areacmzl.country_info VALUES (%s, %s::bigint, %s); ('Republic of Guinea-Bissau', 1967998, 36125.0)
[2023-12-13T08:40:53.702+0000] {logging_mixin.py:137} INFO - INSERT INTO areacmzl.country_info VALUES (%s, %s::bigint, %s); ('Montserrat', 4922, 102.0)
[2023-12-13T08:40:53.735+0000] {logging_mixin.py:137} INFO - INSERT INTO areacmzl.country_info VALUES (%s, %s::bigint, %s); ('Bosnia and Herzegovina', 3280815, 51209.0)
[2023-12-13T08:40:53.772+0000] {logging_mixin.py:137} INFO - INSERT INTO areacmzl.country_info VALUES (%s, %s::bigint, %s); ('Republic of Poland', 37950802, 312679.0)
[2023-12-13T08:40:53.807+0000] {logging_mixin.py:137} INFO - INSERT INTO areacmzl.country_info VALUES (%s, %s::bigint, %s); ('Isle of Man', 85032, 572.0)
[2023-12-13T08:40:53.843+0000] {logging_mixin.py:137} INFO - INSERT INTO areacmzl.country_info VALUES (%s, %s::bigint, %s); ('Republic of Serbia', 6908224, 88361.0)
[2023-12-13T08:40:53.889+0000] {logging_mixin.py:137} INFO - INSERT INTO areacmzl.country_info VALUES (%s, %s::bigint, %s); ('Republic of Malawi', 19129955, 118484.0)
[2023-12-13T08:40:53.923+0000] {logging_mixin.py:137} INFO - INSERT INTO areacmzl.country_info VALUES (%s, %s::bigint, %s); ('Territory of the Wallis and Futuna Islands', 11750, 142.0)
[2023-12-13T08:40:53.955+0000] {logging_mixin.py:137} INFO - INSERT INTO areacmzl.country_info VALUES (%s, %s::bigint, %s); ('Saint Helena, Ascension and Tristan da Cunha', 53192, 394.0)
[2023-12-13T08:40:53.992+0000] {logging_mixin.py:137} INFO - INSERT INTO areacmzl.country_info VALUES (%s, %s::bigint, %s); ('Republic of Yemen', 29825968, 527968.0)
[2023-12-13T08:40:54.030+0000] {logging_mixin.py:137} INFO - INSERT INTO areacmzl.country_info VALUES (%s, %s::bigint, %s); ('Republic of Ireland', 4994724, 70273.0)
[2023-12-13T08:40:54.067+0000] {logging_mixin.py:137} INFO - INSERT INTO areacmzl.country_info VALUES (%s, %s::bigint, %s); ('Portuguese Republic', 10305564, 92090.0)
[2023-12-13T08:40:54.103+0000] {logging_mixin.py:137} INFO - INSERT INTO areacmzl.country_info VALUES (%s, %s::bigint, %s); ('Virgin Islands of the United States', 106290, 347.0)
[2023-12-13T08:40:54.137+0000] {logging_mixin.py:137} INFO - INSERT INTO areacmzl.country_info VALUES (%s, %s::bigint, %s); ('Republic of Croatia', 4047200, 56594.0)
[2023-12-13T08:40:54.171+0000] {logging_mixin.py:137} INFO - INSERT INTO areacmzl.country_info VALUES (%s, %s::bigint, %s); ('Democratic Republic of São Tomé and Príncipe', 219161, 964.0)
[2023-12-13T08:40:54.205+0000] {logging_mixin.py:137} INFO - INSERT INTO areacmzl.country_info VALUES (%s, %s::bigint, %s); ('Republic of the Congo', 89561404, 342000.0)
[2023-12-13T08:40:54.240+0000] {logging_mixin.py:137} INFO - INSERT INTO areacmzl.country_info VALUES (%s, %s::bigint, %s); ('Argentine Republic', 45376763, 2780400.0)
[2023-12-13T08:40:54.285+0000] {logging_mixin.py:137} INFO - INSERT INTO areacmzl.country_info VALUES (%s, %s::bigint, %s); ('Commonwealth of the Bahamas', 393248, 13943.0)
[2023-12-13T08:40:54.354+0000] {logging_mixin.py:137} INFO - INSERT INTO areacmzl.country_info VALUES (%s, %s::bigint, %s); ('Islamic Republic of Pakistan', 220892331, 881912.0)
[2023-12-13T08:40:54.394+0000] {logging_mixin.py:137} INFO - INSERT INTO areacmzl.country_info VALUES (%s, %s::bigint, %s); ('Republic of the Philippines', 109581085, 342353.0)
[2023-12-13T08:40:54.436+0000] {logging_mixin.py:137} INFO - INSERT INTO areacmzl.country_info VALUES (%s, %s::bigint, %s); ('Tokelau', 1411, 12.0)
[2023-12-13T08:40:54.475+0000] {logging_mixin.py:137} INFO - INSERT INTO areacmzl.country_info VALUES (%s, %s::bigint, %s); ('Republic of Cameroon', 26545864, 475442.0)
[2023-12-13T08:40:54.512+0000] {logging_mixin.py:137} INFO - INSERT INTO areacmzl.country_info VALUES (%s, %s::bigint, %s); ('United States of America', 329484123, 9372610.0)
[2023-12-13T08:40:54.550+0000] {logging_mixin.py:137} INFO - INSERT INTO areacmzl.country_info VALUES (%s, %s::bigint, %s); ('Islamic Republic of Afghanistan', 40218234, 652230.0)
[2023-12-13T08:40:54.600+0000] {logging_mixin.py:137} INFO - INSERT INTO areacmzl.country_info VALUES (%s, %s::bigint, %s); ('Republic of Ecuador', 17643060, 276841.0)
[2023-12-13T08:40:54.643+0000] {logging_mixin.py:137} INFO - INSERT INTO areacmzl.country_info VALUES (%s, %s::bigint, %s); ('Independent State of Samoa', 198410, 2842.0)
[2023-12-13T08:40:54.687+0000] {logging_mixin.py:137} INFO - INSERT INTO areacmzl.country_info VALUES (%s, %s::bigint, %s); ('Republic of Malta', 525285, 316.0)
[2023-12-13T08:40:54.725+0000] {logging_mixin.py:137} INFO - INSERT INTO areacmzl.country_info VALUES (%s, %s::bigint, %s); ('Republic of Azerbaijan', 10110116, 86600.0)
[2023-12-13T08:40:54.755+0000] {logging_mixin.py:137} INFO - INSERT INTO areacmzl.country_info VALUES (%s, %s::bigint, %s); ("People's Republic of Bangladesh", 164689383, 147570.0)
[2023-12-13T08:40:54.792+0000] {logging_mixin.py:137} INFO - INSERT INTO areacmzl.country_info VALUES (%s, %s::bigint, %s); ('Republic of Moldova', 2617820, 33846.0)
[2023-12-13T08:40:54.827+0000] {logging_mixin.py:137} INFO - INSERT INTO areacmzl.country_info VALUES (%s, %s::bigint, %s); ('Republic of the Sudan', 43849269, 1886068.0)
[2023-12-13T08:40:54.860+0000] {logging_mixin.py:137} INFO - INSERT INTO areacmzl.country_info VALUES (%s, %s::bigint, %s); ('Republic of Costa Rica', 5094114, 51100.0)
[2023-12-13T08:40:54.908+0000] {logging_mixin.py:137} INFO - INSERT INTO areacmzl.country_info VALUES (%s, %s::bigint, %s); ('Arab Republic of Egypt', 102334403, 1002450.0)
[2023-12-13T08:40:54.948+0000] {logging_mixin.py:137} INFO - INSERT INTO areacmzl.country_info VALUES (%s, %s::bigint, %s); ('Cayman Islands', 65720, 264.0)
[2023-12-13T08:40:54.985+0000] {logging_mixin.py:137} INFO - INSERT INTO areacmzl.country_info VALUES (%s, %s::bigint, %s); ('Republic of Zambia', 18383956, 752612.0)
[2023-12-13T08:40:55.027+0000] {logging_mixin.py:137} INFO - INSERT INTO areacmzl.country_info VALUES (%s, %s::bigint, %s); ('Jamaica', 2961161, 10991.0)
[2023-12-13T08:40:55.074+0000] {logging_mixin.py:137} INFO - INSERT INTO areacmzl.country_info VALUES (%s, %s::bigint, %s); ('Territory of Christmas Island', 2072, 135.0)
[2023-12-13T08:40:55.106+0000] {logging_mixin.py:137} INFO - INSERT INTO areacmzl.country_info VALUES (%s, %s::bigint, %s); ('Independent State of Papua New Guinea', 8947027, 462840.0)
[2023-12-13T08:40:55.137+0000] {logging_mixin.py:137} INFO - INSERT INTO areacmzl.country_info VALUES (%s, %s::bigint, %s); ('Dominican Republic', 10847904, 48671.0)
[2023-12-13T08:40:55.175+0000] {logging_mixin.py:137} INFO - INSERT INTO areacmzl.country_info VALUES (%s, %s::bigint, %s); ('Commonwealth of Australia', 25687041, 7692024.0)
[2023-12-13T08:40:55.212+0000] {logging_mixin.py:137} INFO - INSERT INTO areacmzl.country_info VALUES (%s, %s::bigint, %s); ('Republic of Korea', 51780579, 100210.0)
[2023-12-13T08:40:55.244+0000] {logging_mixin.py:137} INFO - INSERT INTO areacmzl.country_info VALUES (%s, %s::bigint, %s); ('Italian Republic', 59554023, 301336.0)
[2023-12-13T08:40:55.272+0000] {logging_mixin.py:137} INFO - INSERT INTO areacmzl.country_info VALUES (%s, %s::bigint, %s); ('Federal Democratic Republic of Ethiopia', 114963583, 1104300.0)
[2023-12-13T08:40:55.304+0000] {logging_mixin.py:137} INFO - INSERT INTO areacmzl.country_info VALUES (%s, %s::bigint, %s); ('Togolese Republic', 8278737, 56785.0)
[2023-12-13T08:40:55.337+0000] {logging_mixin.py:137} INFO - INSERT INTO areacmzl.country_info VALUES (%s, %s::bigint, %s); ('Republic of Angola', 32866268, 1246700.0)
[2023-12-13T08:40:55.380+0000] {logging_mixin.py:137} INFO - INSERT INTO areacmzl.country_info VALUES (%s, %s::bigint, %s); ('Republic of Burundi', 11890781, 27834.0)
[2023-12-13T08:40:55.410+0000] {logging_mixin.py:137} INFO - INSERT INTO areacmzl.country_info VALUES (%s, %s::bigint, %s); ('Bermuda', 63903, 54.0)
[2023-12-13T08:40:55.440+0000] {logging_mixin.py:137} INFO - INSERT INTO areacmzl.country_info VALUES (%s, %s::bigint, %s); ('Anguilla', 13452, 91.0)
[2023-12-13T08:40:55.467+0000] {logging_mixin.py:137} INFO - INSERT INTO areacmzl.country_info VALUES (%s, %s::bigint, %s); ('Republic of Chile', 19116209, 756102.0)
[2023-12-13T08:40:55.497+0000] {logging_mixin.py:137} INFO - INSERT INTO areacmzl.country_info VALUES (%s, %s::bigint, %s); ('Republic of Rwanda', 12952209, 26338.0)
[2023-12-13T08:40:55.540+0000] {logging_mixin.py:137} INFO - INSERT INTO areacmzl.country_info VALUES (%s, %s::bigint, %s); ('Commonwealth of Dominica', 71991, 751.0)
[2023-12-13T08:40:55.570+0000] {logging_mixin.py:137} INFO - INSERT INTO areacmzl.country_info VALUES (%s, %s::bigint, %s); ('Gibraltar', 33691, 6.0)
[2023-12-13T08:40:55.597+0000] {logging_mixin.py:137} INFO - INSERT INTO areacmzl.country_info VALUES (%s, %s::bigint, %s); ('Republic of Nicaragua', 6624554, 130373.0)
[2023-12-13T08:40:55.625+0000] {logging_mixin.py:137} INFO - INSERT INTO areacmzl.country_info VALUES (%s, %s::bigint, %s); ('Principality of Andorra', 77265, 468.0)
[2023-12-13T08:40:55.652+0000] {logging_mixin.py:137} INFO - INSERT INTO areacmzl.country_info VALUES (%s, %s::bigint, %s); ('Department of Mayotte', 226915, 374.0)
[2023-12-13T08:40:55.683+0000] {logging_mixin.py:137} INFO - INSERT INTO areacmzl.country_info VALUES (%s, %s::bigint, %s); ('Republic of Honduras', 9904608, 112492.0)
[2023-12-13T08:40:55.714+0000] {logging_mixin.py:137} INFO - INSERT INTO areacmzl.country_info VALUES (%s, %s::bigint, %s); ('Republic of Mali', 20250834, 1240192.0)
[2023-12-13T08:40:55.742+0000] {logging_mixin.py:137} INFO - INSERT INTO areacmzl.country_info VALUES (%s, %s::bigint, %s); ('Republic of Benin', 12123198, 112622.0)
[2023-12-13T08:40:55.772+0000] {logging_mixin.py:137} INFO - INSERT INTO areacmzl.country_info VALUES (%s, %s::bigint, %s); ('Islamic Republic of Mauritania', 4649660, 1030700.0)
[2023-12-13T08:40:55.803+0000] {logging_mixin.py:137} INFO - INSERT INTO areacmzl.country_info VALUES (%s, %s::bigint, %s); ('Oriental Republic of Uruguay', 3473727, 181034.0)
[2023-12-13T08:40:55.844+0000] {logging_mixin.py:137} INFO - INSERT INTO areacmzl.country_info VALUES (%s, %s::bigint, %s); ('Federal Democratic Republic of Nepal', 29136808, 147181.0)
[2023-12-13T08:40:55.885+0000] {logging_mixin.py:137} INFO - INSERT INTO areacmzl.country_info VALUES (%s, %s::bigint, %s); ('Burkina Faso', 20903278, 272967.0)
[2023-12-13T08:40:55.920+0000] {logging_mixin.py:137} INFO - INSERT INTO areacmzl.country_info VALUES (%s, %s::bigint, %s); ('Republic of Fiji', 896444, 18272.0)
[2023-12-13T08:40:55.950+0000] {logging_mixin.py:137} INFO - INSERT INTO areacmzl.country_info VALUES (%s, %s::bigint, %s); ('Principality of Monaco', 39244, 2.02)
[2023-12-13T08:40:55.980+0000] {logging_mixin.py:137} INFO - INSERT INTO areacmzl.country_info VALUES (%s, %s::bigint, %s); ('Faroe Islands', 48865, 1393.0)
[2023-12-13T08:40:56.007+0000] {logging_mixin.py:137} INFO - INSERT INTO areacmzl.country_info VALUES (%s, %s::bigint, %s); ('Canada', 38005238, 9984670.0)
[2023-12-13T08:40:56.037+0000] {logging_mixin.py:137} INFO - INSERT INTO areacmzl.country_info VALUES (%s, %s::bigint, %s); ('Kingdom of Lesotho', 2142252, 30355.0)
[2023-12-13T08:40:56.065+0000] {logging_mixin.py:137} INFO - INSERT INTO areacmzl.country_info VALUES (%s, %s::bigint, %s); ('Malaysia', 32365998, 330803.0)
[2023-12-13T08:40:56.095+0000] {logging_mixin.py:137} INFO - INSERT INTO areacmzl.country_info VALUES (%s, %s::bigint, %s); ('United Republic of Tanzania', 59734213, 945087.0)
[2023-12-13T08:40:56.123+0000] {logging_mixin.py:137} INFO - INSERT INTO areacmzl.country_info VALUES (%s, %s::bigint, %s); ('Republic of Finland', 5530719, 338424.0)
[2023-12-13T08:40:56.155+0000] {logging_mixin.py:137} INFO - INSERT INTO areacmzl.country_info VALUES (%s, %s::bigint, %s); ('American Samoa', 55197, 199.0)
[2023-12-13T08:40:56.182+0000] {logging_mixin.py:137} INFO - INSERT INTO areacmzl.country_info VALUES (%s, %s::bigint, %s); ('Country of Curaçao', 155014, 444.0)
[2023-12-13T08:40:56.210+0000] {logging_mixin.py:137} INFO - INSERT INTO areacmzl.country_info VALUES (%s, %s::bigint, %s); ('Republic of Equatorial Guinea', 1402985, 28051.0)
[2023-12-13T08:40:56.237+0000] {logging_mixin.py:137} INFO - INSERT INTO areacmzl.country_info VALUES (%s, %s::bigint, %s); ('Republic of Vanuatu', 307150, 12189.0)
[2023-12-13T08:40:56.267+0000] {logging_mixin.py:137} INFO - INSERT INTO areacmzl.country_info VALUES (%s, %s::bigint, %s); ('Japan', 125836021, 377930.0)
[2023-12-13T08:40:56.295+0000] {logging_mixin.py:137} INFO - INSERT INTO areacmzl.country_info VALUES (%s, %s::bigint, %s); ('Republic of India', 1380004385, 3287590.0)
[2023-12-13T08:40:56.323+0000] {logging_mixin.py:137} INFO - INSERT INTO areacmzl.country_info VALUES (%s, %s::bigint, %s); ('Kingdom of Tonga', 105697, 747.0)
[2023-12-13T08:40:56.352+0000] {logging_mixin.py:137} INFO - INSERT INTO areacmzl.country_info VALUES (%s, %s::bigint, %s); ('Kingdom of Bahrain', 1701583, 765.0)
[2023-12-13T08:40:56.383+0000] {logging_mixin.py:137} INFO - INSERT INTO areacmzl.country_info VALUES (%s, %s::bigint, %s); ('Republic of Haiti', 11402533, 27750.0)
[2023-12-13T08:40:56.415+0000] {logging_mixin.py:137} INFO - INSERT INTO areacmzl.country_info VALUES (%s, %s::bigint, %s); ('Åland Islands', 29458, 1580.0)
[2023-12-13T08:40:56.444+0000] {logging_mixin.py:137} INFO - INSERT INTO areacmzl.country_info VALUES (%s, %s::bigint, %s); ('Antarctica', 1000, 14000000.0)
[2023-12-13T08:40:56.485+0000] {logging_mixin.py:137} INFO - INSERT INTO areacmzl.country_info VALUES (%s, %s::bigint, %s); ('Guiana', 254541, 83534.0)
[2023-12-13T08:40:56.515+0000] {logging_mixin.py:137} INFO - INSERT INTO areacmzl.country_info VALUES (%s, %s::bigint, %s); ('Socialist Republic of Vietnam', 97338583, 331212.0)
[2023-12-13T08:40:56.545+0000] {logging_mixin.py:137} INFO - INSERT INTO areacmzl.country_info VALUES (%s, %s::bigint, %s); ('Republic of the Gambia', 2416664, 10689.0)
[2023-12-13T08:40:56.572+0000] {logging_mixin.py:137} INFO - INSERT INTO areacmzl.country_info VALUES (%s, %s::bigint, %s); ('Republic of Armenia', 2963234, 29743.0)
[2023-12-13T08:40:56.610+0000] {logging_mixin.py:137} INFO - INSERT INTO areacmzl.country_info VALUES (%s, %s::bigint, %s); ('Republic of China (Taiwan)', 23503349, 36193.0)
[2023-12-13T08:40:56.643+0000] {logging_mixin.py:137} INFO - INSERT INTO areacmzl.country_info VALUES (%s, %s::bigint, %s); ('Sultanate of Oman', 5106622, 309500.0)
[2023-12-13T08:40:56.685+0000] {logging_mixin.py:137} INFO - INSERT INTO areacmzl.country_info VALUES (%s, %s::bigint, %s); ('Cook Islands', 18100, 236.0)
[2023-12-13T08:40:56.718+0000] {logging_mixin.py:137} INFO - INSERT INTO areacmzl.country_info VALUES (%s, %s::bigint, %s); ('Tunisian Republic', 11818618, 163610.0)
[2023-12-13T08:40:56.747+0000] {logging_mixin.py:137} INFO - INSERT INTO areacmzl.country_info VALUES (%s, %s::bigint, %s); ('Bolivarian Republic of Venezuela', 28435943, 916445.0)
[2023-12-13T08:40:56.777+0000] {logging_mixin.py:137} INFO - INSERT INTO areacmzl.country_info VALUES (%s, %s::bigint, %s); ('British Indian Ocean Territory', 3000, 60.0)
[2023-12-13T08:40:56.820+0000] {logging_mixin.py:137} INFO - INSERT INTO areacmzl.country_info VALUES (%s, %s::bigint, %s); ('Republic of Iraq', 40222503, 438317.0)
[2023-12-13T08:40:56.852+0000] {logging_mixin.py:137} INFO - INSERT INTO areacmzl.country_info VALUES (%s, %s::bigint, %s); ('Bouvet Island', 0, 49.0)
[2023-12-13T08:40:56.888+0000] {logging_mixin.py:137} INFO - INSERT INTO areacmzl.country_info VALUES (%s, %s::bigint, %s); ('Saint Martin', 38659, 53.0)
[2023-12-13T08:40:56.924+0000] {logging_mixin.py:137} INFO - INSERT INTO areacmzl.country_info VALUES (%s, %s::bigint, %s); ('Republic of Mauritius', 1265740, 2040.0)
[2023-12-13T08:40:56.953+0000] {logging_mixin.py:137} INFO - INSERT INTO areacmzl.country_info VALUES (%s, %s::bigint, %s); ('Republic of Chad', 16425859, 1284000.0)
[2023-12-13T08:40:56.983+0000] {logging_mixin.py:137} INFO - INSERT INTO areacmzl.country_info VALUES (%s, %s::bigint, %s); ('Hellenic Republic', 10715549, 131990.0)
[2023-12-13T08:40:57.012+0000] {logging_mixin.py:137} INFO - INSERT INTO areacmzl.country_info VALUES (%s, %s::bigint, %s); ('Republic of Kazakhstan', 18754440, 2724900.0)
[2023-12-13T08:40:57.044+0000] {logging_mixin.py:137} INFO - INSERT INTO areacmzl.country_info VALUES (%s, %s::bigint, %s); ('Republic of Cuba', 11326616, 109884.0)
[2023-12-13T08:40:57.075+0000] {logging_mixin.py:137} INFO - INSERT INTO areacmzl.country_info VALUES (%s, %s::bigint, %s); ('Kingdom of the Netherlands', 16655799, 41850.0)
[2023-12-13T08:40:57.106+0000] {logging_mixin.py:137} INFO - INSERT INTO areacmzl.country_info VALUES (%s, %s::bigint, %s); ('Republic of Austria', 8917205, 83871.0)
[2023-12-13T08:40:57.144+0000] {logging_mixin.py:137} INFO - INSERT INTO areacmzl.country_info VALUES (%s, %s::bigint, %s); ('Saint Pierre and Miquelon', 6069, 242.0)
[2023-12-13T08:40:57.175+0000] {logging_mixin.py:137} INFO - INSERT INTO areacmzl.country_info VALUES (%s, %s::bigint, %s); ('Turkmenistan', 6031187, 488100.0)
[2023-12-13T08:40:57.214+0000] {logging_mixin.py:137} INFO - INSERT INTO areacmzl.country_info VALUES (%s, %s::bigint, %s); ('Sahrawi Arab Democratic Republic', 510713, 266000.0)
[2023-12-13T08:40:57.251+0000] {logging_mixin.py:137} INFO - INSERT INTO areacmzl.country_info VALUES (%s, %s::bigint, %s); ('Republic of Sierra Leone', 7976985, 71740.0)
[2023-12-13T08:40:57.283+0000] {logging_mixin.py:137} INFO - INSERT INTO areacmzl.country_info VALUES (%s, %s::bigint, %s); ('Kingdom of Denmark', 5831404, 43094.0)
[2023-12-13T08:40:57.320+0000] {logging_mixin.py:137} INFO - INSERT INTO areacmzl.country_info VALUES (%s, %s::bigint, %s); ('Republic of Ghana', 31072945, 238533.0)
[2023-12-13T08:40:57.350+0000] {logging_mixin.py:137} INFO - INSERT INTO areacmzl.country_info VALUES (%s, %s::bigint, %s); ('Mongolia', 3278292, 1564110.0)
[2023-12-13T08:40:57.380+0000] {logging_mixin.py:137} INFO - INSERT INTO areacmzl.country_info VALUES (%s, %s::bigint, %s); ('Bailiwick of Jersey', 100800, 116.0)
[2023-12-13T08:40:57.407+0000] {logging_mixin.py:137} INFO - INSERT INTO areacmzl.country_info VALUES (%s, %s::bigint, %s); ('Federal Republic of Somalia', 15893219, 637657.0)
[2023-12-13T08:40:57.448+0000] {logging_mixin.py:137} INFO - INSERT INTO areacmzl.country_info VALUES (%s, %s::bigint, %s); ('United Mexican States', 128932753, 1964375.0)
[2023-12-13T08:40:57.485+0000] {logging_mixin.py:137} INFO - INSERT INTO areacmzl.country_info VALUES (%s, %s::bigint, %s); ('Greenland', 56367, 2166086.0)
[2023-12-13T08:40:57.514+0000] {logging_mixin.py:137} INFO - INSERT INTO areacmzl.country_info VALUES (%s, %s::bigint, %s); ('Republic of the Marshall Islands', 59194, 181.0)
[2023-12-13T08:40:57.588+0000] {CountryInfo.py:57} INFO - load done
[2023-12-13T08:40:57.589+0000] {python.py:177} INFO - Done. Returned value was: None
[2023-12-13T08:40:57.601+0000] {taskinstance.py:1323} INFO - Marking task as SUCCESS. dag_id=CountryInfo, task_id=load, execution_date=20231213T084044, start_date=20231213T084048, end_date=20231213T084057
[2023-12-13T08:40:57.656+0000] {local_task_job.py:208} INFO - Task exited with return code 0
[2023-12-13T08:40:57.671+0000] {taskinstance.py:2578} INFO - 0 downstream tasks scheduled from follow-on schedule check
