[2023-12-16T14:46:18.980+0000] {processor.py:153} INFO - Started process (PID=8369) to work on /opt/airflow/dags/MySQL_to_Redshift_v2.py
[2023-12-16T14:46:18.981+0000] {processor.py:743} INFO - Processing file /opt/airflow/dags/MySQL_to_Redshift_v2.py for tasks to queue
[2023-12-16T14:46:18.981+0000] {logging_mixin.py:137} INFO - [2023-12-16T14:46:18.981+0000] {dagbag.py:538} INFO - Filling up the DagBag from /opt/airflow/dags/MySQL_to_Redshift_v2.py
[2023-12-16T14:46:19.842+0000] {logging_mixin.py:137} INFO - SELECT * FROM prod.nps WHERE DATE(created_at) = DATE('{{ execution_date }}')
[2023-12-16T14:46:19.848+0000] {processor.py:753} INFO - DAG(s) dict_keys(['MySQL_to_Redshift_v2']) retrieved from /opt/airflow/dags/MySQL_to_Redshift_v2.py
[2023-12-16T14:46:20.026+0000] {logging_mixin.py:137} INFO - [2023-12-16T14:46:20.025+0000] {manager.py:504} INFO - Created Permission View: can delete on DAG:MySQL_to_Redshift_v2
[2023-12-16T14:46:20.042+0000] {logging_mixin.py:137} INFO - [2023-12-16T14:46:20.042+0000] {manager.py:504} INFO - Created Permission View: can edit on DAG:MySQL_to_Redshift_v2
[2023-12-16T14:46:20.052+0000] {logging_mixin.py:137} INFO - [2023-12-16T14:46:20.052+0000] {manager.py:504} INFO - Created Permission View: can read on DAG:MySQL_to_Redshift_v2
[2023-12-16T14:46:20.053+0000] {logging_mixin.py:137} INFO - [2023-12-16T14:46:20.053+0000] {dag.py:2690} INFO - Sync 1 DAGs
[2023-12-16T14:46:20.066+0000] {logging_mixin.py:137} INFO - [2023-12-16T14:46:20.066+0000] {dag.py:2711} INFO - Creating ORM DAG for MySQL_to_Redshift_v2
[2023-12-16T14:46:20.078+0000] {logging_mixin.py:137} INFO - [2023-12-16T14:46:20.078+0000] {dag.py:3441} INFO - Setting next_dagrun for MySQL_to_Redshift_v2 to 2023-12-15T09:00:00+00:00, run_after=2023-12-16T09:00:00+00:00
[2023-12-16T14:46:20.094+0000] {processor.py:175} INFO - Processing /opt/airflow/dags/MySQL_to_Redshift_v2.py took 1.116 seconds
[2023-12-16T14:46:50.493+0000] {processor.py:153} INFO - Started process (PID=8410) to work on /opt/airflow/dags/MySQL_to_Redshift_v2.py
[2023-12-16T14:46:50.494+0000] {processor.py:743} INFO - Processing file /opt/airflow/dags/MySQL_to_Redshift_v2.py for tasks to queue
[2023-12-16T14:46:50.495+0000] {logging_mixin.py:137} INFO - [2023-12-16T14:46:50.495+0000] {dagbag.py:538} INFO - Filling up the DagBag from /opt/airflow/dags/MySQL_to_Redshift_v2.py
[2023-12-16T14:46:50.888+0000] {logging_mixin.py:137} INFO - SELECT * FROM prod.nps WHERE DATE(created_at) = DATE('{{ execution_date }}')
[2023-12-16T14:46:50.893+0000] {processor.py:753} INFO - DAG(s) dict_keys(['MySQL_to_Redshift_v2']) retrieved from /opt/airflow/dags/MySQL_to_Redshift_v2.py
[2023-12-16T14:46:50.911+0000] {logging_mixin.py:137} INFO - [2023-12-16T14:46:50.910+0000] {dag.py:2690} INFO - Sync 1 DAGs
[2023-12-16T14:46:50.931+0000] {logging_mixin.py:137} INFO - [2023-12-16T14:46:50.931+0000] {dag.py:3441} INFO - Setting next_dagrun for MySQL_to_Redshift_v2 to 2023-12-15T09:00:00+00:00, run_after=2023-12-16T09:00:00+00:00
[2023-12-16T14:46:50.950+0000] {processor.py:175} INFO - Processing /opt/airflow/dags/MySQL_to_Redshift_v2.py took 0.459 seconds
[2023-12-16T14:47:21.496+0000] {processor.py:153} INFO - Started process (PID=8451) to work on /opt/airflow/dags/MySQL_to_Redshift_v2.py
[2023-12-16T14:47:21.497+0000] {processor.py:743} INFO - Processing file /opt/airflow/dags/MySQL_to_Redshift_v2.py for tasks to queue
[2023-12-16T14:47:21.498+0000] {logging_mixin.py:137} INFO - [2023-12-16T14:47:21.498+0000] {dagbag.py:538} INFO - Filling up the DagBag from /opt/airflow/dags/MySQL_to_Redshift_v2.py
[2023-12-16T14:47:21.970+0000] {logging_mixin.py:137} INFO - SELECT * FROM prod.nps WHERE DATE(created_at) = DATE('{{ execution_date }}')
[2023-12-16T14:47:21.976+0000] {processor.py:753} INFO - DAG(s) dict_keys(['MySQL_to_Redshift_v2']) retrieved from /opt/airflow/dags/MySQL_to_Redshift_v2.py
[2023-12-16T14:47:21.994+0000] {logging_mixin.py:137} INFO - [2023-12-16T14:47:21.994+0000] {dag.py:2690} INFO - Sync 1 DAGs
[2023-12-16T14:47:22.016+0000] {logging_mixin.py:137} INFO - [2023-12-16T14:47:22.016+0000] {dag.py:3441} INFO - Setting next_dagrun for MySQL_to_Redshift_v2 to 2023-12-15T09:00:00+00:00, run_after=2023-12-16T09:00:00+00:00
[2023-12-16T14:47:22.034+0000] {processor.py:175} INFO - Processing /opt/airflow/dags/MySQL_to_Redshift_v2.py took 0.540 seconds
[2023-12-16T14:47:32.518+0000] {processor.py:153} INFO - Started process (PID=8455) to work on /opt/airflow/dags/MySQL_to_Redshift_v2.py
[2023-12-16T14:47:32.519+0000] {processor.py:743} INFO - Processing file /opt/airflow/dags/MySQL_to_Redshift_v2.py for tasks to queue
[2023-12-16T14:47:32.520+0000] {logging_mixin.py:137} INFO - [2023-12-16T14:47:32.520+0000] {dagbag.py:538} INFO - Filling up the DagBag from /opt/airflow/dags/MySQL_to_Redshift_v2.py
[2023-12-16T14:47:33.188+0000] {logging_mixin.py:137} INFO - SELECT * FROM prod.nps WHERE DATE(created_at) = DATE('{{ execution_date }}')
[2023-12-16T14:47:33.197+0000] {processor.py:753} INFO - DAG(s) dict_keys(['MySQL_to_Redshift_v2']) retrieved from /opt/airflow/dags/MySQL_to_Redshift_v2.py
[2023-12-16T14:47:33.219+0000] {logging_mixin.py:137} INFO - [2023-12-16T14:47:33.218+0000] {dag.py:2690} INFO - Sync 1 DAGs
[2023-12-16T14:47:33.242+0000] {logging_mixin.py:137} INFO - [2023-12-16T14:47:33.242+0000] {dag.py:3441} INFO - Setting next_dagrun for MySQL_to_Redshift_v2 to 2023-12-15T09:00:00+00:00, run_after=2023-12-16T09:00:00+00:00
[2023-12-16T14:47:33.262+0000] {processor.py:175} INFO - Processing /opt/airflow/dags/MySQL_to_Redshift_v2.py took 0.748 seconds
[2023-12-16T14:48:04.236+0000] {processor.py:153} INFO - Started process (PID=8502) to work on /opt/airflow/dags/MySQL_to_Redshift_v2.py
[2023-12-16T14:48:04.237+0000] {processor.py:743} INFO - Processing file /opt/airflow/dags/MySQL_to_Redshift_v2.py for tasks to queue
[2023-12-16T14:48:04.237+0000] {logging_mixin.py:137} INFO - [2023-12-16T14:48:04.237+0000] {dagbag.py:538} INFO - Filling up the DagBag from /opt/airflow/dags/MySQL_to_Redshift_v2.py
[2023-12-16T14:48:04.710+0000] {logging_mixin.py:137} INFO - SELECT * FROM prod.nps WHERE DATE(created_at) = DATE('{{ execution_date }}')
[2023-12-16T14:48:04.715+0000] {processor.py:753} INFO - DAG(s) dict_keys(['MySQL_to_Redshift_v2']) retrieved from /opt/airflow/dags/MySQL_to_Redshift_v2.py
[2023-12-16T14:48:04.734+0000] {logging_mixin.py:137} INFO - [2023-12-16T14:48:04.734+0000] {dag.py:2690} INFO - Sync 1 DAGs
[2023-12-16T14:48:04.759+0000] {logging_mixin.py:137} INFO - [2023-12-16T14:48:04.759+0000] {dag.py:3441} INFO - Setting next_dagrun for MySQL_to_Redshift_v2 to 2023-12-15T09:00:00+00:00, run_after=2023-12-16T09:00:00+00:00
[2023-12-16T14:48:04.776+0000] {processor.py:175} INFO - Processing /opt/airflow/dags/MySQL_to_Redshift_v2.py took 0.543 seconds
[2023-12-16T14:48:34.890+0000] {processor.py:153} INFO - Started process (PID=8550) to work on /opt/airflow/dags/MySQL_to_Redshift_v2.py
[2023-12-16T14:48:34.891+0000] {processor.py:743} INFO - Processing file /opt/airflow/dags/MySQL_to_Redshift_v2.py for tasks to queue
[2023-12-16T14:48:34.892+0000] {logging_mixin.py:137} INFO - [2023-12-16T14:48:34.892+0000] {dagbag.py:538} INFO - Filling up the DagBag from /opt/airflow/dags/MySQL_to_Redshift_v2.py
[2023-12-16T14:48:35.362+0000] {logging_mixin.py:137} INFO - SELECT * FROM prod.nps WHERE DATE(created_at) = DATE('{{ execution_date }}')
[2023-12-16T14:48:35.367+0000] {processor.py:753} INFO - DAG(s) dict_keys(['MySQL_to_Redshift_v2']) retrieved from /opt/airflow/dags/MySQL_to_Redshift_v2.py
[2023-12-16T14:48:35.389+0000] {logging_mixin.py:137} INFO - [2023-12-16T14:48:35.388+0000] {dag.py:2690} INFO - Sync 1 DAGs
[2023-12-16T14:48:35.443+0000] {processor.py:175} INFO - Processing /opt/airflow/dags/MySQL_to_Redshift_v2.py took 0.555 seconds
[2023-12-16T14:49:05.570+0000] {processor.py:153} INFO - Started process (PID=8587) to work on /opt/airflow/dags/MySQL_to_Redshift_v2.py
[2023-12-16T14:49:05.571+0000] {processor.py:743} INFO - Processing file /opt/airflow/dags/MySQL_to_Redshift_v2.py for tasks to queue
[2023-12-16T14:49:05.572+0000] {logging_mixin.py:137} INFO - [2023-12-16T14:49:05.572+0000] {dagbag.py:538} INFO - Filling up the DagBag from /opt/airflow/dags/MySQL_to_Redshift_v2.py
[2023-12-16T14:49:06.126+0000] {logging_mixin.py:137} INFO - SELECT * FROM prod.nps WHERE DATE(created_at) = DATE('{{ execution_date }}')
[2023-12-16T14:49:06.134+0000] {processor.py:753} INFO - DAG(s) dict_keys(['MySQL_to_Redshift_v2']) retrieved from /opt/airflow/dags/MySQL_to_Redshift_v2.py
[2023-12-16T14:49:06.158+0000] {logging_mixin.py:137} INFO - [2023-12-16T14:49:06.157+0000] {dag.py:2690} INFO - Sync 1 DAGs
[2023-12-16T14:49:06.202+0000] {processor.py:175} INFO - Processing /opt/airflow/dags/MySQL_to_Redshift_v2.py took 0.637 seconds
[2023-12-16T14:49:36.387+0000] {processor.py:153} INFO - Started process (PID=8629) to work on /opt/airflow/dags/MySQL_to_Redshift_v2.py
[2023-12-16T14:49:36.418+0000] {processor.py:743} INFO - Processing file /opt/airflow/dags/MySQL_to_Redshift_v2.py for tasks to queue
[2023-12-16T14:49:36.419+0000] {logging_mixin.py:137} INFO - [2023-12-16T14:49:36.418+0000] {dagbag.py:538} INFO - Filling up the DagBag from /opt/airflow/dags/MySQL_to_Redshift_v2.py
[2023-12-16T14:49:36.899+0000] {logging_mixin.py:137} INFO - SELECT * FROM prod.nps WHERE DATE(created_at) = DATE('{{ execution_date }}')
[2023-12-16T14:49:36.905+0000] {processor.py:753} INFO - DAG(s) dict_keys(['MySQL_to_Redshift_v2']) retrieved from /opt/airflow/dags/MySQL_to_Redshift_v2.py
[2023-12-16T14:49:36.929+0000] {logging_mixin.py:137} INFO - [2023-12-16T14:49:36.928+0000] {dag.py:2690} INFO - Sync 1 DAGs
[2023-12-16T14:49:36.976+0000] {processor.py:175} INFO - Processing /opt/airflow/dags/MySQL_to_Redshift_v2.py took 0.591 seconds
[2023-12-16T14:50:07.057+0000] {processor.py:153} INFO - Started process (PID=8661) to work on /opt/airflow/dags/MySQL_to_Redshift_v2.py
[2023-12-16T14:50:07.058+0000] {processor.py:743} INFO - Processing file /opt/airflow/dags/MySQL_to_Redshift_v2.py for tasks to queue
[2023-12-16T14:50:07.058+0000] {logging_mixin.py:137} INFO - [2023-12-16T14:50:07.058+0000] {dagbag.py:538} INFO - Filling up the DagBag from /opt/airflow/dags/MySQL_to_Redshift_v2.py
[2023-12-16T14:50:07.466+0000] {logging_mixin.py:137} INFO - SELECT * FROM prod.nps WHERE DATE(created_at) = DATE('{{ execution_date }}')
[2023-12-16T14:50:07.471+0000] {processor.py:753} INFO - DAG(s) dict_keys(['MySQL_to_Redshift_v2']) retrieved from /opt/airflow/dags/MySQL_to_Redshift_v2.py
[2023-12-16T14:50:07.490+0000] {logging_mixin.py:137} INFO - [2023-12-16T14:50:07.489+0000] {dag.py:2690} INFO - Sync 1 DAGs
[2023-12-16T14:50:07.527+0000] {processor.py:175} INFO - Processing /opt/airflow/dags/MySQL_to_Redshift_v2.py took 0.473 seconds
[2023-12-16T14:50:37.704+0000] {processor.py:153} INFO - Started process (PID=8702) to work on /opt/airflow/dags/MySQL_to_Redshift_v2.py
[2023-12-16T14:50:37.710+0000] {processor.py:743} INFO - Processing file /opt/airflow/dags/MySQL_to_Redshift_v2.py for tasks to queue
[2023-12-16T14:50:37.710+0000] {logging_mixin.py:137} INFO - [2023-12-16T14:50:37.710+0000] {dagbag.py:538} INFO - Filling up the DagBag from /opt/airflow/dags/MySQL_to_Redshift_v2.py
[2023-12-16T14:50:38.186+0000] {logging_mixin.py:137} INFO - SELECT * FROM prod.nps WHERE DATE(created_at) = DATE('{{ execution_date }}')
[2023-12-16T14:50:38.192+0000] {processor.py:753} INFO - DAG(s) dict_keys(['MySQL_to_Redshift_v2']) retrieved from /opt/airflow/dags/MySQL_to_Redshift_v2.py
[2023-12-16T14:50:38.211+0000] {logging_mixin.py:137} INFO - [2023-12-16T14:50:38.210+0000] {dag.py:2690} INFO - Sync 1 DAGs
[2023-12-16T14:50:38.252+0000] {processor.py:175} INFO - Processing /opt/airflow/dags/MySQL_to_Redshift_v2.py took 0.552 seconds
[2023-12-16T14:51:08.718+0000] {processor.py:153} INFO - Started process (PID=8743) to work on /opt/airflow/dags/MySQL_to_Redshift_v2.py
[2023-12-16T14:51:08.719+0000] {processor.py:743} INFO - Processing file /opt/airflow/dags/MySQL_to_Redshift_v2.py for tasks to queue
[2023-12-16T14:51:08.720+0000] {logging_mixin.py:137} INFO - [2023-12-16T14:51:08.719+0000] {dagbag.py:538} INFO - Filling up the DagBag from /opt/airflow/dags/MySQL_to_Redshift_v2.py
[2023-12-16T14:51:09.261+0000] {logging_mixin.py:137} INFO - SELECT * FROM prod.nps WHERE DATE(created_at) = DATE('{{ execution_date }}')
[2023-12-16T14:51:09.267+0000] {processor.py:753} INFO - DAG(s) dict_keys(['MySQL_to_Redshift_v2']) retrieved from /opt/airflow/dags/MySQL_to_Redshift_v2.py
[2023-12-16T14:51:09.287+0000] {logging_mixin.py:137} INFO - [2023-12-16T14:51:09.287+0000] {dag.py:2690} INFO - Sync 1 DAGs
[2023-12-16T14:51:09.364+0000] {processor.py:175} INFO - Processing /opt/airflow/dags/MySQL_to_Redshift_v2.py took 0.654 seconds
[2023-12-16T14:51:39.481+0000] {processor.py:153} INFO - Started process (PID=8781) to work on /opt/airflow/dags/MySQL_to_Redshift_v2.py
[2023-12-16T14:51:39.490+0000] {processor.py:743} INFO - Processing file /opt/airflow/dags/MySQL_to_Redshift_v2.py for tasks to queue
[2023-12-16T14:51:39.491+0000] {logging_mixin.py:137} INFO - [2023-12-16T14:51:39.491+0000] {dagbag.py:538} INFO - Filling up the DagBag from /opt/airflow/dags/MySQL_to_Redshift_v2.py
[2023-12-16T14:51:40.053+0000] {logging_mixin.py:137} INFO - SELECT * FROM prod.nps WHERE DATE(created_at) = DATE('{{ execution_date }}')
[2023-12-16T14:51:40.059+0000] {processor.py:753} INFO - DAG(s) dict_keys(['MySQL_to_Redshift_v2']) retrieved from /opt/airflow/dags/MySQL_to_Redshift_v2.py
[2023-12-16T14:51:40.090+0000] {logging_mixin.py:137} INFO - [2023-12-16T14:51:40.089+0000] {dag.py:2690} INFO - Sync 1 DAGs
[2023-12-16T14:51:40.141+0000] {processor.py:175} INFO - Processing /opt/airflow/dags/MySQL_to_Redshift_v2.py took 0.683 seconds
[2023-12-16T14:52:10.324+0000] {processor.py:153} INFO - Started process (PID=8833) to work on /opt/airflow/dags/MySQL_to_Redshift_v2.py
[2023-12-16T14:52:10.325+0000] {processor.py:743} INFO - Processing file /opt/airflow/dags/MySQL_to_Redshift_v2.py for tasks to queue
[2023-12-16T14:52:10.325+0000] {logging_mixin.py:137} INFO - [2023-12-16T14:52:10.325+0000] {dagbag.py:538} INFO - Filling up the DagBag from /opt/airflow/dags/MySQL_to_Redshift_v2.py
[2023-12-16T14:52:10.938+0000] {logging_mixin.py:137} INFO - SELECT * FROM prod.nps WHERE DATE(created_at) = DATE('{{ execution_date }}')
[2023-12-16T14:52:10.944+0000] {processor.py:753} INFO - DAG(s) dict_keys(['MySQL_to_Redshift_v2']) retrieved from /opt/airflow/dags/MySQL_to_Redshift_v2.py
[2023-12-16T14:52:10.983+0000] {logging_mixin.py:137} INFO - [2023-12-16T14:52:10.982+0000] {dag.py:2690} INFO - Sync 1 DAGs
[2023-12-16T14:52:11.059+0000] {processor.py:175} INFO - Processing /opt/airflow/dags/MySQL_to_Redshift_v2.py took 0.738 seconds
[2023-12-16T14:52:41.411+0000] {processor.py:153} INFO - Started process (PID=8864) to work on /opt/airflow/dags/MySQL_to_Redshift_v2.py
[2023-12-16T14:52:41.412+0000] {processor.py:743} INFO - Processing file /opt/airflow/dags/MySQL_to_Redshift_v2.py for tasks to queue
[2023-12-16T14:52:41.413+0000] {logging_mixin.py:137} INFO - [2023-12-16T14:52:41.413+0000] {dagbag.py:538} INFO - Filling up the DagBag from /opt/airflow/dags/MySQL_to_Redshift_v2.py
[2023-12-16T14:52:41.862+0000] {logging_mixin.py:137} INFO - SELECT * FROM prod.nps WHERE DATE(created_at) = DATE('{{ execution_date }}')
[2023-12-16T14:52:41.868+0000] {processor.py:753} INFO - DAG(s) dict_keys(['MySQL_to_Redshift_v2']) retrieved from /opt/airflow/dags/MySQL_to_Redshift_v2.py
[2023-12-16T14:52:41.885+0000] {logging_mixin.py:137} INFO - [2023-12-16T14:52:41.885+0000] {dag.py:2690} INFO - Sync 1 DAGs
[2023-12-16T14:52:41.921+0000] {processor.py:175} INFO - Processing /opt/airflow/dags/MySQL_to_Redshift_v2.py took 0.519 seconds
[2023-12-16T14:53:12.369+0000] {processor.py:153} INFO - Started process (PID=8915) to work on /opt/airflow/dags/MySQL_to_Redshift_v2.py
[2023-12-16T14:53:12.370+0000] {processor.py:743} INFO - Processing file /opt/airflow/dags/MySQL_to_Redshift_v2.py for tasks to queue
[2023-12-16T14:53:12.370+0000] {logging_mixin.py:137} INFO - [2023-12-16T14:53:12.370+0000] {dagbag.py:538} INFO - Filling up the DagBag from /opt/airflow/dags/MySQL_to_Redshift_v2.py
[2023-12-16T14:53:12.776+0000] {logging_mixin.py:137} INFO - SELECT * FROM prod.nps WHERE DATE(created_at) = DATE('{{ execution_date }}')
[2023-12-16T14:53:12.782+0000] {processor.py:753} INFO - DAG(s) dict_keys(['MySQL_to_Redshift_v2']) retrieved from /opt/airflow/dags/MySQL_to_Redshift_v2.py
[2023-12-16T14:53:12.801+0000] {logging_mixin.py:137} INFO - [2023-12-16T14:53:12.800+0000] {dag.py:2690} INFO - Sync 1 DAGs
[2023-12-16T14:53:12.840+0000] {processor.py:175} INFO - Processing /opt/airflow/dags/MySQL_to_Redshift_v2.py took 0.473 seconds
[2023-12-16T14:53:43.325+0000] {processor.py:153} INFO - Started process (PID=8951) to work on /opt/airflow/dags/MySQL_to_Redshift_v2.py
[2023-12-16T14:53:43.326+0000] {processor.py:743} INFO - Processing file /opt/airflow/dags/MySQL_to_Redshift_v2.py for tasks to queue
[2023-12-16T14:53:43.326+0000] {logging_mixin.py:137} INFO - [2023-12-16T14:53:43.326+0000] {dagbag.py:538} INFO - Filling up the DagBag from /opt/airflow/dags/MySQL_to_Redshift_v2.py
[2023-12-16T14:53:43.744+0000] {logging_mixin.py:137} INFO - SELECT * FROM prod.nps WHERE DATE(created_at) = DATE('{{ execution_date }}')
[2023-12-16T14:53:43.749+0000] {processor.py:753} INFO - DAG(s) dict_keys(['MySQL_to_Redshift_v2']) retrieved from /opt/airflow/dags/MySQL_to_Redshift_v2.py
[2023-12-16T14:53:43.766+0000] {logging_mixin.py:137} INFO - [2023-12-16T14:53:43.766+0000] {dag.py:2690} INFO - Sync 1 DAGs
[2023-12-16T14:53:43.802+0000] {processor.py:175} INFO - Processing /opt/airflow/dags/MySQL_to_Redshift_v2.py took 0.479 seconds
[2023-12-16T14:54:13.991+0000] {processor.py:153} INFO - Started process (PID=8982) to work on /opt/airflow/dags/MySQL_to_Redshift_v2.py
[2023-12-16T14:54:13.992+0000] {processor.py:743} INFO - Processing file /opt/airflow/dags/MySQL_to_Redshift_v2.py for tasks to queue
[2023-12-16T14:54:13.993+0000] {logging_mixin.py:137} INFO - [2023-12-16T14:54:13.993+0000] {dagbag.py:538} INFO - Filling up the DagBag from /opt/airflow/dags/MySQL_to_Redshift_v2.py
[2023-12-16T14:54:15.094+0000] {logging_mixin.py:137} INFO - SELECT * FROM prod.nps WHERE DATE(created_at) = DATE('{{ execution_date }}')
[2023-12-16T14:54:15.113+0000] {processor.py:753} INFO - DAG(s) dict_keys(['MySQL_to_Redshift_v2']) retrieved from /opt/airflow/dags/MySQL_to_Redshift_v2.py
[2023-12-16T14:54:15.160+0000] {logging_mixin.py:137} INFO - [2023-12-16T14:54:15.159+0000] {dag.py:2690} INFO - Sync 1 DAGs
[2023-12-16T14:54:15.295+0000] {processor.py:175} INFO - Processing /opt/airflow/dags/MySQL_to_Redshift_v2.py took 1.310 seconds
[2023-12-16T14:54:45.348+0000] {processor.py:153} INFO - Started process (PID=9022) to work on /opt/airflow/dags/MySQL_to_Redshift_v2.py
[2023-12-16T14:54:45.349+0000] {processor.py:743} INFO - Processing file /opt/airflow/dags/MySQL_to_Redshift_v2.py for tasks to queue
[2023-12-16T14:54:45.350+0000] {logging_mixin.py:137} INFO - [2023-12-16T14:54:45.350+0000] {dagbag.py:538} INFO - Filling up the DagBag from /opt/airflow/dags/MySQL_to_Redshift_v2.py
[2023-12-16T14:54:45.794+0000] {logging_mixin.py:137} INFO - SELECT * FROM prod.nps WHERE DATE(created_at) = DATE('{{ execution_date }}')
[2023-12-16T14:54:45.799+0000] {processor.py:753} INFO - DAG(s) dict_keys(['MySQL_to_Redshift_v2']) retrieved from /opt/airflow/dags/MySQL_to_Redshift_v2.py
[2023-12-16T14:54:45.820+0000] {logging_mixin.py:137} INFO - [2023-12-16T14:54:45.819+0000] {dag.py:2690} INFO - Sync 1 DAGs
[2023-12-16T14:54:45.862+0000] {processor.py:175} INFO - Processing /opt/airflow/dags/MySQL_to_Redshift_v2.py took 0.516 seconds
[2023-12-16T14:55:15.889+0000] {processor.py:153} INFO - Started process (PID=9053) to work on /opt/airflow/dags/MySQL_to_Redshift_v2.py
[2023-12-16T14:55:15.890+0000] {processor.py:743} INFO - Processing file /opt/airflow/dags/MySQL_to_Redshift_v2.py for tasks to queue
[2023-12-16T14:55:15.891+0000] {logging_mixin.py:137} INFO - [2023-12-16T14:55:15.891+0000] {dagbag.py:538} INFO - Filling up the DagBag from /opt/airflow/dags/MySQL_to_Redshift_v2.py
[2023-12-16T14:55:16.300+0000] {logging_mixin.py:137} INFO - SELECT * FROM prod.nps WHERE DATE(created_at) = DATE('{{ execution_date }}')
[2023-12-16T14:55:16.305+0000] {processor.py:753} INFO - DAG(s) dict_keys(['MySQL_to_Redshift_v2']) retrieved from /opt/airflow/dags/MySQL_to_Redshift_v2.py
[2023-12-16T14:55:16.324+0000] {logging_mixin.py:137} INFO - [2023-12-16T14:55:16.324+0000] {dag.py:2690} INFO - Sync 1 DAGs
[2023-12-16T14:55:16.362+0000] {processor.py:175} INFO - Processing /opt/airflow/dags/MySQL_to_Redshift_v2.py took 0.476 seconds
[2023-12-16T14:55:46.842+0000] {processor.py:153} INFO - Started process (PID=9109) to work on /opt/airflow/dags/MySQL_to_Redshift_v2.py
[2023-12-16T14:55:46.843+0000] {processor.py:743} INFO - Processing file /opt/airflow/dags/MySQL_to_Redshift_v2.py for tasks to queue
[2023-12-16T14:55:46.844+0000] {logging_mixin.py:137} INFO - [2023-12-16T14:55:46.844+0000] {dagbag.py:538} INFO - Filling up the DagBag from /opt/airflow/dags/MySQL_to_Redshift_v2.py
[2023-12-16T14:55:47.274+0000] {logging_mixin.py:137} INFO - SELECT * FROM prod.nps WHERE DATE(created_at) = DATE('{{ execution_date }}')
[2023-12-16T14:55:47.280+0000] {processor.py:753} INFO - DAG(s) dict_keys(['MySQL_to_Redshift_v2']) retrieved from /opt/airflow/dags/MySQL_to_Redshift_v2.py
[2023-12-16T14:55:47.298+0000] {logging_mixin.py:137} INFO - [2023-12-16T14:55:47.297+0000] {dag.py:2690} INFO - Sync 1 DAGs
[2023-12-16T14:55:47.336+0000] {processor.py:175} INFO - Processing /opt/airflow/dags/MySQL_to_Redshift_v2.py took 0.496 seconds
[2023-12-16T14:56:17.435+0000] {processor.py:153} INFO - Started process (PID=9162) to work on /opt/airflow/dags/MySQL_to_Redshift_v2.py
[2023-12-16T14:56:17.436+0000] {processor.py:743} INFO - Processing file /opt/airflow/dags/MySQL_to_Redshift_v2.py for tasks to queue
[2023-12-16T14:56:17.437+0000] {logging_mixin.py:137} INFO - [2023-12-16T14:56:17.436+0000] {dagbag.py:538} INFO - Filling up the DagBag from /opt/airflow/dags/MySQL_to_Redshift_v2.py
[2023-12-16T14:56:17.969+0000] {logging_mixin.py:137} INFO - SELECT * FROM prod.nps WHERE DATE(created_at) = DATE('{{ execution_date }}')
[2023-12-16T14:56:17.977+0000] {processor.py:753} INFO - DAG(s) dict_keys(['MySQL_to_Redshift_v2']) retrieved from /opt/airflow/dags/MySQL_to_Redshift_v2.py
[2023-12-16T14:56:18.002+0000] {logging_mixin.py:137} INFO - [2023-12-16T14:56:18.001+0000] {dag.py:2690} INFO - Sync 1 DAGs
[2023-12-16T14:56:18.060+0000] {processor.py:175} INFO - Processing /opt/airflow/dags/MySQL_to_Redshift_v2.py took 0.627 seconds
[2023-12-16T14:56:48.481+0000] {processor.py:153} INFO - Started process (PID=9209) to work on /opt/airflow/dags/MySQL_to_Redshift_v2.py
[2023-12-16T14:56:48.482+0000] {processor.py:743} INFO - Processing file /opt/airflow/dags/MySQL_to_Redshift_v2.py for tasks to queue
[2023-12-16T14:56:48.483+0000] {logging_mixin.py:137} INFO - [2023-12-16T14:56:48.483+0000] {dagbag.py:538} INFO - Filling up the DagBag from /opt/airflow/dags/MySQL_to_Redshift_v2.py
[2023-12-16T14:56:48.891+0000] {logging_mixin.py:137} INFO - SELECT * FROM prod.nps WHERE DATE(created_at) = DATE('{{ execution_date }}')
[2023-12-16T14:56:48.896+0000] {processor.py:753} INFO - DAG(s) dict_keys(['MySQL_to_Redshift_v2']) retrieved from /opt/airflow/dags/MySQL_to_Redshift_v2.py
[2023-12-16T14:56:48.924+0000] {logging_mixin.py:137} INFO - [2023-12-16T14:56:48.923+0000] {dag.py:2690} INFO - Sync 1 DAGs
[2023-12-16T14:56:48.965+0000] {processor.py:175} INFO - Processing /opt/airflow/dags/MySQL_to_Redshift_v2.py took 0.486 seconds
[2023-12-16T14:57:19.435+0000] {processor.py:153} INFO - Started process (PID=9256) to work on /opt/airflow/dags/MySQL_to_Redshift_v2.py
[2023-12-16T14:57:19.435+0000] {processor.py:743} INFO - Processing file /opt/airflow/dags/MySQL_to_Redshift_v2.py for tasks to queue
[2023-12-16T14:57:19.444+0000] {logging_mixin.py:137} INFO - [2023-12-16T14:57:19.444+0000] {dagbag.py:538} INFO - Filling up the DagBag from /opt/airflow/dags/MySQL_to_Redshift_v2.py
[2023-12-16T14:57:20.108+0000] {logging_mixin.py:137} INFO - SELECT * FROM prod.nps WHERE DATE(created_at) = DATE('{{ execution_date }}')
[2023-12-16T14:57:20.114+0000] {processor.py:753} INFO - DAG(s) dict_keys(['MySQL_to_Redshift_v2']) retrieved from /opt/airflow/dags/MySQL_to_Redshift_v2.py
[2023-12-16T14:57:20.136+0000] {logging_mixin.py:137} INFO - [2023-12-16T14:57:20.136+0000] {dag.py:2690} INFO - Sync 1 DAGs
[2023-12-16T14:57:20.200+0000] {processor.py:175} INFO - Processing /opt/airflow/dags/MySQL_to_Redshift_v2.py took 0.774 seconds
[2023-12-16T14:57:50.268+0000] {processor.py:153} INFO - Started process (PID=9293) to work on /opt/airflow/dags/MySQL_to_Redshift_v2.py
[2023-12-16T14:57:50.269+0000] {processor.py:743} INFO - Processing file /opt/airflow/dags/MySQL_to_Redshift_v2.py for tasks to queue
[2023-12-16T14:57:50.270+0000] {logging_mixin.py:137} INFO - [2023-12-16T14:57:50.269+0000] {dagbag.py:538} INFO - Filling up the DagBag from /opt/airflow/dags/MySQL_to_Redshift_v2.py
[2023-12-16T14:57:50.677+0000] {logging_mixin.py:137} INFO - SELECT * FROM prod.nps WHERE DATE(created_at) = DATE('{{ execution_date }}')
[2023-12-16T14:57:50.682+0000] {processor.py:753} INFO - DAG(s) dict_keys(['MySQL_to_Redshift_v2']) retrieved from /opt/airflow/dags/MySQL_to_Redshift_v2.py
[2023-12-16T14:57:50.701+0000] {logging_mixin.py:137} INFO - [2023-12-16T14:57:50.700+0000] {dag.py:2690} INFO - Sync 1 DAGs
[2023-12-16T14:57:50.740+0000] {processor.py:175} INFO - Processing /opt/airflow/dags/MySQL_to_Redshift_v2.py took 0.474 seconds
[2023-12-16T14:58:20.836+0000] {processor.py:153} INFO - Started process (PID=9345) to work on /opt/airflow/dags/MySQL_to_Redshift_v2.py
[2023-12-16T14:58:20.837+0000] {processor.py:743} INFO - Processing file /opt/airflow/dags/MySQL_to_Redshift_v2.py for tasks to queue
[2023-12-16T14:58:20.838+0000] {logging_mixin.py:137} INFO - [2023-12-16T14:58:20.838+0000] {dagbag.py:538} INFO - Filling up the DagBag from /opt/airflow/dags/MySQL_to_Redshift_v2.py
[2023-12-16T14:58:21.240+0000] {logging_mixin.py:137} INFO - SELECT * FROM prod.nps WHERE DATE(created_at) = DATE('{{ execution_date }}')
[2023-12-16T14:58:21.246+0000] {processor.py:753} INFO - DAG(s) dict_keys(['MySQL_to_Redshift_v2']) retrieved from /opt/airflow/dags/MySQL_to_Redshift_v2.py
[2023-12-16T14:58:21.263+0000] {logging_mixin.py:137} INFO - [2023-12-16T14:58:21.263+0000] {dag.py:2690} INFO - Sync 1 DAGs
[2023-12-16T14:58:21.300+0000] {processor.py:175} INFO - Processing /opt/airflow/dags/MySQL_to_Redshift_v2.py took 0.466 seconds
[2023-12-16T14:58:51.784+0000] {processor.py:153} INFO - Started process (PID=9383) to work on /opt/airflow/dags/MySQL_to_Redshift_v2.py
[2023-12-16T14:58:51.785+0000] {processor.py:743} INFO - Processing file /opt/airflow/dags/MySQL_to_Redshift_v2.py for tasks to queue
[2023-12-16T14:58:51.786+0000] {logging_mixin.py:137} INFO - [2023-12-16T14:58:51.786+0000] {dagbag.py:538} INFO - Filling up the DagBag from /opt/airflow/dags/MySQL_to_Redshift_v2.py
[2023-12-16T14:58:52.353+0000] {logging_mixin.py:137} INFO - SELECT * FROM prod.nps WHERE DATE(created_at) = DATE('{{ execution_date }}')
[2023-12-16T14:58:52.362+0000] {processor.py:753} INFO - DAG(s) dict_keys(['MySQL_to_Redshift_v2']) retrieved from /opt/airflow/dags/MySQL_to_Redshift_v2.py
[2023-12-16T14:58:52.387+0000] {logging_mixin.py:137} INFO - [2023-12-16T14:58:52.387+0000] {dag.py:2690} INFO - Sync 1 DAGs
[2023-12-16T14:58:52.436+0000] {processor.py:175} INFO - Processing /opt/airflow/dags/MySQL_to_Redshift_v2.py took 0.654 seconds
[2023-12-16T14:59:22.530+0000] {processor.py:153} INFO - Started process (PID=9435) to work on /opt/airflow/dags/MySQL_to_Redshift_v2.py
[2023-12-16T14:59:22.531+0000] {processor.py:743} INFO - Processing file /opt/airflow/dags/MySQL_to_Redshift_v2.py for tasks to queue
[2023-12-16T14:59:22.531+0000] {logging_mixin.py:137} INFO - [2023-12-16T14:59:22.531+0000] {dagbag.py:538} INFO - Filling up the DagBag from /opt/airflow/dags/MySQL_to_Redshift_v2.py
[2023-12-16T14:59:22.931+0000] {logging_mixin.py:137} INFO - SELECT * FROM prod.nps WHERE DATE(created_at) = DATE('{{ execution_date }}')
[2023-12-16T14:59:22.936+0000] {processor.py:753} INFO - DAG(s) dict_keys(['MySQL_to_Redshift_v2']) retrieved from /opt/airflow/dags/MySQL_to_Redshift_v2.py
[2023-12-16T14:59:22.955+0000] {logging_mixin.py:137} INFO - [2023-12-16T14:59:22.955+0000] {dag.py:2690} INFO - Sync 1 DAGs
[2023-12-16T14:59:22.999+0000] {processor.py:175} INFO - Processing /opt/airflow/dags/MySQL_to_Redshift_v2.py took 0.471 seconds
[2023-12-16T14:59:53.483+0000] {processor.py:153} INFO - Started process (PID=9475) to work on /opt/airflow/dags/MySQL_to_Redshift_v2.py
[2023-12-16T14:59:53.484+0000] {processor.py:743} INFO - Processing file /opt/airflow/dags/MySQL_to_Redshift_v2.py for tasks to queue
[2023-12-16T14:59:53.484+0000] {logging_mixin.py:137} INFO - [2023-12-16T14:59:53.484+0000] {dagbag.py:538} INFO - Filling up the DagBag from /opt/airflow/dags/MySQL_to_Redshift_v2.py
[2023-12-16T14:59:53.984+0000] {logging_mixin.py:137} INFO - SELECT * FROM prod.nps WHERE DATE(created_at) = DATE('{{ execution_date }}')
[2023-12-16T14:59:53.989+0000] {processor.py:753} INFO - DAG(s) dict_keys(['MySQL_to_Redshift_v2']) retrieved from /opt/airflow/dags/MySQL_to_Redshift_v2.py
[2023-12-16T14:59:54.008+0000] {logging_mixin.py:137} INFO - [2023-12-16T14:59:54.007+0000] {dag.py:2690} INFO - Sync 1 DAGs
[2023-12-16T14:59:54.044+0000] {processor.py:175} INFO - Processing /opt/airflow/dags/MySQL_to_Redshift_v2.py took 0.565 seconds
[2023-12-16T15:00:24.288+0000] {processor.py:153} INFO - Started process (PID=9507) to work on /opt/airflow/dags/MySQL_to_Redshift_v2.py
[2023-12-16T15:00:24.289+0000] {processor.py:743} INFO - Processing file /opt/airflow/dags/MySQL_to_Redshift_v2.py for tasks to queue
[2023-12-16T15:00:24.289+0000] {logging_mixin.py:137} INFO - [2023-12-16T15:00:24.289+0000] {dagbag.py:538} INFO - Filling up the DagBag from /opt/airflow/dags/MySQL_to_Redshift_v2.py
[2023-12-16T15:00:24.690+0000] {logging_mixin.py:137} INFO - SELECT * FROM prod.nps WHERE DATE(created_at) = DATE('{{ execution_date }}')
[2023-12-16T15:00:24.695+0000] {processor.py:753} INFO - DAG(s) dict_keys(['MySQL_to_Redshift_v2']) retrieved from /opt/airflow/dags/MySQL_to_Redshift_v2.py
[2023-12-16T15:00:24.714+0000] {logging_mixin.py:137} INFO - [2023-12-16T15:00:24.714+0000] {dag.py:2690} INFO - Sync 1 DAGs
[2023-12-16T15:00:24.772+0000] {processor.py:175} INFO - Processing /opt/airflow/dags/MySQL_to_Redshift_v2.py took 0.486 seconds
[2023-12-16T15:00:54.959+0000] {processor.py:153} INFO - Started process (PID=9549) to work on /opt/airflow/dags/MySQL_to_Redshift_v2.py
[2023-12-16T15:00:54.960+0000] {processor.py:743} INFO - Processing file /opt/airflow/dags/MySQL_to_Redshift_v2.py for tasks to queue
[2023-12-16T15:00:54.960+0000] {logging_mixin.py:137} INFO - [2023-12-16T15:00:54.960+0000] {dagbag.py:538} INFO - Filling up the DagBag from /opt/airflow/dags/MySQL_to_Redshift_v2.py
[2023-12-16T15:00:55.383+0000] {logging_mixin.py:137} INFO - SELECT * FROM prod.nps WHERE DATE(created_at) = DATE('{{ execution_date }}')
[2023-12-16T15:00:55.388+0000] {processor.py:753} INFO - DAG(s) dict_keys(['MySQL_to_Redshift_v2']) retrieved from /opt/airflow/dags/MySQL_to_Redshift_v2.py
[2023-12-16T15:00:55.407+0000] {logging_mixin.py:137} INFO - [2023-12-16T15:00:55.407+0000] {dag.py:2690} INFO - Sync 1 DAGs
[2023-12-16T15:00:55.444+0000] {processor.py:175} INFO - Processing /opt/airflow/dags/MySQL_to_Redshift_v2.py took 0.487 seconds
[2023-12-16T15:03:29.231+0000] {processor.py:153} INFO - Started process (PID=101) to work on /opt/airflow/dags/MySQL_to_Redshift_v2.py
[2023-12-16T15:03:29.234+0000] {processor.py:743} INFO - Processing file /opt/airflow/dags/MySQL_to_Redshift_v2.py for tasks to queue
[2023-12-16T15:03:29.235+0000] {logging_mixin.py:137} INFO - [2023-12-16T15:03:29.235+0000] {dagbag.py:538} INFO - Filling up the DagBag from /opt/airflow/dags/MySQL_to_Redshift_v2.py
[2023-12-16T15:03:32.516+0000] {logging_mixin.py:137} INFO - SELECT * FROM prod.nps WHERE DATE(created_at) = DATE('{{ execution_date }}')
[2023-12-16T15:03:32.750+0000] {processor.py:753} INFO - DAG(s) dict_keys(['MySQL_to_Redshift_v2']) retrieved from /opt/airflow/dags/MySQL_to_Redshift_v2.py
[2023-12-16T15:03:32.872+0000] {logging_mixin.py:137} INFO - [2023-12-16T15:03:32.871+0000] {dag.py:2690} INFO - Sync 1 DAGs
[2023-12-16T15:03:32.950+0000] {processor.py:175} INFO - Processing /opt/airflow/dags/MySQL_to_Redshift_v2.py took 3.766 seconds
[2023-12-16T15:04:03.086+0000] {processor.py:153} INFO - Started process (PID=132) to work on /opt/airflow/dags/MySQL_to_Redshift_v2.py
[2023-12-16T15:04:03.100+0000] {processor.py:743} INFO - Processing file /opt/airflow/dags/MySQL_to_Redshift_v2.py for tasks to queue
[2023-12-16T15:04:03.100+0000] {logging_mixin.py:137} INFO - [2023-12-16T15:04:03.100+0000] {dagbag.py:538} INFO - Filling up the DagBag from /opt/airflow/dags/MySQL_to_Redshift_v2.py
[2023-12-16T15:04:06.356+0000] {logging_mixin.py:137} INFO - SELECT * FROM prod.nps WHERE DATE(created_at) = DATE('{{ execution_date }}')
[2023-12-16T15:04:06.428+0000] {processor.py:753} INFO - DAG(s) dict_keys(['MySQL_to_Redshift_v2']) retrieved from /opt/airflow/dags/MySQL_to_Redshift_v2.py
[2023-12-16T15:04:06.488+0000] {logging_mixin.py:137} INFO - [2023-12-16T15:04:06.488+0000] {dag.py:2690} INFO - Sync 1 DAGs
[2023-12-16T15:04:06.620+0000] {processor.py:175} INFO - Processing /opt/airflow/dags/MySQL_to_Redshift_v2.py took 3.538 seconds
[2023-12-16T15:04:36.793+0000] {processor.py:153} INFO - Started process (PID=173) to work on /opt/airflow/dags/MySQL_to_Redshift_v2.py
[2023-12-16T15:04:36.794+0000] {processor.py:743} INFO - Processing file /opt/airflow/dags/MySQL_to_Redshift_v2.py for tasks to queue
[2023-12-16T15:04:36.795+0000] {logging_mixin.py:137} INFO - [2023-12-16T15:04:36.794+0000] {dagbag.py:538} INFO - Filling up the DagBag from /opt/airflow/dags/MySQL_to_Redshift_v2.py
[2023-12-16T15:04:37.294+0000] {logging_mixin.py:137} INFO - SELECT * FROM prod.nps WHERE DATE(created_at) = DATE('{{ execution_date }}')
[2023-12-16T15:04:37.300+0000] {processor.py:753} INFO - DAG(s) dict_keys(['MySQL_to_Redshift_v2']) retrieved from /opt/airflow/dags/MySQL_to_Redshift_v2.py
[2023-12-16T15:04:37.322+0000] {logging_mixin.py:137} INFO - [2023-12-16T15:04:37.322+0000] {dag.py:2690} INFO - Sync 1 DAGs
[2023-12-16T15:04:37.377+0000] {processor.py:175} INFO - Processing /opt/airflow/dags/MySQL_to_Redshift_v2.py took 0.586 seconds
[2023-12-16T15:05:07.428+0000] {processor.py:153} INFO - Started process (PID=204) to work on /opt/airflow/dags/MySQL_to_Redshift_v2.py
[2023-12-16T15:05:07.428+0000] {processor.py:743} INFO - Processing file /opt/airflow/dags/MySQL_to_Redshift_v2.py for tasks to queue
[2023-12-16T15:05:07.429+0000] {logging_mixin.py:137} INFO - [2023-12-16T15:05:07.429+0000] {dagbag.py:538} INFO - Filling up the DagBag from /opt/airflow/dags/MySQL_to_Redshift_v2.py
[2023-12-16T15:05:08.031+0000] {logging_mixin.py:137} INFO - SELECT * FROM prod.nps WHERE DATE(created_at) = DATE('{{ execution_date }}')
[2023-12-16T15:05:08.052+0000] {processor.py:753} INFO - DAG(s) dict_keys(['MySQL_to_Redshift_v2']) retrieved from /opt/airflow/dags/MySQL_to_Redshift_v2.py
[2023-12-16T15:05:08.108+0000] {logging_mixin.py:137} INFO - [2023-12-16T15:05:08.107+0000] {dag.py:2690} INFO - Sync 1 DAGs
[2023-12-16T15:05:08.218+0000] {processor.py:175} INFO - Processing /opt/airflow/dags/MySQL_to_Redshift_v2.py took 0.793 seconds
[2023-12-16T15:05:38.807+0000] {processor.py:153} INFO - Started process (PID=245) to work on /opt/airflow/dags/MySQL_to_Redshift_v2.py
[2023-12-16T15:05:38.809+0000] {processor.py:743} INFO - Processing file /opt/airflow/dags/MySQL_to_Redshift_v2.py for tasks to queue
[2023-12-16T15:05:38.810+0000] {logging_mixin.py:137} INFO - [2023-12-16T15:05:38.810+0000] {dagbag.py:538} INFO - Filling up the DagBag from /opt/airflow/dags/MySQL_to_Redshift_v2.py
[2023-12-16T15:05:39.374+0000] {logging_mixin.py:137} INFO - SELECT * FROM prod.nps WHERE DATE(created_at) = DATE('{{ execution_date }}')
[2023-12-16T15:05:39.382+0000] {processor.py:753} INFO - DAG(s) dict_keys(['MySQL_to_Redshift_v2']) retrieved from /opt/airflow/dags/MySQL_to_Redshift_v2.py
[2023-12-16T15:05:39.405+0000] {logging_mixin.py:137} INFO - [2023-12-16T15:05:39.405+0000] {dag.py:2690} INFO - Sync 1 DAGs
[2023-12-16T15:05:39.469+0000] {processor.py:175} INFO - Processing /opt/airflow/dags/MySQL_to_Redshift_v2.py took 0.665 seconds
[2023-12-16T15:06:09.522+0000] {processor.py:153} INFO - Started process (PID=275) to work on /opt/airflow/dags/MySQL_to_Redshift_v2.py
[2023-12-16T15:06:09.527+0000] {processor.py:743} INFO - Processing file /opt/airflow/dags/MySQL_to_Redshift_v2.py for tasks to queue
[2023-12-16T15:06:09.529+0000] {logging_mixin.py:137} INFO - [2023-12-16T15:06:09.528+0000] {dagbag.py:538} INFO - Filling up the DagBag from /opt/airflow/dags/MySQL_to_Redshift_v2.py
[2023-12-16T15:06:10.487+0000] {logging_mixin.py:137} INFO - SELECT * FROM prod.nps WHERE DATE(created_at) = DATE('{{ execution_date }}')
[2023-12-16T15:06:10.577+0000] {processor.py:753} INFO - DAG(s) dict_keys(['MySQL_to_Redshift_v2']) retrieved from /opt/airflow/dags/MySQL_to_Redshift_v2.py
[2023-12-16T15:06:11.074+0000] {logging_mixin.py:137} INFO - [2023-12-16T15:06:11.073+0000] {dag.py:2690} INFO - Sync 1 DAGs
[2023-12-16T15:06:11.320+0000] {processor.py:175} INFO - Processing /opt/airflow/dags/MySQL_to_Redshift_v2.py took 1.800 seconds
[2023-12-16T15:06:42.213+0000] {processor.py:153} INFO - Started process (PID=321) to work on /opt/airflow/dags/MySQL_to_Redshift_v2.py
[2023-12-16T15:06:42.214+0000] {processor.py:743} INFO - Processing file /opt/airflow/dags/MySQL_to_Redshift_v2.py for tasks to queue
[2023-12-16T15:06:42.214+0000] {logging_mixin.py:137} INFO - [2023-12-16T15:06:42.214+0000] {dagbag.py:538} INFO - Filling up the DagBag from /opt/airflow/dags/MySQL_to_Redshift_v2.py
[2023-12-16T15:06:42.584+0000] {logging_mixin.py:137} INFO - SELECT * FROM prod.nps WHERE DATE(created_at) = DATE('{{ execution_date }}')
[2023-12-16T15:06:42.714+0000] {processor.py:753} INFO - DAG(s) dict_keys(['MySQL_to_Redshift_v2']) retrieved from /opt/airflow/dags/MySQL_to_Redshift_v2.py
[2023-12-16T15:06:42.735+0000] {logging_mixin.py:137} INFO - [2023-12-16T15:06:42.734+0000] {dag.py:2690} INFO - Sync 1 DAGs
[2023-12-16T15:06:42.823+0000] {processor.py:175} INFO - Processing /opt/airflow/dags/MySQL_to_Redshift_v2.py took 0.612 seconds
[2023-12-16T15:07:13.046+0000] {processor.py:153} INFO - Started process (PID=359) to work on /opt/airflow/dags/MySQL_to_Redshift_v2.py
[2023-12-16T15:07:13.065+0000] {processor.py:743} INFO - Processing file /opt/airflow/dags/MySQL_to_Redshift_v2.py for tasks to queue
[2023-12-16T15:07:13.065+0000] {logging_mixin.py:137} INFO - [2023-12-16T15:07:13.065+0000] {dagbag.py:538} INFO - Filling up the DagBag from /opt/airflow/dags/MySQL_to_Redshift_v2.py
[2023-12-16T15:07:13.658+0000] {logging_mixin.py:137} INFO - SELECT * FROM prod.nps WHERE DATE(created_at) = DATE('{{ execution_date }}')
[2023-12-16T15:07:13.664+0000] {processor.py:753} INFO - DAG(s) dict_keys(['MySQL_to_Redshift_v2']) retrieved from /opt/airflow/dags/MySQL_to_Redshift_v2.py
[2023-12-16T15:07:13.694+0000] {logging_mixin.py:137} INFO - [2023-12-16T15:07:13.693+0000] {dag.py:2690} INFO - Sync 1 DAGs
[2023-12-16T15:07:13.771+0000] {processor.py:175} INFO - Processing /opt/airflow/dags/MySQL_to_Redshift_v2.py took 0.733 seconds
[2023-12-16T15:07:44.532+0000] {processor.py:153} INFO - Started process (PID=406) to work on /opt/airflow/dags/MySQL_to_Redshift_v2.py
[2023-12-16T15:07:44.533+0000] {processor.py:743} INFO - Processing file /opt/airflow/dags/MySQL_to_Redshift_v2.py for tasks to queue
[2023-12-16T15:07:44.533+0000] {logging_mixin.py:137} INFO - [2023-12-16T15:07:44.533+0000] {dagbag.py:538} INFO - Filling up the DagBag from /opt/airflow/dags/MySQL_to_Redshift_v2.py
[2023-12-16T15:07:44.992+0000] {logging_mixin.py:137} INFO - SELECT * FROM prod.nps WHERE DATE(created_at) = DATE('{{ execution_date }}')
[2023-12-16T15:07:44.998+0000] {processor.py:753} INFO - DAG(s) dict_keys(['MySQL_to_Redshift_v2']) retrieved from /opt/airflow/dags/MySQL_to_Redshift_v2.py
[2023-12-16T15:07:45.017+0000] {logging_mixin.py:137} INFO - [2023-12-16T15:07:45.017+0000] {dag.py:2690} INFO - Sync 1 DAGs
[2023-12-16T15:07:45.056+0000] {processor.py:175} INFO - Processing /opt/airflow/dags/MySQL_to_Redshift_v2.py took 0.526 seconds
[2023-12-16T15:08:15.157+0000] {processor.py:153} INFO - Started process (PID=437) to work on /opt/airflow/dags/MySQL_to_Redshift_v2.py
[2023-12-16T15:08:15.158+0000] {processor.py:743} INFO - Processing file /opt/airflow/dags/MySQL_to_Redshift_v2.py for tasks to queue
[2023-12-16T15:08:15.159+0000] {logging_mixin.py:137} INFO - [2023-12-16T15:08:15.159+0000] {dagbag.py:538} INFO - Filling up the DagBag from /opt/airflow/dags/MySQL_to_Redshift_v2.py
[2023-12-16T15:08:15.700+0000] {logging_mixin.py:137} INFO - SELECT * FROM prod.nps WHERE DATE(created_at) = DATE('{{ execution_date }}')
[2023-12-16T15:08:15.705+0000] {processor.py:753} INFO - DAG(s) dict_keys(['MySQL_to_Redshift_v2']) retrieved from /opt/airflow/dags/MySQL_to_Redshift_v2.py
[2023-12-16T15:08:15.731+0000] {logging_mixin.py:137} INFO - [2023-12-16T15:08:15.731+0000] {dag.py:2690} INFO - Sync 1 DAGs
[2023-12-16T15:08:15.774+0000] {processor.py:175} INFO - Processing /opt/airflow/dags/MySQL_to_Redshift_v2.py took 0.625 seconds
[2023-12-16T15:08:46.301+0000] {processor.py:153} INFO - Started process (PID=478) to work on /opt/airflow/dags/MySQL_to_Redshift_v2.py
[2023-12-16T15:08:46.301+0000] {processor.py:743} INFO - Processing file /opt/airflow/dags/MySQL_to_Redshift_v2.py for tasks to queue
[2023-12-16T15:08:46.302+0000] {logging_mixin.py:137} INFO - [2023-12-16T15:08:46.301+0000] {dagbag.py:538} INFO - Filling up the DagBag from /opt/airflow/dags/MySQL_to_Redshift_v2.py
[2023-12-16T15:08:46.725+0000] {logging_mixin.py:137} INFO - SELECT * FROM prod.nps WHERE DATE(created_at) = DATE('{{ execution_date }}')
[2023-12-16T15:08:46.730+0000] {processor.py:753} INFO - DAG(s) dict_keys(['MySQL_to_Redshift_v2']) retrieved from /opt/airflow/dags/MySQL_to_Redshift_v2.py
[2023-12-16T15:08:46.749+0000] {logging_mixin.py:137} INFO - [2023-12-16T15:08:46.749+0000] {dag.py:2690} INFO - Sync 1 DAGs
[2023-12-16T15:08:46.789+0000] {processor.py:175} INFO - Processing /opt/airflow/dags/MySQL_to_Redshift_v2.py took 0.490 seconds
[2023-12-16T15:09:17.066+0000] {processor.py:153} INFO - Started process (PID=509) to work on /opt/airflow/dags/MySQL_to_Redshift_v2.py
[2023-12-16T15:09:17.068+0000] {processor.py:743} INFO - Processing file /opt/airflow/dags/MySQL_to_Redshift_v2.py for tasks to queue
[2023-12-16T15:09:17.069+0000] {logging_mixin.py:137} INFO - [2023-12-16T15:09:17.069+0000] {dagbag.py:538} INFO - Filling up the DagBag from /opt/airflow/dags/MySQL_to_Redshift_v2.py
[2023-12-16T15:09:17.411+0000] {logging_mixin.py:137} INFO - SELECT * FROM prod.nps WHERE DATE(created_at) = DATE('{{ execution_date }}')
[2023-12-16T15:09:17.418+0000] {processor.py:753} INFO - DAG(s) dict_keys(['MySQL_to_Redshift_v2']) retrieved from /opt/airflow/dags/MySQL_to_Redshift_v2.py
[2023-12-16T15:09:17.580+0000] {logging_mixin.py:137} INFO - [2023-12-16T15:09:17.580+0000] {dag.py:2690} INFO - Sync 1 DAGs
[2023-12-16T15:09:17.619+0000] {processor.py:175} INFO - Processing /opt/airflow/dags/MySQL_to_Redshift_v2.py took 0.555 seconds
[2023-12-16T15:09:48.548+0000] {processor.py:153} INFO - Started process (PID=1133) to work on /opt/airflow/dags/MySQL_to_Redshift_v2.py
[2023-12-16T15:09:48.551+0000] {processor.py:743} INFO - Processing file /opt/airflow/dags/MySQL_to_Redshift_v2.py for tasks to queue
[2023-12-16T15:09:48.551+0000] {logging_mixin.py:137} INFO - [2023-12-16T15:09:48.551+0000] {dagbag.py:538} INFO - Filling up the DagBag from /opt/airflow/dags/MySQL_to_Redshift_v2.py
[2023-12-16T15:09:49.181+0000] {logging_mixin.py:137} INFO - SELECT * FROM prod.nps WHERE DATE(created_at) = DATE('{{ execution_date }}')
[2023-12-16T15:09:49.346+0000] {processor.py:753} INFO - DAG(s) dict_keys(['MySQL_to_Redshift_v2']) retrieved from /opt/airflow/dags/MySQL_to_Redshift_v2.py
[2023-12-16T15:09:49.369+0000] {logging_mixin.py:137} INFO - [2023-12-16T15:09:49.368+0000] {dag.py:2690} INFO - Sync 1 DAGs
[2023-12-16T15:09:49.421+0000] {processor.py:175} INFO - Processing /opt/airflow/dags/MySQL_to_Redshift_v2.py took 0.876 seconds
[2023-12-16T15:10:20.194+0000] {processor.py:153} INFO - Started process (PID=1823) to work on /opt/airflow/dags/MySQL_to_Redshift_v2.py
[2023-12-16T15:10:20.233+0000] {processor.py:743} INFO - Processing file /opt/airflow/dags/MySQL_to_Redshift_v2.py for tasks to queue
[2023-12-16T15:10:20.234+0000] {logging_mixin.py:137} INFO - [2023-12-16T15:10:20.234+0000] {dagbag.py:538} INFO - Filling up the DagBag from /opt/airflow/dags/MySQL_to_Redshift_v2.py
[2023-12-16T15:10:21.125+0000] {logging_mixin.py:137} INFO - SELECT * FROM prod.nps WHERE DATE(created_at) = DATE('{{ execution_date }}')
[2023-12-16T15:10:21.142+0000] {processor.py:753} INFO - DAG(s) dict_keys(['MySQL_to_Redshift_v2']) retrieved from /opt/airflow/dags/MySQL_to_Redshift_v2.py
[2023-12-16T15:10:21.170+0000] {logging_mixin.py:137} INFO - [2023-12-16T15:10:21.169+0000] {dag.py:2690} INFO - Sync 1 DAGs
[2023-12-16T15:10:21.263+0000] {processor.py:175} INFO - Processing /opt/airflow/dags/MySQL_to_Redshift_v2.py took 1.071 seconds
[2023-12-16T15:10:51.969+0000] {processor.py:153} INFO - Started process (PID=1864) to work on /opt/airflow/dags/MySQL_to_Redshift_v2.py
[2023-12-16T15:10:51.970+0000] {processor.py:743} INFO - Processing file /opt/airflow/dags/MySQL_to_Redshift_v2.py for tasks to queue
[2023-12-16T15:10:51.970+0000] {logging_mixin.py:137} INFO - [2023-12-16T15:10:51.970+0000] {dagbag.py:538} INFO - Filling up the DagBag from /opt/airflow/dags/MySQL_to_Redshift_v2.py
[2023-12-16T15:10:52.424+0000] {logging_mixin.py:137} INFO - SELECT * FROM prod.nps WHERE DATE(created_at) = DATE('{{ execution_date }}')
[2023-12-16T15:10:52.430+0000] {processor.py:753} INFO - DAG(s) dict_keys(['MySQL_to_Redshift_v2']) retrieved from /opt/airflow/dags/MySQL_to_Redshift_v2.py
[2023-12-16T15:10:52.452+0000] {logging_mixin.py:137} INFO - [2023-12-16T15:10:52.451+0000] {dag.py:2690} INFO - Sync 1 DAGs
[2023-12-16T15:10:52.496+0000] {processor.py:175} INFO - Processing /opt/airflow/dags/MySQL_to_Redshift_v2.py took 0.535 seconds
[2023-12-16T15:11:23.104+0000] {processor.py:153} INFO - Started process (PID=1910) to work on /opt/airflow/dags/MySQL_to_Redshift_v2.py
[2023-12-16T15:11:23.115+0000] {processor.py:743} INFO - Processing file /opt/airflow/dags/MySQL_to_Redshift_v2.py for tasks to queue
[2023-12-16T15:11:23.115+0000] {logging_mixin.py:137} INFO - [2023-12-16T15:11:23.115+0000] {dagbag.py:538} INFO - Filling up the DagBag from /opt/airflow/dags/MySQL_to_Redshift_v2.py
[2023-12-16T15:11:23.892+0000] {logging_mixin.py:137} INFO - SELECT * FROM prod.nps WHERE DATE(created_at) = DATE('{{ execution_date }}')
[2023-12-16T15:11:23.900+0000] {processor.py:753} INFO - DAG(s) dict_keys(['MySQL_to_Redshift_v2']) retrieved from /opt/airflow/dags/MySQL_to_Redshift_v2.py
[2023-12-16T15:11:23.945+0000] {logging_mixin.py:137} INFO - [2023-12-16T15:11:23.944+0000] {dag.py:2690} INFO - Sync 1 DAGs
[2023-12-16T15:11:24.060+0000] {processor.py:175} INFO - Processing /opt/airflow/dags/MySQL_to_Redshift_v2.py took 0.961 seconds
[2023-12-16T15:11:54.544+0000] {processor.py:153} INFO - Started process (PID=1953) to work on /opt/airflow/dags/MySQL_to_Redshift_v2.py
[2023-12-16T15:11:54.545+0000] {processor.py:743} INFO - Processing file /opt/airflow/dags/MySQL_to_Redshift_v2.py for tasks to queue
[2023-12-16T15:11:54.546+0000] {logging_mixin.py:137} INFO - [2023-12-16T15:11:54.546+0000] {dagbag.py:538} INFO - Filling up the DagBag from /opt/airflow/dags/MySQL_to_Redshift_v2.py
[2023-12-16T15:11:55.038+0000] {logging_mixin.py:137} INFO - SELECT * FROM prod.nps WHERE DATE(created_at) = DATE('{{ execution_date }}')
[2023-12-16T15:11:55.044+0000] {processor.py:753} INFO - DAG(s) dict_keys(['MySQL_to_Redshift_v2']) retrieved from /opt/airflow/dags/MySQL_to_Redshift_v2.py
[2023-12-16T15:11:55.065+0000] {logging_mixin.py:137} INFO - [2023-12-16T15:11:55.064+0000] {dag.py:2690} INFO - Sync 1 DAGs
[2023-12-16T15:11:55.112+0000] {processor.py:175} INFO - Processing /opt/airflow/dags/MySQL_to_Redshift_v2.py took 0.570 seconds
[2023-12-16T15:12:25.645+0000] {processor.py:153} INFO - Started process (PID=1984) to work on /opt/airflow/dags/MySQL_to_Redshift_v2.py
[2023-12-16T15:12:25.645+0000] {processor.py:743} INFO - Processing file /opt/airflow/dags/MySQL_to_Redshift_v2.py for tasks to queue
[2023-12-16T15:12:25.646+0000] {logging_mixin.py:137} INFO - [2023-12-16T15:12:25.646+0000] {dagbag.py:538} INFO - Filling up the DagBag from /opt/airflow/dags/MySQL_to_Redshift_v2.py
[2023-12-16T15:12:26.380+0000] {logging_mixin.py:137} INFO - SELECT * FROM prod.nps WHERE DATE(created_at) = DATE('{{ execution_date }}')
[2023-12-16T15:12:26.397+0000] {processor.py:753} INFO - DAG(s) dict_keys(['MySQL_to_Redshift_v2']) retrieved from /opt/airflow/dags/MySQL_to_Redshift_v2.py
[2023-12-16T15:12:26.607+0000] {logging_mixin.py:137} INFO - [2023-12-16T15:12:26.607+0000] {dag.py:2690} INFO - Sync 1 DAGs
[2023-12-16T15:12:26.706+0000] {processor.py:175} INFO - Processing /opt/airflow/dags/MySQL_to_Redshift_v2.py took 1.063 seconds
[2023-12-16T15:12:57.153+0000] {processor.py:153} INFO - Started process (PID=2025) to work on /opt/airflow/dags/MySQL_to_Redshift_v2.py
[2023-12-16T15:12:57.155+0000] {processor.py:743} INFO - Processing file /opt/airflow/dags/MySQL_to_Redshift_v2.py for tasks to queue
[2023-12-16T15:12:57.155+0000] {logging_mixin.py:137} INFO - [2023-12-16T15:12:57.155+0000] {dagbag.py:538} INFO - Filling up the DagBag from /opt/airflow/dags/MySQL_to_Redshift_v2.py
[2023-12-16T15:12:57.526+0000] {logging_mixin.py:137} INFO - SELECT * FROM prod.nps WHERE DATE(created_at) = DATE('{{ execution_date }}')
[2023-12-16T15:12:57.688+0000] {processor.py:753} INFO - DAG(s) dict_keys(['MySQL_to_Redshift_v2']) retrieved from /opt/airflow/dags/MySQL_to_Redshift_v2.py
[2023-12-16T15:12:57.709+0000] {logging_mixin.py:137} INFO - [2023-12-16T15:12:57.708+0000] {dag.py:2690} INFO - Sync 1 DAGs
[2023-12-16T15:12:57.752+0000] {processor.py:175} INFO - Processing /opt/airflow/dags/MySQL_to_Redshift_v2.py took 0.601 seconds
[2023-12-16T15:13:28.518+0000] {processor.py:153} INFO - Started process (PID=2056) to work on /opt/airflow/dags/MySQL_to_Redshift_v2.py
[2023-12-16T15:13:28.520+0000] {processor.py:743} INFO - Processing file /opt/airflow/dags/MySQL_to_Redshift_v2.py for tasks to queue
[2023-12-16T15:13:28.521+0000] {logging_mixin.py:137} INFO - [2023-12-16T15:13:28.521+0000] {dagbag.py:538} INFO - Filling up the DagBag from /opt/airflow/dags/MySQL_to_Redshift_v2.py
[2023-12-16T15:13:29.372+0000] {logging_mixin.py:137} INFO - SELECT * FROM prod.nps WHERE DATE(created_at) = DATE('{{ execution_date }}')
[2023-12-16T15:13:29.379+0000] {processor.py:753} INFO - DAG(s) dict_keys(['MySQL_to_Redshift_v2']) retrieved from /opt/airflow/dags/MySQL_to_Redshift_v2.py
[2023-12-16T15:13:29.401+0000] {logging_mixin.py:137} INFO - [2023-12-16T15:13:29.399+0000] {dag.py:2690} INFO - Sync 1 DAGs
[2023-12-16T15:13:29.454+0000] {processor.py:175} INFO - Processing /opt/airflow/dags/MySQL_to_Redshift_v2.py took 0.939 seconds
[2023-12-16T15:13:59.688+0000] {processor.py:153} INFO - Started process (PID=2098) to work on /opt/airflow/dags/MySQL_to_Redshift_v2.py
[2023-12-16T15:13:59.689+0000] {processor.py:743} INFO - Processing file /opt/airflow/dags/MySQL_to_Redshift_v2.py for tasks to queue
[2023-12-16T15:13:59.690+0000] {logging_mixin.py:137} INFO - [2023-12-16T15:13:59.690+0000] {dagbag.py:538} INFO - Filling up the DagBag from /opt/airflow/dags/MySQL_to_Redshift_v2.py
[2023-12-16T15:14:00.330+0000] {logging_mixin.py:137} INFO - SELECT * FROM prod.nps WHERE DATE(created_at) = DATE('{{ execution_date }}')
[2023-12-16T15:14:00.340+0000] {processor.py:753} INFO - DAG(s) dict_keys(['MySQL_to_Redshift_v2']) retrieved from /opt/airflow/dags/MySQL_to_Redshift_v2.py
[2023-12-16T15:14:00.363+0000] {logging_mixin.py:137} INFO - [2023-12-16T15:14:00.362+0000] {dag.py:2690} INFO - Sync 1 DAGs
[2023-12-16T15:14:00.428+0000] {processor.py:175} INFO - Processing /opt/airflow/dags/MySQL_to_Redshift_v2.py took 0.743 seconds
[2023-12-16T15:14:30.915+0000] {processor.py:153} INFO - Started process (PID=2129) to work on /opt/airflow/dags/MySQL_to_Redshift_v2.py
[2023-12-16T15:14:30.917+0000] {processor.py:743} INFO - Processing file /opt/airflow/dags/MySQL_to_Redshift_v2.py for tasks to queue
[2023-12-16T15:14:30.918+0000] {logging_mixin.py:137} INFO - [2023-12-16T15:14:30.918+0000] {dagbag.py:538} INFO - Filling up the DagBag from /opt/airflow/dags/MySQL_to_Redshift_v2.py
[2023-12-16T15:14:31.452+0000] {logging_mixin.py:137} INFO - SELECT * FROM prod.nps WHERE DATE(created_at) = DATE('{{ execution_date }}')
[2023-12-16T15:14:31.465+0000] {processor.py:753} INFO - DAG(s) dict_keys(['MySQL_to_Redshift_v2']) retrieved from /opt/airflow/dags/MySQL_to_Redshift_v2.py
[2023-12-16T15:14:31.509+0000] {logging_mixin.py:137} INFO - [2023-12-16T15:14:31.508+0000] {dag.py:2690} INFO - Sync 1 DAGs
[2023-12-16T15:14:31.562+0000] {processor.py:175} INFO - Processing /opt/airflow/dags/MySQL_to_Redshift_v2.py took 0.649 seconds
[2023-12-16T15:15:01.611+0000] {processor.py:153} INFO - Started process (PID=2170) to work on /opt/airflow/dags/MySQL_to_Redshift_v2.py
[2023-12-16T15:15:01.611+0000] {processor.py:743} INFO - Processing file /opt/airflow/dags/MySQL_to_Redshift_v2.py for tasks to queue
[2023-12-16T15:15:01.612+0000] {logging_mixin.py:137} INFO - [2023-12-16T15:15:01.611+0000] {dagbag.py:538} INFO - Filling up the DagBag from /opt/airflow/dags/MySQL_to_Redshift_v2.py
[2023-12-16T15:15:02.140+0000] {logging_mixin.py:137} INFO - SELECT * FROM prod.nps WHERE DATE(created_at) = DATE('{{ execution_date }}')
[2023-12-16T15:15:02.148+0000] {processor.py:753} INFO - DAG(s) dict_keys(['MySQL_to_Redshift_v2']) retrieved from /opt/airflow/dags/MySQL_to_Redshift_v2.py
[2023-12-16T15:15:02.175+0000] {logging_mixin.py:137} INFO - [2023-12-16T15:15:02.175+0000] {dag.py:2690} INFO - Sync 1 DAGs
[2023-12-16T15:15:02.235+0000] {processor.py:175} INFO - Processing /opt/airflow/dags/MySQL_to_Redshift_v2.py took 0.629 seconds
[2023-12-16T15:15:32.798+0000] {processor.py:153} INFO - Started process (PID=2201) to work on /opt/airflow/dags/MySQL_to_Redshift_v2.py
[2023-12-16T15:15:32.799+0000] {processor.py:743} INFO - Processing file /opt/airflow/dags/MySQL_to_Redshift_v2.py for tasks to queue
[2023-12-16T15:15:32.800+0000] {logging_mixin.py:137} INFO - [2023-12-16T15:15:32.800+0000] {dagbag.py:538} INFO - Filling up the DagBag from /opt/airflow/dags/MySQL_to_Redshift_v2.py
[2023-12-16T15:15:33.130+0000] {logging_mixin.py:137} INFO - SELECT * FROM prod.nps WHERE DATE(created_at) = DATE('{{ execution_date }}')
[2023-12-16T15:15:33.138+0000] {processor.py:753} INFO - DAG(s) dict_keys(['MySQL_to_Redshift_v2']) retrieved from /opt/airflow/dags/MySQL_to_Redshift_v2.py
[2023-12-16T15:15:33.307+0000] {logging_mixin.py:137} INFO - [2023-12-16T15:15:33.306+0000] {dag.py:2690} INFO - Sync 1 DAGs
[2023-12-16T15:15:33.345+0000] {processor.py:175} INFO - Processing /opt/airflow/dags/MySQL_to_Redshift_v2.py took 0.550 seconds
[2023-12-16T15:16:03.401+0000] {processor.py:153} INFO - Started process (PID=2242) to work on /opt/airflow/dags/MySQL_to_Redshift_v2.py
[2023-12-16T15:16:03.402+0000] {processor.py:743} INFO - Processing file /opt/airflow/dags/MySQL_to_Redshift_v2.py for tasks to queue
[2023-12-16T15:16:03.402+0000] {logging_mixin.py:137} INFO - [2023-12-16T15:16:03.402+0000] {dagbag.py:538} INFO - Filling up the DagBag from /opt/airflow/dags/MySQL_to_Redshift_v2.py
[2023-12-16T15:16:03.742+0000] {logging_mixin.py:137} INFO - SELECT * FROM prod.nps WHERE DATE(created_at) = DATE('{{ execution_date }}')
[2023-12-16T15:16:03.909+0000] {processor.py:753} INFO - DAG(s) dict_keys(['MySQL_to_Redshift_v2']) retrieved from /opt/airflow/dags/MySQL_to_Redshift_v2.py
[2023-12-16T15:16:03.931+0000] {logging_mixin.py:137} INFO - [2023-12-16T15:16:03.931+0000] {dag.py:2690} INFO - Sync 1 DAGs
[2023-12-16T15:16:03.982+0000] {processor.py:175} INFO - Processing /opt/airflow/dags/MySQL_to_Redshift_v2.py took 0.583 seconds
[2023-12-16T15:16:34.203+0000] {processor.py:153} INFO - Started process (PID=2274) to work on /opt/airflow/dags/MySQL_to_Redshift_v2.py
[2023-12-16T15:16:34.204+0000] {processor.py:743} INFO - Processing file /opt/airflow/dags/MySQL_to_Redshift_v2.py for tasks to queue
[2023-12-16T15:16:34.205+0000] {logging_mixin.py:137} INFO - [2023-12-16T15:16:34.204+0000] {dagbag.py:538} INFO - Filling up the DagBag from /opt/airflow/dags/MySQL_to_Redshift_v2.py
[2023-12-16T15:16:34.941+0000] {logging_mixin.py:137} INFO - SELECT * FROM prod.nps WHERE DATE(created_at) = DATE('{{ execution_date }}')
[2023-12-16T15:16:34.957+0000] {processor.py:753} INFO - DAG(s) dict_keys(['MySQL_to_Redshift_v2']) retrieved from /opt/airflow/dags/MySQL_to_Redshift_v2.py
[2023-12-16T15:16:35.014+0000] {logging_mixin.py:137} INFO - [2023-12-16T15:16:35.013+0000] {dag.py:2690} INFO - Sync 1 DAGs
[2023-12-16T15:16:35.106+0000] {processor.py:175} INFO - Processing /opt/airflow/dags/MySQL_to_Redshift_v2.py took 0.907 seconds
