[2023-12-27T10:15:10.861+0000] {processor.py:153} INFO - Started process (PID=104) to work on /opt/airflow/dags/CountryInfo.py
[2023-12-27T10:15:10.862+0000] {processor.py:743} INFO - Processing file /opt/airflow/dags/CountryInfo.py for tasks to queue
[2023-12-27T10:15:10.862+0000] {logging_mixin.py:137} INFO - [2023-12-27T10:15:10.862+0000] {dagbag.py:538} INFO - Filling up the DagBag from /opt/airflow/dags/CountryInfo.py
[2023-12-27T10:15:10.932+0000] {processor.py:753} INFO - DAG(s) dict_keys(['CountryInfo']) retrieved from /opt/airflow/dags/CountryInfo.py
[2023-12-27T10:15:11.021+0000] {logging_mixin.py:137} INFO - [2023-12-27T10:15:11.021+0000] {dag.py:2690} INFO - Sync 1 DAGs
[2023-12-27T10:15:11.054+0000] {logging_mixin.py:137} INFO - [2023-12-27T10:15:11.054+0000] {dag.py:3441} INFO - Setting next_dagrun for CountryInfo to 2023-12-16T06:30:00+00:00, run_after=2023-12-23T06:30:00+00:00
[2023-12-27T10:15:11.100+0000] {processor.py:175} INFO - Processing /opt/airflow/dags/CountryInfo.py took 0.243 seconds
[2023-12-27T10:15:41.243+0000] {processor.py:153} INFO - Started process (PID=131) to work on /opt/airflow/dags/CountryInfo.py
[2023-12-27T10:15:41.243+0000] {processor.py:743} INFO - Processing file /opt/airflow/dags/CountryInfo.py for tasks to queue
[2023-12-27T10:15:41.244+0000] {logging_mixin.py:137} INFO - [2023-12-27T10:15:41.244+0000] {dagbag.py:538} INFO - Filling up the DagBag from /opt/airflow/dags/CountryInfo.py
[2023-12-27T10:15:41.295+0000] {processor.py:753} INFO - DAG(s) dict_keys(['CountryInfo']) retrieved from /opt/airflow/dags/CountryInfo.py
[2023-12-27T10:15:41.310+0000] {logging_mixin.py:137} INFO - [2023-12-27T10:15:41.309+0000] {dag.py:2690} INFO - Sync 1 DAGs
[2023-12-27T10:15:41.336+0000] {logging_mixin.py:137} INFO - [2023-12-27T10:15:41.336+0000] {dag.py:3441} INFO - Setting next_dagrun for CountryInfo to 2023-12-16T06:30:00+00:00, run_after=2023-12-23T06:30:00+00:00
[2023-12-27T10:15:41.353+0000] {processor.py:175} INFO - Processing /opt/airflow/dags/CountryInfo.py took 0.114 seconds
[2023-12-27T10:16:11.425+0000] {processor.py:153} INFO - Started process (PID=172) to work on /opt/airflow/dags/CountryInfo.py
[2023-12-27T10:16:11.426+0000] {processor.py:743} INFO - Processing file /opt/airflow/dags/CountryInfo.py for tasks to queue
[2023-12-27T10:16:11.427+0000] {logging_mixin.py:137} INFO - [2023-12-27T10:16:11.426+0000] {dagbag.py:538} INFO - Filling up the DagBag from /opt/airflow/dags/CountryInfo.py
[2023-12-27T10:16:11.478+0000] {processor.py:753} INFO - DAG(s) dict_keys(['CountryInfo']) retrieved from /opt/airflow/dags/CountryInfo.py
[2023-12-27T10:16:11.493+0000] {logging_mixin.py:137} INFO - [2023-12-27T10:16:11.493+0000] {dag.py:2690} INFO - Sync 1 DAGs
[2023-12-27T10:16:11.519+0000] {logging_mixin.py:137} INFO - [2023-12-27T10:16:11.519+0000] {dag.py:3441} INFO - Setting next_dagrun for CountryInfo to 2023-12-16T06:30:00+00:00, run_after=2023-12-23T06:30:00+00:00
[2023-12-27T10:16:11.537+0000] {processor.py:175} INFO - Processing /opt/airflow/dags/CountryInfo.py took 0.114 seconds
[2023-12-27T10:16:41.573+0000] {processor.py:153} INFO - Started process (PID=200) to work on /opt/airflow/dags/CountryInfo.py
[2023-12-27T10:16:41.574+0000] {processor.py:743} INFO - Processing file /opt/airflow/dags/CountryInfo.py for tasks to queue
[2023-12-27T10:16:41.574+0000] {logging_mixin.py:137} INFO - [2023-12-27T10:16:41.574+0000] {dagbag.py:538} INFO - Filling up the DagBag from /opt/airflow/dags/CountryInfo.py
[2023-12-27T10:16:41.621+0000] {processor.py:753} INFO - DAG(s) dict_keys(['CountryInfo']) retrieved from /opt/airflow/dags/CountryInfo.py
[2023-12-27T10:16:41.641+0000] {logging_mixin.py:137} INFO - [2023-12-27T10:16:41.641+0000] {dag.py:2690} INFO - Sync 1 DAGs
[2023-12-27T10:16:41.674+0000] {logging_mixin.py:137} INFO - [2023-12-27T10:16:41.674+0000] {dag.py:3441} INFO - Setting next_dagrun for CountryInfo to 2023-12-16T06:30:00+00:00, run_after=2023-12-23T06:30:00+00:00
[2023-12-27T10:16:41.692+0000] {processor.py:175} INFO - Processing /opt/airflow/dags/CountryInfo.py took 0.122 seconds
[2023-12-27T10:17:11.801+0000] {processor.py:153} INFO - Started process (PID=241) to work on /opt/airflow/dags/CountryInfo.py
[2023-12-27T10:17:11.802+0000] {processor.py:743} INFO - Processing file /opt/airflow/dags/CountryInfo.py for tasks to queue
[2023-12-27T10:17:11.802+0000] {logging_mixin.py:137} INFO - [2023-12-27T10:17:11.802+0000] {dagbag.py:538} INFO - Filling up the DagBag from /opt/airflow/dags/CountryInfo.py
[2023-12-27T10:17:11.849+0000] {processor.py:753} INFO - DAG(s) dict_keys(['CountryInfo']) retrieved from /opt/airflow/dags/CountryInfo.py
[2023-12-27T10:17:11.864+0000] {logging_mixin.py:137} INFO - [2023-12-27T10:17:11.863+0000] {dag.py:2690} INFO - Sync 1 DAGs
[2023-12-27T10:17:11.890+0000] {logging_mixin.py:137} INFO - [2023-12-27T10:17:11.890+0000] {dag.py:3441} INFO - Setting next_dagrun for CountryInfo to 2023-12-16T06:30:00+00:00, run_after=2023-12-23T06:30:00+00:00
[2023-12-27T10:17:11.912+0000] {processor.py:175} INFO - Processing /opt/airflow/dags/CountryInfo.py took 0.113 seconds
[2023-12-27T10:17:42.269+0000] {processor.py:153} INFO - Started process (PID=272) to work on /opt/airflow/dags/CountryInfo.py
[2023-12-27T10:17:42.279+0000] {processor.py:743} INFO - Processing file /opt/airflow/dags/CountryInfo.py for tasks to queue
[2023-12-27T10:17:42.280+0000] {logging_mixin.py:137} INFO - [2023-12-27T10:17:42.280+0000] {dagbag.py:538} INFO - Filling up the DagBag from /opt/airflow/dags/CountryInfo.py
[2023-12-27T10:17:42.340+0000] {processor.py:753} INFO - DAG(s) dict_keys(['CountryInfo']) retrieved from /opt/airflow/dags/CountryInfo.py
[2023-12-27T10:17:42.359+0000] {logging_mixin.py:137} INFO - [2023-12-27T10:17:42.359+0000] {dag.py:2690} INFO - Sync 1 DAGs
[2023-12-27T10:17:42.393+0000] {logging_mixin.py:137} INFO - [2023-12-27T10:17:42.393+0000] {dag.py:3441} INFO - Setting next_dagrun for CountryInfo to 2023-12-16T06:30:00+00:00, run_after=2023-12-23T06:30:00+00:00
[2023-12-27T10:17:42.445+0000] {processor.py:175} INFO - Processing /opt/airflow/dags/CountryInfo.py took 0.179 seconds
[2023-12-27T10:18:12.814+0000] {processor.py:153} INFO - Started process (PID=313) to work on /opt/airflow/dags/CountryInfo.py
[2023-12-27T10:18:12.815+0000] {processor.py:743} INFO - Processing file /opt/airflow/dags/CountryInfo.py for tasks to queue
[2023-12-27T10:18:12.816+0000] {logging_mixin.py:137} INFO - [2023-12-27T10:18:12.815+0000] {dagbag.py:538} INFO - Filling up the DagBag from /opt/airflow/dags/CountryInfo.py
[2023-12-27T10:18:12.862+0000] {processor.py:753} INFO - DAG(s) dict_keys(['CountryInfo']) retrieved from /opt/airflow/dags/CountryInfo.py
[2023-12-27T10:18:12.876+0000] {logging_mixin.py:137} INFO - [2023-12-27T10:18:12.876+0000] {dag.py:2690} INFO - Sync 1 DAGs
[2023-12-27T10:18:12.903+0000] {logging_mixin.py:137} INFO - [2023-12-27T10:18:12.903+0000] {dag.py:3441} INFO - Setting next_dagrun for CountryInfo to 2023-12-16T06:30:00+00:00, run_after=2023-12-23T06:30:00+00:00
[2023-12-27T10:18:12.926+0000] {processor.py:175} INFO - Processing /opt/airflow/dags/CountryInfo.py took 0.114 seconds
[2023-12-27T10:18:43.304+0000] {processor.py:153} INFO - Started process (PID=344) to work on /opt/airflow/dags/CountryInfo.py
[2023-12-27T10:18:43.304+0000] {processor.py:743} INFO - Processing file /opt/airflow/dags/CountryInfo.py for tasks to queue
[2023-12-27T10:18:43.305+0000] {logging_mixin.py:137} INFO - [2023-12-27T10:18:43.305+0000] {dagbag.py:538} INFO - Filling up the DagBag from /opt/airflow/dags/CountryInfo.py
[2023-12-27T10:18:43.381+0000] {processor.py:753} INFO - DAG(s) dict_keys(['CountryInfo']) retrieved from /opt/airflow/dags/CountryInfo.py
[2023-12-27T10:18:43.425+0000] {logging_mixin.py:137} INFO - [2023-12-27T10:18:43.425+0000] {dag.py:2690} INFO - Sync 1 DAGs
[2023-12-27T10:18:43.471+0000] {logging_mixin.py:137} INFO - [2023-12-27T10:18:43.471+0000] {dag.py:3441} INFO - Setting next_dagrun for CountryInfo to 2023-12-16T06:30:00+00:00, run_after=2023-12-23T06:30:00+00:00
[2023-12-27T10:18:43.501+0000] {processor.py:175} INFO - Processing /opt/airflow/dags/CountryInfo.py took 0.199 seconds
[2023-12-27T10:19:13.800+0000] {processor.py:153} INFO - Started process (PID=385) to work on /opt/airflow/dags/CountryInfo.py
[2023-12-27T10:19:13.801+0000] {processor.py:743} INFO - Processing file /opt/airflow/dags/CountryInfo.py for tasks to queue
[2023-12-27T10:19:13.802+0000] {logging_mixin.py:137} INFO - [2023-12-27T10:19:13.802+0000] {dagbag.py:538} INFO - Filling up the DagBag from /opt/airflow/dags/CountryInfo.py
[2023-12-27T10:19:13.859+0000] {processor.py:753} INFO - DAG(s) dict_keys(['CountryInfo']) retrieved from /opt/airflow/dags/CountryInfo.py
[2023-12-27T10:19:13.875+0000] {logging_mixin.py:137} INFO - [2023-12-27T10:19:13.875+0000] {dag.py:2690} INFO - Sync 1 DAGs
[2023-12-27T10:19:13.902+0000] {logging_mixin.py:137} INFO - [2023-12-27T10:19:13.902+0000] {dag.py:3441} INFO - Setting next_dagrun for CountryInfo to 2023-12-16T06:30:00+00:00, run_after=2023-12-23T06:30:00+00:00
[2023-12-27T10:19:13.919+0000] {processor.py:175} INFO - Processing /opt/airflow/dags/CountryInfo.py took 0.122 seconds
[2023-12-27T10:19:44.166+0000] {processor.py:153} INFO - Started process (PID=417) to work on /opt/airflow/dags/CountryInfo.py
[2023-12-27T10:19:44.171+0000] {processor.py:743} INFO - Processing file /opt/airflow/dags/CountryInfo.py for tasks to queue
[2023-12-27T10:19:44.172+0000] {logging_mixin.py:137} INFO - [2023-12-27T10:19:44.172+0000] {dagbag.py:538} INFO - Filling up the DagBag from /opt/airflow/dags/CountryInfo.py
[2023-12-27T10:19:44.252+0000] {processor.py:753} INFO - DAG(s) dict_keys(['CountryInfo']) retrieved from /opt/airflow/dags/CountryInfo.py
[2023-12-27T10:19:44.320+0000] {logging_mixin.py:137} INFO - [2023-12-27T10:19:44.320+0000] {dag.py:2690} INFO - Sync 1 DAGs
[2023-12-27T10:19:44.389+0000] {logging_mixin.py:137} INFO - [2023-12-27T10:19:44.389+0000] {dag.py:3441} INFO - Setting next_dagrun for CountryInfo to 2023-12-16T06:30:00+00:00, run_after=2023-12-23T06:30:00+00:00
[2023-12-27T10:19:44.420+0000] {processor.py:175} INFO - Processing /opt/airflow/dags/CountryInfo.py took 0.257 seconds
[2023-12-27T10:20:14.744+0000] {processor.py:153} INFO - Started process (PID=459) to work on /opt/airflow/dags/CountryInfo.py
[2023-12-27T10:20:14.745+0000] {processor.py:743} INFO - Processing file /opt/airflow/dags/CountryInfo.py for tasks to queue
[2023-12-27T10:20:14.745+0000] {logging_mixin.py:137} INFO - [2023-12-27T10:20:14.745+0000] {dagbag.py:538} INFO - Filling up the DagBag from /opt/airflow/dags/CountryInfo.py
[2023-12-27T10:20:14.797+0000] {processor.py:753} INFO - DAG(s) dict_keys(['CountryInfo']) retrieved from /opt/airflow/dags/CountryInfo.py
[2023-12-27T10:20:14.833+0000] {logging_mixin.py:137} INFO - [2023-12-27T10:20:14.833+0000] {dag.py:2690} INFO - Sync 1 DAGs
[2023-12-27T10:20:14.866+0000] {logging_mixin.py:137} INFO - [2023-12-27T10:20:14.866+0000] {dag.py:3441} INFO - Setting next_dagrun for CountryInfo to 2023-12-16T06:30:00+00:00, run_after=2023-12-23T06:30:00+00:00
[2023-12-27T10:20:14.899+0000] {processor.py:175} INFO - Processing /opt/airflow/dags/CountryInfo.py took 0.158 seconds
[2023-12-27T10:20:45.172+0000] {processor.py:153} INFO - Started process (PID=490) to work on /opt/airflow/dags/CountryInfo.py
[2023-12-27T10:20:45.173+0000] {processor.py:743} INFO - Processing file /opt/airflow/dags/CountryInfo.py for tasks to queue
[2023-12-27T10:20:45.174+0000] {logging_mixin.py:137} INFO - [2023-12-27T10:20:45.174+0000] {dagbag.py:538} INFO - Filling up the DagBag from /opt/airflow/dags/CountryInfo.py
[2023-12-27T10:20:45.226+0000] {processor.py:753} INFO - DAG(s) dict_keys(['CountryInfo']) retrieved from /opt/airflow/dags/CountryInfo.py
[2023-12-27T10:20:45.245+0000] {logging_mixin.py:137} INFO - [2023-12-27T10:20:45.245+0000] {dag.py:2690} INFO - Sync 1 DAGs
[2023-12-27T10:20:45.281+0000] {logging_mixin.py:137} INFO - [2023-12-27T10:20:45.281+0000] {dag.py:3441} INFO - Setting next_dagrun for CountryInfo to 2023-12-16T06:30:00+00:00, run_after=2023-12-23T06:30:00+00:00
[2023-12-27T10:20:45.301+0000] {processor.py:175} INFO - Processing /opt/airflow/dags/CountryInfo.py took 0.131 seconds
[2023-12-27T10:21:15.725+0000] {processor.py:153} INFO - Started process (PID=531) to work on /opt/airflow/dags/CountryInfo.py
[2023-12-27T10:21:15.726+0000] {processor.py:743} INFO - Processing file /opt/airflow/dags/CountryInfo.py for tasks to queue
[2023-12-27T10:21:15.726+0000] {logging_mixin.py:137} INFO - [2023-12-27T10:21:15.726+0000] {dagbag.py:538} INFO - Filling up the DagBag from /opt/airflow/dags/CountryInfo.py
[2023-12-27T10:21:15.770+0000] {processor.py:753} INFO - DAG(s) dict_keys(['CountryInfo']) retrieved from /opt/airflow/dags/CountryInfo.py
[2023-12-27T10:21:15.785+0000] {logging_mixin.py:137} INFO - [2023-12-27T10:21:15.785+0000] {dag.py:2690} INFO - Sync 1 DAGs
[2023-12-27T10:21:15.809+0000] {logging_mixin.py:137} INFO - [2023-12-27T10:21:15.809+0000] {dag.py:3441} INFO - Setting next_dagrun for CountryInfo to 2023-12-16T06:30:00+00:00, run_after=2023-12-23T06:30:00+00:00
[2023-12-27T10:21:15.827+0000] {processor.py:175} INFO - Processing /opt/airflow/dags/CountryInfo.py took 0.105 seconds
[2023-12-27T10:21:46.164+0000] {processor.py:153} INFO - Started process (PID=562) to work on /opt/airflow/dags/CountryInfo.py
[2023-12-27T10:21:46.164+0000] {processor.py:743} INFO - Processing file /opt/airflow/dags/CountryInfo.py for tasks to queue
[2023-12-27T10:21:46.165+0000] {logging_mixin.py:137} INFO - [2023-12-27T10:21:46.165+0000] {dagbag.py:538} INFO - Filling up the DagBag from /opt/airflow/dags/CountryInfo.py
[2023-12-27T10:21:46.213+0000] {processor.py:753} INFO - DAG(s) dict_keys(['CountryInfo']) retrieved from /opt/airflow/dags/CountryInfo.py
[2023-12-27T10:21:46.227+0000] {logging_mixin.py:137} INFO - [2023-12-27T10:21:46.227+0000] {dag.py:2690} INFO - Sync 1 DAGs
[2023-12-27T10:21:46.253+0000] {logging_mixin.py:137} INFO - [2023-12-27T10:21:46.253+0000] {dag.py:3441} INFO - Setting next_dagrun for CountryInfo to 2023-12-16T06:30:00+00:00, run_after=2023-12-23T06:30:00+00:00
[2023-12-27T10:21:46.271+0000] {processor.py:175} INFO - Processing /opt/airflow/dags/CountryInfo.py took 0.109 seconds
[2023-12-27T10:22:16.676+0000] {processor.py:153} INFO - Started process (PID=606) to work on /opt/airflow/dags/CountryInfo.py
[2023-12-27T10:22:16.679+0000] {processor.py:743} INFO - Processing file /opt/airflow/dags/CountryInfo.py for tasks to queue
[2023-12-27T10:22:16.680+0000] {logging_mixin.py:137} INFO - [2023-12-27T10:22:16.680+0000] {dagbag.py:538} INFO - Filling up the DagBag from /opt/airflow/dags/CountryInfo.py
[2023-12-27T10:22:16.728+0000] {processor.py:753} INFO - DAG(s) dict_keys(['CountryInfo']) retrieved from /opt/airflow/dags/CountryInfo.py
[2023-12-27T10:22:16.743+0000] {logging_mixin.py:137} INFO - [2023-12-27T10:22:16.743+0000] {dag.py:2690} INFO - Sync 1 DAGs
[2023-12-27T10:22:16.768+0000] {logging_mixin.py:137} INFO - [2023-12-27T10:22:16.768+0000] {dag.py:3441} INFO - Setting next_dagrun for CountryInfo to 2023-12-16T06:30:00+00:00, run_after=2023-12-23T06:30:00+00:00
[2023-12-27T10:22:16.786+0000] {processor.py:175} INFO - Processing /opt/airflow/dags/CountryInfo.py took 0.112 seconds
[2023-12-27T10:22:47.265+0000] {processor.py:153} INFO - Started process (PID=637) to work on /opt/airflow/dags/CountryInfo.py
[2023-12-27T10:22:47.266+0000] {processor.py:743} INFO - Processing file /opt/airflow/dags/CountryInfo.py for tasks to queue
[2023-12-27T10:22:47.266+0000] {logging_mixin.py:137} INFO - [2023-12-27T10:22:47.266+0000] {dagbag.py:538} INFO - Filling up the DagBag from /opt/airflow/dags/CountryInfo.py
[2023-12-27T10:22:47.313+0000] {processor.py:753} INFO - DAG(s) dict_keys(['CountryInfo']) retrieved from /opt/airflow/dags/CountryInfo.py
[2023-12-27T10:22:47.328+0000] {logging_mixin.py:137} INFO - [2023-12-27T10:22:47.328+0000] {dag.py:2690} INFO - Sync 1 DAGs
[2023-12-27T10:22:47.356+0000] {logging_mixin.py:137} INFO - [2023-12-27T10:22:47.356+0000] {dag.py:3441} INFO - Setting next_dagrun for CountryInfo to 2023-12-16T06:30:00+00:00, run_after=2023-12-23T06:30:00+00:00
[2023-12-27T10:22:47.403+0000] {processor.py:175} INFO - Processing /opt/airflow/dags/CountryInfo.py took 0.140 seconds
[2023-12-27T10:23:17.679+0000] {processor.py:153} INFO - Started process (PID=680) to work on /opt/airflow/dags/CountryInfo.py
[2023-12-27T10:23:17.680+0000] {processor.py:743} INFO - Processing file /opt/airflow/dags/CountryInfo.py for tasks to queue
[2023-12-27T10:23:17.681+0000] {logging_mixin.py:137} INFO - [2023-12-27T10:23:17.681+0000] {dagbag.py:538} INFO - Filling up the DagBag from /opt/airflow/dags/CountryInfo.py
[2023-12-27T10:23:17.725+0000] {processor.py:753} INFO - DAG(s) dict_keys(['CountryInfo']) retrieved from /opt/airflow/dags/CountryInfo.py
[2023-12-27T10:23:17.742+0000] {logging_mixin.py:137} INFO - [2023-12-27T10:23:17.742+0000] {dag.py:2690} INFO - Sync 1 DAGs
[2023-12-27T10:23:17.767+0000] {logging_mixin.py:137} INFO - [2023-12-27T10:23:17.767+0000] {dag.py:3441} INFO - Setting next_dagrun for CountryInfo to 2023-12-16T06:30:00+00:00, run_after=2023-12-23T06:30:00+00:00
[2023-12-27T10:23:17.790+0000] {processor.py:175} INFO - Processing /opt/airflow/dags/CountryInfo.py took 0.114 seconds
[2023-12-27T10:23:47.939+0000] {processor.py:153} INFO - Started process (PID=711) to work on /opt/airflow/dags/CountryInfo.py
[2023-12-27T10:23:47.940+0000] {processor.py:743} INFO - Processing file /opt/airflow/dags/CountryInfo.py for tasks to queue
[2023-12-27T10:23:47.941+0000] {logging_mixin.py:137} INFO - [2023-12-27T10:23:47.941+0000] {dagbag.py:538} INFO - Filling up the DagBag from /opt/airflow/dags/CountryInfo.py
[2023-12-27T10:23:47.987+0000] {processor.py:753} INFO - DAG(s) dict_keys(['CountryInfo']) retrieved from /opt/airflow/dags/CountryInfo.py
[2023-12-27T10:23:48.002+0000] {logging_mixin.py:137} INFO - [2023-12-27T10:23:48.002+0000] {dag.py:2690} INFO - Sync 1 DAGs
[2023-12-27T10:23:48.027+0000] {logging_mixin.py:137} INFO - [2023-12-27T10:23:48.026+0000] {dag.py:3441} INFO - Setting next_dagrun for CountryInfo to 2023-12-16T06:30:00+00:00, run_after=2023-12-23T06:30:00+00:00
[2023-12-27T10:23:48.043+0000] {processor.py:175} INFO - Processing /opt/airflow/dags/CountryInfo.py took 0.107 seconds
[2023-12-27T10:24:18.096+0000] {processor.py:153} INFO - Started process (PID=752) to work on /opt/airflow/dags/CountryInfo.py
[2023-12-27T10:24:18.097+0000] {processor.py:743} INFO - Processing file /opt/airflow/dags/CountryInfo.py for tasks to queue
[2023-12-27T10:24:18.097+0000] {logging_mixin.py:137} INFO - [2023-12-27T10:24:18.097+0000] {dagbag.py:538} INFO - Filling up the DagBag from /opt/airflow/dags/CountryInfo.py
[2023-12-27T10:24:18.143+0000] {processor.py:753} INFO - DAG(s) dict_keys(['CountryInfo']) retrieved from /opt/airflow/dags/CountryInfo.py
[2023-12-27T10:24:18.156+0000] {logging_mixin.py:137} INFO - [2023-12-27T10:24:18.156+0000] {dag.py:2690} INFO - Sync 1 DAGs
[2023-12-27T10:24:18.180+0000] {logging_mixin.py:137} INFO - [2023-12-27T10:24:18.180+0000] {dag.py:3441} INFO - Setting next_dagrun for CountryInfo to 2023-12-16T06:30:00+00:00, run_after=2023-12-23T06:30:00+00:00
[2023-12-27T10:24:18.198+0000] {processor.py:175} INFO - Processing /opt/airflow/dags/CountryInfo.py took 0.105 seconds
[2023-12-27T10:24:48.606+0000] {processor.py:153} INFO - Started process (PID=783) to work on /opt/airflow/dags/CountryInfo.py
[2023-12-27T10:24:48.608+0000] {processor.py:743} INFO - Processing file /opt/airflow/dags/CountryInfo.py for tasks to queue
[2023-12-27T10:24:48.609+0000] {logging_mixin.py:137} INFO - [2023-12-27T10:24:48.609+0000] {dagbag.py:538} INFO - Filling up the DagBag from /opt/airflow/dags/CountryInfo.py
[2023-12-27T10:24:48.658+0000] {processor.py:753} INFO - DAG(s) dict_keys(['CountryInfo']) retrieved from /opt/airflow/dags/CountryInfo.py
[2023-12-27T10:24:48.674+0000] {logging_mixin.py:137} INFO - [2023-12-27T10:24:48.673+0000] {dag.py:2690} INFO - Sync 1 DAGs
[2023-12-27T10:24:48.700+0000] {logging_mixin.py:137} INFO - [2023-12-27T10:24:48.700+0000] {dag.py:3441} INFO - Setting next_dagrun for CountryInfo to 2023-12-16T06:30:00+00:00, run_after=2023-12-23T06:30:00+00:00
[2023-12-27T10:24:48.732+0000] {processor.py:175} INFO - Processing /opt/airflow/dags/CountryInfo.py took 0.129 seconds
[2023-12-27T10:25:19.295+0000] {processor.py:153} INFO - Started process (PID=823) to work on /opt/airflow/dags/CountryInfo.py
[2023-12-27T10:25:19.297+0000] {processor.py:743} INFO - Processing file /opt/airflow/dags/CountryInfo.py for tasks to queue
[2023-12-27T10:25:19.297+0000] {logging_mixin.py:137} INFO - [2023-12-27T10:25:19.297+0000] {dagbag.py:538} INFO - Filling up the DagBag from /opt/airflow/dags/CountryInfo.py
[2023-12-27T10:25:19.493+0000] {processor.py:753} INFO - DAG(s) dict_keys(['CountryInfo']) retrieved from /opt/airflow/dags/CountryInfo.py
[2023-12-27T10:25:19.560+0000] {logging_mixin.py:137} INFO - [2023-12-27T10:25:19.560+0000] {dag.py:2690} INFO - Sync 1 DAGs
[2023-12-27T10:25:19.612+0000] {logging_mixin.py:137} INFO - [2023-12-27T10:25:19.612+0000] {dag.py:3441} INFO - Setting next_dagrun for CountryInfo to 2023-12-16T06:30:00+00:00, run_after=2023-12-23T06:30:00+00:00
[2023-12-27T10:25:19.653+0000] {processor.py:175} INFO - Processing /opt/airflow/dags/CountryInfo.py took 0.361 seconds
