[2023-12-27T10:15:11.131+0000] {processor.py:153} INFO - Started process (PID=105) to work on /opt/airflow/dags/HelloWorld.py
[2023-12-27T10:15:11.132+0000] {processor.py:743} INFO - Processing file /opt/airflow/dags/HelloWorld.py for tasks to queue
[2023-12-27T10:15:11.132+0000] {logging_mixin.py:137} INFO - [2023-12-27T10:15:11.132+0000] {dagbag.py:538} INFO - Filling up the DagBag from /opt/airflow/dags/HelloWorld.py
[2023-12-27T10:15:11.148+0000] {processor.py:753} INFO - DAG(s) dict_keys(['HelloWorld']) retrieved from /opt/airflow/dags/HelloWorld.py
[2023-12-27T10:15:11.232+0000] {logging_mixin.py:137} INFO - [2023-12-27T10:15:11.232+0000] {dag.py:2690} INFO - Sync 1 DAGs
[2023-12-27T10:15:11.275+0000] {logging_mixin.py:137} INFO - [2023-12-27T10:15:11.275+0000] {dag.py:3441} INFO - Setting next_dagrun for HelloWorld to 2023-12-26T02:00:00+00:00, run_after=2023-12-27T02:00:00+00:00
[2023-12-27T10:15:11.301+0000] {processor.py:175} INFO - Processing /opt/airflow/dags/HelloWorld.py took 0.172 seconds
[2023-12-27T10:15:41.918+0000] {processor.py:153} INFO - Started process (PID=135) to work on /opt/airflow/dags/HelloWorld.py
[2023-12-27T10:15:41.920+0000] {processor.py:743} INFO - Processing file /opt/airflow/dags/HelloWorld.py for tasks to queue
[2023-12-27T10:15:41.921+0000] {logging_mixin.py:137} INFO - [2023-12-27T10:15:41.921+0000] {dagbag.py:538} INFO - Filling up the DagBag from /opt/airflow/dags/HelloWorld.py
[2023-12-27T10:15:41.940+0000] {processor.py:753} INFO - DAG(s) dict_keys(['HelloWorld']) retrieved from /opt/airflow/dags/HelloWorld.py
[2023-12-27T10:15:41.964+0000] {logging_mixin.py:137} INFO - [2023-12-27T10:15:41.964+0000] {dag.py:2690} INFO - Sync 1 DAGs
[2023-12-27T10:15:41.993+0000] {logging_mixin.py:137} INFO - [2023-12-27T10:15:41.993+0000] {dag.py:3441} INFO - Setting next_dagrun for HelloWorld to 2023-12-26T02:00:00+00:00, run_after=2023-12-27T02:00:00+00:00
[2023-12-27T10:15:42.014+0000] {processor.py:175} INFO - Processing /opt/airflow/dags/HelloWorld.py took 0.099 seconds
[2023-12-27T10:16:13.188+0000] {processor.py:153} INFO - Started process (PID=177) to work on /opt/airflow/dags/HelloWorld.py
[2023-12-27T10:16:13.189+0000] {processor.py:743} INFO - Processing file /opt/airflow/dags/HelloWorld.py for tasks to queue
[2023-12-27T10:16:13.190+0000] {logging_mixin.py:137} INFO - [2023-12-27T10:16:13.190+0000] {dagbag.py:538} INFO - Filling up the DagBag from /opt/airflow/dags/HelloWorld.py
[2023-12-27T10:16:13.204+0000] {processor.py:753} INFO - DAG(s) dict_keys(['HelloWorld']) retrieved from /opt/airflow/dags/HelloWorld.py
[2023-12-27T10:16:13.225+0000] {logging_mixin.py:137} INFO - [2023-12-27T10:16:13.225+0000] {dag.py:2690} INFO - Sync 1 DAGs
[2023-12-27T10:16:13.257+0000] {logging_mixin.py:137} INFO - [2023-12-27T10:16:13.257+0000] {dag.py:3441} INFO - Setting next_dagrun for HelloWorld to 2023-12-26T02:00:00+00:00, run_after=2023-12-27T02:00:00+00:00
[2023-12-27T10:16:13.276+0000] {processor.py:175} INFO - Processing /opt/airflow/dags/HelloWorld.py took 0.091 seconds
[2023-12-27T10:16:44.113+0000] {processor.py:153} INFO - Started process (PID=207) to work on /opt/airflow/dags/HelloWorld.py
[2023-12-27T10:16:44.115+0000] {processor.py:743} INFO - Processing file /opt/airflow/dags/HelloWorld.py for tasks to queue
[2023-12-27T10:16:44.115+0000] {logging_mixin.py:137} INFO - [2023-12-27T10:16:44.115+0000] {dagbag.py:538} INFO - Filling up the DagBag from /opt/airflow/dags/HelloWorld.py
[2023-12-27T10:16:44.151+0000] {processor.py:753} INFO - DAG(s) dict_keys(['HelloWorld']) retrieved from /opt/airflow/dags/HelloWorld.py
[2023-12-27T10:16:44.209+0000] {logging_mixin.py:137} INFO - [2023-12-27T10:16:44.209+0000] {dag.py:2690} INFO - Sync 1 DAGs
[2023-12-27T10:16:44.248+0000] {logging_mixin.py:137} INFO - [2023-12-27T10:16:44.248+0000] {dag.py:3441} INFO - Setting next_dagrun for HelloWorld to 2023-12-26T02:00:00+00:00, run_after=2023-12-27T02:00:00+00:00
[2023-12-27T10:16:44.291+0000] {processor.py:175} INFO - Processing /opt/airflow/dags/HelloWorld.py took 0.188 seconds
[2023-12-27T10:17:14.382+0000] {processor.py:153} INFO - Started process (PID=245) to work on /opt/airflow/dags/HelloWorld.py
[2023-12-27T10:17:14.382+0000] {processor.py:743} INFO - Processing file /opt/airflow/dags/HelloWorld.py for tasks to queue
[2023-12-27T10:17:14.383+0000] {logging_mixin.py:137} INFO - [2023-12-27T10:17:14.382+0000] {dagbag.py:538} INFO - Filling up the DagBag from /opt/airflow/dags/HelloWorld.py
[2023-12-27T10:17:14.395+0000] {processor.py:753} INFO - DAG(s) dict_keys(['HelloWorld']) retrieved from /opt/airflow/dags/HelloWorld.py
[2023-12-27T10:17:14.417+0000] {logging_mixin.py:137} INFO - [2023-12-27T10:17:14.417+0000] {dag.py:2690} INFO - Sync 1 DAGs
[2023-12-27T10:17:14.441+0000] {logging_mixin.py:137} INFO - [2023-12-27T10:17:14.440+0000] {dag.py:3441} INFO - Setting next_dagrun for HelloWorld to 2023-12-26T02:00:00+00:00, run_after=2023-12-27T02:00:00+00:00
[2023-12-27T10:17:14.460+0000] {processor.py:175} INFO - Processing /opt/airflow/dags/HelloWorld.py took 0.080 seconds
[2023-12-27T10:17:44.486+0000] {processor.py:153} INFO - Started process (PID=274) to work on /opt/airflow/dags/HelloWorld.py
[2023-12-27T10:17:44.491+0000] {processor.py:743} INFO - Processing file /opt/airflow/dags/HelloWorld.py for tasks to queue
[2023-12-27T10:17:44.492+0000] {logging_mixin.py:137} INFO - [2023-12-27T10:17:44.492+0000] {dagbag.py:538} INFO - Filling up the DagBag from /opt/airflow/dags/HelloWorld.py
[2023-12-27T10:17:44.510+0000] {processor.py:753} INFO - DAG(s) dict_keys(['HelloWorld']) retrieved from /opt/airflow/dags/HelloWorld.py
[2023-12-27T10:17:44.547+0000] {logging_mixin.py:137} INFO - [2023-12-27T10:17:44.547+0000] {dag.py:2690} INFO - Sync 1 DAGs
[2023-12-27T10:17:44.574+0000] {logging_mixin.py:137} INFO - [2023-12-27T10:17:44.574+0000] {dag.py:3441} INFO - Setting next_dagrun for HelloWorld to 2023-12-26T02:00:00+00:00, run_after=2023-12-27T02:00:00+00:00
[2023-12-27T10:17:44.604+0000] {processor.py:175} INFO - Processing /opt/airflow/dags/HelloWorld.py took 0.120 seconds
[2023-12-27T10:18:14.934+0000] {processor.py:153} INFO - Started process (PID=314) to work on /opt/airflow/dags/HelloWorld.py
[2023-12-27T10:18:14.935+0000] {processor.py:743} INFO - Processing file /opt/airflow/dags/HelloWorld.py for tasks to queue
[2023-12-27T10:18:14.935+0000] {logging_mixin.py:137} INFO - [2023-12-27T10:18:14.935+0000] {dagbag.py:538} INFO - Filling up the DagBag from /opt/airflow/dags/HelloWorld.py
[2023-12-27T10:18:14.946+0000] {processor.py:753} INFO - DAG(s) dict_keys(['HelloWorld']) retrieved from /opt/airflow/dags/HelloWorld.py
[2023-12-27T10:18:14.967+0000] {logging_mixin.py:137} INFO - [2023-12-27T10:18:14.967+0000] {dag.py:2690} INFO - Sync 1 DAGs
[2023-12-27T10:18:14.992+0000] {logging_mixin.py:137} INFO - [2023-12-27T10:18:14.992+0000] {dag.py:3441} INFO - Setting next_dagrun for HelloWorld to 2023-12-26T02:00:00+00:00, run_after=2023-12-27T02:00:00+00:00
[2023-12-27T10:18:15.013+0000] {processor.py:175} INFO - Processing /opt/airflow/dags/HelloWorld.py took 0.081 seconds
[2023-12-27T10:18:45.428+0000] {processor.py:153} INFO - Started process (PID=345) to work on /opt/airflow/dags/HelloWorld.py
[2023-12-27T10:18:45.428+0000] {processor.py:743} INFO - Processing file /opt/airflow/dags/HelloWorld.py for tasks to queue
[2023-12-27T10:18:45.428+0000] {logging_mixin.py:137} INFO - [2023-12-27T10:18:45.428+0000] {dagbag.py:538} INFO - Filling up the DagBag from /opt/airflow/dags/HelloWorld.py
[2023-12-27T10:18:45.439+0000] {processor.py:753} INFO - DAG(s) dict_keys(['HelloWorld']) retrieved from /opt/airflow/dags/HelloWorld.py
[2023-12-27T10:18:45.460+0000] {logging_mixin.py:137} INFO - [2023-12-27T10:18:45.460+0000] {dag.py:2690} INFO - Sync 1 DAGs
[2023-12-27T10:18:45.486+0000] {logging_mixin.py:137} INFO - [2023-12-27T10:18:45.485+0000] {dag.py:3441} INFO - Setting next_dagrun for HelloWorld to 2023-12-26T02:00:00+00:00, run_after=2023-12-27T02:00:00+00:00
[2023-12-27T10:18:45.505+0000] {processor.py:175} INFO - Processing /opt/airflow/dags/HelloWorld.py took 0.079 seconds
[2023-12-27T10:19:15.904+0000] {processor.py:153} INFO - Started process (PID=386) to work on /opt/airflow/dags/HelloWorld.py
[2023-12-27T10:19:15.905+0000] {processor.py:743} INFO - Processing file /opt/airflow/dags/HelloWorld.py for tasks to queue
[2023-12-27T10:19:15.905+0000] {logging_mixin.py:137} INFO - [2023-12-27T10:19:15.905+0000] {dagbag.py:538} INFO - Filling up the DagBag from /opt/airflow/dags/HelloWorld.py
[2023-12-27T10:19:15.916+0000] {processor.py:753} INFO - DAG(s) dict_keys(['HelloWorld']) retrieved from /opt/airflow/dags/HelloWorld.py
[2023-12-27T10:19:15.938+0000] {logging_mixin.py:137} INFO - [2023-12-27T10:19:15.938+0000] {dag.py:2690} INFO - Sync 1 DAGs
[2023-12-27T10:19:15.963+0000] {logging_mixin.py:137} INFO - [2023-12-27T10:19:15.963+0000] {dag.py:3441} INFO - Setting next_dagrun for HelloWorld to 2023-12-26T02:00:00+00:00, run_after=2023-12-27T02:00:00+00:00
[2023-12-27T10:19:15.982+0000] {processor.py:175} INFO - Processing /opt/airflow/dags/HelloWorld.py took 0.081 seconds
[2023-12-27T10:19:46.293+0000] {processor.py:153} INFO - Started process (PID=418) to work on /opt/airflow/dags/HelloWorld.py
[2023-12-27T10:19:46.294+0000] {processor.py:743} INFO - Processing file /opt/airflow/dags/HelloWorld.py for tasks to queue
[2023-12-27T10:19:46.295+0000] {logging_mixin.py:137} INFO - [2023-12-27T10:19:46.295+0000] {dagbag.py:538} INFO - Filling up the DagBag from /opt/airflow/dags/HelloWorld.py
[2023-12-27T10:19:46.306+0000] {processor.py:753} INFO - DAG(s) dict_keys(['HelloWorld']) retrieved from /opt/airflow/dags/HelloWorld.py
[2023-12-27T10:19:46.326+0000] {logging_mixin.py:137} INFO - [2023-12-27T10:19:46.326+0000] {dag.py:2690} INFO - Sync 1 DAGs
[2023-12-27T10:19:46.352+0000] {logging_mixin.py:137} INFO - [2023-12-27T10:19:46.351+0000] {dag.py:3441} INFO - Setting next_dagrun for HelloWorld to 2023-12-26T02:00:00+00:00, run_after=2023-12-27T02:00:00+00:00
[2023-12-27T10:19:46.370+0000] {processor.py:175} INFO - Processing /opt/airflow/dags/HelloWorld.py took 0.079 seconds
[2023-12-27T10:20:16.871+0000] {processor.py:153} INFO - Started process (PID=460) to work on /opt/airflow/dags/HelloWorld.py
[2023-12-27T10:20:16.873+0000] {processor.py:743} INFO - Processing file /opt/airflow/dags/HelloWorld.py for tasks to queue
[2023-12-27T10:20:16.873+0000] {logging_mixin.py:137} INFO - [2023-12-27T10:20:16.873+0000] {dagbag.py:538} INFO - Filling up the DagBag from /opt/airflow/dags/HelloWorld.py
[2023-12-27T10:20:16.888+0000] {processor.py:753} INFO - DAG(s) dict_keys(['HelloWorld']) retrieved from /opt/airflow/dags/HelloWorld.py
[2023-12-27T10:20:16.910+0000] {logging_mixin.py:137} INFO - [2023-12-27T10:20:16.910+0000] {dag.py:2690} INFO - Sync 1 DAGs
[2023-12-27T10:20:16.936+0000] {logging_mixin.py:137} INFO - [2023-12-27T10:20:16.936+0000] {dag.py:3441} INFO - Setting next_dagrun for HelloWorld to 2023-12-26T02:00:00+00:00, run_after=2023-12-27T02:00:00+00:00
[2023-12-27T10:20:16.955+0000] {processor.py:175} INFO - Processing /opt/airflow/dags/HelloWorld.py took 0.087 seconds
[2023-12-27T10:20:47.298+0000] {processor.py:153} INFO - Started process (PID=491) to work on /opt/airflow/dags/HelloWorld.py
[2023-12-27T10:20:47.299+0000] {processor.py:743} INFO - Processing file /opt/airflow/dags/HelloWorld.py for tasks to queue
[2023-12-27T10:20:47.299+0000] {logging_mixin.py:137} INFO - [2023-12-27T10:20:47.299+0000] {dagbag.py:538} INFO - Filling up the DagBag from /opt/airflow/dags/HelloWorld.py
[2023-12-27T10:20:47.311+0000] {processor.py:753} INFO - DAG(s) dict_keys(['HelloWorld']) retrieved from /opt/airflow/dags/HelloWorld.py
[2023-12-27T10:20:47.336+0000] {logging_mixin.py:137} INFO - [2023-12-27T10:20:47.336+0000] {dag.py:2690} INFO - Sync 1 DAGs
[2023-12-27T10:20:47.364+0000] {logging_mixin.py:137} INFO - [2023-12-27T10:20:47.364+0000] {dag.py:3441} INFO - Setting next_dagrun for HelloWorld to 2023-12-26T02:00:00+00:00, run_after=2023-12-27T02:00:00+00:00
[2023-12-27T10:20:47.386+0000] {processor.py:175} INFO - Processing /opt/airflow/dags/HelloWorld.py took 0.091 seconds
[2023-12-27T10:21:17.847+0000] {processor.py:153} INFO - Started process (PID=532) to work on /opt/airflow/dags/HelloWorld.py
[2023-12-27T10:21:17.848+0000] {processor.py:743} INFO - Processing file /opt/airflow/dags/HelloWorld.py for tasks to queue
[2023-12-27T10:21:17.849+0000] {logging_mixin.py:137} INFO - [2023-12-27T10:21:17.848+0000] {dagbag.py:538} INFO - Filling up the DagBag from /opt/airflow/dags/HelloWorld.py
[2023-12-27T10:21:17.859+0000] {processor.py:753} INFO - DAG(s) dict_keys(['HelloWorld']) retrieved from /opt/airflow/dags/HelloWorld.py
[2023-12-27T10:21:17.880+0000] {logging_mixin.py:137} INFO - [2023-12-27T10:21:17.879+0000] {dag.py:2690} INFO - Sync 1 DAGs
[2023-12-27T10:21:17.905+0000] {logging_mixin.py:137} INFO - [2023-12-27T10:21:17.904+0000] {dag.py:3441} INFO - Setting next_dagrun for HelloWorld to 2023-12-26T02:00:00+00:00, run_after=2023-12-27T02:00:00+00:00
[2023-12-27T10:21:17.923+0000] {processor.py:175} INFO - Processing /opt/airflow/dags/HelloWorld.py took 0.078 seconds
[2023-12-27T10:21:48.173+0000] {processor.py:153} INFO - Started process (PID=563) to work on /opt/airflow/dags/HelloWorld.py
[2023-12-27T10:21:48.174+0000] {processor.py:743} INFO - Processing file /opt/airflow/dags/HelloWorld.py for tasks to queue
[2023-12-27T10:21:48.174+0000] {logging_mixin.py:137} INFO - [2023-12-27T10:21:48.174+0000] {dagbag.py:538} INFO - Filling up the DagBag from /opt/airflow/dags/HelloWorld.py
[2023-12-27T10:21:48.186+0000] {processor.py:753} INFO - DAG(s) dict_keys(['HelloWorld']) retrieved from /opt/airflow/dags/HelloWorld.py
[2023-12-27T10:21:48.210+0000] {logging_mixin.py:137} INFO - [2023-12-27T10:21:48.209+0000] {dag.py:2690} INFO - Sync 1 DAGs
[2023-12-27T10:21:48.236+0000] {logging_mixin.py:137} INFO - [2023-12-27T10:21:48.236+0000] {dag.py:3441} INFO - Setting next_dagrun for HelloWorld to 2023-12-26T02:00:00+00:00, run_after=2023-12-27T02:00:00+00:00
[2023-12-27T10:21:48.257+0000] {processor.py:175} INFO - Processing /opt/airflow/dags/HelloWorld.py took 0.086 seconds
[2023-12-27T10:22:18.737+0000] {processor.py:153} INFO - Started process (PID=607) to work on /opt/airflow/dags/HelloWorld.py
[2023-12-27T10:22:18.738+0000] {processor.py:743} INFO - Processing file /opt/airflow/dags/HelloWorld.py for tasks to queue
[2023-12-27T10:22:18.739+0000] {logging_mixin.py:137} INFO - [2023-12-27T10:22:18.738+0000] {dagbag.py:538} INFO - Filling up the DagBag from /opt/airflow/dags/HelloWorld.py
[2023-12-27T10:22:18.751+0000] {processor.py:753} INFO - DAG(s) dict_keys(['HelloWorld']) retrieved from /opt/airflow/dags/HelloWorld.py
[2023-12-27T10:22:18.774+0000] {logging_mixin.py:137} INFO - [2023-12-27T10:22:18.774+0000] {dag.py:2690} INFO - Sync 1 DAGs
[2023-12-27T10:22:18.801+0000] {logging_mixin.py:137} INFO - [2023-12-27T10:22:18.801+0000] {dag.py:3441} INFO - Setting next_dagrun for HelloWorld to 2023-12-26T02:00:00+00:00, run_after=2023-12-27T02:00:00+00:00
[2023-12-27T10:22:18.820+0000] {processor.py:175} INFO - Processing /opt/airflow/dags/HelloWorld.py took 0.085 seconds
[2023-12-27T10:22:49.400+0000] {processor.py:153} INFO - Started process (PID=638) to work on /opt/airflow/dags/HelloWorld.py
[2023-12-27T10:22:49.401+0000] {processor.py:743} INFO - Processing file /opt/airflow/dags/HelloWorld.py for tasks to queue
[2023-12-27T10:22:49.401+0000] {logging_mixin.py:137} INFO - [2023-12-27T10:22:49.401+0000] {dagbag.py:538} INFO - Filling up the DagBag from /opt/airflow/dags/HelloWorld.py
[2023-12-27T10:22:49.413+0000] {processor.py:753} INFO - DAG(s) dict_keys(['HelloWorld']) retrieved from /opt/airflow/dags/HelloWorld.py
[2023-12-27T10:22:49.437+0000] {logging_mixin.py:137} INFO - [2023-12-27T10:22:49.437+0000] {dag.py:2690} INFO - Sync 1 DAGs
[2023-12-27T10:22:49.462+0000] {logging_mixin.py:137} INFO - [2023-12-27T10:22:49.461+0000] {dag.py:3441} INFO - Setting next_dagrun for HelloWorld to 2023-12-26T02:00:00+00:00, run_after=2023-12-27T02:00:00+00:00
[2023-12-27T10:22:49.482+0000] {processor.py:175} INFO - Processing /opt/airflow/dags/HelloWorld.py took 0.085 seconds
[2023-12-27T10:23:19.799+0000] {processor.py:153} INFO - Started process (PID=681) to work on /opt/airflow/dags/HelloWorld.py
[2023-12-27T10:23:19.800+0000] {processor.py:743} INFO - Processing file /opt/airflow/dags/HelloWorld.py for tasks to queue
[2023-12-27T10:23:19.800+0000] {logging_mixin.py:137} INFO - [2023-12-27T10:23:19.800+0000] {dagbag.py:538} INFO - Filling up the DagBag from /opt/airflow/dags/HelloWorld.py
[2023-12-27T10:23:19.818+0000] {processor.py:753} INFO - DAG(s) dict_keys(['HelloWorld']) retrieved from /opt/airflow/dags/HelloWorld.py
[2023-12-27T10:23:19.846+0000] {logging_mixin.py:137} INFO - [2023-12-27T10:23:19.846+0000] {dag.py:2690} INFO - Sync 1 DAGs
[2023-12-27T10:23:19.886+0000] {logging_mixin.py:137} INFO - [2023-12-27T10:23:19.886+0000] {dag.py:3441} INFO - Setting next_dagrun for HelloWorld to 2023-12-26T02:00:00+00:00, run_after=2023-12-27T02:00:00+00:00
[2023-12-27T10:23:19.908+0000] {processor.py:175} INFO - Processing /opt/airflow/dags/HelloWorld.py took 0.112 seconds
[2023-12-27T10:23:49.949+0000] {processor.py:153} INFO - Started process (PID=712) to work on /opt/airflow/dags/HelloWorld.py
[2023-12-27T10:23:49.950+0000] {processor.py:743} INFO - Processing file /opt/airflow/dags/HelloWorld.py for tasks to queue
[2023-12-27T10:23:49.950+0000] {logging_mixin.py:137} INFO - [2023-12-27T10:23:49.950+0000] {dagbag.py:538} INFO - Filling up the DagBag from /opt/airflow/dags/HelloWorld.py
[2023-12-27T10:23:49.964+0000] {processor.py:753} INFO - DAG(s) dict_keys(['HelloWorld']) retrieved from /opt/airflow/dags/HelloWorld.py
[2023-12-27T10:23:49.985+0000] {logging_mixin.py:137} INFO - [2023-12-27T10:23:49.985+0000] {dag.py:2690} INFO - Sync 1 DAGs
[2023-12-27T10:23:50.010+0000] {logging_mixin.py:137} INFO - [2023-12-27T10:23:50.010+0000] {dag.py:3441} INFO - Setting next_dagrun for HelloWorld to 2023-12-26T02:00:00+00:00, run_after=2023-12-27T02:00:00+00:00
[2023-12-27T10:23:50.031+0000] {processor.py:175} INFO - Processing /opt/airflow/dags/HelloWorld.py took 0.085 seconds
[2023-12-27T10:24:20.105+0000] {processor.py:153} INFO - Started process (PID=753) to work on /opt/airflow/dags/HelloWorld.py
[2023-12-27T10:24:20.105+0000] {processor.py:743} INFO - Processing file /opt/airflow/dags/HelloWorld.py for tasks to queue
[2023-12-27T10:24:20.106+0000] {logging_mixin.py:137} INFO - [2023-12-27T10:24:20.106+0000] {dagbag.py:538} INFO - Filling up the DagBag from /opt/airflow/dags/HelloWorld.py
[2023-12-27T10:24:20.117+0000] {processor.py:753} INFO - DAG(s) dict_keys(['HelloWorld']) retrieved from /opt/airflow/dags/HelloWorld.py
[2023-12-27T10:24:20.138+0000] {logging_mixin.py:137} INFO - [2023-12-27T10:24:20.138+0000] {dag.py:2690} INFO - Sync 1 DAGs
[2023-12-27T10:24:20.163+0000] {logging_mixin.py:137} INFO - [2023-12-27T10:24:20.163+0000] {dag.py:3441} INFO - Setting next_dagrun for HelloWorld to 2023-12-26T02:00:00+00:00, run_after=2023-12-27T02:00:00+00:00
[2023-12-27T10:24:20.184+0000] {processor.py:175} INFO - Processing /opt/airflow/dags/HelloWorld.py took 0.082 seconds
[2023-12-27T10:24:50.744+0000] {processor.py:153} INFO - Started process (PID=784) to work on /opt/airflow/dags/HelloWorld.py
[2023-12-27T10:24:50.745+0000] {processor.py:743} INFO - Processing file /opt/airflow/dags/HelloWorld.py for tasks to queue
[2023-12-27T10:24:50.746+0000] {logging_mixin.py:137} INFO - [2023-12-27T10:24:50.746+0000] {dagbag.py:538} INFO - Filling up the DagBag from /opt/airflow/dags/HelloWorld.py
[2023-12-27T10:24:50.758+0000] {processor.py:753} INFO - DAG(s) dict_keys(['HelloWorld']) retrieved from /opt/airflow/dags/HelloWorld.py
[2023-12-27T10:24:50.778+0000] {logging_mixin.py:137} INFO - [2023-12-27T10:24:50.778+0000] {dag.py:2690} INFO - Sync 1 DAGs
[2023-12-27T10:24:50.803+0000] {logging_mixin.py:137} INFO - [2023-12-27T10:24:50.802+0000] {dag.py:3441} INFO - Setting next_dagrun for HelloWorld to 2023-12-26T02:00:00+00:00, run_after=2023-12-27T02:00:00+00:00
[2023-12-27T10:24:50.827+0000] {processor.py:175} INFO - Processing /opt/airflow/dags/HelloWorld.py took 0.085 seconds
