[2023-12-27T10:15:11.262+0000] {processor.py:153} INFO - Started process (PID=106) to work on /opt/airflow/dags/HelloWorld_v2.py
[2023-12-27T10:15:11.263+0000] {processor.py:743} INFO - Processing file /opt/airflow/dags/HelloWorld_v2.py for tasks to queue
[2023-12-27T10:15:11.264+0000] {logging_mixin.py:137} INFO - [2023-12-27T10:15:11.263+0000] {dagbag.py:538} INFO - Filling up the DagBag from /opt/airflow/dags/HelloWorld_v2.py
[2023-12-27T10:15:11.290+0000] {processor.py:753} INFO - DAG(s) dict_keys(['HelloWorld_v2']) retrieved from /opt/airflow/dags/HelloWorld_v2.py
[2023-12-27T10:15:11.360+0000] {logging_mixin.py:137} INFO - [2023-12-27T10:15:11.359+0000] {dag.py:2690} INFO - Sync 1 DAGs
[2023-12-27T10:15:11.391+0000] {logging_mixin.py:137} INFO - [2023-12-27T10:15:11.391+0000] {dag.py:3441} INFO - Setting next_dagrun for HelloWorld_v2 to 2023-12-26T02:00:00+00:00, run_after=2023-12-27T02:00:00+00:00
[2023-12-27T10:15:11.418+0000] {processor.py:175} INFO - Processing /opt/airflow/dags/HelloWorld_v2.py took 0.160 seconds
[2023-12-27T10:15:42.034+0000] {processor.py:153} INFO - Started process (PID=136) to work on /opt/airflow/dags/HelloWorld_v2.py
[2023-12-27T10:15:42.035+0000] {processor.py:743} INFO - Processing file /opt/airflow/dags/HelloWorld_v2.py for tasks to queue
[2023-12-27T10:15:42.036+0000] {logging_mixin.py:137} INFO - [2023-12-27T10:15:42.036+0000] {dagbag.py:538} INFO - Filling up the DagBag from /opt/airflow/dags/HelloWorld_v2.py
[2023-12-27T10:15:42.058+0000] {processor.py:753} INFO - DAG(s) dict_keys(['HelloWorld_v2']) retrieved from /opt/airflow/dags/HelloWorld_v2.py
[2023-12-27T10:15:42.080+0000] {logging_mixin.py:137} INFO - [2023-12-27T10:15:42.080+0000] {dag.py:2690} INFO - Sync 1 DAGs
[2023-12-27T10:15:42.108+0000] {logging_mixin.py:137} INFO - [2023-12-27T10:15:42.108+0000] {dag.py:3441} INFO - Setting next_dagrun for HelloWorld_v2 to 2023-12-26T02:00:00+00:00, run_after=2023-12-27T02:00:00+00:00
[2023-12-27T10:15:42.131+0000] {processor.py:175} INFO - Processing /opt/airflow/dags/HelloWorld_v2.py took 0.100 seconds
[2023-12-27T10:16:13.215+0000] {processor.py:153} INFO - Started process (PID=178) to work on /opt/airflow/dags/HelloWorld_v2.py
[2023-12-27T10:16:13.216+0000] {processor.py:743} INFO - Processing file /opt/airflow/dags/HelloWorld_v2.py for tasks to queue
[2023-12-27T10:16:13.217+0000] {logging_mixin.py:137} INFO - [2023-12-27T10:16:13.217+0000] {dagbag.py:538} INFO - Filling up the DagBag from /opt/airflow/dags/HelloWorld_v2.py
[2023-12-27T10:16:13.240+0000] {processor.py:753} INFO - DAG(s) dict_keys(['HelloWorld_v2']) retrieved from /opt/airflow/dags/HelloWorld_v2.py
[2023-12-27T10:16:13.266+0000] {logging_mixin.py:137} INFO - [2023-12-27T10:16:13.266+0000] {dag.py:2690} INFO - Sync 1 DAGs
[2023-12-27T10:16:13.293+0000] {logging_mixin.py:137} INFO - [2023-12-27T10:16:13.293+0000] {dag.py:3441} INFO - Setting next_dagrun for HelloWorld_v2 to 2023-12-26T02:00:00+00:00, run_after=2023-12-27T02:00:00+00:00
[2023-12-27T10:16:13.315+0000] {processor.py:175} INFO - Processing /opt/airflow/dags/HelloWorld_v2.py took 0.103 seconds
[2023-12-27T10:16:44.340+0000] {processor.py:153} INFO - Started process (PID=208) to work on /opt/airflow/dags/HelloWorld_v2.py
[2023-12-27T10:16:44.341+0000] {processor.py:743} INFO - Processing file /opt/airflow/dags/HelloWorld_v2.py for tasks to queue
[2023-12-27T10:16:44.342+0000] {logging_mixin.py:137} INFO - [2023-12-27T10:16:44.342+0000] {dagbag.py:538} INFO - Filling up the DagBag from /opt/airflow/dags/HelloWorld_v2.py
[2023-12-27T10:16:44.374+0000] {processor.py:753} INFO - DAG(s) dict_keys(['HelloWorld_v2']) retrieved from /opt/airflow/dags/HelloWorld_v2.py
[2023-12-27T10:16:44.435+0000] {logging_mixin.py:137} INFO - [2023-12-27T10:16:44.435+0000] {dag.py:2690} INFO - Sync 1 DAGs
[2023-12-27T10:16:44.484+0000] {logging_mixin.py:137} INFO - [2023-12-27T10:16:44.484+0000] {dag.py:3441} INFO - Setting next_dagrun for HelloWorld_v2 to 2023-12-26T02:00:00+00:00, run_after=2023-12-27T02:00:00+00:00
[2023-12-27T10:16:44.522+0000] {processor.py:175} INFO - Processing /opt/airflow/dags/HelloWorld_v2.py took 0.195 seconds
[2023-12-27T10:17:14.948+0000] {processor.py:153} INFO - Started process (PID=248) to work on /opt/airflow/dags/HelloWorld_v2.py
[2023-12-27T10:17:14.949+0000] {processor.py:743} INFO - Processing file /opt/airflow/dags/HelloWorld_v2.py for tasks to queue
[2023-12-27T10:17:14.949+0000] {logging_mixin.py:137} INFO - [2023-12-27T10:17:14.949+0000] {dagbag.py:538} INFO - Filling up the DagBag from /opt/airflow/dags/HelloWorld_v2.py
[2023-12-27T10:17:14.967+0000] {processor.py:753} INFO - DAG(s) dict_keys(['HelloWorld_v2']) retrieved from /opt/airflow/dags/HelloWorld_v2.py
[2023-12-27T10:17:14.988+0000] {logging_mixin.py:137} INFO - [2023-12-27T10:17:14.988+0000] {dag.py:2690} INFO - Sync 1 DAGs
[2023-12-27T10:17:15.013+0000] {logging_mixin.py:137} INFO - [2023-12-27T10:17:15.013+0000] {dag.py:3441} INFO - Setting next_dagrun for HelloWorld_v2 to 2023-12-26T02:00:00+00:00, run_after=2023-12-27T02:00:00+00:00
[2023-12-27T10:17:15.032+0000] {processor.py:175} INFO - Processing /opt/airflow/dags/HelloWorld_v2.py took 0.086 seconds
[2023-12-27T10:17:45.053+0000] {processor.py:153} INFO - Started process (PID=277) to work on /opt/airflow/dags/HelloWorld_v2.py
[2023-12-27T10:17:45.054+0000] {processor.py:743} INFO - Processing file /opt/airflow/dags/HelloWorld_v2.py for tasks to queue
[2023-12-27T10:17:45.055+0000] {logging_mixin.py:137} INFO - [2023-12-27T10:17:45.055+0000] {dagbag.py:538} INFO - Filling up the DagBag from /opt/airflow/dags/HelloWorld_v2.py
[2023-12-27T10:17:45.075+0000] {processor.py:753} INFO - DAG(s) dict_keys(['HelloWorld_v2']) retrieved from /opt/airflow/dags/HelloWorld_v2.py
[2023-12-27T10:17:45.107+0000] {logging_mixin.py:137} INFO - [2023-12-27T10:17:45.107+0000] {dag.py:2690} INFO - Sync 1 DAGs
[2023-12-27T10:17:45.139+0000] {logging_mixin.py:137} INFO - [2023-12-27T10:17:45.138+0000] {dag.py:3441} INFO - Setting next_dagrun for HelloWorld_v2 to 2023-12-26T02:00:00+00:00, run_after=2023-12-27T02:00:00+00:00
[2023-12-27T10:17:45.170+0000] {processor.py:175} INFO - Processing /opt/airflow/dags/HelloWorld_v2.py took 0.120 seconds
[2023-12-27T10:18:16.522+0000] {processor.py:153} INFO - Started process (PID=319) to work on /opt/airflow/dags/HelloWorld_v2.py
[2023-12-27T10:18:16.523+0000] {processor.py:743} INFO - Processing file /opt/airflow/dags/HelloWorld_v2.py for tasks to queue
[2023-12-27T10:18:16.524+0000] {logging_mixin.py:137} INFO - [2023-12-27T10:18:16.523+0000] {dagbag.py:538} INFO - Filling up the DagBag from /opt/airflow/dags/HelloWorld_v2.py
[2023-12-27T10:18:16.545+0000] {processor.py:753} INFO - DAG(s) dict_keys(['HelloWorld_v2']) retrieved from /opt/airflow/dags/HelloWorld_v2.py
[2023-12-27T10:18:16.569+0000] {logging_mixin.py:137} INFO - [2023-12-27T10:18:16.569+0000] {dag.py:2690} INFO - Sync 1 DAGs
[2023-12-27T10:18:16.596+0000] {logging_mixin.py:137} INFO - [2023-12-27T10:18:16.596+0000] {dag.py:3441} INFO - Setting next_dagrun for HelloWorld_v2 to 2023-12-26T02:00:00+00:00, run_after=2023-12-27T02:00:00+00:00
[2023-12-27T10:18:16.617+0000] {processor.py:175} INFO - Processing /opt/airflow/dags/HelloWorld_v2.py took 0.097 seconds
[2023-12-27T10:18:47.038+0000] {processor.py:153} INFO - Started process (PID=349) to work on /opt/airflow/dags/HelloWorld_v2.py
[2023-12-27T10:18:47.039+0000] {processor.py:743} INFO - Processing file /opt/airflow/dags/HelloWorld_v2.py for tasks to queue
[2023-12-27T10:18:47.039+0000] {logging_mixin.py:137} INFO - [2023-12-27T10:18:47.039+0000] {dagbag.py:538} INFO - Filling up the DagBag from /opt/airflow/dags/HelloWorld_v2.py
[2023-12-27T10:18:47.057+0000] {processor.py:753} INFO - DAG(s) dict_keys(['HelloWorld_v2']) retrieved from /opt/airflow/dags/HelloWorld_v2.py
[2023-12-27T10:18:47.079+0000] {logging_mixin.py:137} INFO - [2023-12-27T10:18:47.079+0000] {dag.py:2690} INFO - Sync 1 DAGs
[2023-12-27T10:18:47.105+0000] {logging_mixin.py:137} INFO - [2023-12-27T10:18:47.105+0000] {dag.py:3441} INFO - Setting next_dagrun for HelloWorld_v2 to 2023-12-26T02:00:00+00:00, run_after=2023-12-27T02:00:00+00:00
[2023-12-27T10:18:47.123+0000] {processor.py:175} INFO - Processing /opt/airflow/dags/HelloWorld_v2.py took 0.087 seconds
[2023-12-27T10:19:19.096+0000] {processor.py:153} INFO - Started process (PID=393) to work on /opt/airflow/dags/HelloWorld_v2.py
[2023-12-27T10:19:19.106+0000] {processor.py:743} INFO - Processing file /opt/airflow/dags/HelloWorld_v2.py for tasks to queue
[2023-12-27T10:19:19.107+0000] {logging_mixin.py:137} INFO - [2023-12-27T10:19:19.107+0000] {dagbag.py:538} INFO - Filling up the DagBag from /opt/airflow/dags/HelloWorld_v2.py
[2023-12-27T10:19:19.158+0000] {processor.py:753} INFO - DAG(s) dict_keys(['HelloWorld_v2']) retrieved from /opt/airflow/dags/HelloWorld_v2.py
[2023-12-27T10:19:19.261+0000] {logging_mixin.py:137} INFO - [2023-12-27T10:19:19.260+0000] {dag.py:2690} INFO - Sync 1 DAGs
[2023-12-27T10:19:19.322+0000] {logging_mixin.py:137} INFO - [2023-12-27T10:19:19.322+0000] {dag.py:3441} INFO - Setting next_dagrun for HelloWorld_v2 to 2023-12-26T02:00:00+00:00, run_after=2023-12-27T02:00:00+00:00
[2023-12-27T10:19:19.363+0000] {processor.py:175} INFO - Processing /opt/airflow/dags/HelloWorld_v2.py took 0.275 seconds
[2023-12-27T10:19:50.304+0000] {processor.py:153} INFO - Started process (PID=434) to work on /opt/airflow/dags/HelloWorld_v2.py
[2023-12-27T10:19:50.304+0000] {processor.py:743} INFO - Processing file /opt/airflow/dags/HelloWorld_v2.py for tasks to queue
[2023-12-27T10:19:50.305+0000] {logging_mixin.py:137} INFO - [2023-12-27T10:19:50.305+0000] {dagbag.py:538} INFO - Filling up the DagBag from /opt/airflow/dags/HelloWorld_v2.py
[2023-12-27T10:19:50.348+0000] {processor.py:753} INFO - DAG(s) dict_keys(['HelloWorld_v2']) retrieved from /opt/airflow/dags/HelloWorld_v2.py
[2023-12-27T10:19:50.388+0000] {logging_mixin.py:137} INFO - [2023-12-27T10:19:50.387+0000] {dag.py:2690} INFO - Sync 1 DAGs
[2023-12-27T10:19:50.431+0000] {logging_mixin.py:137} INFO - [2023-12-27T10:19:50.431+0000] {dag.py:3441} INFO - Setting next_dagrun for HelloWorld_v2 to 2023-12-26T02:00:00+00:00, run_after=2023-12-27T02:00:00+00:00
[2023-12-27T10:19:50.479+0000] {processor.py:175} INFO - Processing /opt/airflow/dags/HelloWorld_v2.py took 0.178 seconds
[2023-12-27T10:20:22.180+0000] {processor.py:153} INFO - Started process (PID=465) to work on /opt/airflow/dags/HelloWorld_v2.py
[2023-12-27T10:20:22.181+0000] {processor.py:743} INFO - Processing file /opt/airflow/dags/HelloWorld_v2.py for tasks to queue
[2023-12-27T10:20:22.182+0000] {logging_mixin.py:137} INFO - [2023-12-27T10:20:22.181+0000] {dagbag.py:538} INFO - Filling up the DagBag from /opt/airflow/dags/HelloWorld_v2.py
[2023-12-27T10:20:22.219+0000] {processor.py:753} INFO - DAG(s) dict_keys(['HelloWorld_v2']) retrieved from /opt/airflow/dags/HelloWorld_v2.py
[2023-12-27T10:20:22.276+0000] {logging_mixin.py:137} INFO - [2023-12-27T10:20:22.275+0000] {dag.py:2690} INFO - Sync 1 DAGs
[2023-12-27T10:20:22.315+0000] {logging_mixin.py:137} INFO - [2023-12-27T10:20:22.315+0000] {dag.py:3441} INFO - Setting next_dagrun for HelloWorld_v2 to 2023-12-26T02:00:00+00:00, run_after=2023-12-27T02:00:00+00:00
[2023-12-27T10:20:22.348+0000] {processor.py:175} INFO - Processing /opt/airflow/dags/HelloWorld_v2.py took 0.171 seconds
[2023-12-27T10:20:52.969+0000] {processor.py:153} INFO - Started process (PID=506) to work on /opt/airflow/dags/HelloWorld_v2.py
[2023-12-27T10:20:52.970+0000] {processor.py:743} INFO - Processing file /opt/airflow/dags/HelloWorld_v2.py for tasks to queue
[2023-12-27T10:20:52.971+0000] {logging_mixin.py:137} INFO - [2023-12-27T10:20:52.971+0000] {dagbag.py:538} INFO - Filling up the DagBag from /opt/airflow/dags/HelloWorld_v2.py
[2023-12-27T10:20:52.993+0000] {processor.py:753} INFO - DAG(s) dict_keys(['HelloWorld_v2']) retrieved from /opt/airflow/dags/HelloWorld_v2.py
[2023-12-27T10:20:53.016+0000] {logging_mixin.py:137} INFO - [2023-12-27T10:20:53.016+0000] {dag.py:2690} INFO - Sync 1 DAGs
[2023-12-27T10:20:53.041+0000] {logging_mixin.py:137} INFO - [2023-12-27T10:20:53.041+0000] {dag.py:3441} INFO - Setting next_dagrun for HelloWorld_v2 to 2023-12-26T02:00:00+00:00, run_after=2023-12-27T02:00:00+00:00
[2023-12-27T10:20:53.063+0000] {processor.py:175} INFO - Processing /opt/airflow/dags/HelloWorld_v2.py took 0.096 seconds
[2023-12-27T10:21:24.534+0000] {processor.py:153} INFO - Started process (PID=538) to work on /opt/airflow/dags/HelloWorld_v2.py
[2023-12-27T10:21:24.535+0000] {processor.py:743} INFO - Processing file /opt/airflow/dags/HelloWorld_v2.py for tasks to queue
[2023-12-27T10:21:24.535+0000] {logging_mixin.py:137} INFO - [2023-12-27T10:21:24.535+0000] {dagbag.py:538} INFO - Filling up the DagBag from /opt/airflow/dags/HelloWorld_v2.py
[2023-12-27T10:21:24.554+0000] {processor.py:753} INFO - DAG(s) dict_keys(['HelloWorld_v2']) retrieved from /opt/airflow/dags/HelloWorld_v2.py
[2023-12-27T10:21:24.574+0000] {logging_mixin.py:137} INFO - [2023-12-27T10:21:24.574+0000] {dag.py:2690} INFO - Sync 1 DAGs
[2023-12-27T10:21:24.598+0000] {logging_mixin.py:137} INFO - [2023-12-27T10:21:24.598+0000] {dag.py:3441} INFO - Setting next_dagrun for HelloWorld_v2 to 2023-12-26T02:00:00+00:00, run_after=2023-12-27T02:00:00+00:00
[2023-12-27T10:21:24.623+0000] {processor.py:175} INFO - Processing /opt/airflow/dags/HelloWorld_v2.py took 0.092 seconds
[2023-12-27T10:21:57.321+0000] {processor.py:153} INFO - Started process (PID=581) to work on /opt/airflow/dags/HelloWorld_v2.py
[2023-12-27T10:21:57.322+0000] {processor.py:743} INFO - Processing file /opt/airflow/dags/HelloWorld_v2.py for tasks to queue
[2023-12-27T10:21:57.322+0000] {logging_mixin.py:137} INFO - [2023-12-27T10:21:57.322+0000] {dagbag.py:538} INFO - Filling up the DagBag from /opt/airflow/dags/HelloWorld_v2.py
[2023-12-27T10:21:57.348+0000] {processor.py:753} INFO - DAG(s) dict_keys(['HelloWorld_v2']) retrieved from /opt/airflow/dags/HelloWorld_v2.py
[2023-12-27T10:21:57.413+0000] {logging_mixin.py:137} INFO - [2023-12-27T10:21:57.413+0000] {dag.py:2690} INFO - Sync 1 DAGs
[2023-12-27T10:21:57.453+0000] {logging_mixin.py:137} INFO - [2023-12-27T10:21:57.453+0000] {dag.py:3441} INFO - Setting next_dagrun for HelloWorld_v2 to 2023-12-26T02:00:00+00:00, run_after=2023-12-27T02:00:00+00:00
[2023-12-27T10:21:57.485+0000] {processor.py:175} INFO - Processing /opt/airflow/dags/HelloWorld_v2.py took 0.171 seconds
[2023-12-27T10:22:27.780+0000] {processor.py:153} INFO - Started process (PID=623) to work on /opt/airflow/dags/HelloWorld_v2.py
[2023-12-27T10:22:27.785+0000] {processor.py:743} INFO - Processing file /opt/airflow/dags/HelloWorld_v2.py for tasks to queue
[2023-12-27T10:22:27.786+0000] {logging_mixin.py:137} INFO - [2023-12-27T10:22:27.786+0000] {dagbag.py:538} INFO - Filling up the DagBag from /opt/airflow/dags/HelloWorld_v2.py
[2023-12-27T10:22:27.827+0000] {processor.py:753} INFO - DAG(s) dict_keys(['HelloWorld_v2']) retrieved from /opt/airflow/dags/HelloWorld_v2.py
[2023-12-27T10:22:27.887+0000] {logging_mixin.py:137} INFO - [2023-12-27T10:22:27.887+0000] {dag.py:2690} INFO - Sync 1 DAGs
[2023-12-27T10:22:27.955+0000] {logging_mixin.py:137} INFO - [2023-12-27T10:22:27.955+0000] {dag.py:3441} INFO - Setting next_dagrun for HelloWorld_v2 to 2023-12-26T02:00:00+00:00, run_after=2023-12-27T02:00:00+00:00
[2023-12-27T10:22:27.993+0000] {processor.py:175} INFO - Processing /opt/airflow/dags/HelloWorld_v2.py took 0.216 seconds
[2023-12-27T10:22:59.321+0000] {processor.py:153} INFO - Started process (PID=654) to work on /opt/airflow/dags/HelloWorld_v2.py
[2023-12-27T10:22:59.328+0000] {processor.py:743} INFO - Processing file /opt/airflow/dags/HelloWorld_v2.py for tasks to queue
[2023-12-27T10:22:59.329+0000] {logging_mixin.py:137} INFO - [2023-12-27T10:22:59.329+0000] {dagbag.py:538} INFO - Filling up the DagBag from /opt/airflow/dags/HelloWorld_v2.py
[2023-12-27T10:22:59.360+0000] {processor.py:753} INFO - DAG(s) dict_keys(['HelloWorld_v2']) retrieved from /opt/airflow/dags/HelloWorld_v2.py
[2023-12-27T10:22:59.381+0000] {logging_mixin.py:137} INFO - [2023-12-27T10:22:59.380+0000] {dag.py:2690} INFO - Sync 1 DAGs
[2023-12-27T10:22:59.416+0000] {logging_mixin.py:137} INFO - [2023-12-27T10:22:59.416+0000] {dag.py:3441} INFO - Setting next_dagrun for HelloWorld_v2 to 2023-12-26T02:00:00+00:00, run_after=2023-12-27T02:00:00+00:00
[2023-12-27T10:22:59.449+0000] {processor.py:175} INFO - Processing /opt/airflow/dags/HelloWorld_v2.py took 0.131 seconds
[2023-12-27T10:23:30.482+0000] {processor.py:153} INFO - Started process (PID=696) to work on /opt/airflow/dags/HelloWorld_v2.py
[2023-12-27T10:23:30.482+0000] {processor.py:743} INFO - Processing file /opt/airflow/dags/HelloWorld_v2.py for tasks to queue
[2023-12-27T10:23:30.483+0000] {logging_mixin.py:137} INFO - [2023-12-27T10:23:30.483+0000] {dagbag.py:538} INFO - Filling up the DagBag from /opt/airflow/dags/HelloWorld_v2.py
[2023-12-27T10:23:30.520+0000] {processor.py:753} INFO - DAG(s) dict_keys(['HelloWorld_v2']) retrieved from /opt/airflow/dags/HelloWorld_v2.py
[2023-12-27T10:23:30.555+0000] {logging_mixin.py:137} INFO - [2023-12-27T10:23:30.554+0000] {dag.py:2690} INFO - Sync 1 DAGs
[2023-12-27T10:23:30.583+0000] {logging_mixin.py:137} INFO - [2023-12-27T10:23:30.583+0000] {dag.py:3441} INFO - Setting next_dagrun for HelloWorld_v2 to 2023-12-26T02:00:00+00:00, run_after=2023-12-27T02:00:00+00:00
[2023-12-27T10:23:30.642+0000] {processor.py:175} INFO - Processing /opt/airflow/dags/HelloWorld_v2.py took 0.163 seconds
[2023-12-27T10:24:01.861+0000] {processor.py:153} INFO - Started process (PID=727) to work on /opt/airflow/dags/HelloWorld_v2.py
[2023-12-27T10:24:01.862+0000] {processor.py:743} INFO - Processing file /opt/airflow/dags/HelloWorld_v2.py for tasks to queue
[2023-12-27T10:24:01.863+0000] {logging_mixin.py:137} INFO - [2023-12-27T10:24:01.862+0000] {dagbag.py:538} INFO - Filling up the DagBag from /opt/airflow/dags/HelloWorld_v2.py
[2023-12-27T10:24:01.882+0000] {processor.py:753} INFO - DAG(s) dict_keys(['HelloWorld_v2']) retrieved from /opt/airflow/dags/HelloWorld_v2.py
[2023-12-27T10:24:01.902+0000] {logging_mixin.py:137} INFO - [2023-12-27T10:24:01.902+0000] {dag.py:2690} INFO - Sync 1 DAGs
[2023-12-27T10:24:01.927+0000] {logging_mixin.py:137} INFO - [2023-12-27T10:24:01.927+0000] {dag.py:3441} INFO - Setting next_dagrun for HelloWorld_v2 to 2023-12-26T02:00:00+00:00, run_after=2023-12-27T02:00:00+00:00
[2023-12-27T10:24:01.945+0000] {processor.py:175} INFO - Processing /opt/airflow/dags/HelloWorld_v2.py took 0.087 seconds
[2023-12-27T10:24:32.771+0000] {processor.py:153} INFO - Started process (PID=768) to work on /opt/airflow/dags/HelloWorld_v2.py
[2023-12-27T10:24:32.772+0000] {processor.py:743} INFO - Processing file /opt/airflow/dags/HelloWorld_v2.py for tasks to queue
[2023-12-27T10:24:32.773+0000] {logging_mixin.py:137} INFO - [2023-12-27T10:24:32.773+0000] {dagbag.py:538} INFO - Filling up the DagBag from /opt/airflow/dags/HelloWorld_v2.py
[2023-12-27T10:24:32.802+0000] {processor.py:753} INFO - DAG(s) dict_keys(['HelloWorld_v2']) retrieved from /opt/airflow/dags/HelloWorld_v2.py
[2023-12-27T10:24:32.832+0000] {logging_mixin.py:137} INFO - [2023-12-27T10:24:32.831+0000] {dag.py:2690} INFO - Sync 1 DAGs
[2023-12-27T10:24:32.878+0000] {logging_mixin.py:137} INFO - [2023-12-27T10:24:32.878+0000] {dag.py:3441} INFO - Setting next_dagrun for HelloWorld_v2 to 2023-12-26T02:00:00+00:00, run_after=2023-12-27T02:00:00+00:00
[2023-12-27T10:24:32.910+0000] {processor.py:175} INFO - Processing /opt/airflow/dags/HelloWorld_v2.py took 0.143 seconds
[2023-12-27T10:25:03.497+0000] {processor.py:153} INFO - Started process (PID=799) to work on /opt/airflow/dags/HelloWorld_v2.py
[2023-12-27T10:25:03.498+0000] {processor.py:743} INFO - Processing file /opt/airflow/dags/HelloWorld_v2.py for tasks to queue
[2023-12-27T10:25:03.499+0000] {logging_mixin.py:137} INFO - [2023-12-27T10:25:03.499+0000] {dagbag.py:538} INFO - Filling up the DagBag from /opt/airflow/dags/HelloWorld_v2.py
[2023-12-27T10:25:03.519+0000] {processor.py:753} INFO - DAG(s) dict_keys(['HelloWorld_v2']) retrieved from /opt/airflow/dags/HelloWorld_v2.py
[2023-12-27T10:25:03.543+0000] {logging_mixin.py:137} INFO - [2023-12-27T10:25:03.543+0000] {dag.py:2690} INFO - Sync 1 DAGs
[2023-12-27T10:25:03.568+0000] {logging_mixin.py:137} INFO - [2023-12-27T10:25:03.568+0000] {dag.py:3441} INFO - Setting next_dagrun for HelloWorld_v2 to 2023-12-26T02:00:00+00:00, run_after=2023-12-27T02:00:00+00:00
[2023-12-27T10:25:03.587+0000] {processor.py:175} INFO - Processing /opt/airflow/dags/HelloWorld_v2.py took 0.094 seconds
