[2023-12-27T10:15:05.927+0000] {processor.py:153} INFO - Started process (PID=100) to work on /opt/airflow/dags/MySQL_to_Redshift_v2.py
[2023-12-27T10:15:05.928+0000] {processor.py:743} INFO - Processing file /opt/airflow/dags/MySQL_to_Redshift_v2.py for tasks to queue
[2023-12-27T10:15:05.928+0000] {logging_mixin.py:137} INFO - [2023-12-27T10:15:05.928+0000] {dagbag.py:538} INFO - Filling up the DagBag from /opt/airflow/dags/MySQL_to_Redshift_v2.py
[2023-12-27T10:15:10.531+0000] {logging_mixin.py:137} INFO - SELECT * FROM prod.nps WHERE DATE(created_at) = DATE('{{ execution_date }}')
[2023-12-27T10:15:10.551+0000] {processor.py:753} INFO - DAG(s) dict_keys(['MySQL_to_Redshift_v2']) retrieved from /opt/airflow/dags/MySQL_to_Redshift_v2.py
[2023-12-27T10:15:10.748+0000] {logging_mixin.py:137} INFO - [2023-12-27T10:15:10.748+0000] {dag.py:2690} INFO - Sync 1 DAGs
[2023-12-27T10:15:10.797+0000] {logging_mixin.py:137} INFO - [2023-12-27T10:15:10.797+0000] {dag.py:3441} INFO - Setting next_dagrun for MySQL_to_Redshift_v2 to 2023-12-26T09:00:00+00:00, run_after=2023-12-27T09:00:00+00:00
[2023-12-27T10:15:10.828+0000] {processor.py:175} INFO - Processing /opt/airflow/dags/MySQL_to_Redshift_v2.py took 4.913 seconds
[2023-12-27T10:15:41.237+0000] {processor.py:153} INFO - Started process (PID=130) to work on /opt/airflow/dags/MySQL_to_Redshift_v2.py
[2023-12-27T10:15:41.243+0000] {processor.py:743} INFO - Processing file /opt/airflow/dags/MySQL_to_Redshift_v2.py for tasks to queue
[2023-12-27T10:15:41.244+0000] {logging_mixin.py:137} INFO - [2023-12-27T10:15:41.244+0000] {dagbag.py:538} INFO - Filling up the DagBag from /opt/airflow/dags/MySQL_to_Redshift_v2.py
[2023-12-27T10:15:41.732+0000] {logging_mixin.py:137} INFO - SELECT * FROM prod.nps WHERE DATE(created_at) = DATE('{{ execution_date }}')
[2023-12-27T10:15:41.738+0000] {processor.py:753} INFO - DAG(s) dict_keys(['MySQL_to_Redshift_v2']) retrieved from /opt/airflow/dags/MySQL_to_Redshift_v2.py
[2023-12-27T10:15:41.757+0000] {logging_mixin.py:137} INFO - [2023-12-27T10:15:41.757+0000] {dag.py:2690} INFO - Sync 1 DAGs
[2023-12-27T10:15:41.786+0000] {logging_mixin.py:137} INFO - [2023-12-27T10:15:41.786+0000] {dag.py:3441} INFO - Setting next_dagrun for MySQL_to_Redshift_v2 to 2023-12-26T09:00:00+00:00, run_after=2023-12-27T09:00:00+00:00
[2023-12-27T10:15:41.877+0000] {processor.py:175} INFO - Processing /opt/airflow/dags/MySQL_to_Redshift_v2.py took 0.642 seconds
[2023-12-27T10:16:12.556+0000] {processor.py:153} INFO - Started process (PID=173) to work on /opt/airflow/dags/MySQL_to_Redshift_v2.py
[2023-12-27T10:16:12.558+0000] {processor.py:743} INFO - Processing file /opt/airflow/dags/MySQL_to_Redshift_v2.py for tasks to queue
[2023-12-27T10:16:12.558+0000] {logging_mixin.py:137} INFO - [2023-12-27T10:16:12.558+0000] {dagbag.py:538} INFO - Filling up the DagBag from /opt/airflow/dags/MySQL_to_Redshift_v2.py
[2023-12-27T10:16:13.081+0000] {logging_mixin.py:137} INFO - SELECT * FROM prod.nps WHERE DATE(created_at) = DATE('{{ execution_date }}')
[2023-12-27T10:16:13.090+0000] {processor.py:753} INFO - DAG(s) dict_keys(['MySQL_to_Redshift_v2']) retrieved from /opt/airflow/dags/MySQL_to_Redshift_v2.py
[2023-12-27T10:16:13.114+0000] {logging_mixin.py:137} INFO - [2023-12-27T10:16:13.113+0000] {dag.py:2690} INFO - Sync 1 DAGs
[2023-12-27T10:16:13.141+0000] {logging_mixin.py:137} INFO - [2023-12-27T10:16:13.141+0000] {dag.py:3441} INFO - Setting next_dagrun for MySQL_to_Redshift_v2 to 2023-12-26T09:00:00+00:00, run_after=2023-12-27T09:00:00+00:00
[2023-12-27T10:16:13.165+0000] {processor.py:175} INFO - Processing /opt/airflow/dags/MySQL_to_Redshift_v2.py took 0.611 seconds
[2023-12-27T10:16:43.189+0000] {processor.py:153} INFO - Started process (PID=203) to work on /opt/airflow/dags/MySQL_to_Redshift_v2.py
[2023-12-27T10:16:43.196+0000] {processor.py:743} INFO - Processing file /opt/airflow/dags/MySQL_to_Redshift_v2.py for tasks to queue
[2023-12-27T10:16:43.197+0000] {logging_mixin.py:137} INFO - [2023-12-27T10:16:43.197+0000] {dagbag.py:538} INFO - Filling up the DagBag from /opt/airflow/dags/MySQL_to_Redshift_v2.py
[2023-12-27T10:16:43.892+0000] {logging_mixin.py:137} INFO - SELECT * FROM prod.nps WHERE DATE(created_at) = DATE('{{ execution_date }}')
[2023-12-27T10:16:43.898+0000] {processor.py:753} INFO - DAG(s) dict_keys(['MySQL_to_Redshift_v2']) retrieved from /opt/airflow/dags/MySQL_to_Redshift_v2.py
[2023-12-27T10:16:43.982+0000] {logging_mixin.py:137} INFO - [2023-12-27T10:16:43.982+0000] {dag.py:2690} INFO - Sync 1 DAGs
[2023-12-27T10:16:44.037+0000] {logging_mixin.py:137} INFO - [2023-12-27T10:16:44.036+0000] {dag.py:3441} INFO - Setting next_dagrun for MySQL_to_Redshift_v2 to 2023-12-26T09:00:00+00:00, run_after=2023-12-27T09:00:00+00:00
[2023-12-27T10:16:44.073+0000] {processor.py:175} INFO - Processing /opt/airflow/dags/MySQL_to_Redshift_v2.py took 0.886 seconds
[2023-12-27T10:17:14.377+0000] {processor.py:153} INFO - Started process (PID=244) to work on /opt/airflow/dags/MySQL_to_Redshift_v2.py
[2023-12-27T10:17:14.378+0000] {processor.py:743} INFO - Processing file /opt/airflow/dags/MySQL_to_Redshift_v2.py for tasks to queue
[2023-12-27T10:17:14.379+0000] {logging_mixin.py:137} INFO - [2023-12-27T10:17:14.378+0000] {dagbag.py:538} INFO - Filling up the DagBag from /opt/airflow/dags/MySQL_to_Redshift_v2.py
[2023-12-27T10:17:14.825+0000] {logging_mixin.py:137} INFO - SELECT * FROM prod.nps WHERE DATE(created_at) = DATE('{{ execution_date }}')
[2023-12-27T10:17:14.830+0000] {processor.py:753} INFO - DAG(s) dict_keys(['MySQL_to_Redshift_v2']) retrieved from /opt/airflow/dags/MySQL_to_Redshift_v2.py
[2023-12-27T10:17:14.850+0000] {logging_mixin.py:137} INFO - [2023-12-27T10:17:14.849+0000] {dag.py:2690} INFO - Sync 1 DAGs
[2023-12-27T10:17:14.874+0000] {logging_mixin.py:137} INFO - [2023-12-27T10:17:14.874+0000] {dag.py:3441} INFO - Setting next_dagrun for MySQL_to_Redshift_v2 to 2023-12-26T09:00:00+00:00, run_after=2023-12-27T09:00:00+00:00
[2023-12-27T10:17:14.921+0000] {processor.py:175} INFO - Processing /opt/airflow/dags/MySQL_to_Redshift_v2.py took 0.546 seconds
[2023-12-27T10:17:45.049+0000] {processor.py:153} INFO - Started process (PID=276) to work on /opt/airflow/dags/MySQL_to_Redshift_v2.py
[2023-12-27T10:17:45.050+0000] {processor.py:743} INFO - Processing file /opt/airflow/dags/MySQL_to_Redshift_v2.py for tasks to queue
[2023-12-27T10:17:45.051+0000] {logging_mixin.py:137} INFO - [2023-12-27T10:17:45.051+0000] {dagbag.py:538} INFO - Filling up the DagBag from /opt/airflow/dags/MySQL_to_Redshift_v2.py
[2023-12-27T10:17:45.492+0000] {logging_mixin.py:137} INFO - SELECT * FROM prod.nps WHERE DATE(created_at) = DATE('{{ execution_date }}')
[2023-12-27T10:17:45.498+0000] {processor.py:753} INFO - DAG(s) dict_keys(['MySQL_to_Redshift_v2']) retrieved from /opt/airflow/dags/MySQL_to_Redshift_v2.py
[2023-12-27T10:17:45.644+0000] {logging_mixin.py:137} INFO - [2023-12-27T10:17:45.644+0000] {dag.py:2690} INFO - Sync 1 DAGs
[2023-12-27T10:17:45.670+0000] {logging_mixin.py:137} INFO - [2023-12-27T10:17:45.670+0000] {dag.py:3441} INFO - Setting next_dagrun for MySQL_to_Redshift_v2 to 2023-12-26T09:00:00+00:00, run_after=2023-12-27T09:00:00+00:00
[2023-12-27T10:17:45.690+0000] {processor.py:175} INFO - Processing /opt/airflow/dags/MySQL_to_Redshift_v2.py took 0.643 seconds
[2023-12-27T10:18:15.958+0000] {processor.py:153} INFO - Started process (PID=316) to work on /opt/airflow/dags/MySQL_to_Redshift_v2.py
[2023-12-27T10:18:15.959+0000] {processor.py:743} INFO - Processing file /opt/airflow/dags/MySQL_to_Redshift_v2.py for tasks to queue
[2023-12-27T10:18:15.959+0000] {logging_mixin.py:137} INFO - [2023-12-27T10:18:15.959+0000] {dagbag.py:538} INFO - Filling up the DagBag from /opt/airflow/dags/MySQL_to_Redshift_v2.py
[2023-12-27T10:18:16.285+0000] {logging_mixin.py:137} INFO - SELECT * FROM prod.nps WHERE DATE(created_at) = DATE('{{ execution_date }}')
[2023-12-27T10:18:16.429+0000] {processor.py:753} INFO - DAG(s) dict_keys(['MySQL_to_Redshift_v2']) retrieved from /opt/airflow/dags/MySQL_to_Redshift_v2.py
[2023-12-27T10:18:16.448+0000] {logging_mixin.py:137} INFO - [2023-12-27T10:18:16.447+0000] {dag.py:2690} INFO - Sync 1 DAGs
[2023-12-27T10:18:16.473+0000] {logging_mixin.py:137} INFO - [2023-12-27T10:18:16.473+0000] {dag.py:3441} INFO - Setting next_dagrun for MySQL_to_Redshift_v2 to 2023-12-26T09:00:00+00:00, run_after=2023-12-27T09:00:00+00:00
[2023-12-27T10:18:16.499+0000] {processor.py:175} INFO - Processing /opt/airflow/dags/MySQL_to_Redshift_v2.py took 0.544 seconds
[2023-12-27T10:18:46.523+0000] {processor.py:153} INFO - Started process (PID=346) to work on /opt/airflow/dags/MySQL_to_Redshift_v2.py
[2023-12-27T10:18:46.523+0000] {processor.py:743} INFO - Processing file /opt/airflow/dags/MySQL_to_Redshift_v2.py for tasks to queue
[2023-12-27T10:18:46.524+0000] {logging_mixin.py:137} INFO - [2023-12-27T10:18:46.524+0000] {dagbag.py:538} INFO - Filling up the DagBag from /opt/airflow/dags/MySQL_to_Redshift_v2.py
[2023-12-27T10:18:46.948+0000] {logging_mixin.py:137} INFO - SELECT * FROM prod.nps WHERE DATE(created_at) = DATE('{{ execution_date }}')
[2023-12-27T10:18:46.954+0000] {processor.py:753} INFO - DAG(s) dict_keys(['MySQL_to_Redshift_v2']) retrieved from /opt/airflow/dags/MySQL_to_Redshift_v2.py
[2023-12-27T10:18:46.973+0000] {logging_mixin.py:137} INFO - [2023-12-27T10:18:46.973+0000] {dag.py:2690} INFO - Sync 1 DAGs
[2023-12-27T10:18:46.997+0000] {logging_mixin.py:137} INFO - [2023-12-27T10:18:46.997+0000] {dag.py:3441} INFO - Setting next_dagrun for MySQL_to_Redshift_v2 to 2023-12-26T09:00:00+00:00, run_after=2023-12-27T09:00:00+00:00
[2023-12-27T10:18:47.015+0000] {processor.py:175} INFO - Processing /opt/airflow/dags/MySQL_to_Redshift_v2.py took 0.495 seconds
[2023-12-27T10:19:17.952+0000] {processor.py:153} INFO - Started process (PID=388) to work on /opt/airflow/dags/MySQL_to_Redshift_v2.py
[2023-12-27T10:19:17.955+0000] {processor.py:743} INFO - Processing file /opt/airflow/dags/MySQL_to_Redshift_v2.py for tasks to queue
[2023-12-27T10:19:17.956+0000] {logging_mixin.py:137} INFO - [2023-12-27T10:19:17.956+0000] {dagbag.py:538} INFO - Filling up the DagBag from /opt/airflow/dags/MySQL_to_Redshift_v2.py
[2023-12-27T10:19:18.427+0000] {logging_mixin.py:137} INFO - SELECT * FROM prod.nps WHERE DATE(created_at) = DATE('{{ execution_date }}')
[2023-12-27T10:19:18.433+0000] {processor.py:753} INFO - DAG(s) dict_keys(['MySQL_to_Redshift_v2']) retrieved from /opt/airflow/dags/MySQL_to_Redshift_v2.py
[2023-12-27T10:19:18.488+0000] {logging_mixin.py:137} INFO - [2023-12-27T10:19:18.488+0000] {dag.py:2690} INFO - Sync 1 DAGs
[2023-12-27T10:19:18.537+0000] {logging_mixin.py:137} INFO - [2023-12-27T10:19:18.537+0000] {dag.py:3441} INFO - Setting next_dagrun for MySQL_to_Redshift_v2 to 2023-12-26T09:00:00+00:00, run_after=2023-12-27T09:00:00+00:00
[2023-12-27T10:19:18.652+0000] {processor.py:175} INFO - Processing /opt/airflow/dags/MySQL_to_Redshift_v2.py took 0.702 seconds
[2023-12-27T10:19:49.321+0000] {processor.py:153} INFO - Started process (PID=431) to work on /opt/airflow/dags/MySQL_to_Redshift_v2.py
[2023-12-27T10:19:49.321+0000] {processor.py:743} INFO - Processing file /opt/airflow/dags/MySQL_to_Redshift_v2.py for tasks to queue
[2023-12-27T10:19:49.322+0000] {logging_mixin.py:137} INFO - [2023-12-27T10:19:49.322+0000] {dagbag.py:538} INFO - Filling up the DagBag from /opt/airflow/dags/MySQL_to_Redshift_v2.py
[2023-12-27T10:19:50.174+0000] {logging_mixin.py:137} INFO - SELECT * FROM prod.nps WHERE DATE(created_at) = DATE('{{ execution_date }}')
[2023-12-27T10:19:50.179+0000] {processor.py:753} INFO - DAG(s) dict_keys(['MySQL_to_Redshift_v2']) retrieved from /opt/airflow/dags/MySQL_to_Redshift_v2.py
[2023-12-27T10:19:50.199+0000] {logging_mixin.py:137} INFO - [2023-12-27T10:19:50.199+0000] {dag.py:2690} INFO - Sync 1 DAGs
[2023-12-27T10:19:50.227+0000] {logging_mixin.py:137} INFO - [2023-12-27T10:19:50.227+0000] {dag.py:3441} INFO - Setting next_dagrun for MySQL_to_Redshift_v2 to 2023-12-26T09:00:00+00:00, run_after=2023-12-27T09:00:00+00:00
[2023-12-27T10:19:50.260+0000] {processor.py:175} INFO - Processing /opt/airflow/dags/MySQL_to_Redshift_v2.py took 0.953 seconds
[2023-12-27T10:20:20.965+0000] {processor.py:153} INFO - Started process (PID=462) to work on /opt/airflow/dags/MySQL_to_Redshift_v2.py
[2023-12-27T10:20:20.989+0000] {processor.py:743} INFO - Processing file /opt/airflow/dags/MySQL_to_Redshift_v2.py for tasks to queue
[2023-12-27T10:20:20.990+0000] {logging_mixin.py:137} INFO - [2023-12-27T10:20:20.990+0000] {dagbag.py:538} INFO - Filling up the DagBag from /opt/airflow/dags/MySQL_to_Redshift_v2.py
[2023-12-27T10:20:22.007+0000] {logging_mixin.py:137} INFO - SELECT * FROM prod.nps WHERE DATE(created_at) = DATE('{{ execution_date }}')
[2023-12-27T10:20:22.029+0000] {processor.py:753} INFO - DAG(s) dict_keys(['MySQL_to_Redshift_v2']) retrieved from /opt/airflow/dags/MySQL_to_Redshift_v2.py
[2023-12-27T10:20:22.069+0000] {logging_mixin.py:137} INFO - [2023-12-27T10:20:22.069+0000] {dag.py:2690} INFO - Sync 1 DAGs
[2023-12-27T10:20:22.111+0000] {logging_mixin.py:137} INFO - [2023-12-27T10:20:22.111+0000] {dag.py:3441} INFO - Setting next_dagrun for MySQL_to_Redshift_v2 to 2023-12-26T09:00:00+00:00, run_after=2023-12-27T09:00:00+00:00
[2023-12-27T10:20:22.150+0000] {processor.py:175} INFO - Processing /opt/airflow/dags/MySQL_to_Redshift_v2.py took 1.188 seconds
[2023-12-27T10:20:52.354+0000] {processor.py:153} INFO - Started process (PID=503) to work on /opt/airflow/dags/MySQL_to_Redshift_v2.py
[2023-12-27T10:20:52.355+0000] {processor.py:743} INFO - Processing file /opt/airflow/dags/MySQL_to_Redshift_v2.py for tasks to queue
[2023-12-27T10:20:52.355+0000] {logging_mixin.py:137} INFO - [2023-12-27T10:20:52.355+0000] {dagbag.py:538} INFO - Filling up the DagBag from /opt/airflow/dags/MySQL_to_Redshift_v2.py
[2023-12-27T10:20:52.729+0000] {logging_mixin.py:137} INFO - SELECT * FROM prod.nps WHERE DATE(created_at) = DATE('{{ execution_date }}')
[2023-12-27T10:20:52.736+0000] {processor.py:753} INFO - DAG(s) dict_keys(['MySQL_to_Redshift_v2']) retrieved from /opt/airflow/dags/MySQL_to_Redshift_v2.py
[2023-12-27T10:20:52.895+0000] {logging_mixin.py:137} INFO - [2023-12-27T10:20:52.894+0000] {dag.py:2690} INFO - Sync 1 DAGs
[2023-12-27T10:20:52.919+0000] {logging_mixin.py:137} INFO - [2023-12-27T10:20:52.919+0000] {dag.py:3441} INFO - Setting next_dagrun for MySQL_to_Redshift_v2 to 2023-12-26T09:00:00+00:00, run_after=2023-12-27T09:00:00+00:00
[2023-12-27T10:20:52.948+0000] {processor.py:175} INFO - Processing /opt/airflow/dags/MySQL_to_Redshift_v2.py took 0.596 seconds
[2023-12-27T10:21:23.881+0000] {processor.py:153} INFO - Started process (PID=534) to work on /opt/airflow/dags/MySQL_to_Redshift_v2.py
[2023-12-27T10:21:23.882+0000] {processor.py:743} INFO - Processing file /opt/airflow/dags/MySQL_to_Redshift_v2.py for tasks to queue
[2023-12-27T10:21:23.882+0000] {logging_mixin.py:137} INFO - [2023-12-27T10:21:23.882+0000] {dagbag.py:538} INFO - Filling up the DagBag from /opt/airflow/dags/MySQL_to_Redshift_v2.py
[2023-12-27T10:21:24.281+0000] {logging_mixin.py:137} INFO - SELECT * FROM prod.nps WHERE DATE(created_at) = DATE('{{ execution_date }}')
[2023-12-27T10:21:24.430+0000] {processor.py:753} INFO - DAG(s) dict_keys(['MySQL_to_Redshift_v2']) retrieved from /opt/airflow/dags/MySQL_to_Redshift_v2.py
[2023-12-27T10:21:24.449+0000] {logging_mixin.py:137} INFO - [2023-12-27T10:21:24.448+0000] {dag.py:2690} INFO - Sync 1 DAGs
[2023-12-27T10:21:24.472+0000] {logging_mixin.py:137} INFO - [2023-12-27T10:21:24.472+0000] {dag.py:3441} INFO - Setting next_dagrun for MySQL_to_Redshift_v2 to 2023-12-26T09:00:00+00:00, run_after=2023-12-27T09:00:00+00:00
[2023-12-27T10:21:24.489+0000] {processor.py:175} INFO - Processing /opt/airflow/dags/MySQL_to_Redshift_v2.py took 0.610 seconds
[2023-12-27T10:21:55.222+0000] {processor.py:153} INFO - Started process (PID=576) to work on /opt/airflow/dags/MySQL_to_Redshift_v2.py
[2023-12-27T10:21:55.222+0000] {processor.py:743} INFO - Processing file /opt/airflow/dags/MySQL_to_Redshift_v2.py for tasks to queue
[2023-12-27T10:21:55.223+0000] {logging_mixin.py:137} INFO - [2023-12-27T10:21:55.223+0000] {dagbag.py:538} INFO - Filling up the DagBag from /opt/airflow/dags/MySQL_to_Redshift_v2.py
[2023-12-27T10:21:56.606+0000] {logging_mixin.py:137} INFO - SELECT * FROM prod.nps WHERE DATE(created_at) = DATE('{{ execution_date }}')
[2023-12-27T10:21:56.625+0000] {processor.py:753} INFO - DAG(s) dict_keys(['MySQL_to_Redshift_v2']) retrieved from /opt/airflow/dags/MySQL_to_Redshift_v2.py
[2023-12-27T10:21:56.676+0000] {logging_mixin.py:137} INFO - [2023-12-27T10:21:56.675+0000] {dag.py:2690} INFO - Sync 1 DAGs
[2023-12-27T10:21:56.778+0000] {logging_mixin.py:137} INFO - [2023-12-27T10:21:56.778+0000] {dag.py:3441} INFO - Setting next_dagrun for MySQL_to_Redshift_v2 to 2023-12-26T09:00:00+00:00, run_after=2023-12-27T09:00:00+00:00
[2023-12-27T10:21:56.818+0000] {processor.py:175} INFO - Processing /opt/airflow/dags/MySQL_to_Redshift_v2.py took 1.609 seconds
[2023-12-27T10:22:26.865+0000] {processor.py:153} INFO - Started process (PID=619) to work on /opt/airflow/dags/MySQL_to_Redshift_v2.py
[2023-12-27T10:22:26.874+0000] {processor.py:743} INFO - Processing file /opt/airflow/dags/MySQL_to_Redshift_v2.py for tasks to queue
[2023-12-27T10:22:26.875+0000] {logging_mixin.py:137} INFO - [2023-12-27T10:22:26.875+0000] {dagbag.py:538} INFO - Filling up the DagBag from /opt/airflow/dags/MySQL_to_Redshift_v2.py
[2023-12-27T10:22:27.603+0000] {logging_mixin.py:137} INFO - SELECT * FROM prod.nps WHERE DATE(created_at) = DATE('{{ execution_date }}')
[2023-12-27T10:22:27.609+0000] {processor.py:753} INFO - DAG(s) dict_keys(['MySQL_to_Redshift_v2']) retrieved from /opt/airflow/dags/MySQL_to_Redshift_v2.py
[2023-12-27T10:22:27.631+0000] {logging_mixin.py:137} INFO - [2023-12-27T10:22:27.631+0000] {dag.py:2690} INFO - Sync 1 DAGs
[2023-12-27T10:22:27.658+0000] {logging_mixin.py:137} INFO - [2023-12-27T10:22:27.657+0000] {dag.py:3441} INFO - Setting next_dagrun for MySQL_to_Redshift_v2 to 2023-12-26T09:00:00+00:00, run_after=2023-12-27T09:00:00+00:00
[2023-12-27T10:22:27.684+0000] {processor.py:175} INFO - Processing /opt/airflow/dags/MySQL_to_Redshift_v2.py took 0.821 seconds
[2023-12-27T10:22:58.491+0000] {processor.py:153} INFO - Started process (PID=651) to work on /opt/airflow/dags/MySQL_to_Redshift_v2.py
[2023-12-27T10:22:58.492+0000] {processor.py:743} INFO - Processing file /opt/airflow/dags/MySQL_to_Redshift_v2.py for tasks to queue
[2023-12-27T10:22:58.492+0000] {logging_mixin.py:137} INFO - [2023-12-27T10:22:58.492+0000] {dagbag.py:538} INFO - Filling up the DagBag from /opt/airflow/dags/MySQL_to_Redshift_v2.py
[2023-12-27T10:22:59.126+0000] {logging_mixin.py:137} INFO - SELECT * FROM prod.nps WHERE DATE(created_at) = DATE('{{ execution_date }}')
[2023-12-27T10:22:59.142+0000] {processor.py:753} INFO - DAG(s) dict_keys(['MySQL_to_Redshift_v2']) retrieved from /opt/airflow/dags/MySQL_to_Redshift_v2.py
[2023-12-27T10:22:59.191+0000] {logging_mixin.py:137} INFO - [2023-12-27T10:22:59.190+0000] {dag.py:2690} INFO - Sync 1 DAGs
[2023-12-27T10:22:59.261+0000] {logging_mixin.py:137} INFO - [2023-12-27T10:22:59.260+0000] {dag.py:3441} INFO - Setting next_dagrun for MySQL_to_Redshift_v2 to 2023-12-26T09:00:00+00:00, run_after=2023-12-27T09:00:00+00:00
[2023-12-27T10:22:59.295+0000] {processor.py:175} INFO - Processing /opt/airflow/dags/MySQL_to_Redshift_v2.py took 0.806 seconds
[2023-12-27T10:23:29.849+0000] {processor.py:153} INFO - Started process (PID=693) to work on /opt/airflow/dags/MySQL_to_Redshift_v2.py
[2023-12-27T10:23:29.850+0000] {processor.py:743} INFO - Processing file /opt/airflow/dags/MySQL_to_Redshift_v2.py for tasks to queue
[2023-12-27T10:23:29.850+0000] {logging_mixin.py:137} INFO - [2023-12-27T10:23:29.850+0000] {dagbag.py:538} INFO - Filling up the DagBag from /opt/airflow/dags/MySQL_to_Redshift_v2.py
[2023-12-27T10:23:30.449+0000] {logging_mixin.py:137} INFO - SELECT * FROM prod.nps WHERE DATE(created_at) = DATE('{{ execution_date }}')
[2023-12-27T10:23:30.455+0000] {processor.py:753} INFO - DAG(s) dict_keys(['MySQL_to_Redshift_v2']) retrieved from /opt/airflow/dags/MySQL_to_Redshift_v2.py
[2023-12-27T10:23:30.491+0000] {logging_mixin.py:137} INFO - [2023-12-27T10:23:30.490+0000] {dag.py:2690} INFO - Sync 1 DAGs
[2023-12-27T10:23:30.535+0000] {logging_mixin.py:137} INFO - [2023-12-27T10:23:30.535+0000] {dag.py:3441} INFO - Setting next_dagrun for MySQL_to_Redshift_v2 to 2023-12-26T09:00:00+00:00, run_after=2023-12-27T09:00:00+00:00
[2023-12-27T10:23:30.592+0000] {processor.py:175} INFO - Processing /opt/airflow/dags/MySQL_to_Redshift_v2.py took 0.746 seconds
[2023-12-27T10:24:01.004+0000] {processor.py:153} INFO - Started process (PID=724) to work on /opt/airflow/dags/MySQL_to_Redshift_v2.py
[2023-12-27T10:24:01.005+0000] {processor.py:743} INFO - Processing file /opt/airflow/dags/MySQL_to_Redshift_v2.py for tasks to queue
[2023-12-27T10:24:01.005+0000] {logging_mixin.py:137} INFO - [2023-12-27T10:24:01.005+0000] {dagbag.py:538} INFO - Filling up the DagBag from /opt/airflow/dags/MySQL_to_Redshift_v2.py
[2023-12-27T10:24:01.559+0000] {logging_mixin.py:137} INFO - SELECT * FROM prod.nps WHERE DATE(created_at) = DATE('{{ execution_date }}')
[2023-12-27T10:24:01.586+0000] {processor.py:753} INFO - DAG(s) dict_keys(['MySQL_to_Redshift_v2']) retrieved from /opt/airflow/dags/MySQL_to_Redshift_v2.py
[2023-12-27T10:24:01.790+0000] {logging_mixin.py:137} INFO - [2023-12-27T10:24:01.790+0000] {dag.py:2690} INFO - Sync 1 DAGs
[2023-12-27T10:24:01.817+0000] {logging_mixin.py:137} INFO - [2023-12-27T10:24:01.816+0000] {dag.py:3441} INFO - Setting next_dagrun for MySQL_to_Redshift_v2 to 2023-12-26T09:00:00+00:00, run_after=2023-12-27T09:00:00+00:00
[2023-12-27T10:24:01.838+0000] {processor.py:175} INFO - Processing /opt/airflow/dags/MySQL_to_Redshift_v2.py took 0.846 seconds
[2023-12-27T10:24:32.155+0000] {processor.py:153} INFO - Started process (PID=765) to work on /opt/airflow/dags/MySQL_to_Redshift_v2.py
[2023-12-27T10:24:32.162+0000] {processor.py:743} INFO - Processing file /opt/airflow/dags/MySQL_to_Redshift_v2.py for tasks to queue
[2023-12-27T10:24:32.163+0000] {logging_mixin.py:137} INFO - [2023-12-27T10:24:32.163+0000] {dagbag.py:538} INFO - Filling up the DagBag from /opt/airflow/dags/MySQL_to_Redshift_v2.py
[2023-12-27T10:24:32.532+0000] {logging_mixin.py:137} INFO - SELECT * FROM prod.nps WHERE DATE(created_at) = DATE('{{ execution_date }}')
[2023-12-27T10:24:32.672+0000] {processor.py:753} INFO - DAG(s) dict_keys(['MySQL_to_Redshift_v2']) retrieved from /opt/airflow/dags/MySQL_to_Redshift_v2.py
[2023-12-27T10:24:32.699+0000] {logging_mixin.py:137} INFO - [2023-12-27T10:24:32.698+0000] {dag.py:2690} INFO - Sync 1 DAGs
[2023-12-27T10:24:32.725+0000] {logging_mixin.py:137} INFO - [2023-12-27T10:24:32.725+0000] {dag.py:3441} INFO - Setting next_dagrun for MySQL_to_Redshift_v2 to 2023-12-26T09:00:00+00:00, run_after=2023-12-27T09:00:00+00:00
[2023-12-27T10:24:32.746+0000] {processor.py:175} INFO - Processing /opt/airflow/dags/MySQL_to_Redshift_v2.py took 0.593 seconds
[2023-12-27T10:25:02.820+0000] {processor.py:153} INFO - Started process (PID=796) to work on /opt/airflow/dags/MySQL_to_Redshift_v2.py
[2023-12-27T10:25:02.832+0000] {processor.py:743} INFO - Processing file /opt/airflow/dags/MySQL_to_Redshift_v2.py for tasks to queue
[2023-12-27T10:25:02.833+0000] {logging_mixin.py:137} INFO - [2023-12-27T10:25:02.832+0000] {dagbag.py:538} INFO - Filling up the DagBag from /opt/airflow/dags/MySQL_to_Redshift_v2.py
[2023-12-27T10:25:03.402+0000] {logging_mixin.py:137} INFO - SELECT * FROM prod.nps WHERE DATE(created_at) = DATE('{{ execution_date }}')
[2023-12-27T10:25:03.408+0000] {processor.py:753} INFO - DAG(s) dict_keys(['MySQL_to_Redshift_v2']) retrieved from /opt/airflow/dags/MySQL_to_Redshift_v2.py
[2023-12-27T10:25:03.427+0000] {logging_mixin.py:137} INFO - [2023-12-27T10:25:03.427+0000] {dag.py:2690} INFO - Sync 1 DAGs
[2023-12-27T10:25:03.452+0000] {logging_mixin.py:137} INFO - [2023-12-27T10:25:03.452+0000] {dag.py:3441} INFO - Setting next_dagrun for MySQL_to_Redshift_v2 to 2023-12-26T09:00:00+00:00, run_after=2023-12-27T09:00:00+00:00
[2023-12-27T10:25:03.473+0000] {processor.py:175} INFO - Processing /opt/airflow/dags/MySQL_to_Redshift_v2.py took 0.657 seconds
