[2023-12-27T10:15:05.093+0000] {processor.py:153} INFO - Started process (PID=98) to work on /opt/airflow/dags/NameGenderCSVtoRedshift_v5.py
[2023-12-27T10:15:05.094+0000] {processor.py:743} INFO - Processing file /opt/airflow/dags/NameGenderCSVtoRedshift_v5.py for tasks to queue
[2023-12-27T10:15:05.094+0000] {logging_mixin.py:137} INFO - [2023-12-27T10:15:05.094+0000] {dagbag.py:538} INFO - Filling up the DagBag from /opt/airflow/dags/NameGenderCSVtoRedshift_v5.py
[2023-12-27T10:15:05.446+0000] {processor.py:753} INFO - DAG(s) dict_keys(['namegender_v5']) retrieved from /opt/airflow/dags/NameGenderCSVtoRedshift_v5.py
[2023-12-27T10:15:05.665+0000] {logging_mixin.py:137} INFO - [2023-12-27T10:15:05.665+0000] {dag.py:2690} INFO - Sync 1 DAGs
[2023-12-27T10:15:05.775+0000] {logging_mixin.py:137} INFO - [2023-12-27T10:15:05.775+0000] {dag.py:3441} INFO - Setting next_dagrun for namegender_v5 to 2023-12-26T02:00:00+00:00, run_after=2023-12-27T02:00:00+00:00
[2023-12-27T10:15:05.876+0000] {processor.py:175} INFO - Processing /opt/airflow/dags/NameGenderCSVtoRedshift_v5.py took 0.812 seconds
[2023-12-27T10:15:36.540+0000] {processor.py:153} INFO - Started process (PID=127) to work on /opt/airflow/dags/NameGenderCSVtoRedshift_v5.py
[2023-12-27T10:15:36.542+0000] {processor.py:743} INFO - Processing file /opt/airflow/dags/NameGenderCSVtoRedshift_v5.py for tasks to queue
[2023-12-27T10:15:36.544+0000] {logging_mixin.py:137} INFO - [2023-12-27T10:15:36.543+0000] {dagbag.py:538} INFO - Filling up the DagBag from /opt/airflow/dags/NameGenderCSVtoRedshift_v5.py
[2023-12-27T10:15:36.631+0000] {processor.py:753} INFO - DAG(s) dict_keys(['namegender_v5']) retrieved from /opt/airflow/dags/NameGenderCSVtoRedshift_v5.py
[2023-12-27T10:15:36.667+0000] {logging_mixin.py:137} INFO - [2023-12-27T10:15:36.666+0000] {dag.py:2690} INFO - Sync 1 DAGs
[2023-12-27T10:15:36.729+0000] {logging_mixin.py:137} INFO - [2023-12-27T10:15:36.729+0000] {dag.py:3441} INFO - Setting next_dagrun for namegender_v5 to 2023-12-26T02:00:00+00:00, run_after=2023-12-27T02:00:00+00:00
[2023-12-27T10:15:36.770+0000] {processor.py:175} INFO - Processing /opt/airflow/dags/NameGenderCSVtoRedshift_v5.py took 0.232 seconds
[2023-12-27T10:16:07.262+0000] {processor.py:153} INFO - Started process (PID=159) to work on /opt/airflow/dags/NameGenderCSVtoRedshift_v5.py
[2023-12-27T10:16:07.271+0000] {processor.py:743} INFO - Processing file /opt/airflow/dags/NameGenderCSVtoRedshift_v5.py for tasks to queue
[2023-12-27T10:16:07.272+0000] {logging_mixin.py:137} INFO - [2023-12-27T10:16:07.272+0000] {dagbag.py:538} INFO - Filling up the DagBag from /opt/airflow/dags/NameGenderCSVtoRedshift_v5.py
[2023-12-27T10:16:07.325+0000] {processor.py:753} INFO - DAG(s) dict_keys(['namegender_v5']) retrieved from /opt/airflow/dags/NameGenderCSVtoRedshift_v5.py
[2023-12-27T10:16:07.342+0000] {logging_mixin.py:137} INFO - [2023-12-27T10:16:07.342+0000] {dag.py:2690} INFO - Sync 1 DAGs
[2023-12-27T10:16:07.374+0000] {logging_mixin.py:137} INFO - [2023-12-27T10:16:07.374+0000] {dag.py:3441} INFO - Setting next_dagrun for namegender_v5 to 2023-12-26T02:00:00+00:00, run_after=2023-12-27T02:00:00+00:00
[2023-12-27T10:16:07.393+0000] {processor.py:175} INFO - Processing /opt/airflow/dags/NameGenderCSVtoRedshift_v5.py took 0.139 seconds
[2023-12-27T10:16:37.441+0000] {processor.py:153} INFO - Started process (PID=199) to work on /opt/airflow/dags/NameGenderCSVtoRedshift_v5.py
[2023-12-27T10:16:37.442+0000] {processor.py:743} INFO - Processing file /opt/airflow/dags/NameGenderCSVtoRedshift_v5.py for tasks to queue
[2023-12-27T10:16:37.442+0000] {logging_mixin.py:137} INFO - [2023-12-27T10:16:37.442+0000] {dagbag.py:538} INFO - Filling up the DagBag from /opt/airflow/dags/NameGenderCSVtoRedshift_v5.py
[2023-12-27T10:16:37.487+0000] {processor.py:753} INFO - DAG(s) dict_keys(['namegender_v5']) retrieved from /opt/airflow/dags/NameGenderCSVtoRedshift_v5.py
[2023-12-27T10:16:37.502+0000] {logging_mixin.py:137} INFO - [2023-12-27T10:16:37.502+0000] {dag.py:2690} INFO - Sync 1 DAGs
[2023-12-27T10:16:37.527+0000] {logging_mixin.py:137} INFO - [2023-12-27T10:16:37.527+0000] {dag.py:3441} INFO - Setting next_dagrun for namegender_v5 to 2023-12-26T02:00:00+00:00, run_after=2023-12-27T02:00:00+00:00
[2023-12-27T10:16:37.545+0000] {processor.py:175} INFO - Processing /opt/airflow/dags/NameGenderCSVtoRedshift_v5.py took 0.107 seconds
[2023-12-27T10:17:07.652+0000] {processor.py:153} INFO - Started process (PID=230) to work on /opt/airflow/dags/NameGenderCSVtoRedshift_v5.py
[2023-12-27T10:17:07.652+0000] {processor.py:743} INFO - Processing file /opt/airflow/dags/NameGenderCSVtoRedshift_v5.py for tasks to queue
[2023-12-27T10:17:07.653+0000] {logging_mixin.py:137} INFO - [2023-12-27T10:17:07.653+0000] {dagbag.py:538} INFO - Filling up the DagBag from /opt/airflow/dags/NameGenderCSVtoRedshift_v5.py
[2023-12-27T10:17:07.699+0000] {processor.py:753} INFO - DAG(s) dict_keys(['namegender_v5']) retrieved from /opt/airflow/dags/NameGenderCSVtoRedshift_v5.py
[2023-12-27T10:17:07.715+0000] {logging_mixin.py:137} INFO - [2023-12-27T10:17:07.714+0000] {dag.py:2690} INFO - Sync 1 DAGs
[2023-12-27T10:17:07.744+0000] {logging_mixin.py:137} INFO - [2023-12-27T10:17:07.744+0000] {dag.py:3441} INFO - Setting next_dagrun for namegender_v5 to 2023-12-26T02:00:00+00:00, run_after=2023-12-27T02:00:00+00:00
[2023-12-27T10:17:07.765+0000] {processor.py:175} INFO - Processing /opt/airflow/dags/NameGenderCSVtoRedshift_v5.py took 0.116 seconds
[2023-12-27T10:17:38.248+0000] {processor.py:153} INFO - Started process (PID=271) to work on /opt/airflow/dags/NameGenderCSVtoRedshift_v5.py
[2023-12-27T10:17:38.250+0000] {processor.py:743} INFO - Processing file /opt/airflow/dags/NameGenderCSVtoRedshift_v5.py for tasks to queue
[2023-12-27T10:17:38.250+0000] {logging_mixin.py:137} INFO - [2023-12-27T10:17:38.250+0000] {dagbag.py:538} INFO - Filling up the DagBag from /opt/airflow/dags/NameGenderCSVtoRedshift_v5.py
[2023-12-27T10:17:38.295+0000] {processor.py:753} INFO - DAG(s) dict_keys(['namegender_v5']) retrieved from /opt/airflow/dags/NameGenderCSVtoRedshift_v5.py
[2023-12-27T10:17:38.311+0000] {logging_mixin.py:137} INFO - [2023-12-27T10:17:38.311+0000] {dag.py:2690} INFO - Sync 1 DAGs
[2023-12-27T10:17:38.338+0000] {logging_mixin.py:137} INFO - [2023-12-27T10:17:38.338+0000] {dag.py:3441} INFO - Setting next_dagrun for namegender_v5 to 2023-12-26T02:00:00+00:00, run_after=2023-12-27T02:00:00+00:00
[2023-12-27T10:17:38.357+0000] {processor.py:175} INFO - Processing /opt/airflow/dags/NameGenderCSVtoRedshift_v5.py took 0.111 seconds
[2023-12-27T10:18:08.796+0000] {processor.py:153} INFO - Started process (PID=302) to work on /opt/airflow/dags/NameGenderCSVtoRedshift_v5.py
[2023-12-27T10:18:08.797+0000] {processor.py:743} INFO - Processing file /opt/airflow/dags/NameGenderCSVtoRedshift_v5.py for tasks to queue
[2023-12-27T10:18:08.798+0000] {logging_mixin.py:137} INFO - [2023-12-27T10:18:08.797+0000] {dagbag.py:538} INFO - Filling up the DagBag from /opt/airflow/dags/NameGenderCSVtoRedshift_v5.py
[2023-12-27T10:18:08.840+0000] {processor.py:753} INFO - DAG(s) dict_keys(['namegender_v5']) retrieved from /opt/airflow/dags/NameGenderCSVtoRedshift_v5.py
[2023-12-27T10:18:08.855+0000] {logging_mixin.py:137} INFO - [2023-12-27T10:18:08.854+0000] {dag.py:2690} INFO - Sync 1 DAGs
[2023-12-27T10:18:08.878+0000] {logging_mixin.py:137} INFO - [2023-12-27T10:18:08.878+0000] {dag.py:3441} INFO - Setting next_dagrun for namegender_v5 to 2023-12-26T02:00:00+00:00, run_after=2023-12-27T02:00:00+00:00
[2023-12-27T10:18:08.897+0000] {processor.py:175} INFO - Processing /opt/airflow/dags/NameGenderCSVtoRedshift_v5.py took 0.103 seconds
[2023-12-27T10:18:39.286+0000] {processor.py:153} INFO - Started process (PID=343) to work on /opt/airflow/dags/NameGenderCSVtoRedshift_v5.py
[2023-12-27T10:18:39.287+0000] {processor.py:743} INFO - Processing file /opt/airflow/dags/NameGenderCSVtoRedshift_v5.py for tasks to queue
[2023-12-27T10:18:39.287+0000] {logging_mixin.py:137} INFO - [2023-12-27T10:18:39.287+0000] {dagbag.py:538} INFO - Filling up the DagBag from /opt/airflow/dags/NameGenderCSVtoRedshift_v5.py
[2023-12-27T10:18:39.331+0000] {processor.py:753} INFO - DAG(s) dict_keys(['namegender_v5']) retrieved from /opt/airflow/dags/NameGenderCSVtoRedshift_v5.py
[2023-12-27T10:18:39.346+0000] {logging_mixin.py:137} INFO - [2023-12-27T10:18:39.345+0000] {dag.py:2690} INFO - Sync 1 DAGs
[2023-12-27T10:18:39.370+0000] {logging_mixin.py:137} INFO - [2023-12-27T10:18:39.370+0000] {dag.py:3441} INFO - Setting next_dagrun for namegender_v5 to 2023-12-26T02:00:00+00:00, run_after=2023-12-27T02:00:00+00:00
[2023-12-27T10:18:39.387+0000] {processor.py:175} INFO - Processing /opt/airflow/dags/NameGenderCSVtoRedshift_v5.py took 0.103 seconds
[2023-12-27T10:19:09.767+0000] {processor.py:153} INFO - Started process (PID=374) to work on /opt/airflow/dags/NameGenderCSVtoRedshift_v5.py
[2023-12-27T10:19:09.768+0000] {processor.py:743} INFO - Processing file /opt/airflow/dags/NameGenderCSVtoRedshift_v5.py for tasks to queue
[2023-12-27T10:19:09.768+0000] {logging_mixin.py:137} INFO - [2023-12-27T10:19:09.768+0000] {dagbag.py:538} INFO - Filling up the DagBag from /opt/airflow/dags/NameGenderCSVtoRedshift_v5.py
[2023-12-27T10:19:09.811+0000] {processor.py:753} INFO - DAG(s) dict_keys(['namegender_v5']) retrieved from /opt/airflow/dags/NameGenderCSVtoRedshift_v5.py
[2023-12-27T10:19:09.825+0000] {logging_mixin.py:137} INFO - [2023-12-27T10:19:09.825+0000] {dag.py:2690} INFO - Sync 1 DAGs
[2023-12-27T10:19:09.849+0000] {logging_mixin.py:137} INFO - [2023-12-27T10:19:09.849+0000] {dag.py:3441} INFO - Setting next_dagrun for namegender_v5 to 2023-12-26T02:00:00+00:00, run_after=2023-12-27T02:00:00+00:00
[2023-12-27T10:19:09.868+0000] {processor.py:175} INFO - Processing /opt/airflow/dags/NameGenderCSVtoRedshift_v5.py took 0.103 seconds
[2023-12-27T10:19:40.147+0000] {processor.py:153} INFO - Started process (PID=416) to work on /opt/airflow/dags/NameGenderCSVtoRedshift_v5.py
[2023-12-27T10:19:40.147+0000] {processor.py:743} INFO - Processing file /opt/airflow/dags/NameGenderCSVtoRedshift_v5.py for tasks to queue
[2023-12-27T10:19:40.148+0000] {logging_mixin.py:137} INFO - [2023-12-27T10:19:40.148+0000] {dagbag.py:538} INFO - Filling up the DagBag from /opt/airflow/dags/NameGenderCSVtoRedshift_v5.py
[2023-12-27T10:19:40.192+0000] {processor.py:753} INFO - DAG(s) dict_keys(['namegender_v5']) retrieved from /opt/airflow/dags/NameGenderCSVtoRedshift_v5.py
[2023-12-27T10:19:40.206+0000] {logging_mixin.py:137} INFO - [2023-12-27T10:19:40.206+0000] {dag.py:2690} INFO - Sync 1 DAGs
[2023-12-27T10:19:40.232+0000] {logging_mixin.py:137} INFO - [2023-12-27T10:19:40.231+0000] {dag.py:3441} INFO - Setting next_dagrun for namegender_v5 to 2023-12-26T02:00:00+00:00, run_after=2023-12-27T02:00:00+00:00
[2023-12-27T10:19:40.250+0000] {processor.py:175} INFO - Processing /opt/airflow/dags/NameGenderCSVtoRedshift_v5.py took 0.105 seconds
[2023-12-27T10:20:10.725+0000] {processor.py:153} INFO - Started process (PID=448) to work on /opt/airflow/dags/NameGenderCSVtoRedshift_v5.py
[2023-12-27T10:20:10.725+0000] {processor.py:743} INFO - Processing file /opt/airflow/dags/NameGenderCSVtoRedshift_v5.py for tasks to queue
[2023-12-27T10:20:10.726+0000] {logging_mixin.py:137} INFO - [2023-12-27T10:20:10.726+0000] {dagbag.py:538} INFO - Filling up the DagBag from /opt/airflow/dags/NameGenderCSVtoRedshift_v5.py
[2023-12-27T10:20:10.771+0000] {processor.py:753} INFO - DAG(s) dict_keys(['namegender_v5']) retrieved from /opt/airflow/dags/NameGenderCSVtoRedshift_v5.py
[2023-12-27T10:20:10.786+0000] {logging_mixin.py:137} INFO - [2023-12-27T10:20:10.786+0000] {dag.py:2690} INFO - Sync 1 DAGs
[2023-12-27T10:20:10.810+0000] {logging_mixin.py:137} INFO - [2023-12-27T10:20:10.809+0000] {dag.py:3441} INFO - Setting next_dagrun for namegender_v5 to 2023-12-26T02:00:00+00:00, run_after=2023-12-27T02:00:00+00:00
[2023-12-27T10:20:10.827+0000] {processor.py:175} INFO - Processing /opt/airflow/dags/NameGenderCSVtoRedshift_v5.py took 0.105 seconds
[2023-12-27T10:20:41.154+0000] {processor.py:153} INFO - Started process (PID=489) to work on /opt/airflow/dags/NameGenderCSVtoRedshift_v5.py
[2023-12-27T10:20:41.155+0000] {processor.py:743} INFO - Processing file /opt/airflow/dags/NameGenderCSVtoRedshift_v5.py for tasks to queue
[2023-12-27T10:20:41.156+0000] {logging_mixin.py:137} INFO - [2023-12-27T10:20:41.156+0000] {dagbag.py:538} INFO - Filling up the DagBag from /opt/airflow/dags/NameGenderCSVtoRedshift_v5.py
[2023-12-27T10:20:41.200+0000] {processor.py:753} INFO - DAG(s) dict_keys(['namegender_v5']) retrieved from /opt/airflow/dags/NameGenderCSVtoRedshift_v5.py
[2023-12-27T10:20:41.216+0000] {logging_mixin.py:137} INFO - [2023-12-27T10:20:41.215+0000] {dag.py:2690} INFO - Sync 1 DAGs
[2023-12-27T10:20:41.240+0000] {logging_mixin.py:137} INFO - [2023-12-27T10:20:41.240+0000] {dag.py:3441} INFO - Setting next_dagrun for namegender_v5 to 2023-12-26T02:00:00+00:00, run_after=2023-12-27T02:00:00+00:00
[2023-12-27T10:20:41.259+0000] {processor.py:175} INFO - Processing /opt/airflow/dags/NameGenderCSVtoRedshift_v5.py took 0.107 seconds
[2023-12-27T10:21:11.708+0000] {processor.py:153} INFO - Started process (PID=520) to work on /opt/airflow/dags/NameGenderCSVtoRedshift_v5.py
[2023-12-27T10:21:11.709+0000] {processor.py:743} INFO - Processing file /opt/airflow/dags/NameGenderCSVtoRedshift_v5.py for tasks to queue
[2023-12-27T10:21:11.710+0000] {logging_mixin.py:137} INFO - [2023-12-27T10:21:11.710+0000] {dagbag.py:538} INFO - Filling up the DagBag from /opt/airflow/dags/NameGenderCSVtoRedshift_v5.py
[2023-12-27T10:21:11.755+0000] {processor.py:753} INFO - DAG(s) dict_keys(['namegender_v5']) retrieved from /opt/airflow/dags/NameGenderCSVtoRedshift_v5.py
[2023-12-27T10:21:11.769+0000] {logging_mixin.py:137} INFO - [2023-12-27T10:21:11.769+0000] {dag.py:2690} INFO - Sync 1 DAGs
[2023-12-27T10:21:11.793+0000] {logging_mixin.py:137} INFO - [2023-12-27T10:21:11.793+0000] {dag.py:3441} INFO - Setting next_dagrun for namegender_v5 to 2023-12-26T02:00:00+00:00, run_after=2023-12-27T02:00:00+00:00
[2023-12-27T10:21:11.811+0000] {processor.py:175} INFO - Processing /opt/airflow/dags/NameGenderCSVtoRedshift_v5.py took 0.105 seconds
[2023-12-27T10:21:42.146+0000] {processor.py:153} INFO - Started process (PID=561) to work on /opt/airflow/dags/NameGenderCSVtoRedshift_v5.py
[2023-12-27T10:21:42.147+0000] {processor.py:743} INFO - Processing file /opt/airflow/dags/NameGenderCSVtoRedshift_v5.py for tasks to queue
[2023-12-27T10:21:42.147+0000] {logging_mixin.py:137} INFO - [2023-12-27T10:21:42.147+0000] {dagbag.py:538} INFO - Filling up the DagBag from /opt/airflow/dags/NameGenderCSVtoRedshift_v5.py
[2023-12-27T10:21:42.191+0000] {processor.py:753} INFO - DAG(s) dict_keys(['namegender_v5']) retrieved from /opt/airflow/dags/NameGenderCSVtoRedshift_v5.py
[2023-12-27T10:21:42.205+0000] {logging_mixin.py:137} INFO - [2023-12-27T10:21:42.205+0000] {dag.py:2690} INFO - Sync 1 DAGs
[2023-12-27T10:21:42.230+0000] {logging_mixin.py:137} INFO - [2023-12-27T10:21:42.230+0000] {dag.py:3441} INFO - Setting next_dagrun for namegender_v5 to 2023-12-26T02:00:00+00:00, run_after=2023-12-27T02:00:00+00:00
[2023-12-27T10:21:42.248+0000] {processor.py:175} INFO - Processing /opt/airflow/dags/NameGenderCSVtoRedshift_v5.py took 0.104 seconds
[2023-12-27T10:22:12.576+0000] {processor.py:153} INFO - Started process (PID=594) to work on /opt/airflow/dags/NameGenderCSVtoRedshift_v5.py
[2023-12-27T10:22:12.577+0000] {processor.py:743} INFO - Processing file /opt/airflow/dags/NameGenderCSVtoRedshift_v5.py for tasks to queue
[2023-12-27T10:22:12.577+0000] {logging_mixin.py:137} INFO - [2023-12-27T10:22:12.577+0000] {dagbag.py:538} INFO - Filling up the DagBag from /opt/airflow/dags/NameGenderCSVtoRedshift_v5.py
[2023-12-27T10:22:12.627+0000] {processor.py:753} INFO - DAG(s) dict_keys(['namegender_v5']) retrieved from /opt/airflow/dags/NameGenderCSVtoRedshift_v5.py
[2023-12-27T10:22:12.644+0000] {logging_mixin.py:137} INFO - [2023-12-27T10:22:12.644+0000] {dag.py:2690} INFO - Sync 1 DAGs
[2023-12-27T10:22:12.675+0000] {logging_mixin.py:137} INFO - [2023-12-27T10:22:12.675+0000] {dag.py:3441} INFO - Setting next_dagrun for namegender_v5 to 2023-12-26T02:00:00+00:00, run_after=2023-12-27T02:00:00+00:00
[2023-12-27T10:22:12.698+0000] {processor.py:175} INFO - Processing /opt/airflow/dags/NameGenderCSVtoRedshift_v5.py took 0.125 seconds
[2023-12-27T10:22:43.246+0000] {processor.py:153} INFO - Started process (PID=636) to work on /opt/airflow/dags/NameGenderCSVtoRedshift_v5.py
[2023-12-27T10:22:43.247+0000] {processor.py:743} INFO - Processing file /opt/airflow/dags/NameGenderCSVtoRedshift_v5.py for tasks to queue
[2023-12-27T10:22:43.247+0000] {logging_mixin.py:137} INFO - [2023-12-27T10:22:43.247+0000] {dagbag.py:538} INFO - Filling up the DagBag from /opt/airflow/dags/NameGenderCSVtoRedshift_v5.py
[2023-12-27T10:22:43.293+0000] {processor.py:753} INFO - DAG(s) dict_keys(['namegender_v5']) retrieved from /opt/airflow/dags/NameGenderCSVtoRedshift_v5.py
[2023-12-27T10:22:43.309+0000] {logging_mixin.py:137} INFO - [2023-12-27T10:22:43.309+0000] {dag.py:2690} INFO - Sync 1 DAGs
[2023-12-27T10:22:43.337+0000] {logging_mixin.py:137} INFO - [2023-12-27T10:22:43.336+0000] {dag.py:3441} INFO - Setting next_dagrun for namegender_v5 to 2023-12-26T02:00:00+00:00, run_after=2023-12-27T02:00:00+00:00
[2023-12-27T10:22:43.356+0000] {processor.py:175} INFO - Processing /opt/airflow/dags/NameGenderCSVtoRedshift_v5.py took 0.113 seconds
[2023-12-27T10:23:13.661+0000] {processor.py:153} INFO - Started process (PID=669) to work on /opt/airflow/dags/NameGenderCSVtoRedshift_v5.py
[2023-12-27T10:23:13.662+0000] {processor.py:743} INFO - Processing file /opt/airflow/dags/NameGenderCSVtoRedshift_v5.py for tasks to queue
[2023-12-27T10:23:13.663+0000] {logging_mixin.py:137} INFO - [2023-12-27T10:23:13.663+0000] {dagbag.py:538} INFO - Filling up the DagBag from /opt/airflow/dags/NameGenderCSVtoRedshift_v5.py
[2023-12-27T10:23:13.706+0000] {processor.py:753} INFO - DAG(s) dict_keys(['namegender_v5']) retrieved from /opt/airflow/dags/NameGenderCSVtoRedshift_v5.py
[2023-12-27T10:23:13.720+0000] {logging_mixin.py:137} INFO - [2023-12-27T10:23:13.720+0000] {dag.py:2690} INFO - Sync 1 DAGs
[2023-12-27T10:23:13.744+0000] {logging_mixin.py:137} INFO - [2023-12-27T10:23:13.744+0000] {dag.py:3441} INFO - Setting next_dagrun for namegender_v5 to 2023-12-26T02:00:00+00:00, run_after=2023-12-27T02:00:00+00:00
[2023-12-27T10:23:13.763+0000] {processor.py:175} INFO - Processing /opt/airflow/dags/NameGenderCSVtoRedshift_v5.py took 0.104 seconds
[2023-12-27T10:23:43.918+0000] {processor.py:153} INFO - Started process (PID=710) to work on /opt/airflow/dags/NameGenderCSVtoRedshift_v5.py
[2023-12-27T10:23:43.918+0000] {processor.py:743} INFO - Processing file /opt/airflow/dags/NameGenderCSVtoRedshift_v5.py for tasks to queue
[2023-12-27T10:23:43.919+0000] {logging_mixin.py:137} INFO - [2023-12-27T10:23:43.919+0000] {dagbag.py:538} INFO - Filling up the DagBag from /opt/airflow/dags/NameGenderCSVtoRedshift_v5.py
[2023-12-27T10:23:43.966+0000] {processor.py:753} INFO - DAG(s) dict_keys(['namegender_v5']) retrieved from /opt/airflow/dags/NameGenderCSVtoRedshift_v5.py
[2023-12-27T10:23:43.983+0000] {logging_mixin.py:137} INFO - [2023-12-27T10:23:43.983+0000] {dag.py:2690} INFO - Sync 1 DAGs
[2023-12-27T10:23:44.012+0000] {logging_mixin.py:137} INFO - [2023-12-27T10:23:44.012+0000] {dag.py:3441} INFO - Setting next_dagrun for namegender_v5 to 2023-12-26T02:00:00+00:00, run_after=2023-12-27T02:00:00+00:00
[2023-12-27T10:23:44.033+0000] {processor.py:175} INFO - Processing /opt/airflow/dags/NameGenderCSVtoRedshift_v5.py took 0.117 seconds
[2023-12-27T10:24:14.077+0000] {processor.py:153} INFO - Started process (PID=741) to work on /opt/airflow/dags/NameGenderCSVtoRedshift_v5.py
[2023-12-27T10:24:14.077+0000] {processor.py:743} INFO - Processing file /opt/airflow/dags/NameGenderCSVtoRedshift_v5.py for tasks to queue
[2023-12-27T10:24:14.078+0000] {logging_mixin.py:137} INFO - [2023-12-27T10:24:14.078+0000] {dagbag.py:538} INFO - Filling up the DagBag from /opt/airflow/dags/NameGenderCSVtoRedshift_v5.py
[2023-12-27T10:24:14.123+0000] {processor.py:753} INFO - DAG(s) dict_keys(['namegender_v5']) retrieved from /opt/airflow/dags/NameGenderCSVtoRedshift_v5.py
[2023-12-27T10:24:14.137+0000] {logging_mixin.py:137} INFO - [2023-12-27T10:24:14.137+0000] {dag.py:2690} INFO - Sync 1 DAGs
[2023-12-27T10:24:14.161+0000] {logging_mixin.py:137} INFO - [2023-12-27T10:24:14.160+0000] {dag.py:3441} INFO - Setting next_dagrun for namegender_v5 to 2023-12-26T02:00:00+00:00, run_after=2023-12-27T02:00:00+00:00
[2023-12-27T10:24:14.181+0000] {processor.py:175} INFO - Processing /opt/airflow/dags/NameGenderCSVtoRedshift_v5.py took 0.107 seconds
[2023-12-27T10:24:44.586+0000] {processor.py:153} INFO - Started process (PID=782) to work on /opt/airflow/dags/NameGenderCSVtoRedshift_v5.py
[2023-12-27T10:24:44.587+0000] {processor.py:743} INFO - Processing file /opt/airflow/dags/NameGenderCSVtoRedshift_v5.py for tasks to queue
[2023-12-27T10:24:44.588+0000] {logging_mixin.py:137} INFO - [2023-12-27T10:24:44.587+0000] {dagbag.py:538} INFO - Filling up the DagBag from /opt/airflow/dags/NameGenderCSVtoRedshift_v5.py
[2023-12-27T10:24:44.637+0000] {processor.py:753} INFO - DAG(s) dict_keys(['namegender_v5']) retrieved from /opt/airflow/dags/NameGenderCSVtoRedshift_v5.py
[2023-12-27T10:24:44.654+0000] {logging_mixin.py:137} INFO - [2023-12-27T10:24:44.654+0000] {dag.py:2690} INFO - Sync 1 DAGs
[2023-12-27T10:24:44.683+0000] {logging_mixin.py:137} INFO - [2023-12-27T10:24:44.683+0000] {dag.py:3441} INFO - Setting next_dagrun for namegender_v5 to 2023-12-26T02:00:00+00:00, run_after=2023-12-27T02:00:00+00:00
[2023-12-27T10:24:44.708+0000] {processor.py:175} INFO - Processing /opt/airflow/dags/NameGenderCSVtoRedshift_v5.py took 0.124 seconds
[2023-12-27T10:25:15.247+0000] {processor.py:153} INFO - Started process (PID=812) to work on /opt/airflow/dags/NameGenderCSVtoRedshift_v5.py
[2023-12-27T10:25:15.250+0000] {processor.py:743} INFO - Processing file /opt/airflow/dags/NameGenderCSVtoRedshift_v5.py for tasks to queue
[2023-12-27T10:25:15.250+0000] {logging_mixin.py:137} INFO - [2023-12-27T10:25:15.250+0000] {dagbag.py:538} INFO - Filling up the DagBag from /opt/airflow/dags/NameGenderCSVtoRedshift_v5.py
[2023-12-27T10:25:15.297+0000] {processor.py:753} INFO - DAG(s) dict_keys(['namegender_v5']) retrieved from /opt/airflow/dags/NameGenderCSVtoRedshift_v5.py
[2023-12-27T10:25:15.313+0000] {logging_mixin.py:137} INFO - [2023-12-27T10:25:15.313+0000] {dag.py:2690} INFO - Sync 1 DAGs
[2023-12-27T10:25:15.342+0000] {logging_mixin.py:137} INFO - [2023-12-27T10:25:15.342+0000] {dag.py:3441} INFO - Setting next_dagrun for namegender_v5 to 2023-12-26T02:00:00+00:00, run_after=2023-12-27T02:00:00+00:00
[2023-12-27T10:25:15.362+0000] {processor.py:175} INFO - Processing /opt/airflow/dags/NameGenderCSVtoRedshift_v5.py took 0.117 seconds
