[2023-12-27T10:15:05.094+0000] {processor.py:153} INFO - Started process (PID=97) to work on /opt/airflow/dags/UpdateSymbol.py
[2023-12-27T10:15:05.095+0000] {processor.py:743} INFO - Processing file /opt/airflow/dags/UpdateSymbol.py for tasks to queue
[2023-12-27T10:15:05.095+0000] {logging_mixin.py:137} INFO - [2023-12-27T10:15:05.095+0000] {dagbag.py:538} INFO - Filling up the DagBag from /opt/airflow/dags/UpdateSymbol.py
[2023-12-27T10:15:09.212+0000] {processor.py:753} INFO - DAG(s) dict_keys(['UpdateSymbol']) retrieved from /opt/airflow/dags/UpdateSymbol.py
[2023-12-27T10:15:09.896+0000] {logging_mixin.py:137} INFO - [2023-12-27T10:15:09.892+0000] {dag.py:2690} INFO - Sync 1 DAGs
[2023-12-27T10:15:10.008+0000] {logging_mixin.py:137} INFO - [2023-12-27T10:15:10.007+0000] {dag.py:3441} INFO - Setting next_dagrun for UpdateSymbol to 2023-12-26T10:00:00+00:00, run_after=2023-12-27T10:00:00+00:00
[2023-12-27T10:15:10.092+0000] {processor.py:175} INFO - Processing /opt/airflow/dags/UpdateSymbol.py took 5.020 seconds
[2023-12-27T10:15:40.619+0000] {processor.py:153} INFO - Started process (PID=128) to work on /opt/airflow/dags/UpdateSymbol.py
[2023-12-27T10:15:40.622+0000] {processor.py:743} INFO - Processing file /opt/airflow/dags/UpdateSymbol.py for tasks to queue
[2023-12-27T10:15:40.623+0000] {logging_mixin.py:137} INFO - [2023-12-27T10:15:40.623+0000] {dagbag.py:538} INFO - Filling up the DagBag from /opt/airflow/dags/UpdateSymbol.py
[2023-12-27T10:15:41.144+0000] {processor.py:753} INFO - DAG(s) dict_keys(['UpdateSymbol']) retrieved from /opt/airflow/dags/UpdateSymbol.py
[2023-12-27T10:15:41.164+0000] {logging_mixin.py:137} INFO - [2023-12-27T10:15:41.164+0000] {dag.py:2690} INFO - Sync 1 DAGs
[2023-12-27T10:15:41.191+0000] {logging_mixin.py:137} INFO - [2023-12-27T10:15:41.191+0000] {dag.py:3441} INFO - Setting next_dagrun for UpdateSymbol to 2023-12-26T10:00:00+00:00, run_after=2023-12-27T10:00:00+00:00
[2023-12-27T10:15:41.216+0000] {processor.py:175} INFO - Processing /opt/airflow/dags/UpdateSymbol.py took 0.599 seconds
[2023-12-27T10:16:11.283+0000] {processor.py:153} INFO - Started process (PID=170) to work on /opt/airflow/dags/UpdateSymbol.py
[2023-12-27T10:16:11.284+0000] {processor.py:743} INFO - Processing file /opt/airflow/dags/UpdateSymbol.py for tasks to queue
[2023-12-27T10:16:11.284+0000] {logging_mixin.py:137} INFO - [2023-12-27T10:16:11.284+0000] {dagbag.py:538} INFO - Filling up the DagBag from /opt/airflow/dags/UpdateSymbol.py
[2023-12-27T10:16:11.748+0000] {processor.py:753} INFO - DAG(s) dict_keys(['UpdateSymbol']) retrieved from /opt/airflow/dags/UpdateSymbol.py
[2023-12-27T10:16:11.765+0000] {logging_mixin.py:137} INFO - [2023-12-27T10:16:11.765+0000] {dag.py:2690} INFO - Sync 1 DAGs
[2023-12-27T10:16:11.792+0000] {logging_mixin.py:137} INFO - [2023-12-27T10:16:11.792+0000] {dag.py:3441} INFO - Setting next_dagrun for UpdateSymbol to 2023-12-26T10:00:00+00:00, run_after=2023-12-27T10:00:00+00:00
[2023-12-27T10:16:11.810+0000] {processor.py:175} INFO - Processing /opt/airflow/dags/UpdateSymbol.py took 0.530 seconds
[2023-12-27T10:16:42.579+0000] {processor.py:153} INFO - Started process (PID=201) to work on /opt/airflow/dags/UpdateSymbol.py
[2023-12-27T10:16:42.581+0000] {processor.py:743} INFO - Processing file /opt/airflow/dags/UpdateSymbol.py for tasks to queue
[2023-12-27T10:16:42.581+0000] {logging_mixin.py:137} INFO - [2023-12-27T10:16:42.581+0000] {dagbag.py:538} INFO - Filling up the DagBag from /opt/airflow/dags/UpdateSymbol.py
[2023-12-27T10:16:43.081+0000] {processor.py:753} INFO - DAG(s) dict_keys(['UpdateSymbol']) retrieved from /opt/airflow/dags/UpdateSymbol.py
[2023-12-27T10:16:43.103+0000] {logging_mixin.py:137} INFO - [2023-12-27T10:16:43.103+0000] {dag.py:2690} INFO - Sync 1 DAGs
[2023-12-27T10:16:43.130+0000] {logging_mixin.py:137} INFO - [2023-12-27T10:16:43.130+0000] {dag.py:3441} INFO - Setting next_dagrun for UpdateSymbol to 2023-12-26T10:00:00+00:00, run_after=2023-12-27T10:00:00+00:00
[2023-12-27T10:16:43.165+0000] {processor.py:175} INFO - Processing /opt/airflow/dags/UpdateSymbol.py took 0.589 seconds
[2023-12-27T10:17:13.810+0000] {processor.py:153} INFO - Started process (PID=242) to work on /opt/airflow/dags/UpdateSymbol.py
[2023-12-27T10:17:13.810+0000] {processor.py:743} INFO - Processing file /opt/airflow/dags/UpdateSymbol.py for tasks to queue
[2023-12-27T10:17:13.811+0000] {logging_mixin.py:137} INFO - [2023-12-27T10:17:13.810+0000] {dagbag.py:538} INFO - Filling up the DagBag from /opt/airflow/dags/UpdateSymbol.py
[2023-12-27T10:17:14.275+0000] {processor.py:753} INFO - DAG(s) dict_keys(['UpdateSymbol']) retrieved from /opt/airflow/dags/UpdateSymbol.py
[2023-12-27T10:17:14.296+0000] {logging_mixin.py:137} INFO - [2023-12-27T10:17:14.295+0000] {dag.py:2690} INFO - Sync 1 DAGs
[2023-12-27T10:17:14.325+0000] {logging_mixin.py:137} INFO - [2023-12-27T10:17:14.325+0000] {dag.py:3441} INFO - Setting next_dagrun for UpdateSymbol to 2023-12-26T10:00:00+00:00, run_after=2023-12-27T10:00:00+00:00
[2023-12-27T10:17:14.358+0000] {processor.py:175} INFO - Processing /opt/airflow/dags/UpdateSymbol.py took 0.551 seconds
[2023-12-27T10:17:44.401+0000] {processor.py:153} INFO - Started process (PID=273) to work on /opt/airflow/dags/UpdateSymbol.py
[2023-12-27T10:17:44.402+0000] {processor.py:743} INFO - Processing file /opt/airflow/dags/UpdateSymbol.py for tasks to queue
[2023-12-27T10:17:44.402+0000] {logging_mixin.py:137} INFO - [2023-12-27T10:17:44.402+0000] {dagbag.py:538} INFO - Filling up the DagBag from /opt/airflow/dags/UpdateSymbol.py
[2023-12-27T10:17:44.845+0000] {processor.py:753} INFO - DAG(s) dict_keys(['UpdateSymbol']) retrieved from /opt/airflow/dags/UpdateSymbol.py
[2023-12-27T10:17:44.866+0000] {logging_mixin.py:137} INFO - [2023-12-27T10:17:44.865+0000] {dag.py:2690} INFO - Sync 1 DAGs
[2023-12-27T10:17:45.012+0000] {logging_mixin.py:137} INFO - [2023-12-27T10:17:45.012+0000] {dag.py:3441} INFO - Setting next_dagrun for UpdateSymbol to 2023-12-26T10:00:00+00:00, run_after=2023-12-27T10:00:00+00:00
[2023-12-27T10:17:45.030+0000] {processor.py:175} INFO - Processing /opt/airflow/dags/UpdateSymbol.py took 0.631 seconds
[2023-12-27T10:18:15.953+0000] {processor.py:153} INFO - Started process (PID=315) to work on /opt/airflow/dags/UpdateSymbol.py
[2023-12-27T10:18:15.954+0000] {processor.py:743} INFO - Processing file /opt/airflow/dags/UpdateSymbol.py for tasks to queue
[2023-12-27T10:18:15.955+0000] {logging_mixin.py:137} INFO - [2023-12-27T10:18:15.954+0000] {dagbag.py:538} INFO - Filling up the DagBag from /opt/airflow/dags/UpdateSymbol.py
[2023-12-27T10:18:16.301+0000] {processor.py:753} INFO - DAG(s) dict_keys(['UpdateSymbol']) retrieved from /opt/airflow/dags/UpdateSymbol.py
[2023-12-27T10:18:16.459+0000] {logging_mixin.py:137} INFO - [2023-12-27T10:18:16.458+0000] {dag.py:2690} INFO - Sync 1 DAGs
[2023-12-27T10:18:16.492+0000] {logging_mixin.py:137} INFO - [2023-12-27T10:18:16.492+0000] {dag.py:3441} INFO - Setting next_dagrun for UpdateSymbol to 2023-12-26T10:00:00+00:00, run_after=2023-12-27T10:00:00+00:00
[2023-12-27T10:18:16.514+0000] {processor.py:175} INFO - Processing /opt/airflow/dags/UpdateSymbol.py took 0.564 seconds
[2023-12-27T10:18:47.035+0000] {processor.py:153} INFO - Started process (PID=348) to work on /opt/airflow/dags/UpdateSymbol.py
[2023-12-27T10:18:47.035+0000] {processor.py:743} INFO - Processing file /opt/airflow/dags/UpdateSymbol.py for tasks to queue
[2023-12-27T10:18:47.036+0000] {logging_mixin.py:137} INFO - [2023-12-27T10:18:47.036+0000] {dagbag.py:538} INFO - Filling up the DagBag from /opt/airflow/dags/UpdateSymbol.py
[2023-12-27T10:18:47.536+0000] {processor.py:753} INFO - DAG(s) dict_keys(['UpdateSymbol']) retrieved from /opt/airflow/dags/UpdateSymbol.py
[2023-12-27T10:18:47.565+0000] {logging_mixin.py:137} INFO - [2023-12-27T10:18:47.564+0000] {dag.py:2690} INFO - Sync 1 DAGs
[2023-12-27T10:18:47.609+0000] {logging_mixin.py:137} INFO - [2023-12-27T10:18:47.609+0000] {dag.py:3441} INFO - Setting next_dagrun for UpdateSymbol to 2023-12-26T10:00:00+00:00, run_after=2023-12-27T10:00:00+00:00
[2023-12-27T10:18:47.651+0000] {processor.py:175} INFO - Processing /opt/airflow/dags/UpdateSymbol.py took 0.618 seconds
[2023-12-27T10:19:17.949+0000] {processor.py:153} INFO - Started process (PID=387) to work on /opt/airflow/dags/UpdateSymbol.py
[2023-12-27T10:19:17.950+0000] {processor.py:743} INFO - Processing file /opt/airflow/dags/UpdateSymbol.py for tasks to queue
[2023-12-27T10:19:17.951+0000] {logging_mixin.py:137} INFO - [2023-12-27T10:19:17.950+0000] {dagbag.py:538} INFO - Filling up the DagBag from /opt/airflow/dags/UpdateSymbol.py
[2023-12-27T10:19:18.854+0000] {processor.py:753} INFO - DAG(s) dict_keys(['UpdateSymbol']) retrieved from /opt/airflow/dags/UpdateSymbol.py
[2023-12-27T10:19:18.905+0000] {logging_mixin.py:137} INFO - [2023-12-27T10:19:18.904+0000] {dag.py:2690} INFO - Sync 1 DAGs
[2023-12-27T10:19:18.982+0000] {logging_mixin.py:137} INFO - [2023-12-27T10:19:18.982+0000] {dag.py:3441} INFO - Setting next_dagrun for UpdateSymbol to 2023-12-26T10:00:00+00:00, run_after=2023-12-27T10:00:00+00:00
[2023-12-27T10:19:19.030+0000] {processor.py:175} INFO - Processing /opt/airflow/dags/UpdateSymbol.py took 1.084 seconds
[2023-12-27T10:19:49.313+0000] {processor.py:153} INFO - Started process (PID=430) to work on /opt/airflow/dags/UpdateSymbol.py
[2023-12-27T10:19:49.314+0000] {processor.py:743} INFO - Processing file /opt/airflow/dags/UpdateSymbol.py for tasks to queue
[2023-12-27T10:19:49.314+0000] {logging_mixin.py:137} INFO - [2023-12-27T10:19:49.314+0000] {dagbag.py:538} INFO - Filling up the DagBag from /opt/airflow/dags/UpdateSymbol.py
[2023-12-27T10:19:50.306+0000] {processor.py:753} INFO - DAG(s) dict_keys(['UpdateSymbol']) retrieved from /opt/airflow/dags/UpdateSymbol.py
[2023-12-27T10:19:50.328+0000] {logging_mixin.py:137} INFO - [2023-12-27T10:19:50.328+0000] {dag.py:2690} INFO - Sync 1 DAGs
[2023-12-27T10:19:50.359+0000] {logging_mixin.py:137} INFO - [2023-12-27T10:19:50.359+0000] {dag.py:3441} INFO - Setting next_dagrun for UpdateSymbol to 2023-12-26T10:00:00+00:00, run_after=2023-12-27T10:00:00+00:00
[2023-12-27T10:19:50.391+0000] {processor.py:175} INFO - Processing /opt/airflow/dags/UpdateSymbol.py took 1.080 seconds
[2023-12-27T10:20:20.941+0000] {processor.py:153} INFO - Started process (PID=461) to work on /opt/airflow/dags/UpdateSymbol.py
[2023-12-27T10:20:20.948+0000] {processor.py:743} INFO - Processing file /opt/airflow/dags/UpdateSymbol.py for tasks to queue
[2023-12-27T10:20:20.949+0000] {logging_mixin.py:137} INFO - [2023-12-27T10:20:20.949+0000] {dagbag.py:538} INFO - Filling up the DagBag from /opt/airflow/dags/UpdateSymbol.py
[2023-12-27T10:20:22.173+0000] {processor.py:753} INFO - DAG(s) dict_keys(['UpdateSymbol']) retrieved from /opt/airflow/dags/UpdateSymbol.py
[2023-12-27T10:20:22.223+0000] {logging_mixin.py:137} INFO - [2023-12-27T10:20:22.222+0000] {dag.py:2690} INFO - Sync 1 DAGs
[2023-12-27T10:20:22.259+0000] {logging_mixin.py:137} INFO - [2023-12-27T10:20:22.258+0000] {dag.py:3441} INFO - Setting next_dagrun for UpdateSymbol to 2023-12-26T10:00:00+00:00, run_after=2023-12-27T10:00:00+00:00
[2023-12-27T10:20:22.294+0000] {processor.py:175} INFO - Processing /opt/airflow/dags/UpdateSymbol.py took 1.356 seconds
[2023-12-27T10:20:52.350+0000] {processor.py:153} INFO - Started process (PID=502) to work on /opt/airflow/dags/UpdateSymbol.py
[2023-12-27T10:20:52.351+0000] {processor.py:743} INFO - Processing file /opt/airflow/dags/UpdateSymbol.py for tasks to queue
[2023-12-27T10:20:52.352+0000] {logging_mixin.py:137} INFO - [2023-12-27T10:20:52.352+0000] {dagbag.py:538} INFO - Filling up the DagBag from /opt/airflow/dags/UpdateSymbol.py
[2023-12-27T10:20:52.769+0000] {processor.py:753} INFO - DAG(s) dict_keys(['UpdateSymbol']) retrieved from /opt/airflow/dags/UpdateSymbol.py
[2023-12-27T10:20:52.794+0000] {logging_mixin.py:137} INFO - [2023-12-27T10:20:52.794+0000] {dag.py:2690} INFO - Sync 1 DAGs
[2023-12-27T10:20:52.944+0000] {logging_mixin.py:137} INFO - [2023-12-27T10:20:52.944+0000] {dag.py:3441} INFO - Setting next_dagrun for UpdateSymbol to 2023-12-26T10:00:00+00:00, run_after=2023-12-27T10:00:00+00:00
[2023-12-27T10:20:52.965+0000] {processor.py:175} INFO - Processing /opt/airflow/dags/UpdateSymbol.py took 0.618 seconds
[2023-12-27T10:21:23.877+0000] {processor.py:153} INFO - Started process (PID=533) to work on /opt/airflow/dags/UpdateSymbol.py
[2023-12-27T10:21:23.878+0000] {processor.py:743} INFO - Processing file /opt/airflow/dags/UpdateSymbol.py for tasks to queue
[2023-12-27T10:21:23.878+0000] {logging_mixin.py:137} INFO - [2023-12-27T10:21:23.878+0000] {dagbag.py:538} INFO - Filling up the DagBag from /opt/airflow/dags/UpdateSymbol.py
[2023-12-27T10:21:24.444+0000] {processor.py:753} INFO - DAG(s) dict_keys(['UpdateSymbol']) retrieved from /opt/airflow/dags/UpdateSymbol.py
[2023-12-27T10:21:24.467+0000] {logging_mixin.py:137} INFO - [2023-12-27T10:21:24.466+0000] {dag.py:2690} INFO - Sync 1 DAGs
[2023-12-27T10:21:24.490+0000] {logging_mixin.py:137} INFO - [2023-12-27T10:21:24.490+0000] {dag.py:3441} INFO - Setting next_dagrun for UpdateSymbol to 2023-12-26T10:00:00+00:00, run_after=2023-12-27T10:00:00+00:00
[2023-12-27T10:21:24.509+0000] {processor.py:175} INFO - Processing /opt/airflow/dags/UpdateSymbol.py took 0.635 seconds
[2023-12-27T10:21:55.216+0000] {processor.py:153} INFO - Started process (PID=575) to work on /opt/airflow/dags/UpdateSymbol.py
[2023-12-27T10:21:55.217+0000] {processor.py:743} INFO - Processing file /opt/airflow/dags/UpdateSymbol.py for tasks to queue
[2023-12-27T10:21:55.219+0000] {logging_mixin.py:137} INFO - [2023-12-27T10:21:55.218+0000] {dagbag.py:538} INFO - Filling up the DagBag from /opt/airflow/dags/UpdateSymbol.py
[2023-12-27T10:21:56.708+0000] {processor.py:753} INFO - DAG(s) dict_keys(['UpdateSymbol']) retrieved from /opt/airflow/dags/UpdateSymbol.py
[2023-12-27T10:21:56.730+0000] {logging_mixin.py:137} INFO - [2023-12-27T10:21:56.729+0000] {dag.py:2690} INFO - Sync 1 DAGs
[2023-12-27T10:21:56.755+0000] {logging_mixin.py:137} INFO - [2023-12-27T10:21:56.755+0000] {dag.py:3441} INFO - Setting next_dagrun for UpdateSymbol to 2023-12-26T10:00:00+00:00, run_after=2023-12-27T10:00:00+00:00
[2023-12-27T10:21:56.783+0000] {processor.py:175} INFO - Processing /opt/airflow/dags/UpdateSymbol.py took 1.582 seconds
[2023-12-27T10:22:26.859+0000] {processor.py:153} INFO - Started process (PID=617) to work on /opt/airflow/dags/UpdateSymbol.py
[2023-12-27T10:22:26.866+0000] {processor.py:743} INFO - Processing file /opt/airflow/dags/UpdateSymbol.py for tasks to queue
[2023-12-27T10:22:26.867+0000] {logging_mixin.py:137} INFO - [2023-12-27T10:22:26.867+0000] {dagbag.py:538} INFO - Filling up the DagBag from /opt/airflow/dags/UpdateSymbol.py
[2023-12-27T10:22:27.634+0000] {processor.py:753} INFO - DAG(s) dict_keys(['UpdateSymbol']) retrieved from /opt/airflow/dags/UpdateSymbol.py
[2023-12-27T10:22:27.665+0000] {logging_mixin.py:137} INFO - [2023-12-27T10:22:27.665+0000] {dag.py:2690} INFO - Sync 1 DAGs
[2023-12-27T10:22:27.712+0000] {logging_mixin.py:137} INFO - [2023-12-27T10:22:27.712+0000] {dag.py:3441} INFO - Setting next_dagrun for UpdateSymbol to 2023-12-26T10:00:00+00:00, run_after=2023-12-27T10:00:00+00:00
[2023-12-27T10:22:27.746+0000] {processor.py:175} INFO - Processing /opt/airflow/dags/UpdateSymbol.py took 0.906 seconds
[2023-12-27T10:22:58.487+0000] {processor.py:153} INFO - Started process (PID=650) to work on /opt/airflow/dags/UpdateSymbol.py
[2023-12-27T10:22:58.488+0000] {processor.py:743} INFO - Processing file /opt/airflow/dags/UpdateSymbol.py for tasks to queue
[2023-12-27T10:22:58.489+0000] {logging_mixin.py:137} INFO - [2023-12-27T10:22:58.489+0000] {dagbag.py:538} INFO - Filling up the DagBag from /opt/airflow/dags/UpdateSymbol.py
[2023-12-27T10:22:59.339+0000] {processor.py:753} INFO - DAG(s) dict_keys(['UpdateSymbol']) retrieved from /opt/airflow/dags/UpdateSymbol.py
[2023-12-27T10:22:59.396+0000] {logging_mixin.py:137} INFO - [2023-12-27T10:22:59.395+0000] {dag.py:2690} INFO - Sync 1 DAGs
[2023-12-27T10:22:59.463+0000] {logging_mixin.py:137} INFO - [2023-12-27T10:22:59.463+0000] {dag.py:3441} INFO - Setting next_dagrun for UpdateSymbol to 2023-12-26T10:00:00+00:00, run_after=2023-12-27T10:00:00+00:00
[2023-12-27T10:22:59.500+0000] {processor.py:175} INFO - Processing /opt/airflow/dags/UpdateSymbol.py took 1.015 seconds
[2023-12-27T10:23:29.845+0000] {processor.py:153} INFO - Started process (PID=692) to work on /opt/airflow/dags/UpdateSymbol.py
[2023-12-27T10:23:29.846+0000] {processor.py:743} INFO - Processing file /opt/airflow/dags/UpdateSymbol.py for tasks to queue
[2023-12-27T10:23:29.847+0000] {logging_mixin.py:137} INFO - [2023-12-27T10:23:29.847+0000] {dagbag.py:538} INFO - Filling up the DagBag from /opt/airflow/dags/UpdateSymbol.py
[2023-12-27T10:23:30.220+0000] {processor.py:753} INFO - DAG(s) dict_keys(['UpdateSymbol']) retrieved from /opt/airflow/dags/UpdateSymbol.py
[2023-12-27T10:23:30.243+0000] {logging_mixin.py:137} INFO - [2023-12-27T10:23:30.242+0000] {dag.py:2690} INFO - Sync 1 DAGs
[2023-12-27T10:23:30.410+0000] {logging_mixin.py:137} INFO - [2023-12-27T10:23:30.410+0000] {dag.py:3441} INFO - Setting next_dagrun for UpdateSymbol to 2023-12-26T10:00:00+00:00, run_after=2023-12-27T10:00:00+00:00
[2023-12-27T10:23:30.435+0000] {processor.py:175} INFO - Processing /opt/airflow/dags/UpdateSymbol.py took 0.592 seconds
[2023-12-27T10:24:00.996+0000] {processor.py:153} INFO - Started process (PID=723) to work on /opt/airflow/dags/UpdateSymbol.py
[2023-12-27T10:24:00.996+0000] {processor.py:743} INFO - Processing file /opt/airflow/dags/UpdateSymbol.py for tasks to queue
[2023-12-27T10:24:00.996+0000] {logging_mixin.py:137} INFO - [2023-12-27T10:24:00.996+0000] {dagbag.py:538} INFO - Filling up the DagBag from /opt/airflow/dags/UpdateSymbol.py
[2023-12-27T10:24:01.721+0000] {processor.py:753} INFO - DAG(s) dict_keys(['UpdateSymbol']) retrieved from /opt/airflow/dags/UpdateSymbol.py
[2023-12-27T10:24:01.868+0000] {logging_mixin.py:137} INFO - [2023-12-27T10:24:01.867+0000] {dag.py:2690} INFO - Sync 1 DAGs
[2023-12-27T10:24:01.893+0000] {logging_mixin.py:137} INFO - [2023-12-27T10:24:01.893+0000] {dag.py:3441} INFO - Setting next_dagrun for UpdateSymbol to 2023-12-26T10:00:00+00:00, run_after=2023-12-27T10:00:00+00:00
[2023-12-27T10:24:01.911+0000] {processor.py:175} INFO - Processing /opt/airflow/dags/UpdateSymbol.py took 0.918 seconds
[2023-12-27T10:24:32.152+0000] {processor.py:153} INFO - Started process (PID=764) to work on /opt/airflow/dags/UpdateSymbol.py
[2023-12-27T10:24:32.152+0000] {processor.py:743} INFO - Processing file /opt/airflow/dags/UpdateSymbol.py for tasks to queue
[2023-12-27T10:24:32.153+0000] {logging_mixin.py:137} INFO - [2023-12-27T10:24:32.153+0000] {dagbag.py:538} INFO - Filling up the DagBag from /opt/airflow/dags/UpdateSymbol.py
[2023-12-27T10:24:32.690+0000] {processor.py:753} INFO - DAG(s) dict_keys(['UpdateSymbol']) retrieved from /opt/airflow/dags/UpdateSymbol.py
[2023-12-27T10:24:32.713+0000] {logging_mixin.py:137} INFO - [2023-12-27T10:24:32.712+0000] {dag.py:2690} INFO - Sync 1 DAGs
[2023-12-27T10:24:32.738+0000] {logging_mixin.py:137} INFO - [2023-12-27T10:24:32.738+0000] {dag.py:3441} INFO - Setting next_dagrun for UpdateSymbol to 2023-12-26T10:00:00+00:00, run_after=2023-12-27T10:00:00+00:00
[2023-12-27T10:24:32.759+0000] {processor.py:175} INFO - Processing /opt/airflow/dags/UpdateSymbol.py took 0.611 seconds
[2023-12-27T10:25:02.814+0000] {processor.py:153} INFO - Started process (PID=795) to work on /opt/airflow/dags/UpdateSymbol.py
[2023-12-27T10:25:02.815+0000] {processor.py:743} INFO - Processing file /opt/airflow/dags/UpdateSymbol.py for tasks to queue
[2023-12-27T10:25:02.822+0000] {logging_mixin.py:137} INFO - [2023-12-27T10:25:02.821+0000] {dagbag.py:538} INFO - Filling up the DagBag from /opt/airflow/dags/UpdateSymbol.py
[2023-12-27T10:25:03.422+0000] {processor.py:753} INFO - DAG(s) dict_keys(['UpdateSymbol']) retrieved from /opt/airflow/dags/UpdateSymbol.py
[2023-12-27T10:25:03.440+0000] {logging_mixin.py:137} INFO - [2023-12-27T10:25:03.440+0000] {dag.py:2690} INFO - Sync 1 DAGs
[2023-12-27T10:25:03.466+0000] {logging_mixin.py:137} INFO - [2023-12-27T10:25:03.466+0000] {dag.py:3441} INFO - Setting next_dagrun for UpdateSymbol to 2023-12-26T10:00:00+00:00, run_after=2023-12-27T10:00:00+00:00
[2023-12-27T10:25:03.487+0000] {processor.py:175} INFO - Processing /opt/airflow/dags/UpdateSymbol.py took 0.678 seconds
