[2023-12-27T10:15:10.185+0000] {processor.py:153} INFO - Started process (PID=102) to work on /opt/airflow/dags/UpdateSymbol_v2.py
[2023-12-27T10:15:10.186+0000] {processor.py:743} INFO - Processing file /opt/airflow/dags/UpdateSymbol_v2.py for tasks to queue
[2023-12-27T10:15:10.186+0000] {logging_mixin.py:137} INFO - [2023-12-27T10:15:10.186+0000] {dagbag.py:538} INFO - Filling up the DagBag from /opt/airflow/dags/UpdateSymbol_v2.py
[2023-12-27T10:15:10.907+0000] {processor.py:753} INFO - DAG(s) dict_keys(['UpdateSymbol_v2']) retrieved from /opt/airflow/dags/UpdateSymbol_v2.py
[2023-12-27T10:15:11.171+0000] {logging_mixin.py:137} INFO - [2023-12-27T10:15:11.171+0000] {dag.py:2690} INFO - Sync 1 DAGs
[2023-12-27T10:15:11.205+0000] {logging_mixin.py:137} INFO - [2023-12-27T10:15:11.204+0000] {dag.py:3441} INFO - Setting next_dagrun for UpdateSymbol_v2 to 2023-12-26T10:00:00+00:00, run_after=2023-12-27T10:00:00+00:00
[2023-12-27T10:15:11.231+0000] {processor.py:175} INFO - Processing /opt/airflow/dags/UpdateSymbol_v2.py took 1.049 seconds
[2023-12-27T10:15:41.381+0000] {processor.py:153} INFO - Started process (PID=133) to work on /opt/airflow/dags/UpdateSymbol_v2.py
[2023-12-27T10:15:41.381+0000] {processor.py:743} INFO - Processing file /opt/airflow/dags/UpdateSymbol_v2.py for tasks to queue
[2023-12-27T10:15:41.382+0000] {logging_mixin.py:137} INFO - [2023-12-27T10:15:41.382+0000] {dagbag.py:538} INFO - Filling up the DagBag from /opt/airflow/dags/UpdateSymbol_v2.py
[2023-12-27T10:15:41.995+0000] {processor.py:753} INFO - DAG(s) dict_keys(['UpdateSymbol_v2']) retrieved from /opt/airflow/dags/UpdateSymbol_v2.py
[2023-12-27T10:15:42.015+0000] {logging_mixin.py:137} INFO - [2023-12-27T10:15:42.015+0000] {dag.py:2690} INFO - Sync 1 DAGs
[2023-12-27T10:15:42.041+0000] {logging_mixin.py:137} INFO - [2023-12-27T10:15:42.041+0000] {dag.py:3441} INFO - Setting next_dagrun for UpdateSymbol_v2 to 2023-12-26T10:00:00+00:00, run_after=2023-12-27T10:00:00+00:00
[2023-12-27T10:15:42.064+0000] {processor.py:175} INFO - Processing /opt/airflow/dags/UpdateSymbol_v2.py took 0.686 seconds
[2023-12-27T10:16:12.561+0000] {processor.py:153} INFO - Started process (PID=174) to work on /opt/airflow/dags/UpdateSymbol_v2.py
[2023-12-27T10:16:12.562+0000] {processor.py:743} INFO - Processing file /opt/airflow/dags/UpdateSymbol_v2.py for tasks to queue
[2023-12-27T10:16:12.563+0000] {logging_mixin.py:137} INFO - [2023-12-27T10:16:12.562+0000] {dagbag.py:538} INFO - Filling up the DagBag from /opt/airflow/dags/UpdateSymbol_v2.py
[2023-12-27T10:16:13.110+0000] {processor.py:753} INFO - DAG(s) dict_keys(['UpdateSymbol_v2']) retrieved from /opt/airflow/dags/UpdateSymbol_v2.py
[2023-12-27T10:16:13.135+0000] {logging_mixin.py:137} INFO - [2023-12-27T10:16:13.133+0000] {dag.py:2690} INFO - Sync 1 DAGs
[2023-12-27T10:16:13.166+0000] {logging_mixin.py:137} INFO - [2023-12-27T10:16:13.166+0000] {dag.py:3441} INFO - Setting next_dagrun for UpdateSymbol_v2 to 2023-12-26T10:00:00+00:00, run_after=2023-12-27T10:00:00+00:00
[2023-12-27T10:16:13.192+0000] {processor.py:175} INFO - Processing /opt/airflow/dags/UpdateSymbol_v2.py took 0.633 seconds
[2023-12-27T10:16:43.733+0000] {processor.py:153} INFO - Started process (PID=205) to work on /opt/airflow/dags/UpdateSymbol_v2.py
[2023-12-27T10:16:43.741+0000] {processor.py:743} INFO - Processing file /opt/airflow/dags/UpdateSymbol_v2.py for tasks to queue
[2023-12-27T10:16:43.742+0000] {logging_mixin.py:137} INFO - [2023-12-27T10:16:43.742+0000] {dagbag.py:538} INFO - Filling up the DagBag from /opt/airflow/dags/UpdateSymbol_v2.py
[2023-12-27T10:16:44.638+0000] {processor.py:753} INFO - DAG(s) dict_keys(['UpdateSymbol_v2']) retrieved from /opt/airflow/dags/UpdateSymbol_v2.py
[2023-12-27T10:16:44.675+0000] {logging_mixin.py:137} INFO - [2023-12-27T10:16:44.674+0000] {dag.py:2690} INFO - Sync 1 DAGs
[2023-12-27T10:16:44.726+0000] {logging_mixin.py:137} INFO - [2023-12-27T10:16:44.725+0000] {dag.py:3441} INFO - Setting next_dagrun for UpdateSymbol_v2 to 2023-12-26T10:00:00+00:00, run_after=2023-12-27T10:00:00+00:00
[2023-12-27T10:16:44.776+0000] {processor.py:175} INFO - Processing /opt/airflow/dags/UpdateSymbol_v2.py took 1.057 seconds
[2023-12-27T10:17:14.945+0000] {processor.py:153} INFO - Started process (PID=247) to work on /opt/airflow/dags/UpdateSymbol_v2.py
[2023-12-27T10:17:14.946+0000] {processor.py:743} INFO - Processing file /opt/airflow/dags/UpdateSymbol_v2.py for tasks to queue
[2023-12-27T10:17:14.946+0000] {logging_mixin.py:137} INFO - [2023-12-27T10:17:14.946+0000] {dagbag.py:538} INFO - Filling up the DagBag from /opt/airflow/dags/UpdateSymbol_v2.py
[2023-12-27T10:17:15.428+0000] {processor.py:753} INFO - DAG(s) dict_keys(['UpdateSymbol_v2']) retrieved from /opt/airflow/dags/UpdateSymbol_v2.py
[2023-12-27T10:17:15.446+0000] {logging_mixin.py:137} INFO - [2023-12-27T10:17:15.446+0000] {dag.py:2690} INFO - Sync 1 DAGs
[2023-12-27T10:17:15.471+0000] {logging_mixin.py:137} INFO - [2023-12-27T10:17:15.471+0000] {dag.py:3441} INFO - Setting next_dagrun for UpdateSymbol_v2 to 2023-12-26T10:00:00+00:00, run_after=2023-12-27T10:00:00+00:00
[2023-12-27T10:17:15.488+0000] {processor.py:175} INFO - Processing /opt/airflow/dags/UpdateSymbol_v2.py took 0.545 seconds
[2023-12-27T10:17:45.714+0000] {processor.py:153} INFO - Started process (PID=280) to work on /opt/airflow/dags/UpdateSymbol_v2.py
[2023-12-27T10:17:45.717+0000] {processor.py:743} INFO - Processing file /opt/airflow/dags/UpdateSymbol_v2.py for tasks to queue
[2023-12-27T10:17:45.717+0000] {logging_mixin.py:137} INFO - [2023-12-27T10:17:45.717+0000] {dagbag.py:538} INFO - Filling up the DagBag from /opt/airflow/dags/UpdateSymbol_v2.py
[2023-12-27T10:17:46.048+0000] {processor.py:753} INFO - DAG(s) dict_keys(['UpdateSymbol_v2']) retrieved from /opt/airflow/dags/UpdateSymbol_v2.py
[2023-12-27T10:17:46.070+0000] {logging_mixin.py:137} INFO - [2023-12-27T10:17:46.069+0000] {dag.py:2690} INFO - Sync 1 DAGs
[2023-12-27T10:17:46.215+0000] {logging_mixin.py:137} INFO - [2023-12-27T10:17:46.215+0000] {dag.py:3441} INFO - Setting next_dagrun for UpdateSymbol_v2 to 2023-12-26T10:00:00+00:00, run_after=2023-12-27T10:00:00+00:00
[2023-12-27T10:17:46.235+0000] {processor.py:175} INFO - Processing /opt/airflow/dags/UpdateSymbol_v2.py took 0.523 seconds
[2023-12-27T10:18:16.634+0000] {processor.py:153} INFO - Started process (PID=321) to work on /opt/airflow/dags/UpdateSymbol_v2.py
[2023-12-27T10:18:16.635+0000] {processor.py:743} INFO - Processing file /opt/airflow/dags/UpdateSymbol_v2.py for tasks to queue
[2023-12-27T10:18:16.636+0000] {logging_mixin.py:137} INFO - [2023-12-27T10:18:16.635+0000] {dagbag.py:538} INFO - Filling up the DagBag from /opt/airflow/dags/UpdateSymbol_v2.py
[2023-12-27T10:18:16.998+0000] {processor.py:753} INFO - DAG(s) dict_keys(['UpdateSymbol_v2']) retrieved from /opt/airflow/dags/UpdateSymbol_v2.py
[2023-12-27T10:18:17.140+0000] {logging_mixin.py:137} INFO - [2023-12-27T10:18:17.139+0000] {dag.py:2690} INFO - Sync 1 DAGs
[2023-12-27T10:18:17.164+0000] {logging_mixin.py:137} INFO - [2023-12-27T10:18:17.164+0000] {dag.py:3441} INFO - Setting next_dagrun for UpdateSymbol_v2 to 2023-12-26T10:00:00+00:00, run_after=2023-12-27T10:00:00+00:00
[2023-12-27T10:18:17.182+0000] {processor.py:175} INFO - Processing /opt/airflow/dags/UpdateSymbol_v2.py took 0.550 seconds
[2023-12-27T10:18:47.246+0000] {processor.py:153} INFO - Started process (PID=352) to work on /opt/airflow/dags/UpdateSymbol_v2.py
[2023-12-27T10:18:47.246+0000] {processor.py:743} INFO - Processing file /opt/airflow/dags/UpdateSymbol_v2.py for tasks to queue
[2023-12-27T10:18:47.247+0000] {logging_mixin.py:137} INFO - [2023-12-27T10:18:47.246+0000] {dagbag.py:538} INFO - Filling up the DagBag from /opt/airflow/dags/UpdateSymbol_v2.py
[2023-12-27T10:18:47.824+0000] {processor.py:753} INFO - DAG(s) dict_keys(['UpdateSymbol_v2']) retrieved from /opt/airflow/dags/UpdateSymbol_v2.py
[2023-12-27T10:18:47.842+0000] {logging_mixin.py:137} INFO - [2023-12-27T10:18:47.841+0000] {dag.py:2690} INFO - Sync 1 DAGs
[2023-12-27T10:18:47.867+0000] {logging_mixin.py:137} INFO - [2023-12-27T10:18:47.867+0000] {dag.py:3441} INFO - Setting next_dagrun for UpdateSymbol_v2 to 2023-12-26T10:00:00+00:00, run_after=2023-12-27T10:00:00+00:00
[2023-12-27T10:18:47.894+0000] {processor.py:175} INFO - Processing /opt/airflow/dags/UpdateSymbol_v2.py took 0.642 seconds
[2023-12-27T10:19:18.710+0000] {processor.py:153} INFO - Started process (PID=391) to work on /opt/airflow/dags/UpdateSymbol_v2.py
[2023-12-27T10:19:18.723+0000] {processor.py:743} INFO - Processing file /opt/airflow/dags/UpdateSymbol_v2.py for tasks to queue
[2023-12-27T10:19:18.723+0000] {logging_mixin.py:137} INFO - [2023-12-27T10:19:18.723+0000] {dagbag.py:538} INFO - Filling up the DagBag from /opt/airflow/dags/UpdateSymbol_v2.py
[2023-12-27T10:19:19.943+0000] {processor.py:753} INFO - DAG(s) dict_keys(['UpdateSymbol_v2']) retrieved from /opt/airflow/dags/UpdateSymbol_v2.py
[2023-12-27T10:19:19.973+0000] {logging_mixin.py:137} INFO - [2023-12-27T10:19:19.972+0000] {dag.py:2690} INFO - Sync 1 DAGs
[2023-12-27T10:19:19.997+0000] {logging_mixin.py:137} INFO - [2023-12-27T10:19:19.997+0000] {dag.py:3441} INFO - Setting next_dagrun for UpdateSymbol_v2 to 2023-12-26T10:00:00+00:00, run_after=2023-12-27T10:00:00+00:00
[2023-12-27T10:19:20.027+0000] {processor.py:175} INFO - Processing /opt/airflow/dags/UpdateSymbol_v2.py took 1.320 seconds
[2023-12-27T10:19:50.427+0000] {processor.py:153} INFO - Started process (PID=435) to work on /opt/airflow/dags/UpdateSymbol_v2.py
[2023-12-27T10:19:50.427+0000] {processor.py:743} INFO - Processing file /opt/airflow/dags/UpdateSymbol_v2.py for tasks to queue
[2023-12-27T10:19:50.428+0000] {logging_mixin.py:137} INFO - [2023-12-27T10:19:50.428+0000] {dagbag.py:538} INFO - Filling up the DagBag from /opt/airflow/dags/UpdateSymbol_v2.py
[2023-12-27T10:19:50.961+0000] {processor.py:753} INFO - DAG(s) dict_keys(['UpdateSymbol_v2']) retrieved from /opt/airflow/dags/UpdateSymbol_v2.py
[2023-12-27T10:19:50.979+0000] {logging_mixin.py:137} INFO - [2023-12-27T10:19:50.979+0000] {dag.py:2690} INFO - Sync 1 DAGs
[2023-12-27T10:19:51.005+0000] {logging_mixin.py:137} INFO - [2023-12-27T10:19:51.005+0000] {dag.py:3441} INFO - Setting next_dagrun for UpdateSymbol_v2 to 2023-12-26T10:00:00+00:00, run_after=2023-12-27T10:00:00+00:00
[2023-12-27T10:19:51.025+0000] {processor.py:175} INFO - Processing /opt/airflow/dags/UpdateSymbol_v2.py took 0.601 seconds
[2023-12-27T10:20:22.372+0000] {processor.py:153} INFO - Started process (PID=467) to work on /opt/airflow/dags/UpdateSymbol_v2.py
[2023-12-27T10:20:22.389+0000] {processor.py:743} INFO - Processing file /opt/airflow/dags/UpdateSymbol_v2.py for tasks to queue
[2023-12-27T10:20:22.389+0000] {logging_mixin.py:137} INFO - [2023-12-27T10:20:22.389+0000] {dagbag.py:538} INFO - Filling up the DagBag from /opt/airflow/dags/UpdateSymbol_v2.py
[2023-12-27T10:20:22.978+0000] {processor.py:753} INFO - DAG(s) dict_keys(['UpdateSymbol_v2']) retrieved from /opt/airflow/dags/UpdateSymbol_v2.py
[2023-12-27T10:20:22.996+0000] {logging_mixin.py:137} INFO - [2023-12-27T10:20:22.996+0000] {dag.py:2690} INFO - Sync 1 DAGs
[2023-12-27T10:20:23.023+0000] {logging_mixin.py:137} INFO - [2023-12-27T10:20:23.022+0000] {dag.py:3441} INFO - Setting next_dagrun for UpdateSymbol_v2 to 2023-12-26T10:00:00+00:00, run_after=2023-12-27T10:00:00+00:00
[2023-12-27T10:20:23.060+0000] {processor.py:175} INFO - Processing /opt/airflow/dags/UpdateSymbol_v2.py took 0.690 seconds
[2023-12-27T10:20:53.102+0000] {processor.py:153} INFO - Started process (PID=508) to work on /opt/airflow/dags/UpdateSymbol_v2.py
[2023-12-27T10:20:53.103+0000] {processor.py:743} INFO - Processing file /opt/airflow/dags/UpdateSymbol_v2.py for tasks to queue
[2023-12-27T10:20:53.103+0000] {logging_mixin.py:137} INFO - [2023-12-27T10:20:53.103+0000] {dagbag.py:538} INFO - Filling up the DagBag from /opt/airflow/dags/UpdateSymbol_v2.py
[2023-12-27T10:20:53.433+0000] {processor.py:753} INFO - DAG(s) dict_keys(['UpdateSymbol_v2']) retrieved from /opt/airflow/dags/UpdateSymbol_v2.py
[2023-12-27T10:20:53.574+0000] {logging_mixin.py:137} INFO - [2023-12-27T10:20:53.573+0000] {dag.py:2690} INFO - Sync 1 DAGs
[2023-12-27T10:20:53.597+0000] {logging_mixin.py:137} INFO - [2023-12-27T10:20:53.597+0000] {dag.py:3441} INFO - Setting next_dagrun for UpdateSymbol_v2 to 2023-12-26T10:00:00+00:00, run_after=2023-12-27T10:00:00+00:00
[2023-12-27T10:20:53.616+0000] {processor.py:175} INFO - Processing /opt/airflow/dags/UpdateSymbol_v2.py took 0.516 seconds
[2023-12-27T10:21:24.512+0000] {processor.py:153} INFO - Started process (PID=537) to work on /opt/airflow/dags/UpdateSymbol_v2.py
[2023-12-27T10:21:24.513+0000] {processor.py:743} INFO - Processing file /opt/airflow/dags/UpdateSymbol_v2.py for tasks to queue
[2023-12-27T10:21:24.514+0000] {logging_mixin.py:137} INFO - [2023-12-27T10:21:24.514+0000] {dagbag.py:538} INFO - Filling up the DagBag from /opt/airflow/dags/UpdateSymbol_v2.py
[2023-12-27T10:21:25.001+0000] {processor.py:753} INFO - DAG(s) dict_keys(['UpdateSymbol_v2']) retrieved from /opt/airflow/dags/UpdateSymbol_v2.py
[2023-12-27T10:21:25.019+0000] {logging_mixin.py:137} INFO - [2023-12-27T10:21:25.018+0000] {dag.py:2690} INFO - Sync 1 DAGs
[2023-12-27T10:21:25.044+0000] {logging_mixin.py:137} INFO - [2023-12-27T10:21:25.043+0000] {dag.py:3441} INFO - Setting next_dagrun for UpdateSymbol_v2 to 2023-12-26T10:00:00+00:00, run_after=2023-12-27T10:00:00+00:00
[2023-12-27T10:21:25.062+0000] {processor.py:175} INFO - Processing /opt/airflow/dags/UpdateSymbol_v2.py took 0.555 seconds
[2023-12-27T10:21:56.853+0000] {processor.py:153} INFO - Started process (PID=579) to work on /opt/airflow/dags/UpdateSymbol_v2.py
[2023-12-27T10:21:56.854+0000] {processor.py:743} INFO - Processing file /opt/airflow/dags/UpdateSymbol_v2.py for tasks to queue
[2023-12-27T10:21:56.855+0000] {logging_mixin.py:137} INFO - [2023-12-27T10:21:56.854+0000] {dagbag.py:538} INFO - Filling up the DagBag from /opt/airflow/dags/UpdateSymbol_v2.py
[2023-12-27T10:21:57.405+0000] {processor.py:753} INFO - DAG(s) dict_keys(['UpdateSymbol_v2']) retrieved from /opt/airflow/dags/UpdateSymbol_v2.py
[2023-12-27T10:21:57.429+0000] {logging_mixin.py:137} INFO - [2023-12-27T10:21:57.429+0000] {dag.py:2690} INFO - Sync 1 DAGs
[2023-12-27T10:21:57.455+0000] {logging_mixin.py:137} INFO - [2023-12-27T10:21:57.455+0000] {dag.py:3441} INFO - Setting next_dagrun for UpdateSymbol_v2 to 2023-12-26T10:00:00+00:00, run_after=2023-12-27T10:00:00+00:00
[2023-12-27T10:21:57.473+0000] {processor.py:175} INFO - Processing /opt/airflow/dags/UpdateSymbol_v2.py took 0.625 seconds
[2023-12-27T10:22:27.709+0000] {processor.py:153} INFO - Started process (PID=622) to work on /opt/airflow/dags/UpdateSymbol_v2.py
[2023-12-27T10:22:27.719+0000] {processor.py:743} INFO - Processing file /opt/airflow/dags/UpdateSymbol_v2.py for tasks to queue
[2023-12-27T10:22:27.719+0000] {logging_mixin.py:137} INFO - [2023-12-27T10:22:27.719+0000] {dagbag.py:538} INFO - Filling up the DagBag from /opt/airflow/dags/UpdateSymbol_v2.py
[2023-12-27T10:22:28.444+0000] {processor.py:753} INFO - DAG(s) dict_keys(['UpdateSymbol_v2']) retrieved from /opt/airflow/dags/UpdateSymbol_v2.py
[2023-12-27T10:22:28.463+0000] {logging_mixin.py:137} INFO - [2023-12-27T10:22:28.463+0000] {dag.py:2690} INFO - Sync 1 DAGs
[2023-12-27T10:22:28.488+0000] {logging_mixin.py:137} INFO - [2023-12-27T10:22:28.488+0000] {dag.py:3441} INFO - Setting next_dagrun for UpdateSymbol_v2 to 2023-12-26T10:00:00+00:00, run_after=2023-12-27T10:00:00+00:00
[2023-12-27T10:22:28.508+0000] {processor.py:175} INFO - Processing /opt/airflow/dags/UpdateSymbol_v2.py took 0.801 seconds
[2023-12-27T10:22:59.534+0000] {processor.py:153} INFO - Started process (PID=656) to work on /opt/airflow/dags/UpdateSymbol_v2.py
[2023-12-27T10:22:59.546+0000] {processor.py:743} INFO - Processing file /opt/airflow/dags/UpdateSymbol_v2.py for tasks to queue
[2023-12-27T10:22:59.547+0000] {logging_mixin.py:137} INFO - [2023-12-27T10:22:59.547+0000] {dagbag.py:538} INFO - Filling up the DagBag from /opt/airflow/dags/UpdateSymbol_v2.py
[2023-12-27T10:23:00.060+0000] {processor.py:753} INFO - DAG(s) dict_keys(['UpdateSymbol_v2']) retrieved from /opt/airflow/dags/UpdateSymbol_v2.py
[2023-12-27T10:23:00.078+0000] {logging_mixin.py:137} INFO - [2023-12-27T10:23:00.077+0000] {dag.py:2690} INFO - Sync 1 DAGs
[2023-12-27T10:23:00.102+0000] {logging_mixin.py:137} INFO - [2023-12-27T10:23:00.102+0000] {dag.py:3441} INFO - Setting next_dagrun for UpdateSymbol_v2 to 2023-12-26T10:00:00+00:00, run_after=2023-12-27T10:00:00+00:00
[2023-12-27T10:23:00.119+0000] {processor.py:175} INFO - Processing /opt/airflow/dags/UpdateSymbol_v2.py took 0.587 seconds
[2023-12-27T10:23:30.673+0000] {processor.py:153} INFO - Started process (PID=698) to work on /opt/airflow/dags/UpdateSymbol_v2.py
[2023-12-27T10:23:30.673+0000] {processor.py:743} INFO - Processing file /opt/airflow/dags/UpdateSymbol_v2.py for tasks to queue
[2023-12-27T10:23:30.674+0000] {logging_mixin.py:137} INFO - [2023-12-27T10:23:30.674+0000] {dagbag.py:538} INFO - Filling up the DagBag from /opt/airflow/dags/UpdateSymbol_v2.py
[2023-12-27T10:23:31.032+0000] {processor.py:753} INFO - DAG(s) dict_keys(['UpdateSymbol_v2']) retrieved from /opt/airflow/dags/UpdateSymbol_v2.py
[2023-12-27T10:23:31.052+0000] {logging_mixin.py:137} INFO - [2023-12-27T10:23:31.051+0000] {dag.py:2690} INFO - Sync 1 DAGs
[2023-12-27T10:23:31.195+0000] {logging_mixin.py:137} INFO - [2023-12-27T10:23:31.195+0000] {dag.py:3441} INFO - Setting next_dagrun for UpdateSymbol_v2 to 2023-12-26T10:00:00+00:00, run_after=2023-12-27T10:00:00+00:00
[2023-12-27T10:23:31.213+0000] {processor.py:175} INFO - Processing /opt/airflow/dags/UpdateSymbol_v2.py took 0.543 seconds
[2023-12-27T10:24:01.962+0000] {processor.py:153} INFO - Started process (PID=729) to work on /opt/airflow/dags/UpdateSymbol_v2.py
[2023-12-27T10:24:01.963+0000] {processor.py:743} INFO - Processing file /opt/airflow/dags/UpdateSymbol_v2.py for tasks to queue
[2023-12-27T10:24:01.964+0000] {logging_mixin.py:137} INFO - [2023-12-27T10:24:01.964+0000] {dagbag.py:538} INFO - Filling up the DagBag from /opt/airflow/dags/UpdateSymbol_v2.py
[2023-12-27T10:24:02.305+0000] {processor.py:753} INFO - DAG(s) dict_keys(['UpdateSymbol_v2']) retrieved from /opt/airflow/dags/UpdateSymbol_v2.py
[2023-12-27T10:24:02.440+0000] {logging_mixin.py:137} INFO - [2023-12-27T10:24:02.440+0000] {dag.py:2690} INFO - Sync 1 DAGs
[2023-12-27T10:24:02.463+0000] {logging_mixin.py:137} INFO - [2023-12-27T10:24:02.462+0000] {dag.py:3441} INFO - Setting next_dagrun for UpdateSymbol_v2 to 2023-12-26T10:00:00+00:00, run_after=2023-12-27T10:00:00+00:00
[2023-12-27T10:24:02.483+0000] {processor.py:175} INFO - Processing /opt/airflow/dags/UpdateSymbol_v2.py took 0.522 seconds
[2023-12-27T10:24:32.934+0000] {processor.py:153} INFO - Started process (PID=770) to work on /opt/airflow/dags/UpdateSymbol_v2.py
[2023-12-27T10:24:32.940+0000] {processor.py:743} INFO - Processing file /opt/airflow/dags/UpdateSymbol_v2.py for tasks to queue
[2023-12-27T10:24:32.941+0000] {logging_mixin.py:137} INFO - [2023-12-27T10:24:32.941+0000] {dagbag.py:538} INFO - Filling up the DagBag from /opt/airflow/dags/UpdateSymbol_v2.py
[2023-12-27T10:24:33.460+0000] {processor.py:753} INFO - DAG(s) dict_keys(['UpdateSymbol_v2']) retrieved from /opt/airflow/dags/UpdateSymbol_v2.py
[2023-12-27T10:24:33.480+0000] {logging_mixin.py:137} INFO - [2023-12-27T10:24:33.479+0000] {dag.py:2690} INFO - Sync 1 DAGs
[2023-12-27T10:24:33.505+0000] {logging_mixin.py:137} INFO - [2023-12-27T10:24:33.505+0000] {dag.py:3441} INFO - Setting next_dagrun for UpdateSymbol_v2 to 2023-12-26T10:00:00+00:00, run_after=2023-12-27T10:00:00+00:00
[2023-12-27T10:24:33.524+0000] {processor.py:175} INFO - Processing /opt/airflow/dags/UpdateSymbol_v2.py took 0.596 seconds
[2023-12-27T10:25:03.605+0000] {processor.py:153} INFO - Started process (PID=801) to work on /opt/airflow/dags/UpdateSymbol_v2.py
[2023-12-27T10:25:03.606+0000] {processor.py:743} INFO - Processing file /opt/airflow/dags/UpdateSymbol_v2.py for tasks to queue
[2023-12-27T10:25:03.607+0000] {logging_mixin.py:137} INFO - [2023-12-27T10:25:03.607+0000] {dagbag.py:538} INFO - Filling up the DagBag from /opt/airflow/dags/UpdateSymbol_v2.py
[2023-12-27T10:25:04.105+0000] {processor.py:753} INFO - DAG(s) dict_keys(['UpdateSymbol_v2']) retrieved from /opt/airflow/dags/UpdateSymbol_v2.py
[2023-12-27T10:25:04.127+0000] {logging_mixin.py:137} INFO - [2023-12-27T10:25:04.127+0000] {dag.py:2690} INFO - Sync 1 DAGs
[2023-12-27T10:25:04.155+0000] {logging_mixin.py:137} INFO - [2023-12-27T10:25:04.155+0000] {dag.py:3441} INFO - Setting next_dagrun for UpdateSymbol_v2 to 2023-12-26T10:00:00+00:00, run_after=2023-12-27T10:00:00+00:00
[2023-12-27T10:25:04.174+0000] {processor.py:175} INFO - Processing /opt/airflow/dags/UpdateSymbol_v2.py took 0.572 seconds
