[2023-12-22T09:05:11.792+0000] {taskinstance.py:1083} INFO - Dependencies all met for <TaskInstance: namegender_v5.load manual__2023-12-22T09:05:01.951474+00:00 [queued]>
[2023-12-22T09:05:11.804+0000] {taskinstance.py:1083} INFO - Dependencies all met for <TaskInstance: namegender_v5.load manual__2023-12-22T09:05:01.951474+00:00 [queued]>
[2023-12-22T09:05:11.804+0000] {taskinstance.py:1279} INFO - 
--------------------------------------------------------------------------------
[2023-12-22T09:05:11.804+0000] {taskinstance.py:1280} INFO - Starting attempt 1 of 2
[2023-12-22T09:05:11.805+0000] {taskinstance.py:1281} INFO - 
--------------------------------------------------------------------------------
[2023-12-22T09:05:11.826+0000] {taskinstance.py:1300} INFO - Executing <Task(_PythonDecoratedOperator): load> on 2023-12-22 09:05:01.951474+00:00
[2023-12-22T09:05:11.834+0000] {standard_task_runner.py:55} INFO - Started process 2474 to run task
[2023-12-22T09:05:11.837+0000] {standard_task_runner.py:82} INFO - Running: ['***', 'tasks', 'run', 'namegender_v5', 'load', 'manual__2023-12-22T09:05:01.951474+00:00', '--job-id', '140', '--raw', '--subdir', 'DAGS_FOLDER/NameGenderCSVtoRedshift_v5.py', '--cfg-path', '/tmp/tmpo_r56uor']
[2023-12-22T09:05:11.837+0000] {standard_task_runner.py:83} INFO - Job 140: Subtask load
[2023-12-22T09:05:11.901+0000] {task_command.py:388} INFO - Running <TaskInstance: namegender_v5.load manual__2023-12-22T09:05:01.951474+00:00 [running]> on host 17bd7117c067
[2023-12-22T09:05:11.990+0000] {taskinstance.py:1509} INFO - Exporting the following env vars:
AIRFLOW_CTX_DAG_OWNER=***
AIRFLOW_CTX_DAG_ID=namegender_v5
AIRFLOW_CTX_TASK_ID=load
AIRFLOW_CTX_EXECUTION_DATE=2023-12-22T09:05:01.951474+00:00
AIRFLOW_CTX_TRY_NUMBER=1
AIRFLOW_CTX_DAG_RUN_ID=manual__2023-12-22T09:05:01.951474+00:00
[2023-12-22T09:05:11.991+0000] {NameGenderCSVtoRedshift_v5.py:40} INFO - load started
[2023-12-22T09:05:12.001+0000] {base.py:73} INFO - Using connection ID 'redshift_dev_db' for task execution.
[2023-12-22T09:05:12.264+0000] {logging_mixin.py:137} INFO - Adaleigh - F
[2023-12-22T09:05:12.292+0000] {logging_mixin.py:137} INFO - Amryn - Unisex
[2023-12-22T09:05:12.319+0000] {logging_mixin.py:137} INFO - Apurva - Unisex
[2023-12-22T09:05:12.349+0000] {logging_mixin.py:137} INFO - Aryion - M
[2023-12-22T09:05:12.379+0000] {logging_mixin.py:137} INFO - Alixia - F
[2023-12-22T09:05:12.409+0000] {logging_mixin.py:137} INFO - Alyssarose - F
[2023-12-22T09:05:12.443+0000] {logging_mixin.py:137} INFO - Arvell - M
[2023-12-22T09:05:12.472+0000] {logging_mixin.py:137} INFO - Aibel - M
[2023-12-22T09:05:12.502+0000] {logging_mixin.py:137} INFO - Atiyyah - F
[2023-12-22T09:05:12.532+0000] {logging_mixin.py:137} INFO - Adlie - F
[2023-12-22T09:05:12.564+0000] {logging_mixin.py:137} INFO - Anyely - F
[2023-12-22T09:05:12.603+0000] {logging_mixin.py:137} INFO - Aamoni - F
[2023-12-22T09:05:12.637+0000] {logging_mixin.py:137} INFO - Ahman - M
[2023-12-22T09:05:12.675+0000] {logging_mixin.py:137} INFO - Arlane - F
[2023-12-22T09:05:12.721+0000] {logging_mixin.py:137} INFO - Armoney - F
[2023-12-22T09:05:12.760+0000] {logging_mixin.py:137} INFO - Atzhiry - F
[2023-12-22T09:05:12.792+0000] {logging_mixin.py:137} INFO - Antonette - F
[2023-12-22T09:05:12.819+0000] {logging_mixin.py:137} INFO - Akeelah - F
[2023-12-22T09:05:12.861+0000] {logging_mixin.py:137} INFO - Abdikadir - M
[2023-12-22T09:05:12.895+0000] {logging_mixin.py:137} INFO - Arinze - M
[2023-12-22T09:05:12.927+0000] {logging_mixin.py:137} INFO - Arshaun - M
[2023-12-22T09:05:12.964+0000] {logging_mixin.py:137} INFO - Alexandro - M
[2023-12-22T09:05:12.996+0000] {logging_mixin.py:137} INFO - Ayriauna - F
[2023-12-22T09:05:13.030+0000] {logging_mixin.py:137} INFO - Aqib - M
[2023-12-22T09:05:13.059+0000] {logging_mixin.py:137} INFO - Alleya - F
[2023-12-22T09:05:13.089+0000] {logging_mixin.py:137} INFO - Aavah - F
[2023-12-22T09:05:13.119+0000] {logging_mixin.py:137} INFO - Anesti - Unisex
[2023-12-22T09:05:13.150+0000] {logging_mixin.py:137} INFO - Adalaide - F
[2023-12-22T09:05:13.179+0000] {logging_mixin.py:137} INFO - Analena - F
[2023-12-22T09:05:13.208+0000] {logging_mixin.py:137} INFO - Alaeyah - F
[2023-12-22T09:05:13.236+0000] {logging_mixin.py:137} INFO - Albena - F
[2023-12-22T09:05:13.264+0000] {logging_mixin.py:137} INFO - Aimi - F
[2023-12-22T09:05:13.295+0000] {logging_mixin.py:137} INFO - Adwaith - M
[2023-12-22T09:05:13.325+0000] {logging_mixin.py:137} INFO - Arkady - M
[2023-12-22T09:05:13.357+0000] {logging_mixin.py:137} INFO - Astyn - Unisex
[2023-12-22T09:05:13.393+0000] {logging_mixin.py:137} INFO - Adelee - F
[2023-12-22T09:05:13.425+0000] {logging_mixin.py:137} INFO - Agata - F
[2023-12-22T09:05:13.454+0000] {logging_mixin.py:137} INFO - Alegna - F
[2023-12-22T09:05:13.485+0000] {logging_mixin.py:137} INFO - Altan - M
[2023-12-22T09:05:13.514+0000] {logging_mixin.py:137} INFO - Ahnaleigh - F
[2023-12-22T09:05:13.544+0000] {logging_mixin.py:137} INFO - Algie - Unisex
[2023-12-22T09:05:13.574+0000] {logging_mixin.py:137} INFO - Ashanti - F
[2023-12-22T09:05:13.605+0000] {logging_mixin.py:137} INFO - Aislyn - F
[2023-12-22T09:05:13.652+0000] {logging_mixin.py:137} INFO - Adaleine - F
[2023-12-22T09:05:13.681+0000] {logging_mixin.py:137} INFO - Anthnoy - M
[2023-12-22T09:05:13.712+0000] {logging_mixin.py:137} INFO - Algernon - M
[2023-12-22T09:05:13.747+0000] {logging_mixin.py:137} INFO - Aeryona - F
[2023-12-22T09:05:13.797+0000] {logging_mixin.py:137} INFO - Adrinne - F
[2023-12-22T09:05:13.836+0000] {logging_mixin.py:137} INFO - Addell - F
[2023-12-22T09:05:13.864+0000] {logging_mixin.py:137} INFO - Avril - F
[2023-12-22T09:05:13.892+0000] {logging_mixin.py:137} INFO - Ahni - F
[2023-12-22T09:05:13.919+0000] {logging_mixin.py:137} INFO - Aimon - M
[2023-12-22T09:05:13.947+0000] {logging_mixin.py:137} INFO - Adolpho - M
[2023-12-22T09:05:13.978+0000] {logging_mixin.py:137} INFO - Ahuva - F
[2023-12-22T09:05:14.009+0000] {logging_mixin.py:137} INFO - Aurielle - F
[2023-12-22T09:05:14.039+0000] {logging_mixin.py:137} INFO - Aveana - F
[2023-12-22T09:05:14.067+0000] {logging_mixin.py:137} INFO - Aliyia - F
[2023-12-22T09:05:14.108+0000] {logging_mixin.py:137} INFO - Alesander - M
[2023-12-22T09:05:14.142+0000] {logging_mixin.py:137} INFO - Adnrea - F
[2023-12-22T09:05:14.177+0000] {logging_mixin.py:137} INFO - Anjae - F
[2023-12-22T09:05:14.212+0000] {logging_mixin.py:137} INFO - Alvine - F
[2023-12-22T09:05:14.241+0000] {logging_mixin.py:137} INFO - Adorah - F
[2023-12-22T09:05:14.269+0000] {logging_mixin.py:137} INFO - Adlemi - F
[2023-12-22T09:05:14.297+0000] {logging_mixin.py:137} INFO - Alesi - F
[2023-12-22T09:05:14.329+0000] {logging_mixin.py:137} INFO - Alontae - M
[2023-12-22T09:05:14.362+0000] {logging_mixin.py:137} INFO - Antonny - M
[2023-12-22T09:05:14.392+0000] {logging_mixin.py:137} INFO - Adarah - F
[2023-12-22T09:05:14.423+0000] {logging_mixin.py:137} INFO - Ayreanna - F
[2023-12-22T09:05:14.453+0000] {logging_mixin.py:137} INFO - Antyon - M
[2023-12-22T09:05:14.482+0000] {logging_mixin.py:137} INFO - Andia - F
[2023-12-22T09:05:14.511+0000] {logging_mixin.py:137} INFO - Ashla - F
[2023-12-22T09:05:14.541+0000] {logging_mixin.py:137} INFO - Aspyn - F
[2023-12-22T09:05:14.569+0000] {logging_mixin.py:137} INFO - Antwanett - F
[2023-12-22T09:05:14.596+0000] {logging_mixin.py:137} INFO - Aundreia - F
[2023-12-22T09:05:14.624+0000] {logging_mixin.py:137} INFO - Audella - F
[2023-12-22T09:05:14.651+0000] {logging_mixin.py:137} INFO - Amari - Unisex
[2023-12-22T09:05:14.684+0000] {logging_mixin.py:137} INFO - Arsha - Unisex
[2023-12-22T09:05:14.717+0000] {logging_mixin.py:137} INFO - Aricella - F
[2023-12-22T09:05:14.744+0000] {logging_mixin.py:137} INFO - Adan - M
[2023-12-22T09:05:14.776+0000] {logging_mixin.py:137} INFO - Apasra - F
[2023-12-22T09:05:14.808+0000] {logging_mixin.py:137} INFO - Alaysha - F
[2023-12-22T09:05:14.836+0000] {logging_mixin.py:137} INFO - Anderson - M
[2023-12-22T09:05:14.867+0000] {logging_mixin.py:137} INFO - Aurelius - M
[2023-12-22T09:05:14.902+0000] {logging_mixin.py:137} INFO - Aerial - F
[2023-12-22T09:05:14.940+0000] {logging_mixin.py:137} INFO - Averleigh - F
[2023-12-22T09:05:14.987+0000] {logging_mixin.py:137} INFO - Aslean - F
[2023-12-22T09:05:15.024+0000] {logging_mixin.py:137} INFO - Arniesha - F
[2023-12-22T09:05:15.059+0000] {logging_mixin.py:137} INFO - Asyana - F
[2023-12-22T09:05:15.096+0000] {logging_mixin.py:137} INFO - Annjane - F
[2023-12-22T09:05:15.133+0000] {logging_mixin.py:137} INFO - Amabella - F
[2023-12-22T09:05:15.172+0000] {logging_mixin.py:137} INFO - Austinjohn - M
[2023-12-22T09:05:15.214+0000] {logging_mixin.py:137} INFO - Arloween - F
[2023-12-22T09:05:15.247+0000] {logging_mixin.py:137} INFO - Alula - M
[2023-12-22T09:05:15.281+0000] {logging_mixin.py:137} INFO - Anemone - F
[2023-12-22T09:05:15.316+0000] {logging_mixin.py:137} INFO - Amorina - F
[2023-12-22T09:05:15.349+0000] {logging_mixin.py:137} INFO - Anureet - F
[2023-12-22T09:05:15.384+0000] {logging_mixin.py:137} INFO - Arric - M
[2023-12-22T09:05:15.416+0000] {logging_mixin.py:137} INFO - Antonne - M
[2023-12-22T09:05:15.451+0000] {logging_mixin.py:137} INFO - Alyre - M
[2023-12-22T09:05:15.489+0000] {logging_mixin.py:137} INFO - Annaise - F
[2023-12-22T09:05:15.584+0000] {NameGenderCSVtoRedshift_v5.py:64} INFO - load done
[2023-12-22T09:05:15.584+0000] {python.py:177} INFO - Done. Returned value was: None
[2023-12-22T09:05:15.595+0000] {taskinstance.py:1323} INFO - Marking task as SUCCESS. dag_id=namegender_v5, task_id=load, execution_date=20231222T090501, start_date=20231222T090511, end_date=20231222T090515
[2023-12-22T09:05:15.636+0000] {local_task_job.py:208} INFO - Task exited with return code 0
[2023-12-22T09:05:15.656+0000] {taskinstance.py:2578} INFO - 0 downstream tasks scheduled from follow-on schedule check
